
Gurobi 9.0.2 (win64) logging started Thu Jan 20 10:36:20 2022

Changed value of parameter LogFile to logs\CRVRP_5-3-7-100_0_0.LOG
   Prev:   Default: 
Changed value of parameter Seed to 12072067
   Prev: 0  Min: 0  Max: 2000000000  Default: 0
Changed value of parameter Threads to 2
   Prev: 0  Min: 0  Max: 1024  Default: 0
Changed value of parameter TimeLimit to 60.0
   Prev: inf  Min: 0.0  Max: inf  Default: inf
Changed value of parameter Symmetry to 2
   Prev: -1  Min: -1  Max: 2  Default: -1
Changed value of parameter Cuts to 2
   Prev: -1  Min: -1  Max: 3  Default: -1
Changed value of parameter PreDepRow to 1
   Prev: -1  Min: -1  Max: 1  Default: -1
Changed value of parameter ScaleFlag to 1
   Prev: -1  Min: -1  Max: 3  Default: -1
Changed value of parameter NormAdjust to 0
   Prev: -1  Min: -1  Max: 3  Default: -1
Gurobi Optimizer version 9.0.2 build v9.0.2rc0 (win64)
Optimize a model with 938 rows, 626 columns and 3571 nonzeros
Model fingerprint: 0x0ffd09ea
Variable types: 28 continuous, 598 integer (402 binary)
Coefficient statistics:
  Matrix range     [1e+00, 1e+06]
  Objective range  [1e+00, 1e+00]
  Bounds range     [1e+00, 1e+04]
  RHS range        [1e+00, 1e+06]
Presolve removed 608 rows and 394 columns
Presolve time: 0.03s
Presolved: 330 rows, 232 columns, 1736 nonzeros
Variable types: 13 continuous, 219 integer (184 binary)
Found heuristic solution: objective 1234.9682251

Root relaxation: objective 3.439934e+02, 173 iterations, 0.00 seconds

    Nodes    |    Current Node    |     Objective Bounds      |     Work
 Expl Unexpl |  Obj  Depth IntInf | Incumbent    BestBd   Gap | It/Node Time

     0     0  343.99338    0   38 1234.96823  343.99338  72.1%     -    0s
H    0     0                     594.2249111  343.99338  42.1%     -    0s
     0     0  373.59970    0   47  594.22491  373.59970  37.1%     -    0s
H    0     0                     570.0534810  373.59970  34.5%     -    0s
H    0     0                     526.1274600  373.59970  29.0%     -    0s
     0     0  380.17539    0   41  526.12746  380.17539  27.7%     -    0s
H    0     0                     501.2247121  380.17539  24.2%     -    0s
     0     0  382.62744    0   41  501.22471  382.62744  23.7%     -    0s
     0     0  383.55823    0   45  501.22471  383.55823  23.5%     -    0s
     0     0  383.55823    0   48  501.22471  383.55823  23.5%     -    0s
     0     0  393.81914    0   44  501.22471  393.81914  21.4%     -    0s
     0     0  393.96523    0   50  501.22471  393.96523  21.4%     -    0s
     0     0  393.96523    0   51  501.22471  393.96523  21.4%     -    0s
     0     0  400.36894    0   47  501.22471  400.36894  20.1%     -    0s
     0     0  400.36894    0   48  501.22471  400.36894  20.1%     -    0s
     0     0  404.13796    0   50  501.22471  404.13796  19.4%     -    0s
     0     0  404.17383    0   51  501.22471  404.17383  19.4%     -    0s
     0     0  404.33826    0   50  501.22471  404.33826  19.3%     -    0s
     0     0  404.34149    0   52  501.22471  404.34149  19.3%     -    0s
     0     0  404.52854    0   50  501.22471  404.52854  19.3%     -    0s
     0     0  404.55855    0   50  501.22471  404.55855  19.3%     -    0s
     0     0  404.67613    0   57  501.22471  404.67613  19.3%     -    0s
     0     0  404.75241    0   55  501.22471  404.75241  19.2%     -    0s
     0     0  404.79467    0   55  501.22471  404.79467  19.2%     -    0s
     0     0  404.79467    0   49  501.22471  404.79467  19.2%     -    0s
H    0     0                     474.5297041  404.79467  14.7%     -    0s
H    0     0                     474.4657763  404.79467  14.7%     -    0s
     0     0  448.67208    0   13  474.46578  448.67208  5.44%     -    0s
H    0     0                     462.9117065  448.67208  3.08%     -    0s
     0     0     cutoff    0       462.91171  462.91171  0.00%     -    0s

Cutting planes:
  MIR: 1
  Flow cover: 7
  RLT: 5
  Relax-and-lift: 2

Explored 1 nodes (603 simplex iterations) in 0.69 seconds
Thread count was 2 (of 4 available processors)

Solution count 8: 462.912 474.466 474.53 ... 1234.97

Optimal solution found (tolerance 1.00e-04)
Best objective 4.629117065439e+02, best bound 4.629117065439e+02, gap 0.0000%
Discarded solution information

Gurobi 9.0.2 (win64) logging started Thu Jan 20 10:39:27 2022

Changed value of parameter LogFile to logs\CRVRP_5-3-7-100_0_0.LOG
   Prev:   Default: 
Changed value of parameter Seed to 1551297416
   Prev: 0  Min: 0  Max: 2000000000  Default: 0
Changed value of parameter Threads to 2
   Prev: 0  Min: 0  Max: 1024  Default: 0
Changed value of parameter TimeLimit to 60.0
   Prev: inf  Min: 0.0  Max: inf  Default: inf
Changed value of parameter Symmetry to 2
   Prev: -1  Min: -1  Max: 2  Default: -1
Changed value of parameter Cuts to 2
   Prev: -1  Min: -1  Max: 3  Default: -1
Changed value of parameter PreDepRow to 1
   Prev: -1  Min: -1  Max: 1  Default: -1
Changed value of parameter ScaleFlag to 1
   Prev: -1  Min: -1  Max: 3  Default: -1
Changed value of parameter NormAdjust to 0
   Prev: -1  Min: -1  Max: 3  Default: -1
Gurobi Optimizer version 9.0.2 build v9.0.2rc0 (win64)
Optimize a model with 938 rows, 626 columns and 3571 nonzeros
Model fingerprint: 0xbffaac93
Variable types: 28 continuous, 598 integer (402 binary)
Coefficient statistics:
  Matrix range     [1e+00, 1e+06]
  Objective range  [1e+00, 1e+00]
  Bounds range     [1e+00, 1e+04]
  RHS range        [1e+00, 1e+06]
Presolve removed 608 rows and 394 columns
Presolve time: 0.02s
Presolved: 330 rows, 232 columns, 1736 nonzeros
Variable types: 13 continuous, 219 integer (184 binary)
Found heuristic solution: objective 1234.9682251
Found heuristic solution: objective 815.7784301

Root relaxation: objective 4.034822e+02, 128 iterations, 0.00 seconds

    Nodes    |    Current Node    |     Objective Bounds      |     Work
 Expl Unexpl |  Obj  Depth IntInf | Incumbent    BestBd   Gap | It/Node Time

     0     0  403.48215    0   24  815.77843  403.48215  50.5%     -    0s
H    0     0                     586.8124167  403.48215  31.2%     -    0s
     0     0  430.07319    0   42  586.81242  430.07319  26.7%     -    0s
H    0     0                     542.8124662  430.07319  20.8%     -    0s
     0     0  430.59481    0   46  542.81247  430.59481  20.7%     -    0s
     0     0  430.64287    0   45  542.81247  430.64287  20.7%     -    0s
     0     0  439.06073    0   47  542.81247  439.06073  19.1%     -    0s
     0     0  439.16812    0   47  542.81247  439.16812  19.1%     -    0s
     0     0  439.17352    0   49  542.81247  439.17352  19.1%     -    0s
     0     0  444.48417    0   43  542.81247  444.48417  18.1%     -    0s
     0     0  444.49564    0   43  542.81247  444.49564  18.1%     -    0s
     0     0  444.83380    0   43  542.81247  444.83380  18.1%     -    0s
H    0     0                     522.6442628  444.83380  14.9%     -    0s
H    0     0                     515.4513509  444.83380  13.7%     -    0s
     0     0  451.37975    0   31  515.45135  451.37975  12.4%     -    0s
     0     0  451.42213    0   36  515.45135  451.42213  12.4%     -    0s
     0     0  451.43499    0   34  515.45135  451.43499  12.4%     -    0s
     0     0  464.64860    0   31  515.45135  464.64860  9.86%     -    0s
H    0     0                     499.7844972  464.64860  7.03%     -    0s
     0     0  469.73084    0   23  499.78450  469.73084  6.01%     -    0s
     0     0  469.73084    0   28  499.78450  469.73084  6.01%     -    0s
     0     0  476.83323    0   24  499.78450  476.83323  4.59%     -    0s
H    0     0                     477.6828339  476.83323  0.18%     -    0s
     0     0  476.83323    0   16  477.68283  476.83323  0.18%     -    0s
     0     0     cutoff    0       477.68283  477.68283  0.00%     -    0s

Cutting planes:
  Gomory: 10
  Cover: 13
  Implied bound: 18
  MIR: 6
  Flow cover: 9
  GUB cover: 1
  RLT: 3
  Relax-and-lift: 2

Explored 1 nodes (839 simplex iterations) in 0.60 seconds
Thread count was 2 (of 4 available processors)

Solution count 8: 477.683 499.784 515.451 ... 1234.97

Optimal solution found (tolerance 1.00e-04)
Best objective 4.776828339395e+02, best bound 4.776828339395e+02, gap 0.0000%
Discarded solution information

Gurobi 9.0.2 (win64) logging started Thu Jan 20 11:02:55 2022

Changed value of parameter LogFile to logs\CRVRP_5-3-7-100_0_0.LOG
   Prev:   Default: 
Changed value of parameter Seed to 1386043930
   Prev: 0  Min: 0  Max: 2000000000  Default: 0
Changed value of parameter Threads to 2
   Prev: 0  Min: 0  Max: 1024  Default: 0
Changed value of parameter TimeLimit to 60.0
   Prev: inf  Min: 0.0  Max: inf  Default: inf
Changed value of parameter Symmetry to 2
   Prev: -1  Min: -1  Max: 2  Default: -1
Changed value of parameter Cuts to 2
   Prev: -1  Min: -1  Max: 3  Default: -1
Changed value of parameter PreDepRow to 1
   Prev: -1  Min: -1  Max: 1  Default: -1
Changed value of parameter ScaleFlag to 1
   Prev: -1  Min: -1  Max: 3  Default: -1
Changed value of parameter NormAdjust to 0
   Prev: -1  Min: -1  Max: 3  Default: -1
Gurobi Optimizer version 9.0.2 build v9.0.2rc0 (win64)
Optimize a model with 939 rows, 626 columns and 3586 nonzeros
Model fingerprint: 0x958cc2ca
Variable types: 28 continuous, 598 integer (402 binary)
Coefficient statistics:
  Matrix range     [1e+00, 1e+06]
  Objective range  [1e+00, 1e+00]
  Bounds range     [1e+00, 1e+04]
  RHS range        [1e+00, 1e+06]
Presolve removed 609 rows and 394 columns
Presolve time: 0.02s
Presolved: 330 rows, 232 columns, 1736 nonzeros
Variable types: 13 continuous, 219 integer (184 binary)
Found heuristic solution: objective 1513.9102246

Root relaxation: objective 4.482403e+02, 182 iterations, 0.00 seconds

    Nodes    |    Current Node    |     Objective Bounds      |     Work
 Expl Unexpl |  Obj  Depth IntInf | Incumbent    BestBd   Gap | It/Node Time

     0     0  448.24026    0   32 1513.91022  448.24026  70.4%     -    0s
H    0     0                    1255.7784301  448.24026  64.3%     -    0s
H    0     0                     767.9117065  448.24026  41.6%     -    0s
     0     0  458.73421    0   52  767.91171  458.73421  40.3%     -    0s
     0     0  461.51345    0   53  767.91171  461.51345  39.9%     -    0s
     0     0  461.53107    0   53  767.91171  461.53107  39.9%     -    0s
     0     0  461.54014    0   55  767.91171  461.54014  39.9%     -    0s
     0     0  465.83576    0   53  767.91171  465.83576  39.3%     -    0s
     0     0  466.39574    0   58  767.91171  466.39574  39.3%     -    0s
     0     0  466.51384    0   58  767.91171  466.51384  39.2%     -    0s
     0     0  467.35879    0   64  767.91171  467.35879  39.1%     -    0s
     0     0  467.38155    0   62  767.91171  467.38155  39.1%     -    0s
     0     0  467.38688    0   64  767.91171  467.38688  39.1%     -    0s
     0     0  467.59167    0   66  767.91171  467.59167  39.1%     -    0s
     0     0  467.65613    0   67  767.91171  467.65613  39.1%     -    0s
     0     0  467.65980    0   69  767.91171  467.65980  39.1%     -    0s
     0     0  467.97330    0   61  767.91171  467.97330  39.1%     -    0s
     0     0  468.01946    0   64  767.91171  468.01946  39.1%     -    0s
     0     0  468.01946    0   61  767.91171  468.01946  39.1%     -    0s
H    0     0                     767.9117065  468.01946  39.1%     -    0s
     0     2  474.46578    0   61  767.91171  474.46578  38.2%     -    0s

Cutting planes:
  Gomory: 10
  Cover: 2
  Implied bound: 13
  Projected implied bound: 2
  MIR: 9
  Flow cover: 23
  Zero half: 19
  RLT: 23
  Relax-and-lift: 3

Explored 856 nodes (12159 simplex iterations) in 1.25 seconds
Thread count was 2 (of 4 available processors)

Solution count 4: 767.912 767.912 1255.78 1513.91 

Optimal solution found (tolerance 1.00e-04)
Best objective 7.679117064670e+02, best bound 7.679117064670e+02, gap 0.0000%
Discarded solution information

Gurobi 9.0.2 (win64) logging started Thu Jan 20 11:03:38 2022

Changed value of parameter LogFile to logs\CRVRP_5-3-7-100_0_0.LOG
   Prev:   Default: 
Changed value of parameter Seed to 1212623281
   Prev: 0  Min: 0  Max: 2000000000  Default: 0
Changed value of parameter Threads to 2
   Prev: 0  Min: 0  Max: 1024  Default: 0
Changed value of parameter TimeLimit to 60.0
   Prev: inf  Min: 0.0  Max: inf  Default: inf
Changed value of parameter Symmetry to 2
   Prev: -1  Min: -1  Max: 2  Default: -1
Changed value of parameter Cuts to 2
   Prev: -1  Min: -1  Max: 3  Default: -1
Changed value of parameter PreDepRow to 1
   Prev: -1  Min: -1  Max: 1  Default: -1
Changed value of parameter ScaleFlag to 1
   Prev: -1  Min: -1  Max: 3  Default: -1
Changed value of parameter NormAdjust to 0
   Prev: -1  Min: -1  Max: 3  Default: -1
Gurobi Optimizer version 9.0.2 build v9.0.2rc0 (win64)
Optimize a model with 938 rows, 626 columns and 3571 nonzeros
Model fingerprint: 0x0ffd09ea
Variable types: 28 continuous, 598 integer (402 binary)
Coefficient statistics:
  Matrix range     [1e+00, 1e+06]
  Objective range  [1e+00, 1e+00]
  Bounds range     [1e+00, 1e+04]
  RHS range        [1e+00, 1e+06]
Presolve removed 608 rows and 394 columns
Presolve time: 0.02s
Presolved: 330 rows, 232 columns, 1736 nonzeros
Variable types: 13 continuous, 219 integer (184 binary)
Found heuristic solution: objective 1234.9682251

Root relaxation: objective 3.439934e+02, 176 iterations, 0.00 seconds

    Nodes    |    Current Node    |     Objective Bounds      |     Work
 Expl Unexpl |  Obj  Depth IntInf | Incumbent    BestBd   Gap | It/Node Time

     0     0  343.99338    0   38 1234.96823  343.99338  72.1%     -    0s
     0     0  373.59970    0   47 1234.96823  373.59970  69.7%     -    0s
H    0     0                    1137.6449266  373.59970  67.2%     -    0s
H    0     0                     867.6449266  373.59970  56.9%     -    0s
H    0     0                     567.6449266  373.59970  34.2%     -    0s
     0     0  380.84895    0   50  567.64493  380.84895  32.9%     -    0s
H    0     0                     556.6285686  380.84895  31.6%     -    0s
H    0     0                     525.5877046  380.84895  27.5%     -    0s
     0     0  383.05913    0   42  525.58770  383.05913  27.1%     -    0s
     0     0  387.88095    0   52  525.58770  387.88095  26.2%     -    0s
     0     0  387.97033    0   53  525.58770  387.97033  26.2%     -    0s
     0     0  387.99391    0   53  525.58770  387.99391  26.2%     -    0s
     0     0  388.01361    0   54  525.58770  388.01361  26.2%     -    0s
     0     0  391.92222    0   50  525.58770  391.92222  25.4%     -    0s
     0     0  391.92222    0   51  525.58770  391.92222  25.4%     -    0s
     0     0  394.03385    0   52  525.58770  394.03385  25.0%     -    0s
H    0     0                     524.2249111  394.03385  24.8%     -    0s
H    0     0                     524.1364186  394.03385  24.8%     -    0s
     0     0  394.47393    0   49  524.13642  394.47393  24.7%     -    0s
     0     0  394.80032    0   48  524.13642  394.80032  24.7%     -    0s
     0     0  394.81555    0   48  524.13642  394.81555  24.7%     -    0s
     0     0  394.96605    0   40  524.13642  394.96605  24.6%     -    0s
H    0     0                     515.6285745  394.96605  23.4%     -    0s
     0     0  395.32740    0   52  515.62857  395.32740  23.3%     -    0s
     0     0  395.33349    0   52  515.62857  395.33349  23.3%     -    0s
     0     0  395.40283    0   48  515.62857  395.40283  23.3%     -    0s
     0     0  395.40283    0   43  515.62857  395.40283  23.3%     -    0s
H    0     0                     515.4496232  395.40283  23.3%     -    0s
H    0     0                     501.2247121  398.00338  20.6%     -    0s
     0     0  398.00338    0   26  501.22471  398.00338  20.6%     -    0s
     0     0  424.02660    0   42  501.22471  424.02660  15.4%     -    0s
H    0     0                     462.9117065  424.02660  8.40%     -    0s
     0     0     cutoff    0       462.91171  462.91171  0.00%     -    0s

Cutting planes:
  Gomory: 3
  Implied bound: 1
  Projected implied bound: 2
  MIR: 3
  StrongCG: 2
  Flow cover: 9
  GUB cover: 1
  RLT: 3
  Relax-and-lift: 6

Explored 1 nodes (860 simplex iterations) in 0.53 seconds
Thread count was 2 (of 4 available processors)

Solution count 10: 462.912 501.225 515.45 ... 867.645

Optimal solution found (tolerance 1.00e-04)
Best objective 4.629117065439e+02, best bound 4.629117065439e+02, gap 0.0000%
Discarded solution information

Gurobi 9.0.2 (win64) logging started Thu Jan 20 11:04:13 2022

Changed value of parameter LogFile to logs\CRVRP_5-3-7-100_0_0.LOG
   Prev:   Default: 
Changed value of parameter Seed to 598527751
   Prev: 0  Min: 0  Max: 2000000000  Default: 0
Changed value of parameter Threads to 2
   Prev: 0  Min: 0  Max: 1024  Default: 0
Changed value of parameter TimeLimit to 60.0
   Prev: inf  Min: 0.0  Max: inf  Default: inf
Changed value of parameter Symmetry to 2
   Prev: -1  Min: -1  Max: 2  Default: -1
Changed value of parameter Cuts to 2
   Prev: -1  Min: -1  Max: 3  Default: -1
Changed value of parameter PreDepRow to 1
   Prev: -1  Min: -1  Max: 1  Default: -1
Changed value of parameter ScaleFlag to 1
   Prev: -1  Min: -1  Max: 3  Default: -1
Changed value of parameter NormAdjust to 0
   Prev: -1  Min: -1  Max: 3  Default: -1
Gurobi Optimizer version 9.0.2 build v9.0.2rc0 (win64)
Optimize a model with 939 rows, 626 columns and 3586 nonzeros
Model fingerprint: 0x958cc2ca
Variable types: 28 continuous, 598 integer (402 binary)
Coefficient statistics:
  Matrix range     [1e+00, 1e+06]
  Objective range  [1e+00, 1e+00]
  Bounds range     [1e+00, 1e+04]
  RHS range        [1e+00, 1e+06]
Presolve removed 609 rows and 394 columns
Presolve time: 0.02s
Presolved: 330 rows, 232 columns, 1736 nonzeros
Variable types: 13 continuous, 219 integer (184 binary)
Found heuristic solution: objective 1513.9102246

Root relaxation: objective 4.482403e+02, 220 iterations, 0.01 seconds

    Nodes    |    Current Node    |     Objective Bounds      |     Work
 Expl Unexpl |  Obj  Depth IntInf | Incumbent    BestBd   Gap | It/Node Time

     0     0  448.24026    0   32 1513.91022  448.24026  70.4%     -    0s
H    0     0                    1255.7784301  448.24026  64.3%     -    0s
H    0     0                     767.9117065  448.24026  41.6%     -    0s
     0     0  457.97150    0   56  767.91171  457.97150  40.4%     -    0s
     0     0  460.28816    0   53  767.91171  460.28816  40.1%     -    0s
     0     0  460.36496    0   60  767.91171  460.36496  40.0%     -    0s
     0     0  460.44771    0   62  767.91171  460.44771  40.0%     -    0s
     0     0  463.80010    0   58  767.91171  463.80010  39.6%     -    0s
     0     0  463.83481    0   61  767.91171  463.83481  39.6%     -    0s
     0     0  465.63813    0   54  767.91171  465.63813  39.4%     -    0s
     0     0  465.94661    0   55  767.91171  465.94661  39.3%     -    0s
     0     0  465.94791    0   55  767.91171  465.94791  39.3%     -    0s
     0     0  466.60998    0   60  767.91171  466.60998  39.2%     -    0s
     0     0  466.61125    0   60  767.91171  466.61125  39.2%     -    0s
     0     0  466.64566    0   57  767.91171  466.64566  39.2%     -    0s
     0     0  466.64566    0   54  767.91171  466.64566  39.2%     -    0s
     0     2  474.52970    0   53  767.91171  474.52970  38.2%     -    0s

Cutting planes:
  Gomory: 6
  Cover: 6
  Implied bound: 24
  Projected implied bound: 2
  Clique: 3
  MIR: 5
  Flow cover: 20
  Zero half: 25
  RLT: 28
  Relax-and-lift: 4

Explored 896 nodes (12911 simplex iterations) in 1.09 seconds
Thread count was 2 (of 4 available processors)

Solution count 3: 767.912 1255.78 1513.91 

Optimal solution found (tolerance 1.00e-04)
Best objective 7.679117065439e+02, best bound 7.679117065439e+02, gap 0.0000%
Discarded solution information

Gurobi 9.0.2 (win64) logging started Thu Jan 20 11:04:43 2022

Changed value of parameter LogFile to logs\CRVRP_5-3-7-100_0_0.LOG
   Prev:   Default: 
Changed value of parameter Seed to 881187651
   Prev: 0  Min: 0  Max: 2000000000  Default: 0
Changed value of parameter Threads to 2
   Prev: 0  Min: 0  Max: 1024  Default: 0
Changed value of parameter TimeLimit to 60.0
   Prev: inf  Min: 0.0  Max: inf  Default: inf
Changed value of parameter Symmetry to 2
   Prev: -1  Min: -1  Max: 2  Default: -1
Changed value of parameter Cuts to 2
   Prev: -1  Min: -1  Max: 3  Default: -1
Changed value of parameter PreDepRow to 1
   Prev: -1  Min: -1  Max: 1  Default: -1
Changed value of parameter ScaleFlag to 1
   Prev: -1  Min: -1  Max: 3  Default: -1
Changed value of parameter NormAdjust to 0
   Prev: -1  Min: -1  Max: 3  Default: -1
Gurobi Optimizer version 9.0.2 build v9.0.2rc0 (win64)
Optimize a model with 939 rows, 626 columns and 3586 nonzeros
Model fingerprint: 0x958cc2ca
Variable types: 28 continuous, 598 integer (402 binary)
Coefficient statistics:
  Matrix range     [1e+00, 1e+06]
  Objective range  [1e+00, 1e+00]
  Bounds range     [1e+00, 1e+04]
  RHS range        [1e+00, 1e+06]
Presolve removed 609 rows and 394 columns
Presolve time: 0.02s
Presolved: 330 rows, 232 columns, 1736 nonzeros
Variable types: 13 continuous, 219 integer (184 binary)
Found heuristic solution: objective 1513.9102246

Root relaxation: objective 4.482403e+02, 179 iterations, 0.00 seconds

    Nodes    |    Current Node    |     Objective Bounds      |     Work
 Expl Unexpl |  Obj  Depth IntInf | Incumbent    BestBd   Gap | It/Node Time

     0     0  448.24026    0   33 1513.91022  448.24026  70.4%     -    0s
H    0     0                    1255.7784301  448.24026  64.3%     -    0s
H    0     0                     767.9117065  448.24026  41.6%     -    0s
     0     0  458.71737    0   50  767.91171  458.71737  40.3%     -    0s
     0     0  461.82697    0   55  767.91171  461.82697  39.9%     -    0s
     0     0  462.23044    0   50  767.91171  462.23044  39.8%     -    0s
     0     0  462.37234    0   60  767.91171  462.37234  39.8%     -    0s
     0     0  463.45956    0   49  767.91171  463.45956  39.6%     -    0s
     0     0  463.48850    0   55  767.91171  463.48850  39.6%     -    0s
     0     0  463.77644    0   56  767.91171  463.77644  39.6%     -    0s
     0     0  463.80024    0   53  767.91171  463.80024  39.6%     -    0s
     0     0  463.80045    0   55  767.91171  463.80045  39.6%     -    0s
     0     0  464.23012    0   49  767.91171  464.23012  39.5%     -    0s
     0     0  464.27442    0   55  767.91171  464.27442  39.5%     -    0s
     0     0  464.29670    0   56  767.91171  464.29670  39.5%     -    0s
     0     0  464.29780    0   61  767.91171  464.29780  39.5%     -    0s
     0     0  464.29780    0   61  767.91171  464.29780  39.5%     -    0s
     0     2  467.91171    0   61  767.91171  467.91171  39.1%     -    0s

Cutting planes:
  Gomory: 5
  Cover: 4
  Implied bound: 24
  Projected implied bound: 1
  Clique: 2
  MIR: 8
  Flow cover: 30
  GUB cover: 1
  Inf proof: 1
  Zero half: 33
  RLT: 30
  Relax-and-lift: 4

Explored 922 nodes (12057 simplex iterations) in 1.05 seconds
Thread count was 2 (of 4 available processors)

Solution count 3: 767.912 1255.78 1513.91 

Optimal solution found (tolerance 1.00e-04)
Best objective 7.679117065439e+02, best bound 7.679117065439e+02, gap 0.0000%
Discarded solution information

Gurobi 9.0.2 (win64) logging started Thu Jan 20 11:18:56 2022

Changed value of parameter LogFile to logs\CRVRP_5-3-7-100_0_0.LOG
   Prev:   Default: 
Changed value of parameter Seed to 1441104995
   Prev: 0  Min: 0  Max: 2000000000  Default: 0
Changed value of parameter Threads to 2
   Prev: 0  Min: 0  Max: 1024  Default: 0
Changed value of parameter TimeLimit to 60.0
   Prev: inf  Min: 0.0  Max: inf  Default: inf
Changed value of parameter Symmetry to 2
   Prev: -1  Min: -1  Max: 2  Default: -1
Changed value of parameter Cuts to 2
   Prev: -1  Min: -1  Max: 3  Default: -1
Changed value of parameter PreDepRow to 1
   Prev: -1  Min: -1  Max: 1  Default: -1
Changed value of parameter ScaleFlag to 1
   Prev: -1  Min: -1  Max: 3  Default: -1
Changed value of parameter NormAdjust to 0
   Prev: -1  Min: -1  Max: 3  Default: -1
Gurobi Optimizer version 9.0.2 build v9.0.2rc0 (win64)
Optimize a model with 939 rows, 626 columns and 3599 nonzeros
Model fingerprint: 0x6135a6f1
Variable types: 28 continuous, 598 integer (402 binary)
Coefficient statistics:
  Matrix range     [1e+00, 1e+06]
  Objective range  [1e+00, 1e+00]
  Bounds range     [1e+00, 1e+04]
  RHS range        [1e+00, 1e+06]
Presolve removed 609 rows and 394 columns
Presolve time: 0.02s
Presolved: 330 rows, 232 columns, 1736 nonzeros
Variable types: 13 continuous, 219 integer (184 binary)
Found heuristic solution: objective 1234.9682251

Root relaxation: objective 3.439934e+02, 168 iterations, 0.00 seconds

    Nodes    |    Current Node    |     Objective Bounds      |     Work
 Expl Unexpl |  Obj  Depth IntInf | Incumbent    BestBd   Gap | It/Node Time

     0     0  343.99338    0   38 1234.96823  343.99338  72.1%     -    0s
H    0     0                     551.6285686  343.99338  37.6%     -    0s
     0     0  375.74699    0   46  551.62857  375.74699  31.9%     -    0s
H    0     0                     525.5877046  375.74699  28.5%     -    0s
     0     0  379.77762    0   45  525.58770  379.77762  27.7%     -    0s
     0     0  380.58908    0   49  525.58770  380.58908  27.6%     -    0s
     0     0  381.04566    0   52  525.58770  381.04566  27.5%     -    0s
     0     0  381.04566    0   52  525.58770  381.04566  27.5%     -    0s
     0     0  389.99569    0   46  525.58770  389.99569  25.8%     -    0s
H    0     0                     524.2249111  389.99569  25.6%     -    0s
H    0     0                     474.5297041  389.99569  17.8%     -    0s
     0     0  400.71388    0   26  474.52970  400.71388  15.6%     -    0s
     0     0  405.14685    0   31  474.52970  405.14685  14.6%     -    0s
     0     0  405.14685    0   32  474.52970  405.14685  14.6%     -    0s
     0     0  427.32737    0   38  474.52970  427.32737  9.95%     -    0s
     0     0  427.32737    0   41  474.52970  427.32737  9.95%     -    0s
     0     0  437.17423    0   41  474.52970  437.17423  7.87%     -    0s
     0     0  440.29180    0   17  474.52970  440.29180  7.22%     -    0s
H    0     0                     467.9117065  440.29180  5.90%     -    0s
H    0     0                     462.9117065  440.29180  4.89%     -    0s
     0     0     cutoff    0       462.91171  462.91171  0.00%     -    0s

Cutting planes:
  Gomory: 4
  Cover: 1
  Implied bound: 2
  MIR: 2
  Flow cover: 9
  RLT: 6

Explored 1 nodes (808 simplex iterations) in 0.36 seconds
Thread count was 2 (of 4 available processors)

Solution count 7: 462.912 467.912 474.53 ... 1234.97

Optimal solution found (tolerance 1.00e-04)
Best objective 4.629117065439e+02, best bound 4.629117065439e+02, gap 0.0000%
Discarded solution information

Gurobi 9.0.2 (win64) logging started Thu Jan 20 11:31:23 2022

Changed value of parameter LogFile to logs\CRVRP_5-3-7-100_0_0.LOG
   Prev:   Default: 
Changed value of parameter Seed to 1120772289
   Prev: 0  Min: 0  Max: 2000000000  Default: 0
Changed value of parameter Threads to 2
   Prev: 0  Min: 0  Max: 1024  Default: 0
Changed value of parameter TimeLimit to 60.0
   Prev: inf  Min: 0.0  Max: inf  Default: inf
Changed value of parameter Symmetry to 2
   Prev: -1  Min: -1  Max: 2  Default: -1
Changed value of parameter Cuts to 2
   Prev: -1  Min: -1  Max: 3  Default: -1
Changed value of parameter PreDepRow to 1
   Prev: -1  Min: -1  Max: 1  Default: -1
Changed value of parameter ScaleFlag to 1
   Prev: -1  Min: -1  Max: 3  Default: -1
Changed value of parameter NormAdjust to 0
   Prev: -1  Min: -1  Max: 3  Default: -1
Gurobi Optimizer version 9.0.2 build v9.0.2rc0 (win64)
Optimize a model with 938 rows, 626 columns and 3575 nonzeros
Model fingerprint: 0xbddd73c9
Variable types: 28 continuous, 598 integer (402 binary)
Coefficient statistics:
  Matrix range     [1e+00, 1e+06]
  Objective range  [1e+00, 1e+00]
  Bounds range     [1e+00, 1e+04]
  RHS range        [1e+00, 1e+06]
Presolve removed 608 rows and 394 columns
Presolve time: 0.02s
Presolved: 330 rows, 232 columns, 1736 nonzeros
Variable types: 13 continuous, 219 integer (184 binary)
Found heuristic solution: objective 1234.9682251

Root relaxation: objective 3.439934e+02, 178 iterations, 0.00 seconds

    Nodes    |    Current Node    |     Objective Bounds      |     Work
 Expl Unexpl |  Obj  Depth IntInf | Incumbent    BestBd   Gap | It/Node Time

     0     0  343.99338    0   38 1234.96823  343.99338  72.1%     -    0s
H    0     0                     561.6285686  343.99338  38.8%     -    0s
     0     0  373.59970    0   47  561.62857  373.59970  33.5%     -    0s
H    0     0                     474.4657763  373.59970  21.3%     -    0s
H    0     0                     462.9117065  373.59970  19.3%     -    0s
     0     0  446.65826    0    4  462.91171  446.65826  3.51%     -    0s
     0     0  457.91171    0   18  462.91171  457.91171  1.08%     -    0s

Cutting planes:
  Gomory: 2
  Cover: 2
  Implied bound: 5
  MIR: 4
  Flow cover: 14
  GUB cover: 1
  RLT: 5
  Relax-and-lift: 3

Explored 1 nodes (333 simplex iterations) in 0.14 seconds
Thread count was 2 (of 4 available processors)

Solution count 4: 462.912 474.466 561.629 1234.97 

Optimal solution found (tolerance 1.00e-04)
Best objective 4.629117065439e+02, best bound 4.629117065439e+02, gap 0.0000%
Discarded solution information

Gurobi 9.0.2 (win64) logging started Thu Jan 20 11:49:06 2022

Changed value of parameter LogFile to logs\CRVRP_5-3-7-100_0_0.LOG
   Prev:   Default: 
Changed value of parameter Seed to 1854168082
   Prev: 0  Min: 0  Max: 2000000000  Default: 0
Changed value of parameter Threads to 2
   Prev: 0  Min: 0  Max: 1024  Default: 0
Changed value of parameter TimeLimit to 60.0
   Prev: inf  Min: 0.0  Max: inf  Default: inf
Changed value of parameter Symmetry to 2
   Prev: -1  Min: -1  Max: 2  Default: -1
Changed value of parameter Cuts to 2
   Prev: -1  Min: -1  Max: 3  Default: -1
Changed value of parameter PreDepRow to 1
   Prev: -1  Min: -1  Max: 1  Default: -1
Changed value of parameter ScaleFlag to 1
   Prev: -1  Min: -1  Max: 3  Default: -1
Changed value of parameter NormAdjust to 0
   Prev: -1  Min: -1  Max: 3  Default: -1
Gurobi Optimizer version 9.0.2 build v9.0.2rc0 (win64)
Optimize a model with 769 rows, 626 columns and 3092 nonzeros
Model fingerprint: 0xe7df87c1
Variable types: 28 continuous, 598 integer (402 binary)
Coefficient statistics:
  Matrix range     [1e+00, 1e+06]
  Objective range  [1e+00, 1e+00]
  Bounds range     [1e+00, 1e+04]
  RHS range        [1e+00, 1e+06]
Presolve removed 469 rows and 394 columns
Presolve time: 0.02s
Presolved: 300 rows, 232 columns, 1646 nonzeros
Variable types: 13 continuous, 219 integer (184 binary)
Found heuristic solution: objective 991.6285686

Root relaxation: objective 3.439934e+02, 171 iterations, 0.01 seconds

    Nodes    |    Current Node    |     Objective Bounds      |     Work
 Expl Unexpl |  Obj  Depth IntInf | Incumbent    BestBd   Gap | It/Node Time

     0     0  343.99338    0   38  991.62857  343.99338  65.3%     -    0s
H    0     0                     811.8124167  343.99338  57.6%     -    0s
     0     0  373.59970    0   45  811.81242  373.59970  54.0%     -    0s
H    0     0                     474.4657763  373.59970  21.3%     -    0s
     0     0  414.91246    0   30  474.46578  414.91246  12.6%     -    0s
H    0     0                     462.9117065  414.91246  10.4%     -    0s
     0     0  446.65826    0   20  462.91171  446.65826  3.51%     -    0s
     0     0  457.91171    0   18  462.91171  457.91171  1.08%     -    0s

Cutting planes:
  Cover: 1
  Implied bound: 1
  MIR: 1
  Flow cover: 13
  GUB cover: 1
  RLT: 2
  Relax-and-lift: 1

Explored 1 nodes (432 simplex iterations) in 0.15 seconds
Thread count was 2 (of 4 available processors)

Solution count 4: 462.912 474.466 811.812 991.629 

Optimal solution found (tolerance 1.00e-04)
Best objective 4.629117065439e+02, best bound 4.629117065439e+02, gap 0.0000%
Discarded solution information

Gurobi 9.0.2 (win64) logging started Thu Jan 20 12:03:40 2022

Changed value of parameter LogFile to logs\CRVRP_5-3-7-100_0_0.LOG
   Prev:   Default: 
Changed value of parameter Seed to 116605499
   Prev: 0  Min: 0  Max: 2000000000  Default: 0
Changed value of parameter Threads to 2
   Prev: 0  Min: 0  Max: 1024  Default: 0
Changed value of parameter TimeLimit to 60.0
   Prev: inf  Min: 0.0  Max: inf  Default: inf
Changed value of parameter Symmetry to 2
   Prev: -1  Min: -1  Max: 2  Default: -1
Changed value of parameter Cuts to 2
   Prev: -1  Min: -1  Max: 3  Default: -1
Changed value of parameter PreDepRow to 1
   Prev: -1  Min: -1  Max: 1  Default: -1
Changed value of parameter ScaleFlag to 1
   Prev: -1  Min: -1  Max: 3  Default: -1
Changed value of parameter NormAdjust to 0
   Prev: -1  Min: -1  Max: 3  Default: -1
Gurobi Optimizer version 9.0.2 build v9.0.2rc0 (win64)
Optimize a model with 769 rows, 626 columns and 3092 nonzeros
Model fingerprint: 0xe7df87c1
Variable types: 28 continuous, 598 integer (402 binary)
Coefficient statistics:
  Matrix range     [1e+00, 1e+06]
  Objective range  [1e+00, 1e+00]
  Bounds range     [1e+00, 1e+04]
  RHS range        [1e+00, 1e+06]
Presolve removed 469 rows and 394 columns
Presolve time: 0.02s
Presolved: 300 rows, 232 columns, 1646 nonzeros
Variable types: 13 continuous, 219 integer (184 binary)
Found heuristic solution: objective 991.6285686

Root relaxation: objective 3.439934e+02, 180 iterations, 0.01 seconds

    Nodes    |    Current Node    |     Objective Bounds      |     Work
 Expl Unexpl |  Obj  Depth IntInf | Incumbent    BestBd   Gap | It/Node Time

     0     0  343.99338    0   38  991.62857  343.99338  65.3%     -    0s
H    0     0                     574.5297041  343.99338  40.1%     -    0s
H    0     0                     525.5877046  343.99338  34.6%     -    0s
     0     0  375.88277    0   41  525.58770  375.88277  28.5%     -    0s
     0     0  379.68200    0   45  525.58770  379.68200  27.8%     -    0s
H    0     0                     524.2249111  379.68200  27.6%     -    0s
H    0     0                     521.1440078  379.68200  27.1%     -    0s
     0     0  380.07509    0   43  521.14401  380.07509  27.1%     -    0s
     0     0  383.08213    0   37  521.14401  383.08213  26.5%     -    0s
     0     0  383.64460    0   39  521.14401  383.64460  26.4%     -    0s
     0     0  383.64460    0   39  521.14401  383.64460  26.4%     -    0s
     0     0  395.79635    0   40  521.14401  395.79635  24.1%     -    0s
H    0     0                     486.7810152  395.79635  18.7%     -    0s
     0     0  395.79635    0   50  486.78102  395.79635  18.7%     -    0s
     0     0  403.39649    0   47  486.78102  403.39649  17.1%     -    0s
H    0     0                     480.5803171  403.39649  16.1%     -    0s
     0     0  405.62542    0   43  480.58032  405.62542  15.6%     -    0s
     0     0  405.62542    0   47  480.58032  405.62542  15.6%     -    0s
     0     0  409.14457    0   45  480.58032  409.14457  14.9%     -    0s
H    0     0                     462.9117065  409.14457  11.6%     -    0s
     0     0  446.65826    0   12  462.91171  446.65826  3.51%     -    0s
     0     0  446.65826    0   16  462.91171  446.65826  3.51%     -    0s
     0     0  457.91171    0   10  462.91171  457.91171  1.08%     -    0s

Cutting planes:
  Cover: 1
  Implied bound: 3
  MIR: 1
  GUB cover: 1
  Zero half: 1
  Relax-and-lift: 1

Explored 1 nodes (716 simplex iterations) in 0.35 seconds
Thread count was 2 (of 4 available processors)

Solution count 8: 462.912 480.58 486.781 ... 991.629

Optimal solution found (tolerance 1.00e-04)
Best objective 4.629117065439e+02, best bound 4.629117065439e+02, gap 0.0000%
Discarded solution information

Gurobi 9.0.2 (win64) logging started Thu Jan 20 12:31:58 2022

Changed value of parameter LogFile to logs\CRVRP_5-3-7-100_0_0.LOG
   Prev:   Default: 
Changed value of parameter Seed to 1590809456
   Prev: 0  Min: 0  Max: 2000000000  Default: 0
Changed value of parameter Threads to 2
   Prev: 0  Min: 0  Max: 1024  Default: 0
Changed value of parameter TimeLimit to 60.0
   Prev: inf  Min: 0.0  Max: inf  Default: inf
Changed value of parameter Symmetry to 2
   Prev: -1  Min: -1  Max: 2  Default: -1
Changed value of parameter Cuts to 2
   Prev: -1  Min: -1  Max: 3  Default: -1
Changed value of parameter PreDepRow to 1
   Prev: -1  Min: -1  Max: 1  Default: -1
Changed value of parameter ScaleFlag to 1
   Prev: -1  Min: -1  Max: 3  Default: -1
Changed value of parameter NormAdjust to 0
   Prev: -1  Min: -1  Max: 3  Default: -1
Gurobi Optimizer version 9.0.2 build v9.0.2rc0 (win64)
Optimize a model with 769 rows, 626 columns and 3092 nonzeros
Model fingerprint: 0xe7df87c1
Variable types: 28 continuous, 598 integer (402 binary)
Coefficient statistics:
  Matrix range     [1e+00, 1e+06]
  Objective range  [1e+00, 1e+00]
  Bounds range     [1e+00, 1e+04]
  RHS range        [1e+00, 1e+06]
Presolve removed 469 rows and 394 columns
Presolve time: 0.02s
Presolved: 300 rows, 232 columns, 1646 nonzeros
Variable types: 13 continuous, 219 integer (184 binary)
Found heuristic solution: objective 991.6285686

Root relaxation: objective 3.439934e+02, 187 iterations, 0.01 seconds

    Nodes    |    Current Node    |     Objective Bounds      |     Work
 Expl Unexpl |  Obj  Depth IntInf | Incumbent    BestBd   Gap | It/Node Time

     0     0  343.99338    0   40  991.62857  343.99338  65.3%     -    0s
H    0     0                     986.3640162  343.99338  65.1%     -    0s
H    0     0                     687.2251102  343.99338  49.9%     -    0s
     0     0  373.59970    0   47  687.22511  373.59970  45.6%     -    0s
H    0     0                     588.7354535  373.59970  36.5%     -    0s
     0     0  380.99910    0   43  588.73545  380.99910  35.3%     -    0s
H    0     0                     556.6285686  380.99910  31.6%     -    0s
H    0     0                     524.2249111  380.99910  27.3%     -    0s
     0     0  383.09479    0   41  524.22491  383.09479  26.9%     -    0s
     0     0  383.25102    0   46  524.22491  383.25102  26.9%     -    0s
     0     0  383.34329    0   44  524.22491  383.34329  26.9%     -    0s
     0     0  389.35675    0   49  524.22491  389.35675  25.7%     -    0s
H    0     0                     512.3774829  389.35675  24.0%     -    0s
     0     0  389.53715    0   42  512.37748  389.53715  24.0%     -    0s
     0     0  394.47088    0   48  512.37748  394.47088  23.0%     -    0s
H    0     0                     480.5803171  394.47088  17.9%     -    0s
     0     0  398.05098    0   42  480.58032  398.05098  17.2%     -    0s
     0     0  398.24832    0   42  480.58032  398.24832  17.1%     -    0s
     0     0  398.31864    0   43  480.58032  398.31864  17.1%     -    0s
     0     0  401.26165    0   43  480.58032  401.26165  16.5%     -    0s
H    0     0                     474.5297041  401.26165  15.4%     -    0s
     0     0  412.85977    0   33  474.52970  412.85977  13.0%     -    0s
     0     0  412.85977    0   34  474.52970  412.85977  13.0%     -    0s
     0     0  436.43167    0   34  474.52970  436.43167  8.03%     -    0s
     0     0  436.43167    0   34  474.52970  436.43167  8.03%     -    0s
     0     0  437.47718    0   37  474.52970  437.47718  7.81%     -    0s
     0     0  448.64478    0   14  474.52970  448.64478  5.45%     -    0s
H    0     0                     462.9117065  448.64478  3.08%     -    0s
     0     0 infeasible    0       462.91171  462.91171  0.00%     -    0s

Cutting planes:
  Cover: 1
  MIR: 4
  Flow cover: 9
  RLT: 3
  Relax-and-lift: 2

Explored 1 nodes (769 simplex iterations) in 0.53 seconds
Thread count was 2 (of 4 available processors)

Solution count 10: 462.912 474.53 480.58 ... 991.629

Optimal solution found (tolerance 1.00e-04)
Best objective 4.629117065439e+02, best bound 4.629117065439e+02, gap 0.0000%
Discarded solution information

Gurobi 9.0.2 (win64) logging started Thu Jan 20 12:36:13 2022

Changed value of parameter LogFile to logs\CRVRP_5-3-7-100_0_0.LOG
   Prev:   Default: 
Changed value of parameter Seed to 1180321564
   Prev: 0  Min: 0  Max: 2000000000  Default: 0
Changed value of parameter Threads to 2
   Prev: 0  Min: 0  Max: 1024  Default: 0
Changed value of parameter TimeLimit to 60.0
   Prev: inf  Min: 0.0  Max: inf  Default: inf
Changed value of parameter Symmetry to 2
   Prev: -1  Min: -1  Max: 2  Default: -1
Changed value of parameter Cuts to 2
   Prev: -1  Min: -1  Max: 3  Default: -1
Changed value of parameter PreDepRow to 1
   Prev: -1  Min: -1  Max: 1  Default: -1
Changed value of parameter ScaleFlag to 1
   Prev: -1  Min: -1  Max: 3  Default: -1
Changed value of parameter NormAdjust to 0
   Prev: -1  Min: -1  Max: 3  Default: -1
Gurobi Optimizer version 9.0.2 build v9.0.2rc0 (win64)
Optimize a model with 769 rows, 626 columns and 3092 nonzeros
Model fingerprint: 0x6db125a2
Variable types: 28 continuous, 598 integer (402 binary)
Coefficient statistics:
  Matrix range     [1e+00, 1e+06]
  Objective range  [1e+00, 1e+00]
  Bounds range     [1e+00, 1e+04]
  RHS range        [1e+00, 1e+06]
Presolve removed 469 rows and 395 columns
Presolve time: 0.02s
Presolved: 300 rows, 231 columns, 1644 nonzeros
Variable types: 13 continuous, 218 integer (183 binary)
Found heuristic solution: objective 991.6285686

Root relaxation: objective 3.439934e+02, 171 iterations, 0.00 seconds

    Nodes    |    Current Node    |     Objective Bounds      |     Work
 Expl Unexpl |  Obj  Depth IntInf | Incumbent    BestBd   Gap | It/Node Time

     0     0  343.99338    0   38  991.62857  343.99338  65.3%     -    0s
H    0     0                     594.2249111  343.99338  42.1%     -    0s
     0     0  370.88800    0   51  594.22491  370.88800  37.6%     -    0s
H    0     0                     556.6285686  370.88800  33.4%     -    0s
H    0     0                     508.0634421  370.88800  27.0%     -    0s
     0     0  379.71287    0   47  508.06344  379.71287  25.3%     -    0s
H    0     0                     480.5803171  379.71287  21.0%     -    0s
H    0     0                     474.5297041  379.71287  20.0%     -    0s
     0     0  387.90977    0   33  474.52970  387.90977  18.3%     -    0s
     0     0  396.24423    0   32  474.52970  396.24423  16.5%     -    0s
     0     0  396.24423    0   32  474.52970  396.24423  16.5%     -    0s
     0     0  433.68450    0   35  474.52970  433.68450  8.61%     -    0s
     0     0  433.68450    0   35  474.52970  433.68450  8.61%     -    0s
     0     0  440.95558    0   31  474.52970  440.95558  7.08%     -    0s
     0     0  448.64478    0   14  474.52970  448.64478  5.45%     -    0s
H    0     0                     467.9117065  448.64478  4.12%     -    0s
H    0     0                     462.9117065  448.64478  3.08%     -    0s
     0     0     cutoff    0       462.91171  462.91171  0.00%     -    0s

Cutting planes:
  Gomory: 1
  Implied bound: 2
  MIR: 9
  Flow cover: 16
  RLT: 7
  Relax-and-lift: 3

Explored 1 nodes (540 simplex iterations) in 0.26 seconds
Thread count was 2 (of 4 available processors)

Solution count 8: 462.912 467.912 474.53 ... 991.629

Optimal solution found (tolerance 1.00e-04)
Best objective 4.629117065439e+02, best bound 4.629117065439e+02, gap 0.0000%
Discarded solution information
