
Gurobi 9.0.2 (win64) logging started Mon Oct 25 10:48:34 2021

Changed value of parameter LogFile to logs\CRVRP_10-3-7-100_2_0.LOG
   Prev:   Default: 
Changed value of parameter Seed to 1299516012
   Prev: 0  Min: 0  Max: 2000000000  Default: 0
Changed value of parameter Threads to 2
   Prev: 0  Min: 0  Max: 1024  Default: 0
Changed value of parameter TimeLimit to 600.0
   Prev: inf  Min: 0.0  Max: inf  Default: inf
Changed value of parameter Symmetry to 2
   Prev: -1  Min: -1  Max: 2  Default: -1
Changed value of parameter Cuts to 2
   Prev: -1  Min: -1  Max: 3  Default: -1
Changed value of parameter PreDepRow to 1
   Prev: -1  Min: -1  Max: 1  Default: -1
Changed value of parameter ScaleFlag to 1
   Prev: -1  Min: -1  Max: 3  Default: -1
Changed value of parameter NormAdjust to 0
   Prev: -1  Min: -1  Max: 3  Default: -1
Gurobi Optimizer version 9.0.2 build v9.0.2rc0 (win64)
Optimize a model with 6903 rows, 3980 columns and 27871 nonzeros
Model fingerprint: 0xef95ae95
Variable types: 72 continuous, 3908 integer (2612 binary)
Coefficient statistics:
  Matrix range     [5e-01, 1e+05]
  Objective range  [1e+00, 1e+00]
  Bounds range     [1e+00, 1e+04]
  RHS range        [1e+00, 1e+05]
Presolve removed 0 rows and 1054 columns
Presolve time: 0.00s

Explored 0 nodes (0 simplex iterations) in 0.01 seconds
Thread count was 1 (of 4 available processors)

Solution count 0

Model is infeasible
Best objective -, best bound -, gap -

IIS computed: 1 constraints, 1 bounds
IIS runtime: 0.00 seconds
Discarded solution information

Gurobi 9.0.2 (win64) logging started Mon Oct 25 10:49:10 2021

Changed value of parameter LogFile to logs\CRVRP_10-3-7-100_2_0.LOG
   Prev:   Default: 
Changed value of parameter Seed to 1390994214
   Prev: 0  Min: 0  Max: 2000000000  Default: 0
Changed value of parameter Threads to 2
   Prev: 0  Min: 0  Max: 1024  Default: 0
Changed value of parameter TimeLimit to 600.0
   Prev: inf  Min: 0.0  Max: inf  Default: inf
Changed value of parameter Symmetry to 2
   Prev: -1  Min: -1  Max: 2  Default: -1
Changed value of parameter Cuts to 2
   Prev: -1  Min: -1  Max: 3  Default: -1
Changed value of parameter PreDepRow to 1
   Prev: -1  Min: -1  Max: 1  Default: -1
Changed value of parameter ScaleFlag to 1
   Prev: -1  Min: -1  Max: 3  Default: -1
Changed value of parameter NormAdjust to 0
   Prev: -1  Min: -1  Max: 3  Default: -1
Gurobi Optimizer version 9.0.2 build v9.0.2rc0 (win64)
Optimize a model with 6903 rows, 3980 columns and 27871 nonzeros
Model fingerprint: 0x063d6750
Variable types: 72 continuous, 3908 integer (2612 binary)
Coefficient statistics:
  Matrix range     [5e-01, 1e+06]
  Objective range  [1e+00, 1e+00]
  Bounds range     [1e+00, 1e+04]
  RHS range        [1e+00, 1e+06]
Presolve removed 0 rows and 1054 columns
Presolve time: 0.00s

Explored 0 nodes (0 simplex iterations) in 0.01 seconds
Thread count was 1 (of 4 available processors)

Solution count 0

Model is infeasible
Best objective -, best bound -, gap -

IIS computed: 1 constraints, 1 bounds
IIS runtime: 0.00 seconds
Discarded solution information

Gurobi 9.0.2 (win64) logging started Fri Oct 29 14:41:23 2021

Changed value of parameter LogFile to logs\CRVRP_10-3-7-100_2_0.LOG
   Prev:   Default: 
Changed value of parameter Seed to 1580029002
   Prev: 0  Min: 0  Max: 2000000000  Default: 0
Changed value of parameter Threads to 2
   Prev: 0  Min: 0  Max: 1024  Default: 0
Changed value of parameter TimeLimit to 60.0
   Prev: inf  Min: 0.0  Max: inf  Default: inf
Changed value of parameter Symmetry to 2
   Prev: -1  Min: -1  Max: 2  Default: -1
Changed value of parameter Cuts to 2
   Prev: -1  Min: -1  Max: 3  Default: -1
Changed value of parameter PreDepRow to 1
   Prev: -1  Min: -1  Max: 1  Default: -1
Changed value of parameter ScaleFlag to 1
   Prev: -1  Min: -1  Max: 3  Default: -1
Changed value of parameter NormAdjust to 0
   Prev: -1  Min: -1  Max: 3  Default: -1
Gurobi Optimizer version 9.0.2 build v9.0.2rc0 (win64)
Optimize a model with 2815 rows, 1796 columns and 12549 nonzeros
Model fingerprint: 0xcebef33d
Variable types: 48 continuous, 1748 integer (1172 binary)
Coefficient statistics:
  Matrix range     [5e-01, 1e+06]
  Objective range  [1e+00, 1e+00]
  Bounds range     [1e+00, 1e+04]
  RHS range        [1e+00, 1e+06]
Presolve removed 1873 rows and 1077 columns
Presolve time: 0.07s
Presolved: 942 rows, 719 columns, 6052 nonzeros
Variable types: 21 continuous, 698 integer (580 binary)

Root relaxation: objective 3.100056e+03, 470 iterations, 0.02 seconds

    Nodes    |    Current Node    |     Objective Bounds      |     Work
 Expl Unexpl |  Obj  Depth IntInf | Incumbent    BestBd   Gap | It/Node Time

     0     0 3100.05604    0   46          - 3100.05604      -     -    0s
     0     0 3319.98153    0   83          - 3319.98153      -     -    0s
H    0     0                    8796.0913203 3319.98153  62.3%     -    0s
     0     0 3462.86038    0   88 8796.09132 3462.86038  60.6%     -    0s
     0     0 3462.86278    0   88 8796.09132 3462.86278  60.6%     -    0s
     0     0 3506.13470    0   90 8796.09132 3506.13470  60.1%     -    0s
H    0     0                    8739.1441411 3506.13470  59.9%     -    0s
     0     0 3509.87634    0   97 8739.14414 3509.87634  59.8%     -    0s
     0     0 3516.98395    0   98 8739.14414 3516.98395  59.8%     -    0s
H    0     0                    7905.6046946 3516.98395  55.5%     -    0s
     0     0 3517.01533    0  100 7905.60469 3517.01533  55.5%     -    0s
     0     0 3520.66687    0   93 7905.60469 3520.66687  55.5%     -    1s
H    0     0                    6203.0228470 3520.66687  43.2%     -    1s
     0     0 3520.77306    0   96 6203.02285 3520.77306  43.2%     -    1s
     0     0 3553.34616    0   88 6203.02285 3553.34616  42.7%     -    1s
     0     0 3559.74567    0  102 6203.02285 3559.74567  42.6%     -    1s
     0     0 3559.80974    0  100 6203.02285 3559.80974  42.6%     -    1s
     0     0 3582.48495    0   94 6203.02285 3582.48495  42.2%     -    1s
H    0     0                    5908.9255496 3582.48495  39.4%     -    1s
     0     0 3582.70475    0   93 5908.92555 3582.70475  39.4%     -    1s
     0     0 3582.72405    0   97 5908.92555 3582.72405  39.4%     -    1s
     0     0 3583.39355    0  106 5908.92555 3583.39355  39.4%     -    2s
     0     0 3583.48967    0  108 5908.92555 3583.48967  39.4%     -    2s
     0     0 3584.21947    0  102 5908.92555 3584.21947  39.3%     -    2s
     0     0 3584.21947    0  100 5908.92555 3584.21947  39.3%     -    2s
     0     2 3584.57404    0   96 5908.92555 3584.57404  39.3%     -    2s
H  491   449                    5883.2205012 3747.54447  36.3%  68.8    5s
H  809   616                    5741.9168479 3747.54447  34.7%  66.2    6s
H  820   592                    5687.7862055 3747.54447  34.1%  65.3    9s
   823   594 4007.87799   19   99 5687.78621 3747.54447  34.1%  65.1   10s
   942   664 4857.93275   39   57 5687.78621 3747.54447  34.1%  91.2   15s
H  943   634                    5612.3749084 3747.54447  33.2%  91.1   15s
* 1404   812              82    5532.4548448 3747.54612  32.3%  90.6   19s
* 1406   783              81    5512.7779652 3747.54612  32.0%  90.5   19s
  1514   877 4831.83884   22   83 5512.77797 3747.54837  32.0%  89.1   20s
H 1590   851                    5471.2702141 3747.54837  31.5%  90.0   20s
* 1875   873              50    5458.4057881 3747.55077  31.3%  92.5   22s
  2242  1049 4016.25866   47   51 5458.40579 3747.55077  31.3%  91.7   25s
H 2409  1119                    5458.1983883 3747.55077  31.3%  90.7   25s
H 2743  1234                    5389.7242471 3747.55077  30.5%  88.0   27s
  3353  1719 3756.25818   40   62 5389.72425 3747.55077  30.5%  90.7   30s
  4376  2499 4009.26714   35   36 5389.72425 3747.55077  30.5%  89.1   35s
  5548  3222 5003.67093   55   31 5389.72425 3747.55077  30.5%  88.3   40s
  6743  3682 4908.88887   56   65 5389.72425 3747.55077  30.5%  86.3   45s
  7901  4353 4908.84186   43   46 5389.72425 3747.55077  30.5%  86.6   50s
  9030  4939 3754.58532   46   92 5389.72425 3747.55143  30.5%  85.5   55s
  9970  5229 5003.02322   56   42 5389.72425 3747.55257  30.5%  88.1   60s

Cutting planes:
  Gomory: 15
  Cover: 6
  Implied bound: 9
  MIR: 43
  Flow cover: 54
  Zero half: 16
  RLT: 2
  Relax-and-lift: 1

Explored 10009 nodes (886224 simplex iterations) in 60.00 seconds
Thread count was 2 (of 4 available processors)

Solution count 10: 5389.72 5458.2 5458.41 ... 5883.22

Time limit reached
Best objective 5.389724247092e+03, best bound 3.747552567342e+03, gap 30.4686%
Discarded solution information

Gurobi 9.0.2 (win64) logging started Wed Nov  3 12:02:30 2021

Changed value of parameter LogFile to logs\CRVRP_10-3-7-100_2_0.LOG
   Prev:   Default: 
Changed value of parameter Seed to 1661354900
   Prev: 0  Min: 0  Max: 2000000000  Default: 0
Changed value of parameter Threads to 2
   Prev: 0  Min: 0  Max: 1024  Default: 0
Changed value of parameter TimeLimit to 1800.0
   Prev: inf  Min: 0.0  Max: inf  Default: inf
Changed value of parameter Symmetry to 2
   Prev: -1  Min: -1  Max: 2  Default: -1
Changed value of parameter Cuts to 2
   Prev: -1  Min: -1  Max: 3  Default: -1
Changed value of parameter PreDepRow to 1
   Prev: -1  Min: -1  Max: 1  Default: -1
Changed value of parameter ScaleFlag to 1
   Prev: -1  Min: -1  Max: 3  Default: -1
Changed value of parameter NormAdjust to 0
   Prev: -1  Min: -1  Max: 3  Default: -1
Gurobi Optimizer version 9.0.2 build v9.0.2rc0 (win64)
Optimize a model with 2813 rows, 1796 columns and 11968 nonzeros
Model fingerprint: 0xfedc9af0
Variable types: 48 continuous, 1748 integer (1172 binary)
Coefficient statistics:
  Matrix range     [5e-01, 1e+06]
  Objective range  [1e+00, 1e+00]
  Bounds range     [1e+00, 1e+04]
  RHS range        [1e+00, 1e+06]
Presolve removed 1683 rows and 1039 columns
Presolve time: 0.07s
Presolved: 1130 rows, 757 columns, 6672 nonzeros
Variable types: 23 continuous, 734 integer (614 binary)

Root relaxation: objective 5.400380e+02, 693 iterations, 0.03 seconds

    Nodes    |    Current Node    |     Objective Bounds      |     Work
 Expl Unexpl |  Obj  Depth IntInf | Incumbent    BestBd   Gap | It/Node Time

     0     0  540.03803    0   60          -  540.03803      -     -    0s
H    0     0                    1890.9217632  540.03803  71.4%     -    0s
     0     0  546.22065    0   78 1890.92176  546.22065  71.1%     -    0s
H    0     0                    1666.6254518  546.22065  67.2%     -    0s
     0     0  546.39244    0   78 1666.62545  546.39244  67.2%     -    0s
     0     0  546.40338    0   78 1666.62545  546.40338  67.2%     -    0s
     0     0  547.30010    0  100 1666.62545  547.30010  67.2%     -    0s
H    0     0                    1607.1565364  547.30010  65.9%     -    0s
     0     0  547.31334    0  102 1607.15654  547.31334  65.9%     -    0s
     0     0  547.37261    0  101 1607.15654  547.37261  65.9%     -    0s
     0     0  547.37467    0  103 1607.15654  547.37467  65.9%     -    0s
     0     0  549.11367    0  104 1607.15654  549.11367  65.8%     -    0s
     0     0  549.28680    0  105 1607.15654  549.28680  65.8%     -    0s
     0     0  550.73307    0  112 1607.15654  550.73307  65.7%     -    0s
H    0     0                    1550.0275638  550.73307  64.5%     -    0s
     0     0  550.79154    0  107 1550.02756  550.79154  64.5%     -    0s
     0     0  550.79644    0  109 1550.02756  550.79644  64.5%     -    1s
     0     0  551.68513    0  113 1550.02756  551.68513  64.4%     -    1s
H    0     0                    1318.2386755  551.68513  58.1%     -    1s
     0     0  551.75813    0  111 1318.23868  551.75813  58.1%     -    1s
     0     0  551.75813    0  110 1318.23868  551.75813  58.1%     -    1s
     0     0  552.18632    0  108 1318.23868  552.18632  58.1%     -    1s
H    0     0                    1310.7695427  552.18632  57.9%     -    1s
     0     0  552.26838    0  107 1310.76954  552.26838  57.9%     -    1s
     0     0  552.27132    0  106 1310.76954  552.27132  57.9%     -    1s
     0     0  552.35782    0  114 1310.76954  552.35782  57.9%     -    2s
H    0     0                    1290.3099536  552.35782  57.2%     -    2s
H    0     0                    1287.0531518  552.35782  57.1%     -    2s
     0     0  552.36897    0  113 1287.05315  552.36897  57.1%     -    2s
     0     0  552.37141    0  113 1287.05315  552.37141  57.1%     -    2s
     0     0  552.62127    0  121 1287.05315  552.62127  57.1%     -    2s
     0     0  552.63277    0  125 1287.05315  552.63277  57.1%     -    2s
     0     0  552.63369    0  127 1287.05315  552.63369  57.1%     -    2s
     0     0  552.70683    0  132 1287.05315  552.70683  57.1%     -    2s
     0     0  552.70969    0  132 1287.05315  552.70969  57.1%     -    2s
     0     0  552.84295    0  124 1287.05315  552.84295  57.0%     -    3s
     0     0  552.93817    0  120 1287.05315  552.93817  57.0%     -    3s
     0     0  552.93846    0  128 1287.05315  552.93846  57.0%     -    3s
     0     0  553.07091    0  121 1287.05315  553.07091  57.0%     -    3s
H    0     0                    1273.9576061  553.07091  56.6%     -    3s
     0     0  553.07298    0  120 1273.95761  553.07298  56.6%     -    3s
     0     0  553.09777    0  119 1273.95761  553.09777  56.6%     -    3s
     0     0  553.11722    0  121 1273.95761  553.11722  56.6%     -    3s
     0     0  553.11915    0  123 1273.95761  553.11915  56.6%     -    3s
     0     0  553.28107    0  118 1273.95761  553.28107  56.6%     -    4s
     0     0  553.28274    0  122 1273.95761  553.28274  56.6%     -    4s
     0     0  553.44402    0  121 1273.95761  553.44402  56.6%     -    4s
H    0     0                    1177.3888621  553.44402  53.0%     -    4s
     0     0  553.45196    0  123 1177.38886  553.45196  53.0%     -    4s
     0     0  553.45444    0  127 1177.38886  553.45444  53.0%     -    4s
     0     0  553.45957    0  133 1177.38886  553.45957  53.0%     -    5s
     0     0  553.45957    0  133 1177.38886  553.45957  53.0%     -    5s
     0     0  553.45957    0  133 1177.38886  553.45957  53.0%     -    5s
     0     0  553.45957    0  126 1177.38886  553.45957  53.0%     -    5s
H    0     0                    1168.4659491  553.60664  52.6%     -    6s
     0     2  553.60664    0  126 1168.46595  553.60664  52.6%     -    6s
H  119   121                    1163.1076308  553.66185  52.4%  69.4    7s
H  172   178                    1139.7476747  553.66185  51.4%  76.4    7s
H  202   206                    1138.5034370  553.66185  51.4%  81.6    8s
H  272   269                    1135.4157244  553.66185  51.2%  97.2    8s
H  319   303                    1047.0874983  553.66185  47.1%  86.3    8s
*  401   319             118    1045.7633407  553.78457  47.0%  72.8    9s
H  435   340                    1012.8785653  553.78457  45.3%  79.4   10s
H  500   407                    1007.1917849  553.78457  45.0%  80.4   10s
H  504   417                    1005.6638986  553.78457  44.9%  81.3   10s
H  505   416                     977.4068973  553.78457  43.3%  81.1   10s
H  602   471                     970.2439711  553.78457  42.9%  79.1   11s
H  734   536                     912.9620796  553.82423  39.3%  77.9   12s
   747   545  561.67533   52  131  912.96208  554.08658  39.3%  76.6   15s
   768   559  625.29380   90  140  912.96208  557.39888  38.9%  74.5   20s
   814   590  623.96062   62  166  912.96208  559.88474  38.7%  70.3   25s
   853   616  824.60749   89  153  912.96208  560.65087  38.6%  67.1   30s
   891   641  565.91948   67  159  912.96208  561.33449  38.5%  64.2   35s
   912   657  682.42929   87  154  912.96208  561.37040  38.5%  75.9   40s
   921   663  782.17142   61  144  912.96208  561.61853  38.5%  75.2   45s
   938   674  625.29380   90  142  912.96208  561.87695  38.5%  73.8   50s
   968   698  626.98428   22   75  912.96208  562.25886  38.4%  82.8   55s
  1131   812  712.42640   49   68  912.96208  562.67667  38.4%   105   60s
H 1275   855                     902.4329009  562.67667  37.6%   111   64s
H 1278   795                     859.7318871  562.67667  34.6%   111   64s
  1336   818  565.70309   79  113  859.73189  562.67667  34.6%   112   65s
H 1438   837                     855.9382349  562.67667  34.3%   115   66s
* 1775   944              88     852.9294158  562.95129  34.0%   115   69s
  1817   945  568.77056   72  101  852.92942  562.95129  34.0%   114   70s
H 1822   914                     849.9160433  562.95129  33.8%   114   70s
* 2113   978              79     833.8680489  563.33797  32.4%   112   72s
H 2139   939                     830.2120598  563.51792  32.1%   112   73s
  2343  1055  565.47275   44  134  830.21206  563.57641  32.1%   109   75s
H 2356   894                     793.1076308  563.57641  28.9%   108   75s
* 2623  1096              83     784.8648987  563.75714  28.2%   109   77s
* 2624  1096              83     783.4562786  563.75714  28.0%   109   77s
  2922  1264     cutoff   73       783.45628  564.13548  28.0%   108   80s
  3612  1721  633.73374   44   71  783.45628  564.44124  28.0%   110   85s
  4465  2186  642.59897   59   70  783.45628  564.82923  27.9%   113   91s
  5137  2634  600.30646   63   92  783.45628  565.22351  27.9%   114   95s
* 5679  2929              72     782.1714202  565.51310  27.7%   113   97s
  6132  3174     cutoff   57       782.17142  565.76662  27.7%   112  100s
* 6847  3295              74     773.4782816  566.33909  26.8%   115  104s
  6931  3402  611.12215   66   72  773.47828  566.34628  26.8%   115  105s
  7340  3520  715.72714   58  126  773.47828  566.52353  26.8%   115  110s
  7362  3535  623.41933   87  160  773.47828  566.52353  26.8%   115  115s
  7378  3545  678.32625   59  178  773.47828  566.52353  26.8%   115  120s
  7390  3553  715.72714   52  191  773.47828  566.52353  26.8%   115  125s
  7403  3562  617.81243   69  189  773.47828  566.52353  26.8%   114  130s
  7413  3569  720.62598   61  207  773.47828  566.52353  26.8%   114  135s
  7421  3574  745.74456   63  202  773.47828  566.52353  26.8%   114  140s
  7431  3581  723.03703   60  189  773.47828  566.52353  26.8%   114  145s
  7443  3589  695.14947   54  205  773.47828  566.52353  26.8%   114  150s
  7452  3595  627.10283   76  207  773.47828  566.52353  26.8%   114  155s
H 7452  3413                     773.4078461  566.52353  26.7%   114  156s
  7464  3421  720.62598   53  195  773.40785  566.80561  26.7%   113  160s
  7478  3430  678.32625   59  208  773.40785  567.15477  26.7%   113  165s
  7487  3436  695.14947   45  206  773.40785  567.28172  26.7%   113  170s
  7497  3443  701.42221   80  209  773.40785  567.36649  26.6%   113  175s
  7506  3449  580.13706   65  208  773.40785  567.46303  26.6%   113  180s
  7513  3453  720.62598   61  204  773.40785  567.56147  26.6%   113  185s
  7523  3460  590.99529   61  218  773.40785  567.63067  26.6%   113  190s
H 7534  3290                     771.7744653  567.66194  26.4%   112  194s
  7535  3291  720.62598   44  214  771.77447  567.75358  26.4%   112  195s
  7563  3314  647.37662   36   73  771.77447  568.07028  26.4%   116  200s
H 7592  3165                     771.1660239  568.95913  26.2%   116  202s
H 7656  3046                     764.5795482  570.98984  25.3%   117  204s
  7660  3055  577.45612   56   96  764.57955  570.98984  25.3%   117  205s
H 7740  2929                     764.1185431  570.98984  25.3%   118  206s
  7826  2961     cutoff   68       764.11854  571.10391  25.3%   119  210s
  7991  2967  581.19381   40  156  764.11854  574.99930  24.7%   120  215s
  8469  3025  585.68358   43  119  764.11854  580.14947  24.1%   122  220s
  8914  3119  612.35453   57   92  764.11854  583.32362  23.7%   124  225s
  9452  3184  624.73931   44   70  764.11854  585.56501  23.4%   126  230s
  9995  3234  648.33081   57   84  764.11854  592.94037  22.4%   127  241s
 10150  3312     cutoff   72       764.11854  594.12258  22.2%   128  245s
 10595  3446  676.90676   60   79  764.11854  595.79138  22.0%   129  251s
 11131  3608 infeasible   76       764.11854  596.71670  21.9%   128  256s
 11490  3699  599.01146   57  112  764.11854  597.62072  21.8%   128  261s
 11949  3762  683.09024   58   74  764.11854  598.11422  21.7%   128  265s
 12770  3897  641.79109   52   76  764.11854  599.79201  21.5%   128  273s
 13006  3926     cutoff   85       764.11854  600.03910  21.5%   129  275s
 13489  4021  716.52702   53   54  764.11854  600.72921  21.4%   129  280s
 14336  4054  734.72930   52   66  764.11854  601.91989  21.2%   129  285s
 15065  4118  615.90501   60  105  764.11854  603.08514  21.1%   129  290s
 15773  4179  654.59373   56   86  764.11854  604.22401  20.9%   130  295s
 16471  4450  661.47392   53   81  764.11854  605.17408  20.8%   130  301s
 16896  4657  609.62023   58   90  764.11854  605.61476  20.7%   130  306s
 17417  4880  723.77234   81   68  764.11854  606.18183  20.7%   130  311s
 17873  5074  734.65813   62   53  764.11854  607.47764  20.5%   130  315s
 18500  5361 infeasible   59       764.11854  608.30123  20.4%   130  321s
 18981  5570  661.19270   55   88  764.11854  608.79722  20.3%   130  326s
 19380  5704  715.99752   60   55  764.11854  609.34903  20.3%   131  330s
 20019  5962  712.49891   43   81  764.11854  610.36624  20.1%   131  336s
 20424  6052  615.71718   39  127  764.11854  610.68608  20.1%   131  341s
H20425  5290                     743.9748583  610.68608  17.9%   131  341s
 20785  5529  742.28448   73   88  743.97486  611.09288  17.9%   131  346s
 21366  5700  643.28347   48   77  743.97486  611.86727  17.8%   131  352s
 21681  5820     cutoff   56       743.97486  612.21885  17.7%   131  356s
 22030  5942  739.45028   57   60  743.97486  612.81416  17.6%   132  361s
 22633  6166  631.79131   44  114  743.97486  613.26172  17.6%   132  366s
 23191  6342 infeasible   61       743.97486  613.87866  17.5%   132  371s
 23587  6478  670.61329   53   90  743.97486  614.30278  17.4%   132  375s
 24147  6716  703.30828   63   72  743.97486  614.93067  17.3%   133  380s
 24666  6899  739.45028   58   42  743.97486  615.26284  17.3%   133  386s
 24829  6932 infeasible   63       743.97486  615.33416  17.3%   133  390s
 25238  7134  703.97230   46   72  743.97486  615.73492  17.2%   133  396s
 25663  7288  712.71188   62   66  743.97486  616.06411  17.2%   133  400s
 26271  7510  633.16208   52  115  743.97486  616.63420  17.1%   133  405s
 26866  7714  734.65813   56   72  743.97486  617.20602  17.0%   134  410s
 27399  7899 infeasible   90       743.97486  617.60239  17.0%   134  415s
 27797  8051  666.85735   64   89  743.97486  618.06247  16.9%   134  420s
 28455  8336 infeasible   72       743.97486  618.55247  16.9%   134  425s
 29112  8560  736.11788   60   61  743.97486  619.22240  16.8%   134  430s
 29698  8786     cutoff   67       743.97486  619.95242  16.7%   134  435s
 30305  8963  649.55922   47  103  743.97486  620.50799  16.6%   134  441s
 30930  9166     cutoff   69       743.97486  620.94930  16.5%   135  446s
 31630  9366  656.79598   55   95  743.97486  621.24229  16.5%   135  451s
 32035  9545 infeasible   56       743.97486  621.44282  16.5%   135  455s
 32662  9765  679.05752   57   70  743.97486  621.89539  16.4%   135  460s
 33298  9954  674.00909   52   75  743.97486  622.30481  16.4%   135  465s
 33933 10173     cutoff   55       743.97486  622.82322  16.3%   135  470s
 34534 10446 infeasible   49       743.97486  623.27620  16.2%   135  476s
 35165 10752  690.64185   55   81  743.97486  623.84591  16.1%   135  480s
 35806 10956  705.33760   73   89  743.97486  624.43911  16.1%   135  485s
 36515 11169  710.26600   47   79  743.97486  624.80531  16.0%   135  491s
 37155 11405  627.68502   59   98  743.97486  625.20465  16.0%   134  495s
 37777 11626  709.43384   55   66  743.97486  625.60933  15.9%   135  500s
 38430 11841  653.09299   64   80  743.97486  626.12227  15.8%   135  505s
 39238 12081  669.29960   61   90  743.97486  626.76186  15.8%   135  511s
 39908 12277  666.87457   69   80  743.97486  627.39970  15.7%   135  516s
 40573 12495  702.58408   65   64  743.97486  628.15055  15.6%   135  521s
 41162 12734     cutoff   63       743.97486  628.62217  15.5%   135  525s
 41830 12925  644.13853   46  105  743.97486  629.13175  15.4%   135  530s
 42442 13138  679.73541   53   85  743.97486  629.52508  15.4%   135  535s
 43360 13407  639.04093   48   99  743.97486  630.20135  15.3%   135  541s
 43735 13501  707.50086   56   62  743.97486  630.59691  15.2%   135  546s
 44250 13721 infeasible   49       743.97486  631.17454  15.2%   135  550s
 44926 13924  686.58743   57   81  743.97486  631.75608  15.1%   135  555s
 45608 14119  679.26868   60   69  743.97486  632.30770  15.0%   135  560s
 46257 14359  669.18489   64   74  743.97486  632.82590  14.9%   135  565s
 46916 14560  699.86723   58   77  743.97486  633.48932  14.9%   135  570s
 47519 14757  714.98429   59   83  743.97486  633.96747  14.8%   135  575s
 48196 14963  678.60962   58   64  743.97486  634.53913  14.7%   135  580s
 48866 15141  726.83658   53   66  743.97486  634.96450  14.7%   135  585s
 49495 15372     cutoff   60       743.97486  635.36863  14.6%   135  590s
 50133 15556  639.46348   65  106  743.97486  635.82739  14.5%   135  595s
 50953 15791  734.90808   76   71  743.97486  636.55086  14.4%   135  601s
 51686 16032     cutoff   57       743.97486  637.09345  14.4%   134  605s
 52290 16162  695.76443   58   87  743.97486  637.39918  14.3%   134  610s
 53137 16418  697.84419   69   79  743.97486  637.93276  14.3%   134  616s
 53770 16591  671.23462   49   80  743.97486  638.25082  14.2%   134  620s
 54417 16789  681.55567   59   53  743.97486  638.83385  14.1%   134  625s
 55091 17011  729.29888   61   69  743.97486  639.60749  14.0%   134  630s
 55950 17297  695.06967   56   49  743.97486  639.61841  14.0%   134  635s
 56694 17448 infeasible   56       743.97486  640.11825  14.0%   134  640s
 57329 17671  741.75548   63   74  743.97486  640.58463  13.9%   133  645s
 58234 17971  739.45028   59   48  743.97486  641.19422  13.8%   133  651s
 58911 18164     cutoff   57       743.97486  641.58317  13.8%   133  655s
 59330 18276  720.76991   71   68  743.97486  641.93195  13.7%   133  661s
 59901 18453  686.87529   46   68  743.97486  642.46808  13.6%   133  665s
 60531 18658  715.34968   59   48  743.97486  642.96941  13.6%   133  670s
 61435 18894     cutoff   59       743.97486  643.53969  13.5%   133  675s
 62137 19099  677.44526   52   96  743.97486  644.14445  13.4%   132  680s
 63082 19473 infeasible   59       743.97486  644.64703  13.4%   132  685s
 63716 19654  739.45028   61   53  743.97486  645.12858  13.3%   132  690s
 64616 19921  695.68065   61   63  743.97486  645.80697  13.2%   132  695s
 65272 20105  705.62984   66   65  743.97486  646.22707  13.1%   132  700s
 66175 20325  695.14947   61   69  743.97486  646.88838  13.0%   131  705s
 67071 20529  708.44703   61   58  743.97486  647.37662  13.0%   131  711s
 67820 20762  679.10297   57   58  743.97486  647.37662  13.0%   131  716s
 68611 20939 infeasible   51       743.97486  647.37662  13.0%   131  721s
 69312 21126     cutoff   63       743.97486  647.45839  13.0%   131  725s
 70244 21336  690.02880   47  109  743.97486  647.96027  12.9%   131  730s
 71092 21563  695.14947   58   62  743.97486  648.21711  12.9%   130  736s
 71971 21747  692.02359   80   70  743.97486  648.66978  12.8%   130  741s
 72540 21849  658.07003   56   91  743.97486  648.95216  12.8%   130  745s
 73167 22003     cutoff   56       743.97486  649.34637  12.7%   130  750s
 73795 22152     cutoff   53       743.97486  649.69610  12.7%   130  756s
 74459 22242  720.62598   66   58  743.97486  650.11156  12.6%   130  760s
 75087 22396  668.60581   60  100  743.97486  650.54691  12.6%   130  765s
 75748 22546  720.57145   67   69  743.97486  650.94762  12.5%   130  770s
 76563 22695  682.73814   52   47  743.97486  651.24424  12.5%   130  775s
 77389 22934  651.24424   47   79  743.97486  651.24424  12.5%   130  781s
 78064 23075  693.42116   65   75  743.97486  651.53828  12.4%   130  785s
 78848 23225  736.25519   47   69  743.97486  651.92119  12.4%   130  790s
 79326 23300     cutoff   68       743.97486  652.11833  12.3%   130  796s
 79897 23406  696.35178   73   85  743.97486  652.43570  12.3%   130  800s
 80716 23542     cutoff   61       743.97486  652.83098  12.3%   129  806s
 81324 23652 infeasible   54       743.97486  653.15191  12.2%   129  810s
 82058 23802  740.60907   61   51  743.97486  653.48782  12.2%   129  815s
 82688 23913 infeasible   62       743.97486  653.73587  12.1%   129  820s
 83126 24018 infeasible   51       743.97486  653.99601  12.1%   129  825s
 83998 24191  721.56570   58   93  743.97486  654.43767  12.0%   129  830s
 84759 24281 infeasible   61       743.97486  654.76508  12.0%   129  836s
 85374 24389     cutoff   56       743.97486  655.05503  12.0%   129  840s
 86149 24510     cutoff   45       743.97486  655.48200  11.9%   129  845s
 86918 24663  715.72714   46   72  743.97486  655.91012  11.8%   129  851s
 87282 24730     cutoff   64       743.97486  656.05375  11.8%   129  856s
 87933 24879  723.51219   51   63  743.97486  656.39704  11.8%   129  861s
 88585 25018  727.96208   57   61  743.97486  656.62266  11.7%   129  865s
 89204 25121  670.71092   48   93  743.97486  656.85045  11.7%   129  870s
 90037 25262  707.33637   61   56  743.97486  657.08176  11.7%   129  876s
 90687 25441  720.91806   66   79  743.97486  657.36734  11.6%   129  881s
 91349 25539  701.81233   63   68  743.97486  657.58903  11.6%   129  885s
 92052 25711     cutoff   64       743.97486  657.86652  11.6%   128  890s
 92934 25916  720.62598   47   43  743.97486  658.25400  11.5%   128  896s
 93536 26095  695.14947   55   86  743.97486  658.44454  11.5%   128  900s
 94364 26266     cutoff   61       743.97486  658.79924  11.4%   128  905s
 94742 26336 infeasible   47       743.97486  658.99134  11.4%   128  911s
 95362 26477  711.03772   63   75  743.97486  659.20985  11.4%   128  915s
 96138 26575  706.00210   66   53  743.97486  659.65340  11.3%   128  921s
 96794 26698  695.14947   38   67  743.97486  659.89741  11.3%   128  925s
 97638 26830  677.41844   62   91  743.97486  660.20882  11.3%   128  931s
*97917 26878              57     743.4918585  660.34340  11.2%   128  932s
*97921 26791              59     742.2127434  660.34340  11.0%   128  932s
 98320 26843 infeasible   62       742.21274  660.49999  11.0%   128  936s
H98417 25705                     740.4260170  660.49999  10.8%   128  936s
 98621 25712  676.59478   53   79  740.42602  660.60452  10.8%   128  941s
H98634 25624                     739.6576778  660.60452  10.7%   128  941s
 98712 25661     cutoff   55       739.65768  660.67057  10.7%   128  946s
 99370 25720  688.07891   61   68  739.65768  661.01848  10.6%   128  950s
 100258 25812  730.64211   57   26  739.65768  661.47630  10.6%   127  956s
 100889 25893  733.43735   47   59  739.65768  661.79990  10.5%   127  962s
 101319 25956  680.45178   51   93  739.65768  661.98911  10.5%   127  966s
 101723 25993 infeasible   76       739.65768  662.18293  10.5%   127  970s
 102173 26016  722.91231   57   53  739.65768  662.31422  10.5%   127  975s
 102781 26117  684.97498   54   65  739.65768  662.61974  10.4%   127  981s
 103270 26167  713.48757   52   70  739.65768  662.79351  10.4%   127  986s
 103660 26242  716.65867   66   59  739.65768  662.88461  10.4%   127  990s
 104379 26365  730.02813   57   66  739.65768  663.21037  10.3%   127  995s
 105272 26493  720.35310   58   80  739.65768  663.55789  10.3%   127 1000s
 105928 26550  715.72714   44   56  739.65768  663.82499  10.3%   127 1005s
 106868 26655 infeasible   55       739.65768  664.22104  10.2%   127 1011s
H106869 24082                     733.3888258  664.22104  9.43%   127 1011s
*107007 24079              59     733.3609900  664.29824  9.42%   127 1011s
 107498 24199 infeasible   41       733.36099  664.45950  9.40%   127 1015s
 107957 24211  682.34596   55   65  733.36099  664.68710  9.36%   127 1020s
 108579 24244  733.19931   55   64  733.36099  664.98187  9.32%   127 1025s
 109467 24336  731.07564   60   62  733.36099  665.34141  9.28%   127 1032s
 109915 24347  674.31432   59   89  733.36099  665.58773  9.24%   127 1036s
 110591 24410  707.64802   52   71  733.36099  665.85947  9.20%   127 1041s
 111096 24453  730.33506   63   55  733.36099  666.09625  9.17%   126 1045s
 111840 24466  713.39001   60   75  733.36099  666.38320  9.13%   126 1050s
 112474 24534  712.42640   66   71  733.36099  666.63780  9.10%   126 1055s
 113098 24559  692.00242   60   77  733.36099  666.89234  9.06%   126 1060s
 113717 24604     cutoff   62       733.36099  667.06560  9.04%   126 1065s
 114691 24657     cutoff   64       733.36099  667.52368  8.98%   126 1071s
 115136 24676  694.42378   56   75  733.36099  667.71096  8.95%   126 1075s
 115323 24698  718.50468   65   65  733.36099  667.75431  8.95%   126 1080s
H115573 22389                     725.5976061  667.89197  7.95%   126 1080s
 116227 22369 infeasible   60       725.59761  668.23822  7.91%   126 1086s
 116860 22364  680.13193   48   77  725.59761  668.55255  7.86%   126 1091s
 117510 22370     cutoff   66       725.59761  668.86034  7.82%   126 1095s
 118162 22341  687.76238   60   85  725.59761  669.20782  7.77%   126 1100s
 118867 22335     cutoff   68       725.59761  669.59472  7.72%   126 1105s
 119668 22329  680.52063   67   96  725.59761  670.03917  7.66%   126 1111s
 120197 22314  680.01373   61   87  725.59761  670.27581  7.62%   126 1115s
 120866 22299  677.62120   63   54  725.59761  670.59890  7.58%   126 1120s
H120914 22114                     724.9168937  670.59890  7.49%   126 1120s
 121460 22074  675.46301   68   82  724.91689  670.97564  7.44%   126 1126s
 122110 22017 infeasible   59       724.91689  671.31386  7.39%   126 1130s
 123056 21917  708.92760   50   61  724.91689  671.81527  7.33%   126 1136s
 123712 21836     cutoff   59       724.91689  672.26935  7.26%   126 1140s
 124642 21740  683.56148   56  103  724.91689  672.75017  7.20%   126 1146s
H125127 21708                     724.9168936  672.96199  7.17%   126 1152s
 125637 21635     cutoff   65       724.91689  673.21657  7.13%   126 1156s
 126376 21613  706.83433   53   74  724.91689  673.57025  7.08%   126 1160s
 127021 21581 infeasible   56       724.91689  673.94083  7.03%   126 1165s
 127710 21558  723.39321   59   59  724.91689  674.18969  7.00%   126 1170s
 128394 21533  707.69557   68   85  724.91689  674.47242  6.96%   126 1175s
 129104 21496  717.02456   59   75  724.91689  674.80840  6.91%   126 1180s
 130048 21575     cutoff   64       724.91689  675.17459  6.86%   125 1186s
 130755 21590 infeasible   59       724.91689  675.41022  6.83%   125 1190s
 131593 21531 infeasible   73       724.91689  675.82812  6.77%   125 1196s
 132228 21501  696.85067   70   88  724.91689  676.13390  6.73%   125 1200s
 133188 21383  683.96156   43   83  724.91689  676.56380  6.67%   125 1206s
 133847 21356  690.71509   56   53  724.91689  676.91690  6.62%   125 1210s
 134801 21295  694.17720   52   56  724.91689  677.38224  6.56%   125 1216s
 135461 21223  715.05971   66   79  724.91689  677.66440  6.52%   125 1220s
 136158 21140  715.72714   57   57  724.91689  678.03534  6.47%   125 1225s
 137092 21010 infeasible   49       724.91689  678.52738  6.40%   125 1230s
 137847 20974 infeasible   71       724.91689  678.82393  6.36%   125 1238s
 137865 20955 infeasible   54       724.91689  678.85274  6.35%   125 1240s
 138873 20885  720.10501   77   62  724.91689  679.32224  6.29%   125 1246s
 139597 20812  697.79618   48   69  724.91689  679.67578  6.24%   125 1250s
 140344 20764 infeasible   73       724.91689  679.98153  6.20%   124 1255s
 141259 20663  699.92779   70   71  724.91689  680.43881  6.14%   124 1260s
 142073 20627 infeasible   58       724.91689  680.84919  6.08%   124 1265s
 143100 20554  695.14947   68   64  724.91689  681.35520  6.01%   124 1271s
 143827 20520  722.51048   64   53  724.91689  681.65052  5.97%   124 1275s
 144730 20401  716.81412   56   63  724.91689  682.09450  5.91%   124 1280s
 145485 20364  707.26259   66   77  724.91689  682.41989  5.86%   124 1285s
 146042 20388  706.12676   64   61  724.91689  682.42929  5.86%   124 1290s
 146880 20430  690.65633   63   61  724.91689  682.42929  5.86%   124 1295s
 147855 20310     cutoff   52       724.91689  682.74342  5.82%   124 1301s
 148540 20224 infeasible   52       724.91689  683.14937  5.76%   124 1305s
 149563 20134 infeasible   48       724.91689  683.61997  5.70%   124 1311s
 150226 20065     cutoff   64       724.91689  683.95423  5.65%   124 1315s
 151217 19973  704.35348   69   67  724.91689  684.38525  5.59%   124 1320s
 152300 19833     cutoff   78       724.91689  684.93785  5.51%   123 1326s
 152954 19757 infeasible   67       724.91689  685.30415  5.46%   123 1330s
 154005 19595     cutoff   63       724.91689  685.86047  5.39%   123 1335s
 154952 19494 infeasible   63       724.91689  686.18054  5.34%   123 1341s
 155669 19350     cutoff   67       724.91689  686.54538  5.29%   123 1345s
 156587 19188 infeasible   60       724.91689  686.99759  5.23%   123 1350s
 157559 18996  718.51024   55   67  724.91689  687.48819  5.16%   123 1355s
 158615 18838  701.39618   62   74  724.91689  688.03363  5.09%   122 1360s
 159329 18722  706.67791   52   60  724.91689  688.32866  5.05%   122 1365s
 160332 18569  707.25729   58   62  724.91689  688.80236  4.98%   122 1370s
 161373 18388  714.65102   61   63  724.91689  689.31811  4.91%   122 1376s
 161904 18363  695.14222   81   78  724.91689  689.51233  4.88%   122 1380s
 162781 18311     cutoff   63       724.91689  689.76305  4.85%   122 1385s
 163843 18159     cutoff   59       724.91689  690.29530  4.78%   122 1390s
 164864 17920  720.12902   54   52  724.91689  690.80466  4.71%   121 1395s
 165678 17826 infeasible   52       724.91689  691.24747  4.64%   121 1400s
 166775 17527  694.92976   59   55  724.91689  691.82986  4.56%   121 1406s
 167826 17323 infeasible   69       724.91689  692.41825  4.48%   121 1411s
 168794 17083 infeasible   71       724.91689  693.10240  4.39%   121 1415s
 169856 16829 infeasible   66       724.91689  693.65447  4.31%   120 1420s
 170554 16762  699.88143   65   83  724.91689  693.99440  4.27%   120 1425s
 171511 16632  694.17720   49   73  724.91689  694.17720  4.24%   120 1431s
 172184 16680  715.60540   59   66  724.91689  694.17720  4.24%   121 1439s
 172313 16675  724.51829   73   54  724.91689  694.17720  4.24%   121 1441s
 172821 16638  719.74258   64   62  724.91689  694.17720  4.24%   121 1445s
 173601 16677 infeasible   74       724.91689  694.17720  4.24%   121 1451s
 174753 16373 infeasible   70       724.91689  694.71696  4.17%   121 1456s
 175584 16255  718.01929   67   46  724.91689  695.14947  4.11%   120 1460s
 176368 16178  695.14947   62   55  724.91689  695.14947  4.11%   120 1466s
 176984 16099 infeasible   54       724.91689  695.14947  4.11%   120 1470s
 177844 16023  707.09251   71   70  724.91689  695.14947  4.11%   120 1476s
 178627 16089     cutoff   58       724.91689  695.14947  4.11%   121 1481s
 179177 16133  705.22226   46   76  724.91689  695.14947  4.11%   121 1485s
 180033 16127  695.14947   49   57  724.91689  695.14947  4.11%   121 1491s
 180624 16122  719.07643   57   64  724.91689  695.14947  4.11%   121 1495s
 181407 16111  720.19120   63   67  724.91689  695.14947  4.11%   121 1501s
*181489 16071              53     724.7623056  695.14947  4.09%   121 1501s
 181741 16062  721.81798   70   79  724.76231  695.14947  4.09%   121 1505s
 182023 16025  724.52851   55   55  724.76231  695.14947  4.09%   121 1511s
 182935 15804  707.33637   53   63  724.76231  695.43250  4.05%   121 1515s
 184262 15536  699.94184   61   81  724.76231  696.07338  3.96%   120 1521s
 185593 15220 infeasible   78       724.76231  696.88650  3.85%   120 1526s
 186868 14939 infeasible   53       724.76231  697.60735  3.75%   120 1531s
 188012 14660  722.82769   46   57  724.76231  698.23925  3.66%   119 1536s
 189201 14348 infeasible   55       724.76231  698.86667  3.57%   119 1540s
 190352 13987 infeasible   67       724.76231  699.63475  3.47%   119 1545s
 191365 13809 infeasible   58       724.76231  700.17459  3.39%   119 1550s
 192288 13581  701.41669   60   66  724.76231  700.46876  3.35%   119 1556s
 193441 13285     cutoff   56       724.76231  701.08309  3.27%   118 1560s
 194651 12994  708.68525   69   43  724.76231  701.72585  3.18%   118 1565s
 195803 12845 infeasible   68       724.76231  702.16518  3.12%   118 1570s
 196887 12589 infeasible   60       724.76231  702.56093  3.06%   118 1575s
 198431 12089 infeasible   78       724.76231  703.55067  2.93%   117 1580s
 199998 11686  707.85297   60   61  724.76231  704.55188  2.79%   117 1585s
 201470 11175     cutoff   56       724.76231  705.64759  2.64%   116 1590s
 202783 10904     cutoff   60       724.76231  706.40867  2.53%   116 1597s
 203432 10625  713.07622   81   66  724.76231  706.80979  2.48%   116 1600s
 204483 10425 infeasible   59       724.76231  707.33637  2.40%   116 1606s
*205381  9867              50     723.8493942  707.69321  2.23%   115 1608s
 205541  9820  711.55484   59   54  723.84939  707.82489  2.21%   115 1611s
 205650  9797     cutoff   53       723.84939  707.87476  2.21%   115 1618s
H205705  9580                     723.1219305  707.96920  2.10%   115 1618s
 206003  9300 infeasible   58       723.12193  708.12902  2.07%   115 1620s
 207483  8728     cutoff   79       723.12193  709.23027  1.92%   115 1625s
 209466  7836  716.13711   84   47  723.12193  710.83575  1.70%   114 1630s
 211007  7231 infeasible   62       723.12193  712.42640  1.48%   114 1635s
 211836  7309     cutoff   77       723.12193  712.42640  1.48%   114 1641s
 212283  7307     cutoff   56       723.12193  712.42640  1.48%   114 1645s
 212915  7319     cutoff   52       723.12193  712.42640  1.48%   114 1650s
 213477  6952  717.12128   77   57  723.12193  712.42640  1.48%   114 1655s
 215595  5738 infeasible   64       723.12193  715.34968  1.07%   113 1661s
 216127  5482 infeasible   62       723.12193  715.34968  1.07%   113 1666s
 216829  5240  715.72714   83   62  723.12193  715.72714  1.02%   113 1671s
 217390  5194  715.72714   77   49  723.12193  715.72714  1.02%   113 1675s
 217926  5091  715.72714   62   35  723.12193  715.72714  1.02%   114 1680s
 218515  5022  720.77213   49   51  723.12193  715.72714  1.02%   114 1685s
 219114  4901 infeasible   60       723.12193  715.72714  1.02%   114 1690s
 219632  4798 infeasible   64       723.12193  715.72714  1.02%   114 1695s
 220275  4698  715.72714   73   80  723.12193  715.72714  1.02%   114 1700s
 220774  4568 infeasible   58       723.12193  715.72714  1.02%   114 1706s
 221429  4529     cutoff   66       723.12193  715.72714  1.02%   114 1711s
 221932  4439  715.72714   55   65  723.12193  715.72714  1.02%   114 1716s
 222561  4417  715.72714   47   46  723.12193  715.72714  1.02%   115 1721s
*223197  3643              49     720.9878886  715.72714  0.73%   115 1724s
 223209  3640  715.72714   66   44  720.98789  715.72714  0.73%   115 1726s
 223714  3573 infeasible   60       720.98789  715.72714  0.73%   115 1733s
 223772  3571  715.72714   52   62  720.98789  715.72714  0.73%   115 1735s
 224420  3522     cutoff   64       720.98789  715.72714  0.73%   115 1740s
 225904  2203     cutoff   66       720.98789  717.32455  0.51%   115 1745s
 227319  1613  719.51233   51   79  720.98789  719.51233  0.20%   114 1750s
 227882  1625 infeasible   43       720.98789  719.51233  0.20%   114 1755s
 228396  1620  720.62598   46   68  720.98789  719.51233  0.20%   114 1760s
 229082  1274  720.62598   56   43  720.98789  720.62598  0.05%   114 1767s
 229473  1178     cutoff   60       720.98789  720.62598  0.05%   114 1771s
 230395  1047 infeasible   55       720.98789  720.62598  0.05%   114 1778s
 230669   990 infeasible   58       720.98789  720.62598  0.05%   115 1782s
 231149   994  720.62598   48   62  720.98789  720.62598  0.05%   115 1786s
 231593   944  720.62598   64   73  720.98789  720.62598  0.05%   115 1791s
 232169   898 infeasible   60       720.98789  720.62598  0.05%   115 1795s
 233294   926     cutoff   47       720.98789  720.62598  0.05%   115 1800s

Cutting planes:
  Gomory: 6
  Cover: 439
  Implied bound: 100
  Projected implied bound: 5
  Clique: 6
  MIR: 258
  StrongCG: 2
  Flow cover: 356
  GUB cover: 33
  Inf proof: 8
  Zero half: 5
  RLT: 6
  Relax-and-lift: 7

Explored 233295 nodes (26795404 simplex iterations) in 1800.02 seconds
Thread count was 2 (of 4 available processors)

Solution count 10: 720.988 723.122 723.849 ... 740.426

Time limit reached
Best objective 7.209878886437e+02, best bound 7.206259771959e+02, gap 0.0502%
Discarded solution information

Gurobi 9.0.2 (win64) logging started Wed Nov  3 16:08:37 2021

Changed value of parameter LogFile to logs\CRVRP_10-3-7-100_2_0.LOG
   Prev:   Default: 
Changed value of parameter Seed to 1077777713
   Prev: 0  Min: 0  Max: 2000000000  Default: 0
Changed value of parameter Threads to 2
   Prev: 0  Min: 0  Max: 1024  Default: 0
Changed value of parameter TimeLimit to 60.0
   Prev: inf  Min: 0.0  Max: inf  Default: inf
Changed value of parameter Symmetry to 2
   Prev: -1  Min: -1  Max: 2  Default: -1
Changed value of parameter Cuts to 2
   Prev: -1  Min: -1  Max: 3  Default: -1
Changed value of parameter PreDepRow to 1
   Prev: -1  Min: -1  Max: 1  Default: -1
Changed value of parameter ScaleFlag to 1
   Prev: -1  Min: -1  Max: 3  Default: -1
Changed value of parameter NormAdjust to 0
   Prev: -1  Min: -1  Max: 3  Default: -1
Gurobi Optimizer version 9.0.2 build v9.0.2rc0 (win64)
Optimize a model with 2793 rows, 1796 columns and 11423 nonzeros
Model fingerprint: 0x10c67bab
Variable types: 48 continuous, 1748 integer (1172 binary)
Coefficient statistics:
  Matrix range     [5e-01, 1e+06]
  Objective range  [1e+00, 1e+00]
  Bounds range     [1e+00, 1e+04]
  RHS range        [1e+00, 1e+06]
Presolve removed 1753 rows and 1039 columns
Presolve time: 0.09s
Presolved: 1040 rows, 757 columns, 6212 nonzeros
Variable types: 23 continuous, 734 integer (614 binary)

Root relaxation: objective 5.248910e+02, 633 iterations, 0.04 seconds

    Nodes    |    Current Node    |     Objective Bounds      |     Work
 Expl Unexpl |  Obj  Depth IntInf | Incumbent    BestBd   Gap | It/Node Time

     0     0  524.89103    0   64          -  524.89103      -     -    0s
H    0     0                    3001.8199165  524.89103  82.5%     -    0s
H    0     0                    1968.5775129  524.89103  73.3%     -    0s
     0     0  534.84432    0   68 1968.57751  534.84432  72.8%     -    0s
H    0     0                    1901.4731256  534.84432  71.9%     -    0s
H    0     0                    1538.5891489  534.84432  65.2%     -    0s
H    0     0                    1538.5891487  534.84432  65.2%     -    0s
     0     0  534.95955    0   85 1538.58915  534.95955  65.2%     -    0s
     0     0  536.01021    0   86 1538.58915  536.01021  65.2%     -    0s
H    0     0                    1521.5842749  536.01021  64.8%     -    0s
H    0     0                    1503.9005622  536.01021  64.4%     -    0s
     0     0  536.06519    0   98 1503.90056  536.06519  64.4%     -    0s
     0     0  536.06953    0   98 1503.90056  536.06953  64.4%     -    0s
     0     0  538.38274    0  104 1503.90056  538.38274  64.2%     -    0s
     0     0  538.68857    0  100 1503.90056  538.68857  64.2%     -    0s
     0     0  538.70891    0  102 1503.90056  538.70891  64.2%     -    0s
     0     0  538.71827    0  104 1503.90056  538.71827  64.2%     -    0s
     0     0  540.55128    0  108 1503.90056  540.55128  64.1%     -    1s
     0     0  540.78086    0  114 1503.90056  540.78086  64.0%     -    1s
     0     0  540.81411    0  121 1503.90056  540.81411  64.0%     -    1s
     0     0  540.81742    0  119 1503.90056  540.81742  64.0%     -    1s
     0     0  542.62739    0  126 1503.90056  542.62739  63.9%     -    1s
H    0     0                    1262.5647570  542.62739  57.0%     -    1s
     0     0  542.72516    0  124 1262.56476  542.72516  57.0%     -    1s
     0     0  542.73306    0  125 1262.56476  542.73306  57.0%     -    1s
     0     0  544.38005    0  119 1262.56476  544.38005  56.9%     -    2s
H    0     0                    1206.9456998  544.38005  54.9%     -    2s
H    0     0                    1205.4003824  544.38005  54.8%     -    2s
     0     0  544.42779    0  132 1205.40038  544.42779  54.8%     -    2s
     0     0  544.43520    0  139 1205.40038  544.43520  54.8%     -    2s
     0     0  545.38072    0  136 1205.40038  545.38072  54.8%     -    2s
     0     0  545.38939    0  140 1205.40038  545.38939  54.8%     -    2s
     0     0  545.62323    0  141 1205.40038  545.62323  54.7%     -    3s
     0     0  545.64483    0  140 1205.40038  545.64483  54.7%     -    3s
     0     0  545.64873    0  146 1205.40038  545.64873  54.7%     -    3s
     0     0  545.67657    0  134 1205.40038  545.67657  54.7%     -    3s
     0     0  545.70661    0  138 1205.40038  545.70661  54.7%     -    3s
     0     0  545.71022    0  137 1205.40038  545.71022  54.7%     -    3s
     0     0  546.04588    0  142 1205.40038  546.04588  54.7%     -    4s
     0     0  546.10350    0  147 1205.40038  546.10350  54.7%     -    4s
     0     0  546.10654    0  145 1205.40038  546.10654  54.7%     -    4s
     0     0  546.15624    0  143 1205.40038  546.15624  54.7%     -    4s
H    0     0                     964.1078390  546.15624  43.4%     -    4s
     0     0  546.17085    0  144  964.10784  546.17085  43.3%     -    4s
     0     0  546.17118    0  146  964.10784  546.17118  43.3%     -    4s
     0     0  546.19490    0  152  964.10784  546.19490  43.3%     -    5s
     0     0  546.19490    0  152  964.10784  546.19490  43.3%     -    5s
     0     2  546.21955    0  148  964.10784  546.21955  43.3%     -    6s
H   89    92                     954.7181648  546.77934  42.7%  87.3    7s
H  159   167                     945.4172322  546.77934  42.2%  69.5    7s
H  165   167                     940.1886800  546.77934  41.8%  73.0    7s
H  172   185                     845.0563529  546.77934  35.3%  72.2    7s
*  300   270             102     795.3002865  547.01258  31.2%  64.2    8s
H  421   384                     784.7226100  547.01258  30.3%  62.8    9s
H  424   353                     774.1014739  547.01258  29.3%  63.7    9s
   725   609  599.32123  140  152  774.10147  547.20852  29.3%  52.8   10s
   743   621  599.32123  140  128  774.10147  551.11048  28.8%  51.5   15s
   758   631  606.76438   59  174  774.10147  552.83962  28.6%  50.5   20s
   783   648  606.66029   56  159  774.10147  554.14751  28.4%  48.9   25s
H  788   617                     738.5111561  554.61602  24.9%  48.6   28s
   801   626  674.53403  130  179  738.51116  555.64466  24.8%  47.8   30s
   834   648  603.00259   40  192  738.51116  557.15069  24.6%  45.9   35s
   857   664  557.52265   48   89  738.51116  557.52265  24.5%  57.9   40s
H  857   630                     735.3240366  557.52265  24.2%  57.9   40s
H  872   608                     731.7763759  557.79179  23.8%  56.9   44s
   877   612  575.76549  118  179  731.77638  557.84338  23.8%  56.5   45s
H  884   585                     707.4043673  558.06717  21.1%  56.1   49s
   886   590  558.06717   25  158  707.40437  558.06717  21.1%  60.5   50s
H 1003   635                     689.5214163  558.75273  19.0%  78.1   53s
H 1034   619                     667.4201432  558.75273  16.3%  81.3   54s
  1060   642  565.74359   63   80  667.42014  558.75273  16.3%  82.9   55s
H 1168   662                     666.3548587  558.75273  16.1%  85.2   56s
H 1200   658                     665.4260170  558.75273  16.0%  87.2   57s
H 1267   637                     642.3699570  558.77590  13.0%  90.1   59s
  1347   687  573.60266   77   69  642.36996  558.77590  13.0%  90.5   60s

Cutting planes:
  Cover: 21
  Projected implied bound: 1
  Clique: 1
  MIR: 47
  StrongCG: 2
  Flow cover: 47
  GUB cover: 5
  Zero half: 2
  RLT: 3
  Relax-and-lift: 6

Explored 1364 nodes (125933 simplex iterations) in 60.00 seconds
Thread count was 2 (of 4 available processors)

Solution count 10: 642.37 665.426 666.355 ... 774.101

Time limit reached
Best objective 6.423699570281e+02, best bound 5.587758950997e+02, gap 13.0134%
Discarded solution information

Gurobi 9.0.2 (win64) logging started Wed Nov  3 16:09:37 2021

Changed value of parameter LogFile to logs\CRVRP_10-3-7-100_2_0.LOG
   Prev:   Default: 
Changed value of parameter Seed to 489384474
   Prev: 0  Min: 0  Max: 2000000000  Default: 0
Changed value of parameter Threads to 2
   Prev: 0  Min: 0  Max: 1024  Default: 0
Changed value of parameter TimeLimit to 60.0
   Prev: inf  Min: 0.0  Max: inf  Default: inf
Changed value of parameter Symmetry to 2
   Prev: -1  Min: -1  Max: 2  Default: -1
Changed value of parameter Cuts to 2
   Prev: -1  Min: -1  Max: 3  Default: -1
Changed value of parameter PreDepRow to 1
   Prev: -1  Min: -1  Max: 1  Default: -1
Changed value of parameter ScaleFlag to 1
   Prev: -1  Min: -1  Max: 3  Default: -1
Changed value of parameter NormAdjust to 0
   Prev: -1  Min: -1  Max: 3  Default: -1
Gurobi Optimizer version 9.0.2 build v9.0.2rc0 (win64)
Optimize a model with 2793 rows, 1796 columns and 11423 nonzeros
Model fingerprint: 0x10c67bab
Variable types: 48 continuous, 1748 integer (1172 binary)
Coefficient statistics:
  Matrix range     [5e-01, 1e+06]
  Objective range  [1e+00, 1e+00]
  Bounds range     [1e+00, 1e+04]
  RHS range        [1e+00, 1e+06]
Presolve removed 1753 rows and 1039 columns
Presolve time: 0.07s
Presolved: 1040 rows, 757 columns, 6212 nonzeros
Variable types: 23 continuous, 734 integer (614 binary)

Root relaxation: objective 5.249765e+02, 546 iterations, 0.02 seconds

    Nodes    |    Current Node    |     Objective Bounds      |     Work
 Expl Unexpl |  Obj  Depth IntInf | Incumbent    BestBd   Gap | It/Node Time

     0     0  524.97651    0   66          -  524.97651      -     -    0s
H    0     0                    2488.5203326  524.97651  78.9%     -    0s
H    0     0                    2237.3193095  524.97651  76.5%     -    0s
     0     0  533.97724    0   78 2237.31931  533.97724  76.1%     -    0s
H    0     0                    2093.9782031  533.97724  74.5%     -    0s
     0     0  534.10848    0   77 2093.97820  534.10848  74.5%     -    0s
     0     0  534.10848    0   77 2093.97820  534.10848  74.5%     -    0s
     0     0  536.01124    0   99 2093.97820  536.01124  74.4%     -    0s
H    0     0                    1475.9971648  536.01124  63.7%     -    0s
     0     0  536.08592    0   99 1475.99716  536.08592  63.7%     -    0s
     0     0  536.08760    0   99 1475.99716  536.08760  63.7%     -    0s
     0     0  539.30533    0  105 1475.99716  539.30533  63.5%     -    0s
     0     0  539.48933    0  107 1475.99716  539.48933  63.4%     -    0s
     0     0  539.52093    0  114 1475.99716  539.52093  63.4%     -    0s
