
Gurobi 9.0.2 (win64) logging started Mon Oct 18 12:12:11 2021

Changed value of parameter LogFile to logs\CRVRP_5-2-5-100_2_0.LOG
   Prev:   Default: 
Changed value of parameter Seed to 400410776
   Prev: 0  Min: 0  Max: 2000000000  Default: 0
Changed value of parameter Threads to 8
   Prev: 0  Min: 0  Max: 1024  Default: 0
Changed value of parameter TimeLimit to 7200.0
   Prev: inf  Min: 0.0  Max: inf  Default: inf
Changed value of parameter Cuts to 0
   Prev: -1  Min: -1  Max: 3  Default: -1
Changed value of parameter ScaleFlag to 1
   Prev: -1  Min: -1  Max: 3  Default: -1
Changed value of parameter NormAdjust to 0
   Prev: -1  Min: -1  Max: 3  Default: -1
Gurobi Optimizer version 9.0.2 build v9.0.2rc0 (win64)
Optimize a model with 493 rows, 622 columns and 2356 nonzeros
Model fingerprint: 0x37d03e42
Variable types: 34 continuous, 588 integer (299 binary)
Coefficient statistics:
  Matrix range     [1e+00, 1e+05]
  Objective range  [1e+00, 1e+00]
  Bounds range     [1e+00, 1e+04]
  RHS range        [1e+00, 1e+05]
Found heuristic solution: objective 229.0444809
Presolve removed 57 rows and 156 columns
Presolve time: 0.01s
Presolved: 436 rows, 466 columns, 1970 nonzeros

Warning: Thread count (8) is larger than core count (4)
         Reduce the value of the Threads parameter to improve performance

Variable types: 16 continuous, 450 integer (250 binary)

Root relaxation: objective 0.000000e+00, 65 iterations, 0.00 seconds

    Nodes    |    Current Node    |     Objective Bounds      |     Work
 Expl Unexpl |  Obj  Depth IntInf | Incumbent    BestBd   Gap | It/Node Time

     0     0    0.00000    0    3  229.04448    0.00000   100%     -    0s
H    0     0                     104.9004563    0.00000   100%     -    0s
     0     0    0.00000    0    3  104.90046    0.00000   100%     -    0s
H    0     0                       0.0000000    0.00000  0.00%     -    0s
     0     0    0.00000    0   17    0.00000    0.00000  0.00%     -    0s

Explored 1 nodes (489 simplex iterations) in 0.06 seconds
Thread count was 8 (of 4 available processors)

Solution count 3: 0 104.9 229.044 

Optimal solution found (tolerance 1.00e-04)
Best objective 0.000000000000e+00, best bound 0.000000000000e+00, gap 0.0000%
Discarded solution information

Gurobi 9.0.2 (win64) logging started Mon Oct 18 12:59:04 2021

Changed value of parameter LogFile to logs\CRVRP_5-2-5-100_2_0.LOG
   Prev:   Default: 
Changed value of parameter Seed to 1410589848
   Prev: 0  Min: 0  Max: 2000000000  Default: 0
Changed value of parameter Threads to 8
   Prev: 0  Min: 0  Max: 1024  Default: 0
Changed value of parameter TimeLimit to 7200.0
   Prev: inf  Min: 0.0  Max: inf  Default: inf
Changed value of parameter Cuts to 0
   Prev: -1  Min: -1  Max: 3  Default: -1
Changed value of parameter ScaleFlag to 1
   Prev: -1  Min: -1  Max: 3  Default: -1
Changed value of parameter NormAdjust to 0
   Prev: -1  Min: -1  Max: 3  Default: -1
Gurobi Optimizer version 9.0.2 build v9.0.2rc0 (win64)
Optimize a model with 493 rows, 622 columns and 2356 nonzeros
Model fingerprint: 0x37d03e42
Variable types: 34 continuous, 588 integer (299 binary)
Coefficient statistics:
  Matrix range     [1e+00, 1e+05]
  Objective range  [1e+00, 1e+00]
  Bounds range     [1e+00, 1e+04]
  RHS range        [1e+00, 1e+05]
Found heuristic solution: objective 252.1231460
Presolve removed 57 rows and 156 columns
Presolve time: 0.01s
Presolved: 436 rows, 466 columns, 1970 nonzeros

Warning: Thread count (8) is larger than core count (4)
         Reduce the value of the Threads parameter to improve performance

Variable types: 16 continuous, 450 integer (250 binary)

Root relaxation: objective 0.000000e+00, 65 iterations, 0.00 seconds

    Nodes    |    Current Node    |     Objective Bounds      |     Work
 Expl Unexpl |  Obj  Depth IntInf | Incumbent    BestBd   Gap | It/Node Time

     0     0    0.00000    0    6  252.12315    0.00000   100%     -    0s
H    0     0                      79.6720717    0.00000   100%     -    0s
H    0     0                       0.0000000    0.00000  0.00%     -    0s

Explored 1 nodes (343 simplex iterations) in 0.03 seconds
Thread count was 8 (of 4 available processors)

Solution count 3: 0 79.6721 252.123 

Optimal solution found (tolerance 1.00e-04)
Best objective 0.000000000000e+00, best bound 0.000000000000e+00, gap 0.0000%
Discarded solution information

Gurobi 9.0.2 (win64) logging started Fri Oct 22 10:58:22 2021

Changed value of parameter LogFile to logs\CRVRP_5-2-5-100_2_0.LOG
   Prev:   Default: 
Changed value of parameter Seed to 973580055
   Prev: 0  Min: 0  Max: 2000000000  Default: 0
Changed value of parameter Threads to 2
   Prev: 0  Min: 0  Max: 1024  Default: 0
Changed value of parameter TimeLimit to 60.0
   Prev: inf  Min: 0.0  Max: inf  Default: inf
Changed value of parameter Symmetry to 2
   Prev: -1  Min: -1  Max: 2  Default: -1
Changed value of parameter Cuts to 2
   Prev: -1  Min: -1  Max: 3  Default: -1
Changed value of parameter PreDepRow to 1
   Prev: -1  Min: -1  Max: 1  Default: -1
Changed value of parameter ScaleFlag to 1
   Prev: -1  Min: -1  Max: 3  Default: -1
Changed value of parameter NormAdjust to 0
   Prev: -1  Min: -1  Max: 3  Default: -1
Gurobi Optimizer version 9.0.2 build v9.0.2rc0 (win64)
Optimize a model with 2235 rows, 1506 columns and 8946 nonzeros
Model fingerprint: 0xf89b5f12
Variable types: 44 continuous, 1462 integer (978 binary)
Coefficient statistics:
  Matrix range     [1e+00, 1e+05]
  Objective range  [1e+00, 1e+00]
  Bounds range     [1e+00, 1e+04]
  RHS range        [1e+00, 1e+05]
Presolve removed 1778 rows and 1131 columns
Presolve time: 0.03s
Presolved: 457 rows, 375 columns, 1990 nonzeros
Variable types: 16 continuous, 359 integer (277 binary)

Root relaxation: objective 7.460999e+01, 106 iterations, 0.00 seconds

    Nodes    |    Current Node    |     Objective Bounds      |     Work
 Expl Unexpl |  Obj  Depth IntInf | Incumbent    BestBd   Gap | It/Node Time

     0     0   74.60999    0   22          -   74.60999      -     -    0s
     0     0   87.13158    0   55          -   87.13158      -     -    0s
     0     0   87.13158    0   52          -   87.13158      -     -    0s
     0     0   93.31264    0   55          -   93.31264      -     -    0s
     0     0   93.31264    0   56          -   93.31264      -     -    0s
     0     0  108.60674    0   39          -  108.60674      -     -    0s
     0     0  108.60674    0   40          -  108.60674      -     -    0s
     0     0  109.64531    0   37          -  109.64531      -     -    0s
     0     0  109.79941    0   39          -  109.79941      -     -    0s
     0     0  109.84333    0   42          -  109.84333      -     -    0s
     0     0  109.84333    0   50          -  109.84333      -     -    0s
     0     0  110.94677    0   51          -  110.94677      -     -    0s
     0     0  110.94677    0   52          -  110.94677      -     -    0s
     0     0  111.15853    0   56          -  111.15853      -     -    0s
     0     0  111.15853    0   31          -  111.15853      -     -    0s
H    0     0                     238.4854004  111.15853  53.4%     -    0s
     0     2  111.17207    0   26  238.48540  111.17207  53.4%     -    0s
H  253   224                     218.5807180  114.25585  47.7%  12.4    0s
   929   586  138.08266   16   77  218.58072  127.94395  41.5%  28.5    5s
  4275   583 infeasible   29       218.58072  201.08072  8.01%  36.6   10s
  9676   152 infeasible   46       218.58072  217.89397  0.31%  28.1   15s

Cutting planes:
  Learned: 24
  Gomory: 2
  Cover: 46
  Implied bound: 20
  Projected implied bound: 1
  Clique: 4
  MIR: 28
  Flow cover: 80
  GUB cover: 1
  Inf proof: 4
  Zero half: 8
  Relax-and-lift: 13

Explored 12329 nodes (328096 simplex iterations) in 17.06 seconds
Thread count was 2 (of 4 available processors)

Solution count 2: 218.581 238.485 

Optimal solution found (tolerance 1.00e-04)
Best objective 2.185807179616e+02, best bound 2.185807179616e+02, gap 0.0000%
Discarded solution information

Gurobi 9.0.2 (win64) logging started Fri Oct 22 14:08:04 2021

Changed value of parameter LogFile to logs\CRVRP_5-2-5-100_2_0.LOG
   Prev:   Default: 
Changed value of parameter Seed to 1589892882
   Prev: 0  Min: 0  Max: 2000000000  Default: 0
Changed value of parameter Threads to 2
   Prev: 0  Min: 0  Max: 1024  Default: 0
Changed value of parameter TimeLimit to 600.0
   Prev: inf  Min: 0.0  Max: inf  Default: inf
Changed value of parameter Symmetry to 2
   Prev: -1  Min: -1  Max: 2  Default: -1
Changed value of parameter Cuts to 2
   Prev: -1  Min: -1  Max: 3  Default: -1
Changed value of parameter PreDepRow to 1
   Prev: -1  Min: -1  Max: 1  Default: -1
Changed value of parameter ScaleFlag to 1
   Prev: -1  Min: -1  Max: 3  Default: -1
Changed value of parameter NormAdjust to 0
   Prev: -1  Min: -1  Max: 3  Default: -1
Gurobi Optimizer version 9.0.2 build v9.0.2rc0 (win64)
Optimize a model with 2587 rows, 1506 columns and 9274 nonzeros
Model fingerprint: 0x928b42d3
Variable types: 44 continuous, 1462 integer (978 binary)
Coefficient statistics:
  Matrix range     [1e+00, 1e+05]
  Objective range  [1e+00, 1e+00]
  Bounds range     [1e+00, 1e+04]
  RHS range        [1e+00, 1e+05]
Presolve removed 1608 rows and 1091 columns
Presolve time: 0.03s

Explored 0 nodes (0 simplex iterations) in 0.03 seconds
Thread count was 1 (of 4 available processors)

Solution count 0

Model is infeasible
Best objective -, best bound -, gap -

Computing Irreducible Inconsistent Subsystem (IIS)...

      Constraints           Bounds       Runtime
     Min       Max       Min      Max
------------------------------------------------
        0     2587         0     1345         0s
        0     2487         0     1142         5s
        0     2157         0     1110        10s
        9     1550         0      976        15s
       76     1260         0      913        20s
       89      799         0      792        25s
      160      278         0      327        30s
      179      179        56       56        32s

IIS computed: 179 constraints, 56 bounds
IIS runtime: 32.48 seconds
Discarded solution information

Gurobi 9.0.2 (win64) logging started Fri Oct 22 14:19:32 2021

Changed value of parameter LogFile to logs\CRVRP_5-2-5-100_2_0.LOG
   Prev:   Default: 
Changed value of parameter Seed to 1322183758
   Prev: 0  Min: 0  Max: 2000000000  Default: 0
Changed value of parameter Threads to 2
   Prev: 0  Min: 0  Max: 1024  Default: 0
Changed value of parameter TimeLimit to 600.0
   Prev: inf  Min: 0.0  Max: inf  Default: inf
Changed value of parameter Symmetry to 2
   Prev: -1  Min: -1  Max: 2  Default: -1
Changed value of parameter Cuts to 2
   Prev: -1  Min: -1  Max: 3  Default: -1
Changed value of parameter PreDepRow to 1
   Prev: -1  Min: -1  Max: 1  Default: -1
Changed value of parameter ScaleFlag to 1
   Prev: -1  Min: -1  Max: 3  Default: -1
Changed value of parameter NormAdjust to 0
   Prev: -1  Min: -1  Max: 3  Default: -1
Gurobi Optimizer version 9.0.2 build v9.0.2rc0 (win64)
Optimize a model with 2559 rows, 1506 columns and 9246 nonzeros
Model fingerprint: 0x1522298c
Variable types: 44 continuous, 1462 integer (978 binary)
Coefficient statistics:
  Matrix range     [1e+00, 1e+05]
  Objective range  [1e+00, 1e+00]
  Bounds range     [1e+00, 1e+04]
  RHS range        [1e+00, 1e+05]
Presolve removed 837 rows and 506 columns
Presolve time: 0.00s

Explored 0 nodes (0 simplex iterations) in 0.00 seconds
Thread count was 1 (of 4 available processors)

Solution count 0

Model is infeasible
Best objective -, best bound -, gap -

Computing Irreducible Inconsistent Subsystem (IIS)...

      Constraints           Bounds       Runtime
     Min       Max       Min      Max
------------------------------------------------
        0     2559         0     1345         0s
        2        2         2        2         0s

IIS computed: 2 constraints, 2 bounds
IIS runtime: 0.03 seconds
Discarded solution information

Gurobi 9.0.2 (win64) logging started Mon Oct 25 10:29:09 2021

Changed value of parameter LogFile to logs\CRVRP_5-2-5-100_2_0.LOG
   Prev:   Default: 
Changed value of parameter Seed to 607235473
   Prev: 0  Min: 0  Max: 2000000000  Default: 0
Changed value of parameter Threads to 2
   Prev: 0  Min: 0  Max: 1024  Default: 0
Changed value of parameter TimeLimit to 600.0
   Prev: inf  Min: 0.0  Max: inf  Default: inf
Changed value of parameter Symmetry to 2
   Prev: -1  Min: -1  Max: 2  Default: -1
Changed value of parameter Cuts to 2
   Prev: -1  Min: -1  Max: 3  Default: -1
Changed value of parameter PreDepRow to 1
   Prev: -1  Min: -1  Max: 1  Default: -1
Changed value of parameter ScaleFlag to 1
   Prev: -1  Min: -1  Max: 3  Default: -1
Changed value of parameter NormAdjust to 0
   Prev: -1  Min: -1  Max: 3  Default: -1
Gurobi Optimizer version 9.0.2 build v9.0.2rc0 (win64)
Optimize a model with 2564 rows, 1506 columns and 9371 nonzeros
Model fingerprint: 0xd4082632
Variable types: 44 continuous, 1462 integer (978 binary)
Coefficient statistics:
  Matrix range     [1e+00, 1e+05]
  Objective range  [1e+00, 1e+00]
  Bounds range     [1e+00, 1e+04]
  RHS range        [1e+00, 1e+05]
Presolve removed 1570 rows and 949 columns
Presolve time: 0.00s

Explored 0 nodes (0 simplex iterations) in 0.00 seconds
Thread count was 1 (of 4 available processors)

Solution count 0

Model is infeasible
Best objective -, best bound -, gap -

Computing Irreducible Inconsistent Subsystem (IIS)...

      Constraints           Bounds       Runtime
     Min       Max       Min      Max
------------------------------------------------
        0     2564         0     1360         0s
       93       93       138      138         1s

IIS computed: 93 constraints, 138 bounds
IIS runtime: 1.03 seconds
Warning: linear constraint 15 and linear constraint 19 have the same name "MaxNumberRobotsStart[2]"
Discarded solution information

Gurobi 9.0.2 (win64) logging started Mon Oct 25 10:31:02 2021

Changed value of parameter LogFile to logs\CRVRP_5-2-5-100_2_0.LOG
   Prev:   Default: 
Changed value of parameter Seed to 307520435
   Prev: 0  Min: 0  Max: 2000000000  Default: 0
Changed value of parameter Threads to 2
   Prev: 0  Min: 0  Max: 1024  Default: 0
Changed value of parameter TimeLimit to 600.0
   Prev: inf  Min: 0.0  Max: inf  Default: inf
Changed value of parameter Symmetry to 2
   Prev: -1  Min: -1  Max: 2  Default: -1
Changed value of parameter Cuts to 2
   Prev: -1  Min: -1  Max: 3  Default: -1
Changed value of parameter PreDepRow to 1
   Prev: -1  Min: -1  Max: 1  Default: -1
Changed value of parameter ScaleFlag to 1
   Prev: -1  Min: -1  Max: 3  Default: -1
Changed value of parameter NormAdjust to 0
   Prev: -1  Min: -1  Max: 3  Default: -1
Gurobi Optimizer version 9.0.2 build v9.0.2rc0 (win64)
Optimize a model with 2564 rows, 1506 columns and 9381 nonzeros
Model fingerprint: 0xbe632dfa
Variable types: 44 continuous, 1462 integer (978 binary)
Coefficient statistics:
  Matrix range     [1e+00, 1e+05]
  Objective range  [1e+00, 1e+00]
  Bounds range     [1e+00, 1e+04]
  RHS range        [1e+00, 1e+05]
Presolve removed 2308 rows and 1311 columns
Presolve time: 0.00s
Presolved: 256 rows, 195 columns, 1127 nonzeros
Variable types: 13 continuous, 182 integer (138 binary)

Root relaxation: objective 6.369133e+03, 140 iterations, 0.00 seconds

    Nodes    |    Current Node    |     Objective Bounds      |     Work
 Expl Unexpl |  Obj  Depth IntInf | Incumbent    BestBd   Gap | It/Node Time

     0     0 6369.13319    0    4          - 6369.13319      -     -    0s
H    0     0                    7613.8281949 6369.13319  16.3%     -    0s
H    0     0                    7583.6056201 6369.13319  16.0%     -    0s
     0     0 6369.13319    0    6 7583.60562 6369.13319  16.0%     -    0s
H    0     0                    6578.2729866 6369.13319  3.18%     -    0s
     0     0 6369.13319    0    4 6578.27299 6369.13319  3.18%     -    0s
H    0     0                    6548.0504118 6369.13319  2.73%     -    0s
H    0     0                    6439.2351159 6369.13319  1.09%     -    0s
     0     0 6369.13319    0    2 6439.23512 6369.13319  1.09%     -    0s
H    0     0                    6369.1331882 6369.13319  0.00%     -    0s
     0     0 6369.13319    0    2 6369.13319 6369.13319  0.00%     -    0s

Cutting planes:
  Implied bound: 1
  Projected implied bound: 1
  RLT: 2

Explored 1 nodes (736 simplex iterations) in 0.12 seconds
Thread count was 2 (of 4 available processors)

Solution count 6: 6369.13 6439.24 6548.05 ... 7613.83

Optimal solution found (tolerance 1.00e-04)
Best objective 6.369133188230e+03, best bound 6.369133188230e+03, gap 0.0000%
Discarded solution information

Gurobi 9.0.2 (win64) logging started Mon Oct 25 13:03:02 2021

Changed value of parameter LogFile to logs\CRVRP_5-2-5-100_2_0.LOG
   Prev:   Default: 
Changed value of parameter Seed to 660197745
   Prev: 0  Min: 0  Max: 2000000000  Default: 0
Changed value of parameter Threads to 2
   Prev: 0  Min: 0  Max: 1024  Default: 0
Changed value of parameter TimeLimit to 60.0
   Prev: inf  Min: 0.0  Max: inf  Default: inf
Changed value of parameter Symmetry to 2
   Prev: -1  Min: -1  Max: 2  Default: -1
Changed value of parameter Cuts to 2
   Prev: -1  Min: -1  Max: 3  Default: -1
Changed value of parameter PreDepRow to 1
   Prev: -1  Min: -1  Max: 1  Default: -1
Changed value of parameter ScaleFlag to 1
   Prev: -1  Min: -1  Max: 3  Default: -1
Changed value of parameter NormAdjust to 0
   Prev: -1  Min: -1  Max: 3  Default: -1
Gurobi Optimizer version 9.0.2 build v9.0.2rc0 (win64)
Optimize a model with 2584 rows, 1506 columns and 9811 nonzeros
Model fingerprint: 0xb4df265e
Variable types: 44 continuous, 1462 integer (978 binary)
Coefficient statistics:
  Matrix range     [1e+00, 1e+06]
  Objective range  [1e+00, 1e+00]
  Bounds range     [1e+00, 1e+04]
  RHS range        [1e+00, 1e+06]
Presolve removed 898 rows and 853 columns
Presolve time: 0.00s

Explored 0 nodes (0 simplex iterations) in 0.00 seconds
Thread count was 1 (of 4 available processors)

Solution count 0

Model is infeasible
Best objective -, best bound -, gap -

Computing Irreducible Inconsistent Subsystem (IIS)...

      Constraints           Bounds       Runtime
     Min       Max       Min      Max
------------------------------------------------
        0     2584         0     1360         0s
       18       18        12       12         0s

IIS computed: 18 constraints, 12 bounds
IIS runtime: 0.17 seconds
Discarded solution information

Gurobi 9.0.2 (win64) logging started Mon Oct 25 13:03:57 2021

Changed value of parameter LogFile to logs\CRVRP_5-2-5-100_2_0.LOG
   Prev:   Default: 
Changed value of parameter Seed to 826811490
   Prev: 0  Min: 0  Max: 2000000000  Default: 0
Changed value of parameter Threads to 2
   Prev: 0  Min: 0  Max: 1024  Default: 0
Changed value of parameter TimeLimit to 60.0
   Prev: inf  Min: 0.0  Max: inf  Default: inf
Changed value of parameter Symmetry to 2
   Prev: -1  Min: -1  Max: 2  Default: -1
Changed value of parameter Cuts to 2
   Prev: -1  Min: -1  Max: 3  Default: -1
Changed value of parameter PreDepRow to 1
   Prev: -1  Min: -1  Max: 1  Default: -1
Changed value of parameter ScaleFlag to 1
   Prev: -1  Min: -1  Max: 3  Default: -1
Changed value of parameter NormAdjust to 0
   Prev: -1  Min: -1  Max: 3  Default: -1
Gurobi Optimizer version 9.0.2 build v9.0.2rc0 (win64)
Optimize a model with 2583 rows, 1506 columns and 9810 nonzeros
Model fingerprint: 0x547e657d
Variable types: 44 continuous, 1462 integer (978 binary)
Coefficient statistics:
  Matrix range     [1e+00, 1e+06]
  Objective range  [1e+00, 1e+00]
  Bounds range     [1e+00, 1e+04]
  RHS range        [1e+00, 1e+06]
Presolve removed 975 rows and 818 columns
Presolve time: 0.00s

Explored 0 nodes (0 simplex iterations) in 0.01 seconds
Thread count was 1 (of 4 available processors)

Solution count 0

Model is infeasible
Best objective -, best bound -, gap -

Computing Irreducible Inconsistent Subsystem (IIS)...

      Constraints           Bounds       Runtime
     Min       Max       Min      Max
------------------------------------------------
        0     2583         0     1360         0s
       18       18        12       12         0s

IIS computed: 18 constraints, 12 bounds
IIS runtime: 0.18 seconds
Discarded solution information

Gurobi 9.0.2 (win64) logging started Fri Oct 29 14:21:21 2021

Changed value of parameter LogFile to logs\CRVRP_5-2-5-100_2_0.LOG
   Prev:   Default: 
Changed value of parameter Seed to 1868566512
   Prev: 0  Min: 0  Max: 2000000000  Default: 0
Changed value of parameter Threads to 2
   Prev: 0  Min: 0  Max: 1024  Default: 0
Changed value of parameter TimeLimit to 60.0
   Prev: inf  Min: 0.0  Max: inf  Default: inf
Changed value of parameter Symmetry to 2
   Prev: -1  Min: -1  Max: 2  Default: -1
Changed value of parameter Cuts to 2
   Prev: -1  Min: -1  Max: 3  Default: -1
Changed value of parameter PreDepRow to 1
   Prev: -1  Min: -1  Max: 1  Default: -1
Changed value of parameter ScaleFlag to 1
   Prev: -1  Min: -1  Max: 3  Default: -1
Changed value of parameter NormAdjust to 0
   Prev: -1  Min: -1  Max: 3  Default: -1
Gurobi Optimizer version 9.0.2 build v9.0.2rc0 (win64)
Optimize a model with 942 rows, 626 columns and 3911 nonzeros
Model fingerprint: 0xbf7e43c7
Variable types: 28 continuous, 598 integer (402 binary)
Coefficient statistics:
  Matrix range     [1e+00, 1e+06]
  Objective range  [1e+00, 1e+00]
  Bounds range     [1e+00, 1e+04]
  RHS range        [1e+00, 1e+06]
Presolve removed 772 rows and 502 columns
Presolve time: 0.01s
Presolved: 170 rows, 124 columns, 764 nonzeros
Variable types: 9 continuous, 115 integer (91 binary)
Found heuristic solution: objective 4253.2706026

Explored 0 nodes (0 simplex iterations) in 0.02 seconds
Thread count was 2 (of 4 available processors)

Solution count 1: 4253.27 

Optimal solution found (tolerance 1.00e-04)
Best objective 4.253270602644e+03, best bound 4.253270602644e+03, gap 0.0000%
Discarded solution information

Gurobi 9.0.2 (win64) logging started Fri Oct 29 14:29:18 2021

Changed value of parameter LogFile to logs\CRVRP_5-2-5-100_2_0.LOG
   Prev:   Default: 
Changed value of parameter Seed to 816612028
   Prev: 0  Min: 0  Max: 2000000000  Default: 0
Changed value of parameter Threads to 2
   Prev: 0  Min: 0  Max: 1024  Default: 0
Changed value of parameter TimeLimit to 60.0
   Prev: inf  Min: 0.0  Max: inf  Default: inf
Changed value of parameter Symmetry to 2
   Prev: -1  Min: -1  Max: 2  Default: -1
Changed value of parameter Cuts to 2
   Prev: -1  Min: -1  Max: 3  Default: -1
Changed value of parameter PreDepRow to 1
   Prev: -1  Min: -1  Max: 1  Default: -1
Changed value of parameter ScaleFlag to 1
   Prev: -1  Min: -1  Max: 3  Default: -1
Changed value of parameter NormAdjust to 0
   Prev: -1  Min: -1  Max: 3  Default: -1
Gurobi Optimizer version 9.0.2 build v9.0.2rc0 (win64)
Optimize a model with 939 rows, 626 columns and 3908 nonzeros
Model fingerprint: 0x6b96b9d0
Variable types: 28 continuous, 598 integer (402 binary)
Coefficient statistics:
  Matrix range     [1e+00, 1e+06]
  Objective range  [1e+00, 1e+00]
  Bounds range     [1e+00, 1e+04]
  RHS range        [1e+00, 1e+06]
Presolve removed 167 rows and 193 columns
Presolve time: 0.00s

Explored 0 nodes (0 simplex iterations) in 0.00 seconds
Thread count was 1 (of 4 available processors)

Solution count 0

Model is infeasible
Best objective -, best bound -, gap -

IIS computed: 1 constraints, 0 bounds
IIS runtime: 0.00 seconds
Discarded solution information

Gurobi 9.0.2 (win64) logging started Fri Oct 29 14:33:51 2021

Changed value of parameter LogFile to logs\CRVRP_5-2-5-100_2_0.LOG
   Prev:   Default: 
Changed value of parameter Seed to 329982293
   Prev: 0  Min: 0  Max: 2000000000  Default: 0
Changed value of parameter Threads to 2
   Prev: 0  Min: 0  Max: 1024  Default: 0
Changed value of parameter TimeLimit to 60.0
   Prev: inf  Min: 0.0  Max: inf  Default: inf
Changed value of parameter Symmetry to 2
   Prev: -1  Min: -1  Max: 2  Default: -1
Changed value of parameter Cuts to 2
   Prev: -1  Min: -1  Max: 3  Default: -1
Changed value of parameter PreDepRow to 1
   Prev: -1  Min: -1  Max: 1  Default: -1
Changed value of parameter ScaleFlag to 1
   Prev: -1  Min: -1  Max: 3  Default: -1
Changed value of parameter NormAdjust to 0
   Prev: -1  Min: -1  Max: 3  Default: -1
Gurobi Optimizer version 9.0.2 build v9.0.2rc0 (win64)
Optimize a model with 941 rows, 626 columns and 3910 nonzeros
Model fingerprint: 0x477db65f
Variable types: 28 continuous, 598 integer (402 binary)
Coefficient statistics:
  Matrix range     [1e+00, 1e+06]
  Objective range  [1e+00, 1e+00]
  Bounds range     [1e+00, 1e+04]
  RHS range        [1e+00, 1e+06]
Presolve removed 244 rows and 220 columns
Presolve time: 0.00s

Explored 0 nodes (0 simplex iterations) in 0.00 seconds
Thread count was 1 (of 4 available processors)

Solution count 0

Model is infeasible
Best objective -, best bound -, gap -

Computing Irreducible Inconsistent Subsystem (IIS)...

      Constraints           Bounds       Runtime
     Min       Max       Min      Max
------------------------------------------------
        0      941         0      559         0s
        4        4         0        0         0s

IIS computed: 4 constraints, 0 bounds
IIS runtime: 0.02 seconds
Discarded solution information

Gurobi 9.0.2 (win64) logging started Tue Nov  2 14:44:55 2021

Changed value of parameter LogFile to logs\CRVRP_5-2-5-100_2_0.LOG
   Prev:   Default: 
Changed value of parameter Seed to 969783142
   Prev: 0  Min: 0  Max: 2000000000  Default: 0
Changed value of parameter Threads to 2
   Prev: 0  Min: 0  Max: 1024  Default: 0
Changed value of parameter TimeLimit to 1800.0
   Prev: inf  Min: 0.0  Max: inf  Default: inf
Changed value of parameter Symmetry to 2
   Prev: -1  Min: -1  Max: 2  Default: -1
Changed value of parameter Cuts to 2
   Prev: -1  Min: -1  Max: 3  Default: -1
Changed value of parameter PreDepRow to 1
   Prev: -1  Min: -1  Max: 1  Default: -1
Changed value of parameter ScaleFlag to 1
   Prev: -1  Min: -1  Max: 3  Default: -1
Changed value of parameter NormAdjust to 0
   Prev: -1  Min: -1  Max: 3  Default: -1
Gurobi Optimizer version 9.0.2 build v9.0.2rc0 (win64)
Optimize a model with 940 rows, 626 columns and 3854 nonzeros
Model fingerprint: 0xaead72b3
Variable types: 28 continuous, 598 integer (402 binary)
Coefficient statistics:
  Matrix range     [1e+00, 1e+06]
  Objective range  [1e+00, 1e+00]
  Bounds range     [1e+00, 1e+04]
  RHS range        [1e+00, 1e+06]
Presolve removed 680 rows and 449 columns
Presolve time: 0.02s
Presolved: 260 rows, 177 columns, 1243 nonzeros
Variable types: 11 continuous, 166 integer (144 binary)
Found heuristic solution: objective 7437.8451490
Found heuristic solution: objective 6648.6989559

Root relaxation: objective 4.218829e+03, 228 iterations, 0.01 seconds

    Nodes    |    Current Node    |     Objective Bounds      |     Work
 Expl Unexpl |  Obj  Depth IntInf | Incumbent    BestBd   Gap | It/Node Time

     0     0 4218.82929    0   34 6648.69896 4218.82929  36.5%     -    0s
H    0     0                    6279.8124561 4218.82929  32.8%     -    0s
     0     0 4235.75748    0   44 6279.81246 4235.75748  32.5%     -    0s
     0     0 4235.86426    0   46 6279.81246 4235.86426  32.5%     -    0s
     0     0 4246.01418    0   55 6279.81246 4246.01418  32.4%     -    0s
     0     0 4283.69022    0   55 6279.81246 4283.69022  31.8%     -    0s
     0     0 4285.18462    0   61 6279.81246 4285.18462  31.8%     -    0s
     0     0 4285.19370    0   61 6279.81246 4285.19370  31.8%     -    0s
     0     0 4315.14585    0   59 6279.81246 4315.14585  31.3%     -    0s
     0     0 4316.37998    0   58 6279.81246 4316.37998  31.3%     -    0s
     0     0 4316.41028    0   59 6279.81246 4316.41028  31.3%     -    0s
     0     0 4319.77562    0   59 6279.81246 4319.77562  31.2%     -    0s
     0     0 4321.06482    0   58 6279.81246 4321.06482  31.2%     -    0s
     0     0 4321.92323    0   63 6279.81246 4321.92323  31.2%     -    0s
     0     0 4322.07895    0   65 6279.81246 4322.07895  31.2%     -    0s
     0     0 4340.21560    0   69 6279.81246 4340.21560  30.9%     -    0s
     0     0 4340.24417    0   67 6279.81246 4340.24417  30.9%     -    0s
     0     0 4347.63968    0   65 6279.81246 4347.63968  30.8%     -    0s
     0     0 4347.89516    0   70 6279.81246 4347.89516  30.8%     -    0s
     0     0 4347.89516    0   70 6279.81246 4347.89516  30.8%     -    0s
     0     0 4356.59919    0   51 6279.81246 4356.59919  30.6%     -    0s
     0     0 4358.49537    0   62 6279.81246 4358.49537  30.6%     -    1s
     0     0 4358.95166    0   61 6279.81246 4358.95166  30.6%     -    1s
     0     0 4359.05396    0   67 6279.81246 4359.05396  30.6%     -    1s
     0     0 4359.05750    0   71 6279.81246 4359.05750  30.6%     -    1s
     0     0 4359.35323    0   70 6279.81246 4359.35323  30.6%     -    1s
H    0     0                    5753.5504195 4359.35323  24.2%     -    1s
     0     0 4359.36394    0   69 5753.55042 4359.36394  24.2%     -    1s
     0     0 4359.73110    0   69 5753.55042 4359.73110  24.2%     -    1s
     0     0 4359.73110    0   68 5753.55042 4359.73110  24.2%     -    1s
     0     2 4359.73686    0   65 5753.55042 4359.73686  24.2%     -    1s

Cutting planes:
  Learned: 13
  Gomory: 2
  Cover: 20
  Implied bound: 73
  Projected implied bound: 4
  Clique: 1
  MIR: 65
  StrongCG: 3
  Flow cover: 121
  Zero half: 2
  RLT: 55
  Relax-and-lift: 29

Explored 978 nodes (13848 simplex iterations) in 2.25 seconds
Thread count was 2 (of 4 available processors)

Solution count 4: 5753.55 6279.81 6648.7 7437.85 

Optimal solution found (tolerance 1.00e-04)
Best objective 5.753550419549e+03, best bound 5.753550419549e+03, gap 0.0000%
Discarded solution information

Gurobi 9.0.2 (win64) logging started Tue Nov  2 14:50:42 2021

Changed value of parameter LogFile to logs\CRVRP_5-2-5-100_2_0.LOG
   Prev:   Default: 
Changed value of parameter Seed to 922859402
   Prev: 0  Min: 0  Max: 2000000000  Default: 0
Changed value of parameter Threads to 2
   Prev: 0  Min: 0  Max: 1024  Default: 0
Changed value of parameter TimeLimit to 1800.0
   Prev: inf  Min: 0.0  Max: inf  Default: inf
Changed value of parameter Symmetry to 2
   Prev: -1  Min: -1  Max: 2  Default: -1
Changed value of parameter Cuts to 2
   Prev: -1  Min: -1  Max: 3  Default: -1
Changed value of parameter PreDepRow to 1
   Prev: -1  Min: -1  Max: 1  Default: -1
Changed value of parameter ScaleFlag to 1
   Prev: -1  Min: -1  Max: 3  Default: -1
Changed value of parameter NormAdjust to 0
   Prev: -1  Min: -1  Max: 3  Default: -1
Gurobi Optimizer version 9.0.2 build v9.0.2rc0 (win64)
Optimize a model with 940 rows, 626 columns and 3854 nonzeros
Model fingerprint: 0x79690a89
Variable types: 28 continuous, 598 integer (402 binary)
Coefficient statistics:
  Matrix range     [1e+00, 1e+06]
  Objective range  [1e+00, 1e+00]
  Bounds range     [1e+00, 1e+04]
  RHS range        [1e+00, 1e+06]
Presolve removed 671 rows and 444 columns
Presolve time: 0.02s
Presolved: 269 rows, 182 columns, 1276 nonzeros
Variable types: 11 continuous, 171 integer (149 binary)
Found heuristic solution: objective 942.0926636
Found heuristic solution: objective 747.6415420

Root relaxation: objective 4.943918e+02, 242 iterations, 0.01 seconds

    Nodes    |    Current Node    |     Objective Bounds      |     Work
 Expl Unexpl |  Obj  Depth IntInf | Incumbent    BestBd   Gap | It/Node Time

     0     0  494.39181    0   42  747.64154  494.39181  33.9%     -    0s
     0     0  502.21058    0   51  747.64154  502.21058  32.8%     -    0s
     0     0  502.44801    0   47  747.64154  502.44801  32.8%     -    0s
     0     0  502.67349    0   54  747.64154  502.67349  32.8%     -    0s
     0     0  502.69831    0   56  747.64154  502.69831  32.8%     -    0s
     0     0  503.62870    0   56  747.64154  503.62870  32.6%     -    0s
     0     0  504.34699    0   55  747.64154  504.34699  32.5%     -    0s
     0     0  504.34857    0   54  747.64154  504.34857  32.5%     -    0s
     0     0  507.30741    0   52  747.64154  507.30741  32.1%     -    0s
     0     0  508.03945    0   51  747.64154  508.03945  32.0%     -    0s
     0     0  508.04577    0   56  747.64154  508.04577  32.0%     -    0s
     0     0  509.98162    0   59  747.64154  509.98162  31.8%     -    0s
     0     0  510.13203    0   58  747.64154  510.13203  31.8%     -    0s
     0     0  510.13512    0   58  747.64154  510.13512  31.8%     -    0s
     0     0  511.35012    0   55  747.64154  511.35012  31.6%     -    0s
     0     0  511.73086    0   53  747.64154  511.73086  31.6%     -    0s
     0     0  511.73440    0   54  747.64154  511.73440  31.6%     -    0s
     0     0  512.13285    0   61  747.64154  512.13285  31.5%     -    0s
     0     0  512.34211    0   58  747.64154  512.34211  31.5%     -    0s
     0     0  512.34211    0   58  747.64154  512.34211  31.5%     -    0s
     0     0  513.03145    0   62  747.64154  513.03145  31.4%     -    0s
     0     0  513.03145    0   62  747.64154  513.03145  31.4%     -    0s
     0     0  513.15976    0   58  747.64154  513.15976  31.4%     -    0s
     0     0  513.17619    0   58  747.64154  513.17619  31.4%     -    0s
     0     0  513.17619    0   60  747.64154  513.17619  31.4%     -    0s
     0     0  513.30740    0   62  747.64154  513.30740  31.3%     -    1s
     0     0  513.34095    0   63  747.64154  513.34095  31.3%     -    1s
     0     0  513.34100    0   63  747.64154  513.34100  31.3%     -    1s
     0     0  513.41774    0   62  747.64154  513.41774  31.3%     -    1s
     0     0  513.41774    0   62  747.64154  513.41774  31.3%     -    1s
     0     0  513.50507    0   66  747.64154  513.50507  31.3%     -    1s
     0     0  513.50507    0   65  747.64154  513.50507  31.3%     -    1s
     0     2  513.50507    0   65  747.64154  513.50507  31.3%     -    1s
*   21    18               8     738.0763360  521.90719  29.3%  33.7    1s
*   26    18               8     713.7647615  521.90719  26.9%  28.3    1s
H   32    20                     699.6778815  521.90719  25.4%  25.5    1s
*  125    45               7     693.8152959  546.77023  21.2%  19.6    1s

Cutting planes:
  Learned: 1
  Gomory: 6
  Cover: 9
  Implied bound: 16
  Projected implied bound: 1
  MIR: 16
  StrongCG: 1
  Flow cover: 58
  GUB cover: 3
  Inf proof: 1
  Zero half: 4
  RLT: 32
  Relax-and-lift: 14

Explored 441 nodes (6792 simplex iterations) in 1.63 seconds
Thread count was 2 (of 4 available processors)

Solution count 6: 693.815 699.678 713.765 ... 942.093

Optimal solution found (tolerance 1.00e-04)
Best objective 6.938152959248e+02, best bound 6.938152959248e+02, gap 0.0000%
Discarded solution information

Gurobi 9.0.2 (win64) logging started Wed Nov  3 10:33:29 2021

Changed value of parameter LogFile to logs\CRVRP_5-2-5-100_2_0.LOG
   Prev:   Default: 
Changed value of parameter Seed to 1906252009
   Prev: 0  Min: 0  Max: 2000000000  Default: 0
Changed value of parameter Threads to 2
   Prev: 0  Min: 0  Max: 1024  Default: 0
Changed value of parameter TimeLimit to 1800.0
   Prev: inf  Min: 0.0  Max: inf  Default: inf
Changed value of parameter Symmetry to 2
   Prev: -1  Min: -1  Max: 2  Default: -1
Changed value of parameter Cuts to 2
   Prev: -1  Min: -1  Max: 3  Default: -1
Changed value of parameter PreDepRow to 1
   Prev: -1  Min: -1  Max: 1  Default: -1
Changed value of parameter ScaleFlag to 1
   Prev: -1  Min: -1  Max: 3  Default: -1
Changed value of parameter NormAdjust to 0
   Prev: -1  Min: -1  Max: 3  Default: -1
Gurobi Optimizer version 9.0.2 build v9.0.2rc0 (win64)
Optimize a model with 940 rows, 626 columns and 3854 nonzeros
Model fingerprint: 0xa4754670
Variable types: 28 continuous, 598 integer (402 binary)
Coefficient statistics:
  Matrix range     [1e+00, 1e+06]
  Objective range  [1e+00, 1e+00]
  Bounds range     [1e+00, 1e+04]
  RHS range        [1e+00, 1e+06]
Presolve removed 671 rows and 444 columns
Presolve time: 0.02s
Presolved: 269 rows, 182 columns, 1276 nonzeros
Variable types: 11 continuous, 171 integer (149 binary)
Found heuristic solution: objective 942.0926636
Found heuristic solution: objective 747.6415420

Root relaxation: objective 4.943918e+02, 230 iterations, 0.01 seconds

    Nodes    |    Current Node    |     Objective Bounds      |     Work
 Expl Unexpl |  Obj  Depth IntInf | Incumbent    BestBd   Gap | It/Node Time

     0     0  494.39181    0   43  747.64154  494.39181  33.9%     -    0s
     0     0  502.24781    0   48  747.64154  502.24781  32.8%     -    0s
     0     0  502.52036    0   48  747.64154  502.52036  32.8%     -    0s
     0     0  502.72913    0   52  747.64154  502.72913  32.8%     -    0s
     0     0  502.76303    0   55  747.64154  502.76303  32.8%     -    0s

Gurobi 9.0.2 (win64) logging started Wed Nov  3 11:01:21 2021

Changed value of parameter LogFile to logs\CRVRP_5-2-5-100_2_0.LOG
   Prev:   Default: 
Changed value of parameter Seed to 716434238
   Prev: 0  Min: 0  Max: 2000000000  Default: 0
Changed value of parameter Threads to 2
   Prev: 0  Min: 0  Max: 1024  Default: 0
Changed value of parameter TimeLimit to 1800.0
   Prev: inf  Min: 0.0  Max: inf  Default: inf
Changed value of parameter Symmetry to 2
   Prev: -1  Min: -1  Max: 2  Default: -1
Changed value of parameter Cuts to 2
   Prev: -1  Min: -1  Max: 3  Default: -1
Changed value of parameter PreDepRow to 1
   Prev: -1  Min: -1  Max: 1  Default: -1
Changed value of parameter ScaleFlag to 1
   Prev: -1  Min: -1  Max: 3  Default: -1
Changed value of parameter NormAdjust to 0
   Prev: -1  Min: -1  Max: 3  Default: -1
Gurobi Optimizer version 9.0.2 build v9.0.2rc0 (win64)
Optimize a model with 938 rows, 626 columns and 3763 nonzeros
Model fingerprint: 0xf745ae02
Variable types: 28 continuous, 598 integer (402 binary)
Coefficient statistics:
  Matrix range     [1e+00, 1e+06]
  Objective range  [1e+00, 1e+00]
  Bounds range     [1e+00, 1e+04]
  RHS range        [1e+00, 1e+06]
Presolve removed 589 rows and 394 columns
Presolve time: 0.02s
Presolved: 349 rows, 232 columns, 1844 nonzeros
Variable types: 13 continuous, 219 integer (184 binary)
Found heuristic solution: objective 812.0015312
Found heuristic solution: objective 803.5028518

Root relaxation: objective 4.647030e+02, 179 iterations, 0.00 seconds

    Nodes    |    Current Node    |     Objective Bounds      |     Work
 Expl Unexpl |  Obj  Depth IntInf | Incumbent    BestBd   Gap | It/Node Time

     0     0  464.70299    0   41  803.50285  464.70299  42.2%     -    0s
     0     0  491.79322    0   53  803.50285  491.79322  38.8%     -    0s
     0     0  503.65687    0   44  803.50285  503.65687  37.3%     -    0s
H    0     0                     656.2696089  503.65687  23.3%     -    0s
H    0     0                     656.2696088  503.65687  23.3%     -    0s
     0     0  504.50345    0   55  656.26961  504.50345  23.1%     -    0s
     0     0  504.51081    0   59  656.26961  504.51081  23.1%     -    0s
