
Gurobi 9.0.2 (win64) logging started Mon Oct 25 10:48:33 2021

Changed value of parameter LogFile to logs\CRVRP_10-3-7-100_1_0.LOG
   Prev:   Default: 
Changed value of parameter Seed to 1341356808
   Prev: 0  Min: 0  Max: 2000000000  Default: 0
Changed value of parameter Threads to 2
   Prev: 0  Min: 0  Max: 1024  Default: 0
Changed value of parameter TimeLimit to 600.0
   Prev: inf  Min: 0.0  Max: inf  Default: inf
Changed value of parameter Symmetry to 2
   Prev: -1  Min: -1  Max: 2  Default: -1
Changed value of parameter Cuts to 2
   Prev: -1  Min: -1  Max: 3  Default: -1
Changed value of parameter PreDepRow to 1
   Prev: -1  Min: -1  Max: 1  Default: -1
Changed value of parameter ScaleFlag to 1
   Prev: -1  Min: -1  Max: 3  Default: -1
Changed value of parameter NormAdjust to 0
   Prev: -1  Min: -1  Max: 3  Default: -1
Gurobi Optimizer version 9.0.2 build v9.0.2rc0 (win64)
Optimize a model with 6903 rows, 3980 columns and 27871 nonzeros
Model fingerprint: 0x7e16970e
Variable types: 72 continuous, 3908 integer (2612 binary)
Coefficient statistics:
  Matrix range     [7e-01, 1e+05]
  Objective range  [1e+00, 1e+00]
  Bounds range     [1e+00, 1e+04]
  RHS range        [1e+00, 1e+05]
Presolve removed 0 rows and 1054 columns
Presolve time: 0.00s

Explored 0 nodes (0 simplex iterations) in 0.01 seconds
Thread count was 1 (of 4 available processors)

Solution count 0

Model is infeasible
Best objective -, best bound -, gap -

IIS computed: 1 constraints, 1 bounds
IIS runtime: 0.00 seconds
Discarded solution information

Gurobi 9.0.2 (win64) logging started Mon Oct 25 10:49:09 2021

Changed value of parameter LogFile to logs\CRVRP_10-3-7-100_1_0.LOG
   Prev:   Default: 
Changed value of parameter Seed to 1971407539
   Prev: 0  Min: 0  Max: 2000000000  Default: 0
Changed value of parameter Threads to 2
   Prev: 0  Min: 0  Max: 1024  Default: 0
Changed value of parameter TimeLimit to 600.0
   Prev: inf  Min: 0.0  Max: inf  Default: inf
Changed value of parameter Symmetry to 2
   Prev: -1  Min: -1  Max: 2  Default: -1
Changed value of parameter Cuts to 2
   Prev: -1  Min: -1  Max: 3  Default: -1
Changed value of parameter PreDepRow to 1
   Prev: -1  Min: -1  Max: 1  Default: -1
Changed value of parameter ScaleFlag to 1
   Prev: -1  Min: -1  Max: 3  Default: -1
Changed value of parameter NormAdjust to 0
   Prev: -1  Min: -1  Max: 3  Default: -1
Gurobi Optimizer version 9.0.2 build v9.0.2rc0 (win64)
Optimize a model with 6903 rows, 3980 columns and 27871 nonzeros
Model fingerprint: 0x3e201be8
Variable types: 72 continuous, 3908 integer (2612 binary)
Coefficient statistics:
  Matrix range     [7e-01, 1e+06]
  Objective range  [1e+00, 1e+00]
  Bounds range     [1e+00, 1e+04]
  RHS range        [1e+00, 1e+06]
Presolve removed 0 rows and 1054 columns
Presolve time: 0.00s

Explored 0 nodes (0 simplex iterations) in 0.01 seconds
Thread count was 1 (of 4 available processors)

Solution count 0

Model is infeasible
Best objective -, best bound -, gap -

IIS computed: 1 constraints, 1 bounds
IIS runtime: 0.00 seconds
Discarded solution information

Gurobi 9.0.2 (win64) logging started Fri Oct 29 14:38:23 2021

Changed value of parameter LogFile to logs\CRVRP_10-3-7-100_1_0.LOG
   Prev:   Default: 
Changed value of parameter Seed to 1451316820
   Prev: 0  Min: 0  Max: 2000000000  Default: 0
Changed value of parameter Threads to 2
   Prev: 0  Min: 0  Max: 1024  Default: 0
Changed value of parameter TimeLimit to 60.0
   Prev: inf  Min: 0.0  Max: inf  Default: inf
Changed value of parameter Symmetry to 2
   Prev: -1  Min: -1  Max: 2  Default: -1
Changed value of parameter Cuts to 2
   Prev: -1  Min: -1  Max: 3  Default: -1
Changed value of parameter PreDepRow to 1
   Prev: -1  Min: -1  Max: 1  Default: -1
Changed value of parameter ScaleFlag to 1
   Prev: -1  Min: -1  Max: 3  Default: -1
Changed value of parameter NormAdjust to 0
   Prev: -1  Min: -1  Max: 3  Default: -1
Gurobi Optimizer version 9.0.2 build v9.0.2rc0 (win64)
Optimize a model with 2815 rows, 1796 columns and 12549 nonzeros
Model fingerprint: 0x55f0fe7f
Variable types: 48 continuous, 1748 integer (1172 binary)
Coefficient statistics:
  Matrix range     [7e-01, 1e+06]
  Objective range  [1e+00, 1e+00]
  Bounds range     [1e+00, 1e+04]
  RHS range        [1e+00, 1e+06]
Presolve removed 1874 rows and 1077 columns
Presolve time: 0.08s
Presolved: 941 rows, 719 columns, 6047 nonzeros
Variable types: 21 continuous, 698 integer (580 binary)

Root relaxation: objective 3.560592e+03, 633 iterations, 0.02 seconds

    Nodes    |    Current Node    |     Objective Bounds      |     Work
 Expl Unexpl |  Obj  Depth IntInf | Incumbent    BestBd   Gap | It/Node Time

     0     0 3560.59161    0   55          - 3560.59161      -     -    0s
     0     0 3594.25701    0   88          - 3594.25701      -     -    0s
H    0     0                    8677.7089016 3594.25701  58.6%     -    0s
     0     0 3680.82976    0  100 8677.70890 3680.82976  57.6%     -    0s
H    0     0                    8581.0751805 3680.82976  57.1%     -    0s
     0     0 3853.33033    0   95 8581.07518 3853.33033  55.1%     -    0s
     0     0 3853.33033    0   97 8581.07518 3853.33033  55.1%     -    0s
     0     0 4085.03228    0   75 8581.07518 4085.03228  52.4%     -    0s
     0     0 4088.10188    0   96 8581.07518 4088.10188  52.4%     -    0s
     0     0 4088.23586    0   97 8581.07518 4088.23586  52.4%     -    0s
     0     0 4091.98322    0  105 8581.07518 4091.98322  52.3%     -    1s
H    0     0                    8456.0537897 4091.98322  51.6%     -    1s
     0     0 4091.98409    0  106 8456.05379 4091.98409  51.6%     -    1s
     0     0 4095.49871    0  112 8456.05379 4095.49871  51.6%     -    1s
H    0     0                    8305.8574295 4095.49871  50.7%     -    1s
     0     0 4095.50952    0  110 8305.85743 4095.50952  50.7%     -    1s
     0     0 4095.98278    0   97 8305.85743 4095.98278  50.7%     -    1s
     0     0 4096.00531    0  117 8305.85743 4096.00531  50.7%     -    1s
     0     0 4096.06364    0  116 8305.85743 4096.06364  50.7%     -    2s
     0     0 4096.06364    0  107 8305.85743 4096.06364  50.7%     -    2s
     0     2 4096.19074    0  107 8305.85743 4096.19074  50.7%     -    2s
H   29    31                    7470.5197779 4187.39281  43.9%   193    2s
H   59    61                    6479.8529301 4187.39281  35.4%   141    3s
H  225   205                    6458.0866544 4187.39283  35.2%  75.0    3s
   396   338 4253.82881   10   57 6458.08665 4191.69374  35.1%  66.4    5s
H  440   359                    6319.3772895 4191.69374  33.7%  67.4    5s
H  729   537                    6310.9505758 4195.47833  33.5%  64.7    7s
   738   543 5091.96468   24  114 6310.95058 4195.47833  33.5%  63.9   10s
H  768   539                    6278.5143180 4195.47833  33.2%  72.7   12s
H  829   552                    6274.4425381 4195.47833  33.1%  82.8   13s
H  865   540                    6212.4038772 4195.47833  32.5%  85.5   14s
   894   560 4717.24097   22   77 6212.40388 4195.47833  32.5%  90.9   15s
H 1210   623                    6148.3944677 4195.47833  31.8%  96.1   18s
  1409   701 4535.35373   30   43 6148.39447 4195.47833  31.8%  93.0   20s
  2121  1015 4480.22683   31   67 6148.39447 4195.47833  31.8%  92.2   25s
  3181  1824 4468.14442   53   49 6148.39447 4196.53296  31.7%  87.6   30s
  4074  2334 4197.19862   43   60 6148.39447 4197.19862  31.7%  84.7   35s
  5323  3050 6100.43668   51   39 6148.39447 4197.19862  31.7%  81.7   40s
  6823  3640 4197.19862   46   50 6148.39447 4197.19862  31.7%  77.2   45s
* 7035  3442              67    6070.1823820 4197.19862  30.9%  77.5   45s
  8579  4401 infeasible   64      6070.18238 4197.19862  30.9%  73.2   50s
 10531  5403 4277.25451   57   73 6070.18238 4197.19862  30.9%  70.7   55s
 12256  6279 infeasible   55      6070.18238 4197.19862  30.9%  69.6   60s

Cutting planes:
  Learned: 1
  Gomory: 28
  Cover: 16
  Implied bound: 23
  Projected implied bound: 2
  MIR: 35
  Flow cover: 60
  GUB cover: 1
  Zero half: 10
  RLT: 10
  Relax-and-lift: 1

Explored 12368 nodes (862934 simplex iterations) in 60.00 seconds
Thread count was 2 (of 4 available processors)

Solution count 10: 6070.18 6148.39 6212.4 ... 7470.52

Time limit reached
Best objective 6.070182382003e+03, best bound 4.197198621592e+03, gap 30.8555%
Discarded solution information

Gurobi 9.0.2 (win64) logging started Wed Nov  3 11:32:30 2021

Changed value of parameter LogFile to logs\CRVRP_10-3-7-100_1_0.LOG
   Prev:   Default: 
Changed value of parameter Seed to 1211319825
   Prev: 0  Min: 0  Max: 2000000000  Default: 0
Changed value of parameter Threads to 2
   Prev: 0  Min: 0  Max: 1024  Default: 0
Changed value of parameter TimeLimit to 1800.0
   Prev: inf  Min: 0.0  Max: inf  Default: inf
Changed value of parameter Symmetry to 2
   Prev: -1  Min: -1  Max: 2  Default: -1
Changed value of parameter Cuts to 2
   Prev: -1  Min: -1  Max: 3  Default: -1
Changed value of parameter PreDepRow to 1
   Prev: -1  Min: -1  Max: 1  Default: -1
Changed value of parameter ScaleFlag to 1
   Prev: -1  Min: -1  Max: 3  Default: -1
Changed value of parameter NormAdjust to 0
   Prev: -1  Min: -1  Max: 3  Default: -1
Gurobi Optimizer version 9.0.2 build v9.0.2rc0 (win64)
Optimize a model with 2813 rows, 1796 columns and 11968 nonzeros
Model fingerprint: 0x82479426
Variable types: 48 continuous, 1748 integer (1172 binary)
Coefficient statistics:
  Matrix range     [7e-01, 1e+06]
  Objective range  [1e+00, 1e+00]
  Bounds range     [1e+00, 1e+04]
  RHS range        [1e+00, 1e+06]
Presolve removed 1683 rows and 1039 columns
Presolve time: 0.08s
Presolved: 1130 rows, 757 columns, 6674 nonzeros
Variable types: 23 continuous, 734 integer (614 binary)

Root relaxation: objective 6.044650e+02, 670 iterations, 0.02 seconds

    Nodes    |    Current Node    |     Objective Bounds      |     Work
 Expl Unexpl |  Obj  Depth IntInf | Incumbent    BestBd   Gap | It/Node Time

     0     0  604.46502    0   72          -  604.46502      -     -    0s
H    0     0                    2134.2945040  604.46502  71.7%     -    0s
     0     0  616.68648    0   93 2134.29450  616.68648  71.1%     -    0s
H    0     0                    1630.4645393  616.68648  62.2%     -    0s
     0     0  616.68648    0   93 1630.46454  616.68648  62.2%     -    0s
     0     0  620.74229    0  110 1630.46454  620.74229  61.9%     -    0s
H    0     0                    1583.5497050  620.74229  60.8%     -    0s
     0     0  620.80137    0  110 1583.54971  620.80137  60.8%     -    0s
     0     0  620.81721    0  111 1583.54971  620.81721  60.8%     -    0s
     0     0  620.81897    0  111 1583.54971  620.81897  60.8%     -    0s
     0     0  623.15852    0  106 1583.54971  623.15852  60.6%     -    0s
H    0     0                    1581.4920062  623.15852  60.6%     -    0s
H    0     0                    1500.2206559  623.15852  58.5%     -    0s
     0     0  623.40275    0  104 1500.22066  623.40275  58.4%     -    0s
     0     0  623.41613    0  107 1500.22066  623.41613  58.4%     -    0s
     0     0  623.41826    0  105 1500.22066  623.41826  58.4%     -    0s
     0     0  624.90813    0  104 1500.22066  624.90813  58.3%     -    1s
     0     0  625.12787    0  110 1500.22066  625.12787  58.3%     -    1s
     0     0  625.35815    0  112 1500.22066  625.35815  58.3%     -    1s
     0     0  625.40106    0  117 1500.22066  625.40106  58.3%     -    1s
     0     0  626.42557    0  122 1500.22066  626.42557  58.2%     -    1s
H    0     0                    1430.2955076  626.42557  56.2%     -    1s
     0     0  626.46954    0  118 1430.29551  626.46954  56.2%     -    1s
     0     0  626.48188    0  119 1430.29551  626.48188  56.2%     -    1s
     0     0  627.77323    0  129 1430.29551  627.77323  56.1%     -    1s
H    0     0                    1395.1128389  627.77323  55.0%     -    1s
     0     0  627.87525    0  127 1395.11284  627.87525  55.0%     -    1s
     0     0  627.87528    0  125 1395.11284  627.87528  55.0%     -    1s
     0     0  628.60559    0  134 1395.11284  628.60559  54.9%     -    2s
     0     0  628.60816    0  136 1395.11284  628.60816  54.9%     -    2s
     0     0  628.85055    0  134 1395.11284  628.85055  54.9%     -    2s
H    0     0                    1381.3880758  628.85055  54.5%     -    2s
H    0     0                    1335.6023974  628.85055  52.9%     -    2s
     0     0  628.85405    0  136 1335.60240  628.85405  52.9%     -    2s
     0     0  629.10452    0  130 1335.60240  629.10452  52.9%     -    3s
     0     0  629.14973    0  130 1335.60240  629.14973  52.9%     -    3s
     0     0  629.15104    0  131 1335.60240  629.15104  52.9%     -    3s
     0     0  629.39789    0  128 1335.60240  629.39789  52.9%     -    3s
H    0     0                    1279.0619893  629.39789  50.8%     -    3s
     0     0  629.45023    0  125 1279.06199  629.45023  50.8%     -    3s
     0     0  629.45108    0  128 1279.06199  629.45108  50.8%     -    3s
     0     0  629.68537    0  131 1279.06199  629.68537  50.8%     -    3s
     0     0  629.69295    0  133 1279.06199  629.69295  50.8%     -    3s
     0     0  629.81892    0  130 1279.06199  629.81892  50.8%     -    4s
     0     0  629.87488    0  132 1279.06199  629.87488  50.8%     -    4s
     0     0  629.87624    0  134 1279.06199  629.87624  50.8%     -    4s
     0     0  629.89561    0  135 1279.06199  629.89561  50.8%     -    4s
     0     0  629.89561    0  130 1279.06199  629.89561  50.8%     -    4s
H    0     0                    1118.1754584  630.12868  43.6%     -    5s
     0     2  630.12868    0  130 1118.17546  630.12868  43.6%     -    5s
H   29    33                    1058.6728272  630.21258  40.5%   145    5s
H  143   145                    1009.7971263  630.21258  37.6%  96.5    6s
H  173   175                    1005.5960583  630.21258  37.3%  92.2    6s
H  238   235                     996.8922145  630.21258  36.8%  76.1    7s
H  241   234                     957.5899697  630.21258  34.2%  75.2    7s
H  361   344                     935.1402102  630.21258  32.6%  74.6    8s
H  400   380                     931.5619320  630.70954  32.3%  74.7   10s
H  751   615                     931.5619319  631.32230  32.2%  64.6   14s
   758   619  663.73299   19  140  931.56193  631.45533  32.2%  64.0   15s
   773   629  741.44811   62  166  931.56193  634.44246  31.9%  62.7   20s
   806   651  790.86861   73  190  931.56193  638.44615  31.5%  60.2   25s
   833   669  694.73779  114  198  931.56193  639.15583  31.4%  58.2   30s
   852   683  639.50948   28  185  931.56193  639.50948  31.4%  67.3   35s
   862   690  688.33262   41  181  931.56193  639.83832  31.3%  66.5   40s
   879   701  662.03550   17  175  931.56193  640.26663  31.3%  65.2   45s
   897   716  640.79348   27  161  931.56193  640.79348  31.2%  69.9   50s
  1006   797  648.08057   56  103  931.56193  646.32969  30.6%  94.2   55s
  1428   950  661.28582   44  108  931.56193  654.48339  29.7%   118   60s
* 1471   865              76     910.8051372  654.48339  28.1%   116   60s
  2128  1061 infeasible   55       910.80514  657.97112  27.8%   117   65s
  2882  1328  795.24843   74   69  910.80514  659.51316  27.6%   118   70s
  3758  2000 infeasible   68       910.80514  661.07598  27.4%   113   75s
  4834  2584  680.38455   40   84  910.80514  663.50862  27.2%   110   80s
  5352  3049  668.73018   40  124  910.80514  663.90600  27.1%   113   85s
  6308  3551  789.59143   46   60  910.80514  664.74033  27.0%   110   90s
  7011  4066  724.95802   38   86  910.80514  665.94680  26.9%   111   95s
  7855  4568     cutoff   68       910.80514  666.66946  26.8%   112  100s
  8730  5158  697.46598   64   88  910.80514  667.52380  26.7%   111  105s
H 9279  5198                     910.2484272  667.76788  26.6%   111  108s
  9411  5371  702.42664   40   86  910.24843  667.77610  26.6%   111  111s
 10028  5809  788.20786   63   74  910.24843  668.26818  26.6%   109  116s
H10289  5901                     910.2139099  668.34369  26.6%   109  117s
*10298  5688              84     901.5545224  668.34369  25.9%   109  117s
 10908  6076  686.37306   70   97  901.55452  668.84539  25.8%   109  120s
*11125  5864              94     886.8687036  668.85848  24.6%   109  121s
 11605  6155     cutoff   79       886.86870  669.34928  24.5%   112  125s
 12705  6816     cutoff   83       886.86870  670.49291  24.4%   111  130s
 13420  7273  719.14745   77   80  886.86870  671.38481  24.3%   112  135s
 14589  7919  679.24468   80   95  886.86870  672.08112  24.2%   112  141s
 15467  8418  742.40688   69   63  886.86870  672.71912  24.1%   112  145s
 16310  8826  828.02463   64   65  886.86870  673.53791  24.1%   113  150s
*16478  8749              80     880.0069542  673.62627  23.5%   113  150s
 17071  9129  822.13943   55   73  880.00695  673.95670  23.4%   113  155s
 17888  9619  758.60935   80   75  880.00695  674.76172  23.3%   114  160s
 19007 10208  829.99069   76   81  880.00695  675.62259  23.2%   113  166s
 19780 10651 infeasible   53       880.00695  676.28259  23.2%   114  170s
 20994 11335  729.08037   56   83  880.00695  677.19815  23.0%   113  175s
 21851 11759     cutoff   72       880.00695  677.75456  23.0%   113  180s
 22879 12176  811.09378   76   59  880.00695  678.75945  22.9%   114  186s
 23573 12648  785.97848   53   81  880.00695  679.20270  22.8%   114  190s
 24549 13135  737.47714   41   66  880.00695  679.87912  22.7%   114  195s
 25343 13570  784.03250   63   57  880.00695  680.44350  22.7%   114  200s
 26294 14044 infeasible   61       880.00695  681.08740  22.6%   114  205s
 26973 14352  765.61622   63   67  880.00695  681.54391  22.6%   115  210s
 28019 14859  876.33267   53   56  880.00695  682.32134  22.5%   115  216s
 28880 15258 infeasible   90       880.00695  682.74727  22.4%   115  220s
H29045 15265                     880.0069541  682.88216  22.4%   115  223s
H29048 14596                     870.7412947  682.88216  21.6%   115  223s
 29059 14648  765.31851   57   66  870.74129  682.91011  21.6%   115  225s
 29440 14822  767.32636   64   71  870.74129  683.25102  21.5%   116  230s
 30103 15151  820.31186   90   70  870.74129  683.85481  21.5%   116  235s
 30860 15499  700.28505   70  102  870.74129  684.29105  21.4%   116  240s
 31704 15840 infeasible   67       870.74129  684.95238  21.3%   116  245s
H31735 14211                     857.3073983  684.95238  20.1%   116  245s
 32323 14479     cutoff   83       857.30740  685.51797  20.0%   117  250s
 33043 14697 infeasible   57       857.30740  686.23834  20.0%   117  255s
 33728 15004  800.19655   73   60  857.30740  686.87244  19.9%   118  260s
 34488 15206  763.78024   70   64  857.30740  687.81388  19.8%   118  266s
 35185 15522  776.04011   77   69  857.30740  688.47622  19.7%   118  271s
 35905 15717  841.44770   69   52  857.30740  689.46457  19.6%   118  276s
 36433 15831  735.01138   42   83  857.30740  690.02430  19.5%   119  280s
 37088 16091  736.51552   71   78  857.30740  690.93145  19.4%   119  285s
 37806 16292  856.30012   63   43  857.30740  691.74348  19.3%   119  290s
 38287 16525  774.39105   58   70  857.30740  692.35782  19.2%   120  295s
 38878 16653  712.51197   78   85  857.30740  693.05260  19.2%   120  302s
H38982 16653                     857.3073983  693.16966  19.1%   120  302s
 39155 16742  776.75343   82   61  857.30740  693.49639  19.1%   120  305s
 39883 16947  767.26008   55   73  857.30740  694.66145  19.0%   121  311s
 40453 17158 infeasible   65       857.30740  695.30494  18.9%   121  315s
 41213 17388 infeasible   64       857.30740  696.43596  18.8%   121  320s
 42054 17710  774.90075   47   91  857.30740  697.68153  18.6%   121  326s
 42676 17945  789.59143   59   64  857.30740  698.42270  18.5%   121  330s
 43493 18199  833.88432   90   40  857.30740  699.47604  18.4%   121  335s
 44246 18405 infeasible   61       857.30740  700.70454  18.3%   121  340s
 45044 18665  787.78578   74   63  857.30740  702.30802  18.1%   122  346s
 45757 18901  719.35564   40  111  857.30740  702.90977  18.0%   121  350s
 46560 19147     cutoff   82       857.30740  704.00947  17.9%   122  355s
 47372 19390  789.59143   50   56  857.30740  705.70229  17.7%   122  360s
 48162 19693  784.17145   68   63  857.30740  706.75246  17.6%   122  366s
 48829 19940  726.81909   45  109  857.30740  707.56123  17.5%   122  370s
 49608 20168  783.12901   52   72  857.30740  708.46824  17.4%   122  375s
*50170 20226             114     855.6181950  709.34964  17.1%   122  378s
 50452 20319  782.98342   73   92  855.61819  709.66213  17.1%   122  383s
 50624 20424  784.17145   78   61  855.61819  709.83784  17.0%   122  385s
 51520 20721  852.44603   61   59  855.61819  711.06443  16.9%   122  390s
 52360 21014  746.45477   59   73  855.61819  711.91923  16.8%   122  396s
 53073 21294  785.83633  105   80  855.61819  712.78350  16.7%   122  400s
 53932 21573  747.30040   68   74  855.61819  713.73374  16.6%   122  405s
 54768 21857  802.31263   55   79  855.61819  714.75825  16.5%   122  410s
 55697 22295  845.23836   52   68  855.61819  715.61780  16.4%   122  415s
 56746 22759  738.25067   87   59  855.61819  716.41218  16.3%   121  420s
 57747 23146  789.59143   52   61  855.61819  717.14884  16.2%   121  425s
 58650 23461  789.59143   60   64  855.61819  717.95741  16.1%   121  430s
*59502 23696              80     854.7864125  718.46632  15.9%   121  434s
 59657 23766  841.44770   52   44  854.78641  718.75102  15.9%   121  435s
 60575 24123  784.17145   63   57  854.78641  719.53447  15.8%   120  440s
 61452 24424  749.25300   56   60  854.78641  719.67974  15.8%   120  445s
 62568 24797  829.45699   56   56  854.78641  720.30490  15.7%   120  451s
 63219 25050  829.45699   83   61  854.78641  720.76021  15.7%   120  455s
 64187 25394  793.53515   53   75  854.78641  721.35533  15.6%   120  460s
 65282 25735     cutoff   74       854.78641  722.12814  15.5%   120  465s
 66124 25997  770.67396   52   67  854.78641  722.91947  15.4%   120  470s
 67341 26386  819.93496   59   65  854.78641  723.57730  15.3%   119  475s
 68266 26606 infeasible   67       854.78641  724.07205  15.3%   119  482s
 68750 26872  854.16737   54   56  854.78641  724.27207  15.3%   119  485s
 69837 27290  726.31225   37   87  854.78641  724.81723  15.2%   119  490s
 70780 27603     cutoff   56       854.78641  725.19444  15.2%   118  495s
 71931 28041     cutoff   83       854.78641  725.69968  15.1%   118  500s
 72395 28208  819.55172   72   50  854.78641  725.87993  15.1%   118  505s
 73301 28430     cutoff   65       854.78641  726.32119  15.0%   118  510s
 74343 28836     cutoff   51       854.78641  726.69921  15.0%   118  515s
 75461 29224  802.13450   61   61  854.78641  727.24744  14.9%   117  520s
 76371 29560  821.94009   90   69  854.78641  727.60004  14.9%   117  525s
 77356 29840  829.45699   60   49  854.78641  728.11820  14.8%   117  530s
 78450 30195     cutoff   84       854.78641  728.57476  14.8%   117  535s
 79529 30605  799.22931   75   74  854.78641  729.02531  14.7%   117  540s
 80425 30894     cutoff   57       854.78641  729.51777  14.7%   116  545s
 81475 31288  846.10772   66   57  854.78641  729.97450  14.6%   116  550s
 82595 31656  848.12460   85   72  854.78641  730.56985  14.5%   116  555s
 83673 31977  784.17145   55   53  854.78641  731.14401  14.5%   116  560s
 84744 32284  794.60492   97   55  854.78641  731.63996  14.4%   116  565s
 85766 32571  784.69744   65   64  854.78641  732.11899  14.4%   116  570s
 86834 32913  811.83752   44   56  854.78641  732.58521  14.3%   115  575s
 87854 33224     cutoff   84       854.78641  732.98481  14.2%   115  580s
 88810 33537 infeasible   51       854.78641  733.26278  14.2%   115  585s
 89710 33858  838.26278   76   46  854.78641  733.26278  14.2%   116  591s
 90471 34141  838.26278   58   70  854.78641  733.26278  14.2%   116  595s
 91596 34585  805.80174   70   53  854.78641  733.68042  14.2%   116  600s
 92531 34878  786.01177   69   63  854.78641  734.04562  14.1%   116  605s
 93656 35232  821.74766   59   75  854.78641  734.44283  14.1%   115  610s
 94406 35453  744.35152   57   71  854.78641  734.58206  14.1%   116  615s
 95120 35590 infeasible   57       854.78641  734.58206  14.1%   116  620s
 96182 35863  844.05452   83   52  854.78641  734.78487  14.0%   116  626s
 97002 36117  762.15852   73   64  854.78641  735.07281  14.0%   116  630s
 98178 36509  784.03250   68   52  854.78641  735.50814  14.0%   115  636s
 99107 36811  804.01680   80   68  854.78641  735.88270  13.9%   115  640s
 100193 37145  808.91017   54   52  854.78641  736.20213  13.9%   115  645s
 101314 37459  809.26794  105   57  854.78641  736.44197  13.8%   115  650s
 102264 37750  785.99752   39   80  854.78641  736.68619  13.8%   115  655s
 103396 38131  824.46553   47   61  854.78641  737.11504  13.8%   115  660s
 104538 38413 infeasible   63       854.78641  737.39508  13.7%   115  665s
 105612 38720  785.52020   59   52  854.78641  737.76396  13.7%   115  670s
 106606 38955  806.51556   60   80  854.78641  738.02541  13.7%   114  675s
 107251 39124  779.59143   48   64  854.78641  738.21163  13.6%   114  680s
 108357 39417  823.55760   61   68  854.78641  738.67558  13.6%   114  685s
 109423 39695 infeasible   75       854.78641  739.09782  13.5%   114  690s
*109975 39775              75     852.9932642  739.24036  13.3%   114  692s
*109976 39721              74     852.3011393  739.24036  13.3%   114  692s
H110358 36048                     840.8148747  739.35843  12.1%   114  695s
H110381 34122                     836.5820921  739.37032  11.6%   114  695s
H110550 33866                     835.0032274  739.38463  11.5%   114  699s
 110754 33899  766.57051   82   72  835.00323  739.55644  11.4%   114  700s
*111133 30987              57     826.7663289  739.68390  10.5%   114  701s
 111864 31154  778.05988   77   88  826.76633  739.95799  10.5%   113  707s
 112486 31284 infeasible   48       826.76633  740.30200  10.5%   113  710s
 113457 31487  790.47388   73   69  826.76633  740.40148  10.4%   113  715s
 114726 31643  790.19655   73   52  826.76633  740.85436  10.4%   113  720s
 115815 31748  779.15327   53   45  826.76633  741.44926  10.3%   113  725s
 116937 31840  777.76923   65   70  826.76633  742.06899  10.2%   113  730s
 117764 31911  781.99700   48   67  826.76633  742.36749  10.2%   113  735s
 118860 32002     cutoff   70       826.76633  742.90654  10.1%   113  740s
 119923 32108  808.26985   50   44  826.76633  743.44842  10.1%   113  745s
 120765 32213  817.94270   50   50  826.76633  743.72767  10.0%   113  750s
 121573 32203  766.57958   65   94  826.76633  744.03129  10.0%   113  755s
 122835 32293     cutoff   76       826.76633  744.63118  9.93%   112  760s
 123655 32352  767.23993   63   75  826.76633  744.93489  9.90%   112  765s
 124589 32429  822.28909   58   62  826.76633  745.42650  9.84%   112  770s
 125264 32493     cutoff   56       826.76633  745.76797  9.80%   112  775s
 126022 32585  789.59143   44   65  826.76633  746.16347  9.75%   112  780s
 126986 32629  815.64280   47   60  826.76633  746.66864  9.69%   112  785s
 128094 32635  778.24216   57   73  826.76633  747.23166  9.62%   112  790s
 129095 32731  802.68610   74   54  826.76633  747.71650  9.56%   112  795s
 129888 32796  818.72230   78   63  826.76633  748.04439  9.52%   112  800s
 130965 32866     cutoff   64       826.76633  748.64671  9.45%   112  805s
 131760 32948     cutoff   74       826.76633  749.10335  9.39%   112  810s
 132748 32980  816.44770   42   58  826.76633  749.65266  9.33%   112  815s
 133717 33030  774.57944   66   74  826.76633  750.23282  9.26%   112  820s
 134562 33108 infeasible   65       826.76633  750.55117  9.22%   112  825s
 135677 33192 infeasible   54       826.76633  751.00708  9.16%   112  830s
 136756 33237  796.13603   44   86  826.76633  751.56917  9.10%   112  835s
 137511 33276     cutoff   46       826.76633  751.97519  9.05%   112  840s
 138532 33300  779.38312   84   96  826.76633  752.49067  8.98%   112  845s
 139358 33391  783.50502   72   75  826.76633  752.89054  8.94%   112  850s
 140500 33395  802.14661   58   75  826.76633  753.49482  8.86%   112  855s
 141413 33425 infeasible   80       826.76633  754.00781  8.80%   112  860s
 142574 33412 infeasible   94       826.76633  754.55268  8.73%   111  865s
 143372 33435  805.11142   67   41  826.76633  754.91379  8.69%   112  871s
 144123 33479 infeasible   76       826.76633  755.23848  8.65%   112  875s
 145052 33579 infeasible   66       826.76633  755.49469  8.62%   111  881s
 145931 33619 infeasible   50       826.76633  755.53591  8.62%   111  885s
 147106 33638     cutoff   46       826.76633  755.91301  8.57%   111  891s
 148028 33713  824.94023   63   71  826.76633  756.29638  8.52%   111  895s
 148772 33732  788.19649   44   96  826.76633  756.41736  8.51%   111  902s
 149332 33748 infeasible   50       826.76633  756.62922  8.48%   111  905s
 150488 33785  804.23568   50   73  826.76633  757.16147  8.42%   111  910s
 151429 33799     cutoff   52       826.76633  757.53238  8.37%   111  915s
 152368 33798  814.20133   61   67  826.76633  758.01872  8.32%   111  920s
 153317 33869  823.25592   67   42  826.76633  758.53574  8.25%   111  926s
 154283 33918  812.86456   64   58  826.76633  758.98214  8.20%   111  930s
 155189 33911     cutoff   73       826.76633  759.39090  8.15%   111  935s
 156346 33925  807.41353   58   73  826.76633  760.05553  8.07%   111  940s
 157297 33982     cutoff   70       826.76633  760.44487  8.02%   111  945s
 158195 34007 infeasible   77       826.76633  760.86861  7.97%   111  950s
 158589 34038 infeasible   59       826.76633  760.86861  7.97%   111  955s
 159237 34268 infeasible   62       826.76633  760.86861  7.97%   111  960s
 160056 34412     cutoff   47       826.76633  760.86861  7.97%   111  965s
 161015 34530  825.04322   57   54  826.76633  761.06419  7.95%   111  970s
 162029 34546  806.13902   53   62  826.76633  761.49124  7.90%   111  975s
 163010 34580  768.74405   67   76  826.76633  762.00590  7.83%   111  980s
 164081 34577     cutoff   60       826.76633  762.58235  7.76%   111  985s
 165043 34547     cutoff   54       826.76633  763.13851  7.70%   110  990s
 166106 34678  766.16051   41   75  826.76633  763.52493  7.65%   110  995s
 166811 34820  782.17798   44   43  826.76633  763.52493  7.65%   110 1000s
 167603 34788 infeasible   65       826.76633  763.52493  7.65%   111 1005s
 168327 34834 infeasible   70       826.76633  763.78024  7.62%   111 1010s
 169391 34928  802.83125   69   70  826.76633  763.78024  7.62%   111 1016s
 170371 34926 infeasible   55       826.76633  764.08647  7.58%   111 1021s
 171353 34873  777.20682   59   71  826.76633  764.62805  7.52%   111 1025s
 172182 34895  770.33837   75   57  826.76633  764.89815  7.48%   111 1030s
 173377 35025  800.19655   67   48  826.76633  764.89815  7.48%   111 1036s
 174509 35066 infeasible   52       826.76633  765.16908  7.45%   111 1040s
 175550 35020     cutoff   62       826.76633  765.59753  7.40%   110 1045s
 176889 35028  767.96329   46   69  826.76633  766.17228  7.33%   110 1050s
 177831 35026  814.63502   67   59  826.76633  766.68108  7.27%   110 1055s
 178655 35047 infeasible   75       826.76633  766.77524  7.26%   110 1060s
 179640 35144  816.33219   51   80  826.76633  766.77524  7.26%   110 1065s
 180753 35345  786.29424   54   65  826.76633  766.77524  7.26%   110 1071s
 181623 35530  780.84905   60   85  826.76633  766.77524  7.26%   110 1075s
 182546 35649  796.63594   49   64  826.76633  766.77524  7.26%   110 1080s
 183392 35754 infeasible   54       826.76633  766.77524  7.26%   110 1085s
 184112 35891  775.71502   62   70  826.76633  766.77524  7.26%   110 1090s
 185355 35967  786.62430   68   70  826.76633  766.87973  7.24%   110 1095s
 186414 35960  816.44770   45   61  826.76633  767.26685  7.20%   110 1100s
 187621 35961  805.66023   57   68  826.76633  767.85121  7.13%   110 1105s
 189000 35959  809.81392   49   41  826.76633  768.38019  7.06%   110 1110s
 189720 36112  778.37277   45   53  826.76633  768.52493  7.04%   110 1115s
 190726 36226  805.70918   57   52  826.76633  768.52493  7.04%   110 1121s
 191364 36355     cutoff   46       826.76633  768.52493  7.04%   110 1126s
 191668 36387     cutoff   56       826.76633  768.52493  7.04%   110 1131s
 192444 36505 infeasible   53       826.76633  768.52493  7.04%   110 1136s
 193353 36519 infeasible   66       826.76633  768.52493  7.04%   110 1141s
 194022 36500 infeasible   80       826.76633  768.52493  7.04%   110 1145s
 195376 36508     cutoff   73       826.76633  769.03681  6.98%   110 1150s
 196514 36476     cutoff   62       826.76633  769.45779  6.93%   110 1155s
 197755 36458  803.36870   49   61  826.76633  770.01977  6.86%   110 1162s
 198346 36460  801.73695   50   83  826.76633  770.24846  6.84%   110 1165s
 199438 36522  776.64012   46   73  826.76633  770.61175  6.79%   110 1170s
 200827 36541 infeasible   66       826.76633  771.31095  6.71%   110 1175s
 202288 36473  790.22310   72   73  826.76633  771.98246  6.63%   109 1180s
 203463 36390  800.19655   75   57  826.76633  772.54034  6.56%   109 1185s
 204558 36292 infeasible   78       826.76633  772.63008  6.55%   109 1190s
 205699 36255  805.65765   68   80  826.76633  772.92156  6.51%   109 1195s
 207205 36182  804.88991   60   70  826.76633  773.59613  6.43%   109 1203s
 207608 36109     cutoff   58       826.76633  773.80475  6.41%   109 1205s
 209049 36151     cutoff   67       826.76633  774.37717  6.34%   109 1210s
 210273 36121  792.78657   48   89  826.76633  774.94077  6.27%   109 1215s
 211838 36065     cutoff   59       826.76633  775.51698  6.20%   108 1220s
 213197 35982  816.70172   56   49  826.76633  776.18062  6.12%   108 1225s
 214517 35938 infeasible   80       826.76633  776.81203  6.04%   108 1230s
 216084 35811  801.23569   58   49  826.76633  777.49876  5.96%   108 1235s
 217603 35700 infeasible   67       826.76633  778.16163  5.88%   108 1240s
 219122 35535  805.73400   66   56  826.76633  778.88363  5.79%   107 1245s
 219979 35559  787.62173   49   74  826.76633  779.15327  5.76%   107 1250s
 220829 35569  818.05907   62   64  826.76633  779.15327  5.76%   107 1256s
 221761 35627  803.52051   63   62  826.76633  779.15327  5.76%   107 1261s
 222487 35673 infeasible   50       826.76633  779.15327  5.76%   107 1265s
 223525 35738 infeasible   68       826.76633  779.15327  5.76%   107 1270s
 224418 35783     cutoff   70       826.76633  779.15327  5.76%   108 1275s
 225511 35858  779.15327   71   65  826.76633  779.15327  5.76%   108 1282s
 225956 35980  789.59143   54   58  826.76633  779.15327  5.76%   108 1285s
 227209 36155  779.45032   44  130  826.76633  779.15327  5.76%   108 1336s
 227225 36166  792.81253   83  191  826.76633  779.15327  5.76%   108 1340s
 227238 36174  825.48629   78  203  826.76633  779.15327  5.76%   108 1345s
 227246 36180  785.23494   93  210  826.76633  779.15327  5.76%   108 1350s
 227254 36185  825.09008   76  208  826.76633  779.15327  5.76%   108 1355s
 227260 36189  826.23740   58  207  826.76633  779.15327  5.76%   108 1360s
 227264 36192  791.47527   63  204  826.76633  779.15327  5.76%   108 1365s
 227269 36198  779.15327   39  196  826.76633  779.15327  5.76%   108 1372s
 227275 36202  779.15327   41  185  826.76633  779.15327  5.76%   108 1376s
 227291 36214  779.15327   44  133  826.76633  779.15327  5.76%   108 1380s
 227347 36252  779.15327   55  102  826.76633  779.15327  5.76%   108 1385s
 227528 36326  779.15327   47  107  826.76633  779.15327  5.76%   108 1390s
 227936 36432  779.15327   58   90  826.76633  779.15327  5.76%   108 1395s
 228580 36604  779.15327   58   87  826.76633  779.15327  5.76%   108 1400s
 229273 36748  814.14775   56   89  826.76633  779.15327  5.76%   108 1405s
 230061 36815  814.00633   61   83  826.76633  779.15327  5.76%   108 1410s
 230752 36920  779.15327   62   87  826.76633  779.15327  5.76%   108 1415s
 231653 36934  779.15327   57  105  826.76633  779.15327  5.76%   108 1420s
 232299 36999  796.62989   67   71  826.76633  779.15327  5.76%   108 1425s
 233366 37130  800.40304   70   53  826.76633  779.15327  5.76%   108 1430s
 234175 37139  779.15327   75   87  826.76633  779.15327  5.76%   108 1436s
 234824 37226     cutoff   66       826.76633  779.15327  5.76%   108 1440s
 235900 37180     cutoff   56       826.76633  779.15327  5.76%   108 1446s
 236839 37132  779.15327   68   86  826.76633  779.15327  5.76%   108 1451s
 237840 37052  779.15327   69   94  826.76633  779.15327  5.76%   108 1456s
 238667 36987     cutoff   62       826.76633  779.15327  5.76%   108 1461s
 239341 37032  816.44770   74   46  826.76633  779.15327  5.76%   108 1465s
 239880 36986     cutoff   69       826.76633  779.15327  5.76%   108 1470s
 240902 36972  779.15327   60   72  826.76633  779.15327  5.76%   108 1475s
 241955 36938  779.15327   63  102  826.76633  779.15327  5.76%   108 1480s
 243016 36851  779.15327   65   71  826.76633  779.15327  5.76%   108 1485s
 244229 36796  779.15327   57   77  826.76633  779.15327  5.76%   108 1490s
 245287 36695  792.42785   48   54  826.76633  779.15327  5.76%   108 1495s
 246179 36608  782.95184   50   76  826.76633  779.15327  5.76%   108 1500s
 247407 36543  795.06152   52   83  826.76633  779.15327  5.76%   108 1505s
 248745 36491  808.02591   66   61  826.76633  779.15327  5.76%   108 1510s
 249880 36391  821.42238   66   57  826.76633  779.15327  5.76%   108 1515s
 250706 36277     cutoff   56       826.76633  779.15327  5.76%   108 1520s
 251798 36174  779.15327   68   73  826.76633  779.15327  5.76%   108 1525s
 252898 36075  818.62231   69   58  826.76633  779.15327  5.76%   108 1530s
 253580 35970  790.86861   49   67  826.76633  779.15327  5.76%   108 1535s
 254685 35829  800.19655   62   63  826.76633  779.15327  5.76%   108 1540s
 255680 35705  779.15327   69   86  826.76633  779.15327  5.76%   108 1545s
 256764 35475  779.15327   56   86  826.76633  779.15327  5.76%   108 1550s
 257697 35324  784.17145   69   58  826.76633  779.15327  5.76%   108 1555s
 258689 35167  779.15327   62   83  826.76633  779.15327  5.76%   108 1560s
 259698 34948  779.15327   78   95  826.76633  779.15327  5.76%   108 1565s
 260801 34722  780.89835   68   77  826.76633  779.15327  5.76%   108 1570s
 261611 34616  779.89960   62   90  826.76633  779.15327  5.76%   108 1575s
 262786 34437  800.06475   75   56  826.76633  779.15327  5.76%   108 1580s
 263900 34148  779.15327   65   90  826.76633  779.15327  5.76%   108 1585s
 265046 33900  801.05345   68   59  826.76633  779.15327  5.76%   108 1590s
 266056 33737  806.38723   55   67  826.76633  779.15327  5.76%   108 1595s
 266799 33513  816.44770   64   47  826.76633  779.15327  5.76%   108 1602s
 267121 33461  779.15327   73   63  826.76633  779.15327  5.76%   107 1605s
 268151 33216  788.84807   66   73  826.76633  779.15327  5.76%   107 1610s
 269290 32918  821.21871   64   66  826.76633  779.15327  5.76%   107 1615s
 270279 32719  779.46854   62   79  826.76633  779.15327  5.76%   107 1620s
 271337 32498  779.15327   65   70  826.76633  779.15327  5.76%   107 1625s
 272612 32230  822.14640   78   72  826.76633  779.15327  5.76%   107 1630s
 273709 32020  815.95842   60   68  826.76633  779.15327  5.76%   107 1635s
 274934 31688  779.15327   79   79  826.76633  779.15327  5.76%   107 1640s
 275992 31467  792.51234   64   62  826.76633  779.15327  5.76%   107 1645s
 277146 31142     cutoff   71       826.76633  779.15327  5.76%   107 1651s
 277930 30927 infeasible   57       826.76633  779.15327  5.76%   107 1655s
 278955 30692 infeasible   71       826.76633  779.15327  5.76%   107 1660s
 280145 30308  806.50290   64   57  826.76633  779.15327  5.76%   107 1665s
 281291 29952  781.85494   71   75  826.76633  779.15327  5.76%   107 1670s
 282682 29511  803.43489   68   73  826.76633  779.15327  5.76%   107 1675s
 283812 29183     cutoff   64       826.76633  779.15327  5.76%   107 1680s
 284834 28935  813.65885   76   94  826.76633  779.15327  5.76%   107 1685s
 286295 28405 infeasible   71       826.76633  779.15327  5.76%   107 1690s
 287658 27901     cutoff   70       826.76633  779.15327  5.76%   107 1695s
 289139 27341  808.68029   58   77  826.76633  779.15327  5.76%   107 1701s
 290003 27053  792.76450   56   81  826.76633  779.15327  5.76%   106 1705s
 291343 26478 infeasible   74       826.76633  779.15327  5.76%   106 1710s
 292724 26048  798.55700   56   67  826.76633  779.59143  5.71%   106 1715s
 293940 25882  795.76206   81   55  826.76633  779.59143  5.71%   106 1721s
 294839 25690  817.51909   73   51  826.76633  779.59143  5.71%   106 1726s
 295827 25492  811.58698   58   60  826.76633  779.59143  5.71%   106 1730s
 296975 25334 infeasible   67       826.76633  779.59143  5.71%   106 1735s
 298158 25217  806.81420   75   65  826.76633  779.59143  5.71%   106 1740s
 299386 25000  779.59143   54   68  826.76633  779.59143  5.71%   106 1745s
 300508 24829 infeasible   72       826.76633  779.59143  5.71%   106 1750s
 301604 24654  779.59143   63   68  826.76633  779.59143  5.71%   106 1755s
 302647 24514  783.24828   67   64  826.76633  779.59143  5.71%   106 1760s
 303799 24286  791.74947   61   47  826.76633  779.59143  5.71%   106 1765s
 304316 24176     cutoff   73       826.76633  779.59143  5.71%   106 1770s
 305437 23957  779.59143   57   77  826.76633  779.59143  5.71%   106 1775s
 306493 23763  779.59143   58   72  826.76633  779.59143  5.71%   106 1780s
 307624 23444  790.19655   63   54  826.76633  779.89815  5.67%   106 1785s
 308565 23159  788.28601   60   73  826.76633  779.89815  5.67%   106 1790s
 309946 22572 infeasible   86       826.76633  780.89110  5.55%   106 1795s
 311339 22012 infeasible   83       826.76633  781.99306  5.42%   106 1800s

Cutting planes:
  Gomory: 8
  Cover: 252
  Implied bound: 25
  Projected implied bound: 4
  Clique: 5
  MIR: 114
  StrongCG: 1
  Flow cover: 192
  GUB cover: 18
  Inf proof: 4
  Zero half: 6
  RLT: 7
  Relax-and-lift: 10

Explored 311467 nodes (32994704 simplex iterations) in 1800.01 seconds
Thread count was 2 (of 4 available processors)

Solution count 10: 826.766 835.003 836.582 ... 870.741

Time limit reached
Best objective 8.267663289108e+02, best bound 7.819930613692e+02, gap 5.4155%
Discarded solution information
