
Gurobi 9.0.2 (win64) logging started Mon Oct 25 10:48:35 2021

Changed value of parameter LogFile to logs\CRVRP_10-3-7-100_3_0.LOG
   Prev:   Default: 
Changed value of parameter Seed to 1447762109
   Prev: 0  Min: 0  Max: 2000000000  Default: 0
Changed value of parameter Threads to 2
   Prev: 0  Min: 0  Max: 1024  Default: 0
Changed value of parameter TimeLimit to 600.0
   Prev: inf  Min: 0.0  Max: inf  Default: inf
Changed value of parameter Symmetry to 2
   Prev: -1  Min: -1  Max: 2  Default: -1
Changed value of parameter Cuts to 2
   Prev: -1  Min: -1  Max: 3  Default: -1
Changed value of parameter PreDepRow to 1
   Prev: -1  Min: -1  Max: 1  Default: -1
Changed value of parameter ScaleFlag to 1
   Prev: -1  Min: -1  Max: 3  Default: -1
Changed value of parameter NormAdjust to 0
   Prev: -1  Min: -1  Max: 3  Default: -1
Gurobi Optimizer version 9.0.2 build v9.0.2rc0 (win64)
Optimize a model with 6903 rows, 3980 columns and 27871 nonzeros
Model fingerprint: 0x40007ab5
Variable types: 72 continuous, 3908 integer (2612 binary)
Coefficient statistics:
  Matrix range     [1e+00, 1e+05]
  Objective range  [1e+00, 1e+00]
  Bounds range     [1e+00, 1e+04]
  RHS range        [1e+00, 1e+05]
Presolve removed 0 rows and 1054 columns
Presolve time: 0.00s

Explored 0 nodes (0 simplex iterations) in 0.01 seconds
Thread count was 1 (of 4 available processors)

Solution count 0

Model is infeasible
Best objective -, best bound -, gap -

IIS computed: 1 constraints, 1 bounds
IIS runtime: 0.00 seconds
Discarded solution information

Gurobi 9.0.2 (win64) logging started Mon Oct 25 10:49:11 2021

Changed value of parameter LogFile to logs\CRVRP_10-3-7-100_3_0.LOG
   Prev:   Default: 
Changed value of parameter Seed to 795841149
   Prev: 0  Min: 0  Max: 2000000000  Default: 0
Changed value of parameter Threads to 2
   Prev: 0  Min: 0  Max: 1024  Default: 0
Changed value of parameter TimeLimit to 600.0
   Prev: inf  Min: 0.0  Max: inf  Default: inf
Changed value of parameter Symmetry to 2
   Prev: -1  Min: -1  Max: 2  Default: -1
Changed value of parameter Cuts to 2
   Prev: -1  Min: -1  Max: 3  Default: -1
Changed value of parameter PreDepRow to 1
   Prev: -1  Min: -1  Max: 1  Default: -1
Changed value of parameter ScaleFlag to 1
   Prev: -1  Min: -1  Max: 3  Default: -1
Changed value of parameter NormAdjust to 0
   Prev: -1  Min: -1  Max: 3  Default: -1
Gurobi Optimizer version 9.0.2 build v9.0.2rc0 (win64)
Optimize a model with 6903 rows, 3980 columns and 27871 nonzeros
Model fingerprint: 0x97e9f11f
Variable types: 72 continuous, 3908 integer (2612 binary)
Coefficient statistics:
  Matrix range     [1e+00, 1e+06]
  Objective range  [1e+00, 1e+00]
  Bounds range     [1e+00, 1e+04]
  RHS range        [1e+00, 1e+06]
Presolve removed 0 rows and 1054 columns
Presolve time: 0.00s

Explored 0 nodes (0 simplex iterations) in 0.01 seconds
Thread count was 1 (of 4 available processors)

Solution count 0

Model is infeasible
Best objective -, best bound -, gap -

IIS computed: 1 constraints, 1 bounds
IIS runtime: 0.00 seconds
Discarded solution information

Gurobi 9.0.2 (win64) logging started Fri Oct 29 14:44:24 2021

Changed value of parameter LogFile to logs\CRVRP_10-3-7-100_3_0.LOG
   Prev:   Default: 
Changed value of parameter Seed to 1314132872
   Prev: 0  Min: 0  Max: 2000000000  Default: 0
Changed value of parameter Threads to 2
   Prev: 0  Min: 0  Max: 1024  Default: 0
Changed value of parameter TimeLimit to 60.0
   Prev: inf  Min: 0.0  Max: inf  Default: inf
Changed value of parameter Symmetry to 2
   Prev: -1  Min: -1  Max: 2  Default: -1
Changed value of parameter Cuts to 2
   Prev: -1  Min: -1  Max: 3  Default: -1
Changed value of parameter PreDepRow to 1
   Prev: -1  Min: -1  Max: 1  Default: -1
Changed value of parameter ScaleFlag to 1
   Prev: -1  Min: -1  Max: 3  Default: -1
Changed value of parameter NormAdjust to 0
   Prev: -1  Min: -1  Max: 3  Default: -1
Gurobi Optimizer version 9.0.2 build v9.0.2rc0 (win64)
Optimize a model with 2815 rows, 1796 columns and 12549 nonzeros
Model fingerprint: 0x6ff92497
Variable types: 48 continuous, 1748 integer (1172 binary)
Coefficient statistics:
  Matrix range     [1e+00, 1e+06]
  Objective range  [1e+00, 1e+00]
  Bounds range     [1e+00, 1e+04]
  RHS range        [1e+00, 1e+06]
Presolve removed 1874 rows and 1077 columns
Presolve time: 0.06s
Presolved: 941 rows, 719 columns, 6043 nonzeros
Variable types: 21 continuous, 698 integer (580 binary)

Root relaxation: objective 3.397987e+03, 511 iterations, 0.01 seconds

    Nodes    |    Current Node    |     Objective Bounds      |     Work
 Expl Unexpl |  Obj  Depth IntInf | Incumbent    BestBd   Gap | It/Node Time

     0     0 3397.98744    0   40          - 3397.98744      -     -    0s
     0     0 3444.04856    0   60          - 3444.04856      -     -    0s
H    0     0                    9074.8297646 3444.04856  62.0%     -    0s
     0     0 3623.17483    0   97 9074.82976 3623.17483  60.1%     -    0s
     0     0 3623.17483    0   99 9074.82976 3623.17483  60.1%     -    0s
     0     0 3824.36191    0   80 9074.82976 3824.36191  57.9%     -    0s
H    0     0                    7527.3693423 3824.36191  49.2%     -    0s
     0     0 3824.36191    0   80 7527.36934 3824.36191  49.2%     -    0s
     0     0 3830.68681    0   86 7527.36934 3830.68681  49.1%     -    0s
H    0     0                    7153.0684695 3830.68681  46.4%     -    0s
     0     0 3830.68681    0   86 7153.06847 3830.68681  46.4%     -    0s
     0     0 3897.88881    0  103 7153.06847 3897.88881  45.5%     -    0s
     0     0 3897.88882    0  103 7153.06847 3897.88882  45.5%     -    0s
     0     0 3930.32432    0  101 7153.06847 3930.32432  45.1%     -    1s
H    0     0                    6947.2395454 3930.32432  43.4%     -    1s
     0     0 3933.81547    0   99 6947.23955 3933.81547  43.4%     -    1s
     0     0 3933.81547    0   99 6947.23955 3933.81547  43.4%     -    1s
     0     0 3933.96391    0  109 6947.23955 3933.96391  43.4%     -    1s
     0     0 3934.05953    0  104 6947.23955 3934.05953  43.4%     -    1s
     0     0 3934.14962    0  111 6947.23955 3934.14962  43.4%     -    1s
     0     0 3934.15042    0  113 6947.23955 3934.15042  43.4%     -    1s
     0     0 3934.15042    0  102 6947.23955 3934.15042  43.4%     -    1s
     0     2 4032.51037    0   96 6947.23955 4032.51037  42.0%     -    2s
H  179   159                    6386.5088511 4133.15059  35.3%  76.9    3s
H  267   246                    6350.4226901 4189.83670  34.0%  63.8    3s
   777   604 5314.65242   38  102 6350.42269 4189.83670  34.0%  55.7    5s
   795   619 4189.83670   17   92 6350.42269 4189.83670  34.0%  58.8   10s
H  979   658                    6045.9080593 4189.83670  30.7%  82.4   14s
H  985   669                    6038.8627064 4189.83670  30.6%  82.3   14s
  1025   703 4713.03960   44   45 6038.86271 4189.83670  30.6%  81.4   15s
H 1319   679                    5927.2484832 4189.83670  29.3%  79.9   17s
H 1819   817                    5927.0818488 4189.84491  29.3%  84.3   20s
  2974  1379 4912.85007   35   42 5927.08185 4189.84491  29.3%  82.2   25s
  4381  2283 4949.73620   45   33 5927.08185 4189.84491  29.3%  77.1   31s
  5890  3152 5322.00800   51   21 5927.08185 4189.84491  29.3%  73.5   36s
  7564  3998 4230.46625   39   70 5927.08185 4189.84513  29.3%  70.9   41s
H 8007  4029                    5907.1463210 4189.84513  29.1%  71.0   42s
H 8387  4292                    5870.3459823 4189.84591  28.6%  71.3   44s
  8672  4406 4228.59060   56   49 5870.34598 4189.84606  28.6%  71.3   45s
H 8873  4249                    5724.2791996 4189.84612  26.8%  71.4   45s
 10299  5016 infeasible   47      5724.27920 4189.84978  26.8%  70.3   50s
 11940  5744 infeasible   59      5724.27920 4191.54741  26.8%  68.7   55s
 13972  6203 4191.54741   57   51 5724.27920 4191.54741  26.8%  67.2   60s

Cutting planes:
  Gomory: 13
  Cover: 2
  Implied bound: 1
  MIR: 26
  Flow cover: 42
  Zero half: 17
  RLT: 5

Explored 14068 nodes (951741 simplex iterations) in 60.00 seconds
Thread count was 2 (of 4 available processors)

Solution count 10: 5724.28 5870.35 5907.15 ... 6947.24

Time limit reached
Best objective 5.724279199614e+03, best bound 4.191547406944e+03, gap 26.7760%
Discarded solution information

Gurobi 9.0.2 (win64) logging started Wed Nov  3 12:32:31 2021

Changed value of parameter LogFile to logs\CRVRP_10-3-7-100_3_0.LOG
   Prev:   Default: 
Changed value of parameter Seed to 744228648
   Prev: 0  Min: 0  Max: 2000000000  Default: 0
Changed value of parameter Threads to 2
   Prev: 0  Min: 0  Max: 1024  Default: 0
Changed value of parameter TimeLimit to 1800.0
   Prev: inf  Min: 0.0  Max: inf  Default: inf
Changed value of parameter Symmetry to 2
   Prev: -1  Min: -1  Max: 2  Default: -1
Changed value of parameter Cuts to 2
   Prev: -1  Min: -1  Max: 3  Default: -1
Changed value of parameter PreDepRow to 1
   Prev: -1  Min: -1  Max: 1  Default: -1
Changed value of parameter ScaleFlag to 1
   Prev: -1  Min: -1  Max: 3  Default: -1
Changed value of parameter NormAdjust to 0
   Prev: -1  Min: -1  Max: 3  Default: -1
Gurobi Optimizer version 9.0.2 build v9.0.2rc0 (win64)
Optimize a model with 2813 rows, 1796 columns and 11968 nonzeros
Model fingerprint: 0x9be7564e
Variable types: 48 continuous, 1748 integer (1172 binary)
Coefficient statistics:
  Matrix range     [1e+00, 1e+06]
  Objective range  [1e+00, 1e+00]
  Bounds range     [1e+00, 1e+04]
  RHS range        [1e+00, 1e+06]
Presolve removed 1681 rows and 1039 columns
Presolve time: 0.10s
Presolved: 1132 rows, 757 columns, 6695 nonzeros
Variable types: 23 continuous, 734 integer (614 binary)
Found heuristic solution: objective 1155.4702127

Root relaxation: objective 6.173209e+02, 605 iterations, 0.02 seconds

    Nodes    |    Current Node    |     Objective Bounds      |     Work
 Expl Unexpl |  Obj  Depth IntInf | Incumbent    BestBd   Gap | It/Node Time

     0     0  617.32089    0   57 1155.47021  617.32089  46.6%     -    0s
H    0     0                    1047.1840017  617.32089  41.0%     -    0s
     0     0  634.38226    0   86 1047.18400  634.38226  39.4%     -    0s
H    0     0                    1022.7092047  634.38226  38.0%     -    0s
     0     0  635.35719    0   99 1022.70920  635.35719  37.9%     -    0s
     0     0  635.40850    0   99 1022.70920  635.40850  37.9%     -    0s
     0     0  635.43110    0  104 1022.70920  635.43110  37.9%     -    0s
     0     0  635.43110    0  104 1022.70920  635.43110  37.9%     -    0s
     0     0  640.46475    0   97 1022.70920  640.46475  37.4%     -    0s
     0     0  641.22414    0   95 1022.70920  641.22414  37.3%     -    0s
     0     0  641.24254    0   93 1022.70920  641.24254  37.3%     -    0s
     0     0  642.71655    0  105 1022.70920  642.71655  37.2%     -    1s
     0     0  642.95147    0  121 1022.70920  642.95147  37.1%     -    1s
     0     0  642.97102    0  121 1022.70920  642.97102  37.1%     -    1s
     0     0  642.98389    0  124 1022.70920  642.98389  37.1%     -    1s
     0     0  644.32642    0  123 1022.70920  644.32642  37.0%     -    1s
     0     0  644.60020    0  130 1022.70920  644.60020  37.0%     -    1s
     0     0  644.60149    0  132 1022.70920  644.60149  37.0%     -    1s
     0     0  645.03987    0  127 1022.70920  645.03987  36.9%     -    2s
H    0     0                    1022.6570492  645.03987  36.9%     -    2s
     0     0  645.05372    0  136 1022.65705  645.05372  36.9%     -    2s
     0     0  645.06030    0  131 1022.65705  645.06030  36.9%     -    2s
     0     0  645.23667    0  122 1022.65705  645.23667  36.9%     -    2s
     0     0  645.26161    0  123 1022.65705  645.26161  36.9%     -    2s
     0     0  645.26281    0  126 1022.65705  645.26281  36.9%     -    2s
     0     0  645.47622    0  121 1022.65705  645.47622  36.9%     -    2s
     0     0  645.56651    0  129 1022.65705  645.56651  36.9%     -    2s
     0     0  645.56954    0  123 1022.65705  645.56954  36.9%     -    2s
     0     0  645.60606    0  134 1022.65705  645.60606  36.9%     -    3s
H    0     0                    1017.5872668  645.60606  36.6%     -    3s
     0     0  645.62491    0  140 1017.58727  645.62491  36.6%     -    3s
     0     0  645.62932    0  140 1017.58727  645.62932  36.6%     -    3s
     0     0  645.63379    0  137 1017.58727  645.63379  36.6%     -    3s
     0     0  645.63379    0  136 1017.58727  645.63379  36.6%     -    3s
     0     2  645.63379    0  135 1017.58727  645.63379  36.6%     -    4s
   225   228  767.28614   99   56 1017.58727  655.97225  35.5%  64.2    5s
H  663   610                     991.1987047  661.50503  33.3%  66.3    7s
   764   700  706.19793   33  129  991.19870  661.50503  33.3%  64.6   10s
   773   706  857.92456   79  138  991.19870  661.50503  33.3%  63.8   15s
H  776   672                     991.1987046  661.50503  33.3%  63.6   16s
H  776   638                     962.5122569  661.50503  31.3%  63.6   18s
   817   671  671.47923   20  107  962.51226  671.47923  30.2%  74.6   20s
H 1091   818                     962.5122568  681.92585  29.2%  93.1   24s
  1168   845  710.74184   92   75  962.51226  681.92585  29.2%  95.5   25s
H 1593  1026                     945.9921292  682.07734  27.9%  91.7   27s
H 1613   979                     932.4633137  682.07734  26.9%  91.4   27s
* 2054  1092             100     901.1454680  683.86899  24.1%  85.3   29s
* 2060  1010             102     894.6353040  683.86899  23.6%  85.1   29s
  2086  1011  739.69599   36   96  894.63530  684.00380  23.5%  85.7   30s
  2918  1603  820.82942   84   60  894.63530  686.26017  23.3%  83.4   35s
H 3348  1852                     894.6353040  687.20938  23.2%  82.4   37s
  3850  2411  731.80159   47   87  894.63530  688.41379  23.1%  82.5   40s
  5077  3181  775.77246   69   60  894.63530  691.60723  22.7%  78.1   45s
  6015  3775  720.93702   44   77  894.63530  693.52150  22.5%  77.9   50s
H 6637  4107                     889.7673135  694.52906  21.9%  78.2   54s
  6715  4246  817.83801   27   51  889.76731  694.79422  21.9%  78.2   55s
  7902  4944  839.00586   36   48  889.76731  696.62694  21.7%  77.6   60s
  8998  5829  704.44803   31   82  889.76731  698.06490  21.5%  76.1   65s
 10174  6607  718.15152   26   97  889.76731  698.68082  21.5%  74.2   70s
 11085  7273  788.12899   52   51  889.76731  699.39287  21.4%  74.7   75s
 12249  7975  853.38266   50   52  889.76731  700.24741  21.3%  74.6   80s
 13567  8855  743.25958   73   85  889.76731  701.04983  21.2%  74.1   85s
 14956  9868  787.59972   51   55  889.76731  701.74565  21.1%  73.9   90s
 16196 10521  881.38411   45   51  889.76731  702.42553  21.1%  73.9   95s
*16278 10448              69     883.1288346  702.42553  20.5%  73.9   95s
*16281 10394              69     881.4033534  702.42553  20.3%  73.9   95s
 16827 10682  777.79587   57   67  881.40335  702.66974  20.3%  73.9  100s
H16828 10607                     880.1521612  702.66974  20.2%  73.9  100s
 17994 11389     cutoff   41       880.15216  703.36600  20.1%  74.4  105s
*18237 11410              74     875.3743545  703.52747  19.6%  74.5  106s
 19118 11912  826.43952   62   24  875.37435  704.09962  19.6%  74.5  110s
 20380 12703  787.82781   69   65  875.37435  704.66333  19.5%  74.1  115s
 22051 13670  723.36455   49   84  875.37435  705.85365  19.4%  73.5  120s
 23168 14360  726.99324   38   79  875.37435  706.19793  19.3%  73.9  125s
 24105 15020  717.15263   39   98  875.37435  706.19793  19.3%  74.5  130s
 25074 15535  788.12899   35   56  875.37435  706.19793  19.3%  75.7  135s
 26161 16068  749.85773   36   63  875.37435  706.19793  19.3%  76.6  141s
 27045 16428  856.02779   54   43  875.37435  706.19793  19.3%  77.2  145s
 28298 16871  788.12899   58   63  875.37435  706.19793  19.3%  78.0  150s
 29456 17298  767.59550   61   59  875.37435  706.19793  19.3%  78.9  156s
 30651 17920  722.97038   54   91  875.37435  706.19793  19.3%  79.7  161s
 30917 17921  864.74391   65   72  875.37435  706.19793  19.3%  79.8  167s
 31161 18126 infeasible   48       875.37435  706.19793  19.3%  80.0  170s
 31905 18495  776.89227   46   70  875.37435  706.19793  19.3%  80.8  175s
 32799 18971  764.57363   57   54  875.37435  706.19793  19.3%  81.9  180s
 33807 19431  706.48537   47   89  875.37435  706.19793  19.3%  82.8  185s
 34777 19949  783.30636   81   75  875.37435  706.19793  19.3%  83.9  190s
 35720 20433  832.33926   52   55  875.37435  706.19793  19.3%  84.9  195s
 36786 20856  781.43958   56  136  875.37435  706.19793  19.3%  85.7  234s
 36788 20857  757.92456   37   77  875.37435  706.19793  19.3%  85.7  235s
 36799 20865  736.35368   63  133  875.37435  706.19793  19.3%  85.7  240s
 36806 20869  777.17129   47  162  875.37435  706.19793  19.3%  85.6  245s
 36812 20876  706.19793   26   74  875.37435  706.19793  19.3%  85.8  250s
 36826 20886  707.44902   29   79  875.37435  706.19793  19.3%  85.8  255s
 36865 20915  706.19793   41   87  875.37435  706.19793  19.3%  86.0  260s
 36931 20970  709.01578   57   79  875.37435  706.19793  19.3%  86.3  265s
H36963 19940                     856.2455996  706.19793  17.5%  86.3  266s
 37203 20086  761.64701   72   62  856.24560  706.19793  17.5%  86.8  270s
 37814 20303  817.80635   43   53  856.24560  706.19793  17.5%  86.6  275s
 38557 20662  733.52658   55   84  856.24560  706.19793  17.5%  86.5  280s
 40125 21109 infeasible   66       856.24560  706.19793  17.5%  85.8  286s
 40784 21369  706.19793   52   68  856.24560  706.19793  17.5%  86.0  291s
 41807 21586  732.28901   51   60  856.24560  706.19793  17.5%  86.1  295s
 42808 21933  812.33405   50   60  856.24560  706.19793  17.5%  86.4  300s
 44153 22018  706.19793   63   75  856.24560  706.19793  17.5%  86.6  307s
 44452 22097 infeasible   72       856.24560  706.19793  17.5%  87.1  310s
 45533 22182 infeasible   60       856.24560  706.19793  17.5%  87.8  316s
 46403 22392  706.19793   50   85  856.24560  706.19793  17.5%  88.5  320s
 47415 22549  724.30710   60   72  856.24560  706.19793  17.5%  88.9  325s
 48647 22607 infeasible   59       856.24560  706.19793  17.5%  89.4  331s
 49671 22674  741.33711   44   78  856.24560  706.19793  17.5%  89.9  335s
 50266 22703     cutoff   80       856.24560  706.19793  17.5%  90.2  340s
 51544 22906  837.21298   49   62  856.24560  706.19793  17.5%  90.7  346s
 52433 22925  731.74849   36   77  856.24560  706.19793  17.5%  91.1  351s
 53398 23068  823.96482   52   54  856.24560  706.19793  17.5%  91.2  355s
 54332 23148  749.85773   36   68  856.24560  706.19793  17.5%  91.6  360s
 54922 23232  748.01060   35   88  856.24560  706.19793  17.5%  91.9  365s
 55875 23380 infeasible   56       856.24560  706.19793  17.5%  92.0  370s
 57288 23738  706.19793   56   76  856.24560  706.19793  17.5%  92.0  375s
 58146 23837  714.01309   63   95  856.24560  706.19793  17.5%  92.4  380s
 58962 24007  855.49772   73   42  856.24560  706.19793  17.5%  92.6  386s
 59512 23979  718.47503   38  112  856.24560  706.19793  17.5%  92.9  390s
 60724 24050  826.43952   47   46  856.24560  706.19793  17.5%  93.1  396s
 61453 24148  764.28733   46   64  856.24560  706.19793  17.5%  93.3  400s
 62136 24237  797.39229   46   58  856.24560  706.19793  17.5%  93.7  405s
 62883 24305  853.38266   61   66  856.24560  706.19793  17.5%  94.1  410s
 63579 24328  792.75123   49   70  856.24560  706.19793  17.5%  94.3  416s
 64116 24405  748.92246   36   87  856.24560  706.19793  17.5%  94.6  420s
 64914 24332 infeasible   53       856.24560  706.19793  17.5%  95.0  425s
 65660 24494  795.85890   51   80  856.24560  706.45907  17.5%  95.3  430s
 66537 24490     cutoff   53       856.24560  706.76334  17.5%  95.4  435s
 67442 24638  822.94862   80   65  856.24560  707.05768  17.4%  95.3  440s
 68325 24693  710.68135   48   81  856.24560  707.47264  17.4%  95.5  445s
 69131 24701 infeasible   58       856.24560  707.78779  17.3%  95.3  450s
 69898 24816  856.02779   53   58  856.24560  708.08380  17.3%  95.4  455s
 71089 24877  801.68794   52   62  856.24560  708.66808  17.2%  95.4  461s
 72077 24900  729.43428   44   80  856.24560  709.16115  17.2%  95.4  465s
 73208 25000  749.85773   56   63  856.24560  709.61789  17.1%  95.5  470s
 74236 25085  812.63344   66   48  856.24560  710.00401  17.1%  95.4  475s
 75318 25185     cutoff   63       856.24560  710.57459  17.0%  95.4  480s
 76109 25162 infeasible   57       856.24560  710.96775  17.0%  95.4  485s
 77090 25258  856.02779   70   36  856.24560  711.40007  16.9%  95.6  490s
 78087 25344     cutoff   47       856.24560  711.81170  16.9%  95.8  495s
 79262 25432  719.51044   50  120  856.24560  712.36124  16.8%  95.7  500s
 80466 25539  749.85773   47   68  856.24560  712.99561  16.7%  95.8  505s
 81519 25494  741.79950   54   78  856.24560  713.39003  16.7%  95.9  510s
 82666 25590  760.07385   54   81  856.24560  713.88953  16.6%  95.9  515s
 83815 25682  847.66917   65   69  856.24560  714.32375  16.6%  95.8  520s
 84887 25710  788.12899   58   73  856.24560  714.77528  16.5%  95.8  525s
 85825 25777  775.32437   42   72  856.24560  715.23805  16.5%  95.9  530s
 87004 25911  815.50644   60   63  856.24560  715.78201  16.4%  95.7  535s
 88221 25977  762.10910   68   80  856.24560  716.33247  16.3%  95.7  540s
 89178 25853  800.00185   81   64  856.24560  716.51108  16.3%  95.8  545s
 90470 25952  790.94138   71   76  856.24560  716.97466  16.3%  95.8  550s
*90696 22745              65     854.5518456  716.99928  16.1%  95.8  551s
 90986 22706  820.77243   58   77  854.55185  717.13750  16.1%  95.7  555s
 91747 22734 infeasible   81       854.55185  717.39229  16.1%  95.8  560s
*92637 20607              70     845.1185673  717.79668  15.1%  95.9  564s
 92742 20663  740.94895   55   75  845.11857  717.84712  15.1%  95.9  565s
 93915 21068  814.75367   65   56  845.11857  718.40147  15.0%  95.8  571s
H93936 21068                     845.1185672  718.40808  15.0%  95.8  571s
 94595 21304 infeasible   63       845.11857  718.82438  14.9%  95.8  575s
 95730 21762  735.56352   49   63  845.11857  719.37792  14.9%  95.7  580s
 96765 22105  741.00891   65   80  845.11857  719.93363  14.8%  95.7  585s
 98084 22523  818.98765   61   34  845.11857  720.49861  14.7%  95.6  590s
 99122 22815  756.19445   58  106  845.11857  720.97117  14.7%  95.6  595s
 100129 23220  828.05264   80   82  845.11857  721.50396  14.6%  95.6  600s
 101128 23542 infeasible   71       845.11857  722.02686  14.6%  95.6  605s
 102379 24000  749.67528   49   69  845.11857  722.51724  14.5%  95.6  610s
 103125 24254  839.60526   40   56  845.11857  722.85136  14.5%  95.5  615s
 104200 24715  749.85773   67   70  845.11857  723.27911  14.4%  95.5  620s
 105274 25042  797.06531   54   64  845.11857  723.69449  14.4%  95.5  625s
 106589 25432     cutoff   44       845.11857  724.22875  14.3%  95.4  630s
 107685 25784 infeasible   65       845.11857  724.69715  14.2%  95.3  635s
 108957 26203  762.56254   46   64  845.11857  725.17355  14.2%  95.2  640s
 109883 26529     cutoff   61       845.11857  725.57878  14.1%  95.2  645s
 110929 26881  767.59550   57   81  845.11857  725.92263  14.1%  95.2  650s
 111928 27207  798.92684   48   56  845.11857  726.32368  14.1%  95.1  656s
 112947 27570  779.32785   51   71  845.11857  726.67366  14.0%  95.1  661s
 113756 27843     cutoff   59       845.11857  726.91276  14.0%  95.0  665s
 114735 28179  729.75258   59   58  845.11857  727.28614  13.9%  95.1  670s
 115730 28415     cutoff   45       845.11857  727.59964  13.9%  95.1  675s
 116762 28707  825.22501   70   61  845.11857  728.02217  13.9%  95.1  680s
 117846 28971  755.40462   39   99  845.11857  728.46705  13.8%  95.0  685s
 118888 29346  794.37451   51   64  845.11857  728.78418  13.8%  94.9  690s
 119669 29536     cutoff   52       845.11857  729.10506  13.7%  94.9  695s
H119939 29549                     844.8900663  729.25164  13.7%  94.9  696s
 120060 29649  783.99207   66   71  844.89007  729.30910  13.7%  94.9  701s
 120815 29934  800.01871   60   70  844.89007  729.67507  13.6%  94.8  705s
 121974 30312  811.54446   38   60  844.89007  730.10658  13.6%  94.7  711s
 122701 30432  761.87545   45   59  844.89007  730.13688  13.6%  94.9  716s
 123278 30538  826.43952   64   38  844.89007  730.13688  13.6%  95.0  720s
 124106 30669  750.98461   43   66  844.89007  730.13688  13.6%  95.2  726s
 124883 30838  774.10261   71   89  844.89007  730.47749  13.5%  95.2  730s
 125721 31172  772.82702   50   60  844.89007  730.76530  13.5%  95.2  735s
 126728 31471     cutoff   75       844.89007  731.17618  13.5%  95.2  740s
 127649 31809  766.04680   57   68  844.89007  731.50416  13.4%  95.2  745s
 128358 32052  767.59550   67   54  844.89007  731.74152  13.4%  95.1  755s
H128431 32052                     844.8900662  731.74152  13.4%  95.1  755s
H128486 32045                     844.5765039  731.79879  13.4%  95.1  755s
 129280 32356     cutoff   89       844.57650  732.04018  13.3%  95.1  761s
 130009 32454  759.31747   54   61  844.57650  732.28901  13.3%  95.2  766s
 130722 32461     cutoff   52       844.57650  732.28901  13.3%  95.4  771s
 131446 32466  812.63344   57   62  844.57650  732.28901  13.3%  95.7  776s
 132141 32745  767.28614   52   55  844.57650  732.40052  13.3%  95.8  780s
 133091 33085 infeasible   45       844.57650  732.65794  13.3%  95.7  785s
 134374 33367  785.75245   45   72  844.57650  733.19467  13.2%  95.6  790s
 135343 33676  751.49030   45  101  844.57650  733.53880  13.1%  95.6  795s
 136584 34058  770.98233   46   65  844.57650  733.84978  13.1%  95.5  800s
 137627 34299     cutoff   63       844.57650  734.17272  13.1%  95.4  805s
 138712 34636  770.82504   45   69  844.57650  734.59867  13.0%  95.3  810s
 139902 34934  783.99207   59   46  844.57650  735.06817  13.0%  95.3  816s
 140811 35216  785.67983   66   76  844.57650  735.38221  12.9%  95.3  820s
 141656 35418  809.81565   59   67  844.57650  735.58043  12.9%  95.2  825s
 142690 35819 infeasible   39       844.57650  735.91094  12.9%  95.2  830s
 143995 36080  808.47148   55   41  844.57650  736.28650  12.8%  95.1  835s
 144743 36324 infeasible   56       844.57650  736.52249  12.8%  95.1  840s
 145927 36696  803.77247   57   66  844.57650  736.85025  12.8%  95.0  845s
 147123 37000 infeasible   54       844.57650  737.19618  12.7%  94.9  851s
 148066 37300  785.70576   48   80  844.57650  737.45818  12.7%  94.9  855s
 149168 37627     cutoff   56       844.57650  737.73318  12.7%  94.8  860s
 150307 37994  822.40217   57   71  844.57650  738.06677  12.6%  94.8  865s
 151416 38253  759.10229   46   82  844.57650  738.37911  12.6%  94.7  870s
 152273 38477  782.09225   61   59  844.57650  738.66306  12.5%  94.7  875s
 153415 38745  836.57084   66   57  844.57650  738.98406  12.5%  94.6  880s
 154354 39144  762.92207   72   69  844.57650  739.16513  12.5%  94.6  885s
 155182 39346  836.77452   47   57  844.57650  739.21657  12.5%  94.6  890s
H156334 39610                     844.5765038  739.21657  12.5%  94.7  896s
H156449 38745                     834.6231643  739.21657  11.4%  94.7  900s
 157255 39000  760.33385   52   67  834.62316  739.21657  11.4%  94.7  905s
 158244 39252 infeasible   40       834.62316  739.21657  11.4%  94.8  910s
 159260 39583     cutoff   61       834.62316  739.32785  11.4%  94.8  915s
 160251 39829  763.65670   53   60  834.62316  739.32785  11.4%  94.8  920s
 161232 40122  755.76572   67   73  834.62316  739.32785  11.4%  94.9  925s
 161946 40326  789.24914   51   96  834.62316  739.49962  11.4%  94.9  930s
 162815 40648  768.62718   63   76  834.62316  739.57938  11.4%  94.8  936s
 163685 41002  826.43952   52   63  834.62316  739.57938  11.4%  94.8  940s
 164890 41312  783.36803   45   82  834.62316  739.83772  11.4%  94.7  945s
 165728 41528  797.85744   49   75  834.62316  740.12097  11.3%  94.6  950s
 166631 41753  795.64926   63   56  834.62316  740.36360  11.3%  94.6  955s
 167767 42025  791.76993   82   71  834.62316  740.66540  11.3%  94.5  960s
 168478 42153  827.62066   60   44  834.62316  740.84990  11.2%  94.5  966s
