
Gurobi 9.0.2 (win64) logging started Thu Jan 20 10:36:22 2022

Changed value of parameter LogFile to logs\CRVRP_5-3-7-100_2_0.LOG
   Prev:   Default: 
Changed value of parameter Seed to 840583125
   Prev: 0  Min: 0  Max: 2000000000  Default: 0
Changed value of parameter Threads to 2
   Prev: 0  Min: 0  Max: 1024  Default: 0
Changed value of parameter TimeLimit to 60.0
   Prev: inf  Min: 0.0  Max: inf  Default: inf
Changed value of parameter Symmetry to 2
   Prev: -1  Min: -1  Max: 2  Default: -1
Changed value of parameter Cuts to 2
   Prev: -1  Min: -1  Max: 3  Default: -1
Changed value of parameter PreDepRow to 1
   Prev: -1  Min: -1  Max: 1  Default: -1
Changed value of parameter ScaleFlag to 1
   Prev: -1  Min: -1  Max: 3  Default: -1
Changed value of parameter NormAdjust to 0
   Prev: -1  Min: -1  Max: 3  Default: -1
Gurobi Optimizer version 9.0.2 build v9.0.2rc0 (win64)
Optimize a model with 938 rows, 626 columns and 3571 nonzeros
Model fingerprint: 0xb83cf538
Variable types: 28 continuous, 598 integer (402 binary)
Coefficient statistics:
  Matrix range     [1e+00, 1e+06]
  Objective range  [1e+00, 1e+00]
  Bounds range     [1e+00, 1e+04]
  RHS range        [1e+00, 1e+06]
Presolve removed 608 rows and 394 columns
Presolve time: 0.02s
Presolved: 330 rows, 232 columns, 1745 nonzeros
Variable types: 13 continuous, 219 integer (184 binary)
Found heuristic solution: objective 930.0876854

Root relaxation: objective 3.337200e+02, 149 iterations, 0.00 seconds

    Nodes    |    Current Node    |     Objective Bounds      |     Work
 Expl Unexpl |  Obj  Depth IntInf | Incumbent    BestBd   Gap | It/Node Time

     0     0  333.71998    0   28  930.08769  333.71998  64.1%     -    0s
H    0     0                     826.2006055  333.71998  59.6%     -    0s
     0     0  335.31189    0   47  826.20061  335.31189  59.4%     -    0s
H    0     0                     685.6991442  335.31189  51.1%     -    0s
H    0     0                     538.7199784  335.31189  37.8%     -    0s
     0     0  335.31189    0   47  538.71998  335.31189  37.8%     -    0s
     0     0  343.91808    0   44  538.71998  343.91808  36.2%     -    0s
H    0     0                     507.7351417  343.91808  32.3%     -    0s
     0     0  349.74737    0   46  507.73514  349.74737  31.1%     -    0s
     0     0  357.26732    0   44  507.73514  357.26732  29.6%     -    0s
     0     0  358.00486    0   51  507.73514  358.00486  29.5%     -    0s
     0     0  358.29735    0   51  507.73514  358.29735  29.4%     -    0s
     0     0  363.74734    0   53  507.73514  363.74734  28.4%     -    0s
     0     0  364.09140    0   53  507.73514  364.09140  28.3%     -    0s
     0     0  366.41751    0   48  507.73514  366.41751  27.8%     -    0s
     0     0  366.65959    0   44  507.73514  366.65959  27.8%     -    0s
     0     0  366.86899    0   44  507.73514  366.86899  27.7%     -    0s
     0     0  366.99687    0   45  507.73514  366.99687  27.7%     -    0s
     0     0  367.03840    0   46  507.73514  367.03840  27.7%     -    0s
     0     0  367.04727    0   54  507.73514  367.04727  27.7%     -    0s
     0     0  367.04727    0   54  507.73514  367.04727  27.7%     -    0s
     0     0  367.24564    0   47  507.73514  367.24564  27.7%     -    0s
     0     0  367.33270    0   55  507.73514  367.33270  27.7%     -    0s
     0     0  367.49004    0   57  507.73514  367.49004  27.6%     -    0s
H    0     0                     474.5353373  367.49004  22.6%     -    0s
     0     0  368.17078    0   38  474.53534  368.17078  22.4%     -    0s
     0     0  371.20985    0   39  474.53534  371.20985  21.8%     -    0s
     0     0  372.15405    0   40  474.53534  372.15405  21.6%     -    0s
     0     0  373.20300    0   46  474.53534  373.20300  21.4%     -    0s
     0     0  373.22526    0   44  474.53534  373.22526  21.3%     -    0s
     0     0  373.41894    0   42  474.53534  373.41894  21.3%     -    0s
H    0     0                     466.5522185  373.41894  20.0%     -    0s
     0     0  374.14095    0   39  466.55222  374.14095  19.8%     -    0s
     0     0  375.66415    0   43  466.55222  375.66415  19.5%     -    0s
     0     0  375.66415    0   43  466.55222  375.66415  19.5%     -    0s
     0     0  375.79172    0   47  466.55222  375.79172  19.5%     -    0s
     0     0  375.79172    0   37  466.55222  375.79172  19.5%     -    0s
H    0     0                     438.9106134  396.35288  9.70%     -    0s
     0     0  438.91061    0   16  438.91061  438.91061  0.00%     -    0s

Explored 1 nodes (1042 simplex iterations) in 0.97 seconds
Thread count was 2 (of 4 available processors)

Solution count 8: 438.911 466.552 474.535 ... 930.088

Optimal solution found (tolerance 1.00e-04)
Best objective 4.389106134379e+02, best bound 4.389106134379e+02, gap 0.0000%
Discarded solution information

Gurobi 9.0.2 (win64) logging started Thu Jan 20 10:39:28 2022

Changed value of parameter LogFile to logs\CRVRP_5-3-7-100_2_0.LOG
   Prev:   Default: 
Changed value of parameter Seed to 999470711
   Prev: 0  Min: 0  Max: 2000000000  Default: 0
Changed value of parameter Threads to 2
   Prev: 0  Min: 0  Max: 1024  Default: 0
Changed value of parameter TimeLimit to 60.0
   Prev: inf  Min: 0.0  Max: inf  Default: inf
Changed value of parameter Symmetry to 2
   Prev: -1  Min: -1  Max: 2  Default: -1
Changed value of parameter Cuts to 2
   Prev: -1  Min: -1  Max: 3  Default: -1
Changed value of parameter PreDepRow to 1
   Prev: -1  Min: -1  Max: 1  Default: -1
Changed value of parameter ScaleFlag to 1
   Prev: -1  Min: -1  Max: 3  Default: -1
Changed value of parameter NormAdjust to 0
   Prev: -1  Min: -1  Max: 3  Default: -1
Gurobi Optimizer version 9.0.2 build v9.0.2rc0 (win64)
Optimize a model with 938 rows, 626 columns and 3571 nonzeros
Model fingerprint: 0x65a4358e
Variable types: 28 continuous, 598 integer (402 binary)
Coefficient statistics:
  Matrix range     [1e+00, 1e+06]
  Objective range  [1e+00, 1e+00]
  Bounds range     [1e+00, 1e+04]
  RHS range        [1e+00, 1e+06]
Presolve removed 608 rows and 394 columns
Presolve time: 0.03s
Presolved: 330 rows, 232 columns, 1745 nonzeros
Variable types: 13 continuous, 219 integer (184 binary)
Found heuristic solution: objective 930.0876854

Root relaxation: objective 3.977139e+02, 130 iterations, 0.00 seconds

    Nodes    |    Current Node    |     Objective Bounds      |     Work
 Expl Unexpl |  Obj  Depth IntInf | Incumbent    BestBd   Gap | It/Node Time

     0     0  397.71392    0   26  930.08769  397.71392  57.2%     -    0s
H    0     0                     764.0901877  397.71392  47.9%     -    0s
     0     0  433.29914    0   36  764.09019  433.29914  43.3%     -    0s
H    0     0                     622.7351417  433.29914  30.4%     -    0s
H    0     0                     532.7477405  433.29914  18.7%     -    0s
     0     0  436.26145    0   40  532.74774  436.26145  18.1%     -    0s
     0     0  436.36340    0   40  532.74774  436.36340  18.1%     -    0s
     0     0  442.71351    0   45  532.74774  442.71351  16.9%     -    0s
     0     0  442.77030    0   44  532.74774  442.77030  16.9%     -    0s
     0     0  442.77030    0   44  532.74774  442.77030  16.9%     -    0s
     0     0  448.06032    0   44  532.74774  448.06032  15.9%     -    0s
     0     0  448.13228    0   45  532.74774  448.13228  15.9%     -    0s
     0     0  456.26184    0   42  532.74774  456.26184  14.4%     -    0s
     0     0  456.35718    0   40  532.74774  456.35718  14.3%     -    0s
     0     0  456.35718    0   40  532.74774  456.35718  14.3%     -    0s
     0     0  459.03876    0   42  532.74774  459.03876  13.8%     -    0s
H    0     0                     510.4451496  459.03876  10.1%     -    0s
     0     0  459.43731    0   39  510.44515  459.43731  10.0%     -    0s
     0     0  459.62104    0   45  510.44515  459.62104  10.0%     -    0s
     0     0  459.70973    0   45  510.44515  459.70973  9.94%     -    0s
     0     0  459.70973    0   45  510.44515  459.70973  9.94%     -    0s
     0     0  460.24950    0   42  510.44515  460.24950  9.83%     -    0s
H    0     0                     499.3557630  460.24950  7.83%     -    0s
     0     0  460.61666    0   33  499.35576  460.61666  7.76%     -    0s
     0     0  460.72076    0   39  499.35576  460.72076  7.74%     -    0s
     0     0  460.72076    0   39  499.35576  460.72076  7.74%     -    0s
     0     0  461.38617    0   36  499.35576  461.38617  7.60%     -    0s
     0     0  461.58324    0   37  499.35576  461.58324  7.56%     -    0s
     0     0  461.63491    0   38  499.35576  461.63491  7.55%     -    0s
     0     0  461.78905    0   39  499.35576  461.78905  7.52%     -    0s
     0     0  461.78905    0   39  499.35576  461.78905  7.52%     -    0s
     0     0  461.93761    0   34  499.35576  461.93761  7.49%     -    0s
     0     0  461.93761    0   32  499.35576  461.93761  7.49%     -    0s
     0     0  462.33948    0   35  499.35576  462.33948  7.41%     -    0s
     0     0  462.40148    0   54  499.35576  462.40148  7.40%     -    0s
     0     0  463.46836    0   49  499.35576  463.46836  7.19%     -    0s
     0     0  463.70895    0   22  499.35576  463.70895  7.14%     -    0s
     0     0  463.70895    0   22  499.35576  463.70895  7.14%     -    0s
     0     0  463.70895    0   27  499.35576  463.70895  7.14%     -    0s
H    0     0                     494.4009688  463.70895  6.21%     -    0s
     0     0  463.70895    0   27  494.40097  463.70895  6.21%     -    0s

Gurobi 9.0.2 (win64) logging started Thu Jan 20 11:02:58 2022

Changed value of parameter LogFile to logs\CRVRP_5-3-7-100_2_0.LOG
   Prev:   Default: 
Changed value of parameter Seed to 216314567
   Prev: 0  Min: 0  Max: 2000000000  Default: 0
Changed value of parameter Threads to 2
   Prev: 0  Min: 0  Max: 1024  Default: 0
Changed value of parameter TimeLimit to 60.0
   Prev: inf  Min: 0.0  Max: inf  Default: inf
Changed value of parameter Symmetry to 2
   Prev: -1  Min: -1  Max: 2  Default: -1
Changed value of parameter Cuts to 2
   Prev: -1  Min: -1  Max: 3  Default: -1
Changed value of parameter PreDepRow to 1
   Prev: -1  Min: -1  Max: 1  Default: -1
Changed value of parameter ScaleFlag to 1
   Prev: -1  Min: -1  Max: 3  Default: -1
Changed value of parameter NormAdjust to 0
   Prev: -1  Min: -1  Max: 3  Default: -1
Gurobi Optimizer version 9.0.2 build v9.0.2rc0 (win64)
Optimize a model with 939 rows, 626 columns and 3586 nonzeros
Model fingerprint: 0x1d270fc2
Variable types: 28 continuous, 598 integer (402 binary)
Coefficient statistics:
  Matrix range     [1e+00, 1e+06]
  Objective range  [1e+00, 1e+00]
  Bounds range     [1e+00, 1e+04]
  RHS range        [1e+00, 1e+06]
Presolve removed 609 rows and 394 columns
Presolve time: 0.02s
Presolved: 330 rows, 232 columns, 1745 nonzeros
Variable types: 13 continuous, 219 integer (184 binary)
Found heuristic solution: objective 1417.0015312

Root relaxation: objective 4.424856e+02, 199 iterations, 0.00 seconds

    Nodes    |    Current Node    |     Objective Bounds      |     Work
 Expl Unexpl |  Obj  Depth IntInf | Incumbent    BestBd   Gap | It/Node Time

     0     0  442.48564    0   37 1417.00153  442.48564  68.8%     -    0s
H    0     0                    1035.4275477  442.48564  57.3%     -    0s
H    0     0                     997.3589954  442.48564  55.6%     -    0s
     0     0  452.45154    0   46  997.35900  452.45154  54.6%     -    0s
H    0     0                     890.4114769  452.45154  49.2%     -    0s
     0     0  456.74908    0   47  890.41148  456.74908  48.7%     -    0s
H    0     0                     872.5849587  456.74908  47.7%     -    0s
H    0     0                     852.7477405  456.74908  46.4%     -    0s
     0     0  457.59884    0   51  852.74774  457.59884  46.3%     -    0s
     0     0  457.74100    0   51  852.74774  457.74100  46.3%     -    0s
     0     0  457.80578    0   53  852.74774  457.80578  46.3%     -    0s
     0     0  460.36528    0   51  852.74774  460.36528  46.0%     -    0s
     0     0  460.36528    0   51  852.74774  460.36528  46.0%     -    0s
     0     0  461.13830    0   51  852.74774  461.13830  45.9%     -    0s
     0     0  461.13830    0   53  852.74774  461.13830  45.9%     -    0s
     0     0  461.16145    0   53  852.74774  461.16145  45.9%     -    0s
     0     0  461.18047    0   53  852.74774  461.18047  45.9%     -    0s
     0     0  461.29483    0   52  852.74774  461.29483  45.9%     -    0s
H    0     0                     802.9424229  461.29483  42.5%     -    0s
     0     0  461.36936    0   53  802.94242  461.36936  42.5%     -    0s
     0     0  461.64874    0   59  802.94242  461.64874  42.5%     -    0s
     0     0  461.64874    0   62  802.94242  461.64874  42.5%     -    0s
     0     0  461.85117    0   58  802.94242  461.85117  42.5%     -    0s
     0     0  461.88020    0   59  802.94242  461.88020  42.5%     -    0s
     0     0  461.90350    0   61  802.94242  461.90350  42.5%     -    0s
     0     0  461.93217    0   64  802.94242  461.93217  42.5%     -    0s
     0     0  461.97975    0   60  802.94242  461.97975  42.5%     -    0s
     0     0  461.97975    0   54  802.94242  461.97975  42.5%     -    0s
H    0     0                     769.4951128  461.97975  40.0%     -    0s
     0     2  477.94242    0   53  769.49511  477.94242  37.9%     -    0s
*   36    23              14     764.0901877  477.94242  37.4%  25.8    0s
*  411    88              14     763.1401669  537.33966  29.6%  19.9    1s
*  493   100              11     755.0876854  538.71998  28.7%  19.1    1s

Cutting planes:
  Learned: 1
  Gomory: 10
  Cover: 2
  Implied bound: 17
  MIR: 11
  Flow cover: 55
  Inf proof: 7
  Zero half: 22
  RLT: 55
  Relax-and-lift: 6

Explored 1098 nodes (16873 simplex iterations) in 1.47 seconds
Thread count was 2 (of 4 available processors)

Solution count 10: 755.088 763.14 764.09 ... 1035.43

Optimal solution found (tolerance 1.00e-04)
Best objective 7.550876854168e+02, best bound 7.550876854168e+02, gap 0.0000%
Discarded solution information

Gurobi 9.0.2 (win64) logging started Thu Jan 20 11:03:39 2022

Changed value of parameter LogFile to logs\CRVRP_5-3-7-100_2_0.LOG
   Prev:   Default: 
Changed value of parameter Seed to 25417819
   Prev: 0  Min: 0  Max: 2000000000  Default: 0
Changed value of parameter Threads to 2
   Prev: 0  Min: 0  Max: 1024  Default: 0
Changed value of parameter TimeLimit to 60.0
   Prev: inf  Min: 0.0  Max: inf  Default: inf
Changed value of parameter Symmetry to 2
   Prev: -1  Min: -1  Max: 2  Default: -1
Changed value of parameter Cuts to 2
   Prev: -1  Min: -1  Max: 3  Default: -1
Changed value of parameter PreDepRow to 1
   Prev: -1  Min: -1  Max: 1  Default: -1
Changed value of parameter ScaleFlag to 1
   Prev: -1  Min: -1  Max: 3  Default: -1
Changed value of parameter NormAdjust to 0
   Prev: -1  Min: -1  Max: 3  Default: -1
Gurobi Optimizer version 9.0.2 build v9.0.2rc0 (win64)
Optimize a model with 938 rows, 626 columns and 3571 nonzeros
Model fingerprint: 0xb83cf538
Variable types: 28 continuous, 598 integer (402 binary)
Coefficient statistics:
  Matrix range     [1e+00, 1e+06]
  Objective range  [1e+00, 1e+00]
  Bounds range     [1e+00, 1e+04]
  RHS range        [1e+00, 1e+06]
Presolve removed 608 rows and 394 columns
Presolve time: 0.02s
Presolved: 330 rows, 232 columns, 1745 nonzeros
Variable types: 13 continuous, 219 integer (184 binary)
Found heuristic solution: objective 930.0876854

Root relaxation: objective 3.337200e+02, 147 iterations, 0.00 seconds

    Nodes    |    Current Node    |     Objective Bounds      |     Work
 Expl Unexpl |  Obj  Depth IntInf | Incumbent    BestBd   Gap | It/Node Time

     0     0  333.71998    0   35  930.08769  333.71998  64.1%     -    0s
H    0     0                     826.2006055  333.71998  59.6%     -    0s
     0     0  335.20830    0   45  826.20061  335.20830  59.4%     -    0s
H    0     0                     676.9973681  335.20830  50.5%     -    0s
     0     0  335.20830    0   48  676.99737  335.20830  50.5%     -    0s
     0     0  342.62712    0   46  676.99737  342.62712  49.4%     -    0s
H    0     0                     622.7351417  342.62712  45.0%     -    0s
H    0     0                     589.0901877  342.62712  41.8%     -    0s
     0     0  348.71719    0   42  589.09019  348.71719  40.8%     -    0s
     0     0  348.83504    0   44  589.09019  348.83504  40.8%     -    0s
     0     0  348.83555    0   44  589.09019  348.83555  40.8%     -    0s
     0     0  358.57072    0   43  589.09019  358.57072  39.1%     -    0s
H    0     0                     569.1464543  358.57072  37.0%     -    0s
H    0     0                     530.0876854  358.57072  32.4%     -    0s
     0     0  360.17168    0   45  530.08769  360.17168  32.1%     -    0s
     0     0  361.20714    0   48  530.08769  361.20714  31.9%     -    0s
     0     0  361.20714    0   48  530.08769  361.20714  31.9%     -    0s
     0     0  363.44902    0   46  530.08769  363.44902  31.4%     -    0s
H    0     0                     496.7885307  363.44902  26.8%     -    0s
     0     0  365.72557    0   42  496.78853  365.72557  26.4%     -    0s
     0     0  365.88007    0   45  496.78853  365.88007  26.4%     -    0s
     0     0  370.16578    0   43  496.78853  370.16578  25.5%     -    0s
H    0     0                     491.0099705  370.16578  24.6%     -    0s
     0     0  370.21149    0   46  491.00997  370.21149  24.6%     -    0s
     0     0  370.22294    0   48  491.00997  370.22294  24.6%     -    0s
     0     0  370.47075    0   43  491.00997  370.47075  24.5%     -    0s
     0     0  370.49483    0   45  491.00997  370.49483  24.5%     -    0s
     0     0  370.59731    0   53  491.00997  370.59731  24.5%     -    0s
     0     0  371.22600    0   49  491.00997  371.22600  24.4%     -    0s
     0     0  371.28598    0   53  491.00997  371.28598  24.4%     -    0s
     0     0  371.28598    0   45  491.00997  371.28598  24.4%     -    0s
H    0     0                     438.9106134  371.28598  15.4%     -    0s

Cutting planes:
  Gomory: 4
  Implied bound: 1
  MIR: 4
  StrongCG: 1
  Flow cover: 4
  Zero half: 1
  RLT: 1
  Relax-and-lift: 2

Explored 1 nodes (741 simplex iterations) in 0.67 seconds
Thread count was 2 (of 4 available processors)

Solution count 10: 438.911 491.01 496.789 ... 930.088

Optimal solution found (tolerance 1.00e-04)
Best objective 4.389106134379e+02, best bound 4.389106134379e+02, gap 0.0000%
Discarded solution information

Gurobi 9.0.2 (win64) logging started Thu Jan 20 11:04:15 2022

Changed value of parameter LogFile to logs\CRVRP_5-3-7-100_2_0.LOG
   Prev:   Default: 
Changed value of parameter Seed to 780975757
   Prev: 0  Min: 0  Max: 2000000000  Default: 0
Changed value of parameter Threads to 2
   Prev: 0  Min: 0  Max: 1024  Default: 0
Changed value of parameter TimeLimit to 60.0
   Prev: inf  Min: 0.0  Max: inf  Default: inf
Changed value of parameter Symmetry to 2
   Prev: -1  Min: -1  Max: 2  Default: -1
Changed value of parameter Cuts to 2
   Prev: -1  Min: -1  Max: 3  Default: -1
Changed value of parameter PreDepRow to 1
   Prev: -1  Min: -1  Max: 1  Default: -1
Changed value of parameter ScaleFlag to 1
   Prev: -1  Min: -1  Max: 3  Default: -1
Changed value of parameter NormAdjust to 0
   Prev: -1  Min: -1  Max: 3  Default: -1
Gurobi Optimizer version 9.0.2 build v9.0.2rc0 (win64)
Optimize a model with 939 rows, 626 columns and 3586 nonzeros
Model fingerprint: 0x1d270fc2
Variable types: 28 continuous, 598 integer (402 binary)
Coefficient statistics:
  Matrix range     [1e+00, 1e+06]
  Objective range  [1e+00, 1e+00]
  Bounds range     [1e+00, 1e+04]
  RHS range        [1e+00, 1e+06]
Presolve removed 609 rows and 394 columns
Presolve time: 0.03s
Presolved: 330 rows, 232 columns, 1745 nonzeros
Variable types: 13 continuous, 219 integer (184 binary)
Found heuristic solution: objective 1417.0015312

Root relaxation: objective 4.424856e+02, 216 iterations, 0.00 seconds

    Nodes    |    Current Node    |     Objective Bounds      |     Work
 Expl Unexpl |  Obj  Depth IntInf | Incumbent    BestBd   Gap | It/Node Time

     0     0  442.48564    0   39 1417.00153  442.48564  68.8%     -    0s
H    0     0                     997.3589954  442.48564  55.6%     -    0s
     0     0  451.92234    0   47  997.35900  451.92234  54.7%     -    0s
     0     0  453.98240    0   45  997.35900  453.98240  54.5%     -    0s
H    0     0                     931.3760260  453.98240  51.3%     -    0s
     0     0  454.24418    0   49  931.37603  454.24418  51.2%     -    0s
     0     0  454.24418    0   49  931.37603  454.24418  51.2%     -    0s
     0     0  457.04439    0   52  931.37603  457.04439  50.9%     -    0s
H    0     0                     890.4114769  457.04439  48.7%     -    0s
     0     0  460.08061    0   45  890.41148  460.08061  48.3%     -    0s
     0     0  460.47397    0   49  890.41148  460.47397  48.3%     -    0s
     0     0  460.52011    0   50  890.41148  460.52011  48.3%     -    0s
     0     0  463.26552    0   47  890.41148  463.26552  48.0%     -    0s
H    0     0                     874.4951128  463.26552  47.0%     -    0s
     0     0  463.37423    0   50  874.49511  463.37423  47.0%     -    0s
     0     0  463.37423    0   49  874.49511  463.37423  47.0%     -    0s
H    0     0                     872.7184732  463.37423  46.9%     -    0s
     0     2  472.88383    0   48  872.71847  472.88383  45.8%     -    0s
*   26    26               9     784.4897735  472.88383  39.7%  34.5    0s
*   34    30              13     772.3589954  472.88383  38.8%  29.4    0s
H  197    73                     764.4897735  512.57933  33.0%  21.3    0s
*  204    79              18     764.0901877  526.80569  31.1%  21.2    0s
*  498   118              10     755.0876854  538.71998  28.7%  16.8    0s

Cutting planes:
  Gomory: 10
  Implied bound: 16
  Clique: 2
  MIR: 16
  Flow cover: 71
  Inf proof: 1
  Zero half: 6
  RLT: 47
  Relax-and-lift: 8

Explored 1195 nodes (17038 simplex iterations) in 1.23 seconds
Thread count was 2 (of 4 available processors)

Solution count 10: 755.088 764.09 764.49 ... 997.359

Optimal solution found (tolerance 1.00e-04)
Best objective 7.550876854168e+02, best bound 7.550876854168e+02, gap 0.0000%
Discarded solution information

Gurobi 9.0.2 (win64) logging started Thu Jan 20 11:04:45 2022

Changed value of parameter LogFile to logs\CRVRP_5-3-7-100_2_0.LOG
   Prev:   Default: 
Changed value of parameter Seed to 766739389
   Prev: 0  Min: 0  Max: 2000000000  Default: 0
Changed value of parameter Threads to 2
   Prev: 0  Min: 0  Max: 1024  Default: 0
Changed value of parameter TimeLimit to 60.0
   Prev: inf  Min: 0.0  Max: inf  Default: inf
Changed value of parameter Symmetry to 2
   Prev: -1  Min: -1  Max: 2  Default: -1
Changed value of parameter Cuts to 2
   Prev: -1  Min: -1  Max: 3  Default: -1
Changed value of parameter PreDepRow to 1
   Prev: -1  Min: -1  Max: 1  Default: -1
Changed value of parameter ScaleFlag to 1
   Prev: -1  Min: -1  Max: 3  Default: -1
Changed value of parameter NormAdjust to 0
   Prev: -1  Min: -1  Max: 3  Default: -1
Gurobi Optimizer version 9.0.2 build v9.0.2rc0 (win64)
Optimize a model with 939 rows, 626 columns and 3586 nonzeros
Model fingerprint: 0x1d270fc2
Variable types: 28 continuous, 598 integer (402 binary)
Coefficient statistics:
  Matrix range     [1e+00, 1e+06]
  Objective range  [1e+00, 1e+00]
  Bounds range     [1e+00, 1e+04]
  RHS range        [1e+00, 1e+06]
Presolve removed 609 rows and 394 columns
Presolve time: 0.02s
Presolved: 330 rows, 232 columns, 1745 nonzeros
Variable types: 13 continuous, 219 integer (184 binary)
Found heuristic solution: objective 1417.0015312

Root relaxation: objective 4.424856e+02, 211 iterations, 0.00 seconds

    Nodes    |    Current Node    |     Objective Bounds      |     Work
 Expl Unexpl |  Obj  Depth IntInf | Incumbent    BestBd   Gap | It/Node Time

     0     0  442.48564    0   37 1417.00153  442.48564  68.8%     -    0s
H    0     0                     902.3084610  442.48564  51.0%     -    0s
     0     0  452.33080    0   47  902.30846  452.33080  49.9%     -    0s
H    0     0                     888.1049084  452.33080  49.1%     -    0s
H    0     0                     873.6694440  452.33080  48.2%     -    0s
     0     0  457.12145    0   44  873.66944  457.12145  47.7%     -    0s
     0     0  459.21819    0   49  873.66944  459.21819  47.4%     -    0s
     0     0  459.69017    0   49  873.66944  459.69017  47.4%     -    0s
     0     0  459.69504    0   48  873.66944  459.69504  47.4%     -    0s
     0     0  460.57257    0   51  873.66944  460.57257  47.3%     -    0s
     0     0  461.64245    0   55  873.66944  461.64245  47.2%     -    0s
H    0     0                     852.7477405  461.64245  45.9%     -    0s
     0     0  461.66250    0   58  852.74774  461.66250  45.9%     -    0s
     0     0  461.66250    0   58  852.74774  461.66250  45.9%     -    0s
     0     0  462.67325    0   55  852.74774  462.67325  45.7%     -    0s
     0     0  462.67673    0   57  852.74774  462.67673  45.7%     -    0s
     0     0  463.68418    0   60  852.74774  463.68418  45.6%     -    0s
     0     0  463.80094    0   60  852.74774  463.80094  45.6%     -    0s
     0     0  463.99320    0   58  852.74774  463.99320  45.6%     -    0s
     0     0  464.00541    0   65  852.74774  464.00541  45.6%     -    0s
     0     0  464.05036    0   63  852.74774  464.05036  45.6%     -    0s
     0     0  464.05036    0   58  852.74774  464.05036  45.6%     -    0s
     0     2  469.46804    0   57  852.74774  469.46804  44.9%     -    0s
*   27    22              10     784.4897735  469.46804  40.2%  27.7    0s
H  100    40                     764.0901877  470.11872  38.5%  23.9    0s
*  444    71              11     755.0876854  538.71998  28.7%  17.7    1s

Cutting planes:
  Gomory: 7
  Cover: 3
  Implied bound: 11
  MIR: 35
  Flow cover: 56
  GUB cover: 1
  Inf proof: 2
  Zero half: 12
  Mod-K: 1
  RLT: 51
  Relax-and-lift: 8

Explored 959 nodes (15671 simplex iterations) in 1.43 seconds
Thread count was 2 (of 4 available processors)

Solution count 8: 755.088 764.09 784.49 ... 1417

Optimal solution found (tolerance 1.00e-04)
Best objective 7.550876854168e+02, best bound 7.550876854168e+02, gap 0.0000%
Discarded solution information

Gurobi 9.0.2 (win64) logging started Thu Jan 20 11:18:57 2022

Changed value of parameter LogFile to logs\CRVRP_5-3-7-100_2_0.LOG
   Prev:   Default: 
Changed value of parameter Seed to 132250116
   Prev: 0  Min: 0  Max: 2000000000  Default: 0
Changed value of parameter Threads to 2
   Prev: 0  Min: 0  Max: 1024  Default: 0
Changed value of parameter TimeLimit to 60.0
   Prev: inf  Min: 0.0  Max: inf  Default: inf
Changed value of parameter Symmetry to 2
   Prev: -1  Min: -1  Max: 2  Default: -1
Changed value of parameter Cuts to 2
   Prev: -1  Min: -1  Max: 3  Default: -1
Changed value of parameter PreDepRow to 1
   Prev: -1  Min: -1  Max: 1  Default: -1
Changed value of parameter ScaleFlag to 1
   Prev: -1  Min: -1  Max: 3  Default: -1
Changed value of parameter NormAdjust to 0
   Prev: -1  Min: -1  Max: 3  Default: -1
Gurobi Optimizer version 9.0.2 build v9.0.2rc0 (win64)
Optimize a model with 939 rows, 626 columns and 3599 nonzeros
Model fingerprint: 0xe2760278
Variable types: 28 continuous, 598 integer (402 binary)
Coefficient statistics:
  Matrix range     [1e+00, 1e+06]
  Objective range  [1e+00, 1e+00]
  Bounds range     [1e+00, 1e+04]
  RHS range        [1e+00, 1e+06]
Presolve removed 609 rows and 394 columns
Presolve time: 0.02s
Presolved: 330 rows, 232 columns, 1745 nonzeros
Variable types: 13 continuous, 219 integer (184 binary)
Found heuristic solution: objective 930.0876854

Root relaxation: objective 3.337200e+02, 135 iterations, 0.00 seconds

    Nodes    |    Current Node    |     Objective Bounds      |     Work
 Expl Unexpl |  Obj  Depth IntInf | Incumbent    BestBd   Gap | It/Node Time

     0     0  333.71998    0   21  930.08769  333.71998  64.1%     -    0s
H    0     0                     619.9965742  333.71998  46.2%     -    0s
     0     0  340.64865    0   50  619.99657  340.64865  45.1%     -    0s
H    0     0                     599.3557630  340.64865  43.2%     -    0s
H    0     0                     549.1271924  340.64865  38.0%     -    0s
     0     0  352.64349    0   50  549.12719  352.64349  35.8%     -    0s
     0     0  359.14282    0   52  549.12719  359.14282  34.6%     -    0s
     0     0  359.29951    0   52  549.12719  359.29951  34.6%     -    0s
     0     0  366.49445    0   46  549.12719  366.49445  33.3%     -    0s
     0     0  366.50805    0   53  549.12719  366.50805  33.3%     -    0s
     0     0  367.23989    0   51  549.12719  367.23989  33.1%     -    0s
H    0     0                     518.4976311  367.23989  29.2%     -    0s
     0     0  367.49714    0   43  518.49763  367.49714  29.1%     -    0s
     0     0  367.84511    0   51  518.49763  367.84511  29.1%     -    0s
     0     0  367.85122    0   51  518.49763  367.85122  29.1%     -    0s
     0     0  367.87109    0   57  518.49763  367.87109  29.1%     -    0s
H    0     0                     496.7885307  367.87109  26.0%     -    0s
     0     0  368.54380    0   48  496.78853  368.54380  25.8%     -    0s
     0     0  368.99122    0   45  496.78853  368.99122  25.7%     -    0s
     0     0  368.99122    0   47  496.78853  368.99122  25.7%     -    0s
     0     0  369.18231    0   43  496.78853  369.18231  25.7%     -    0s
     0     0  369.18231    0   36  496.78853  369.18231  25.7%     -    0s
H    0     0                     477.9424229  369.18231  22.8%     -    0s
H    0     0                     474.0901877  369.18231  22.1%     -    0s
H    0     0                     438.9106134  371.42554  15.4%     -    0s
     0     0  438.91061    0   19  438.91061  438.91061  0.00%     -    0s

Explored 1 nodes (800 simplex iterations) in 0.72 seconds
Thread count was 2 (of 4 available processors)

Solution count 9: 438.911 474.09 477.942 ... 930.088

Optimal solution found (tolerance 1.00e-04)
Best objective 4.389106134379e+02, best bound 4.389106134379e+02, gap 0.0000%
Discarded solution information

Gurobi 9.0.2 (win64) logging started Thu Jan 20 11:31:24 2022

Changed value of parameter LogFile to logs\CRVRP_5-3-7-100_2_0.LOG
   Prev:   Default: 
Changed value of parameter Seed to 1455463612
   Prev: 0  Min: 0  Max: 2000000000  Default: 0
Changed value of parameter Threads to 2
   Prev: 0  Min: 0  Max: 1024  Default: 0
Changed value of parameter TimeLimit to 60.0
   Prev: inf  Min: 0.0  Max: inf  Default: inf
Changed value of parameter Symmetry to 2
   Prev: -1  Min: -1  Max: 2  Default: -1
Changed value of parameter Cuts to 2
   Prev: -1  Min: -1  Max: 3  Default: -1
Changed value of parameter PreDepRow to 1
   Prev: -1  Min: -1  Max: 1  Default: -1
Changed value of parameter ScaleFlag to 1
   Prev: -1  Min: -1  Max: 3  Default: -1
Changed value of parameter NormAdjust to 0
   Prev: -1  Min: -1  Max: 3  Default: -1
Gurobi Optimizer version 9.0.2 build v9.0.2rc0 (win64)
Optimize a model with 938 rows, 626 columns and 3575 nonzeros
Model fingerprint: 0xa2352113
Variable types: 28 continuous, 598 integer (402 binary)
Coefficient statistics:
  Matrix range     [1e+00, 1e+06]
  Objective range  [1e+00, 1e+00]
  Bounds range     [1e+00, 1e+04]
  RHS range        [1e+00, 1e+06]
Presolve removed 608 rows and 394 columns
Presolve time: 0.02s
Presolved: 330 rows, 232 columns, 1745 nonzeros
Variable types: 13 continuous, 219 integer (184 binary)
Found heuristic solution: objective 930.0876854

Root relaxation: objective 3.337200e+02, 151 iterations, 0.00 seconds

    Nodes    |    Current Node    |     Objective Bounds      |     Work
 Expl Unexpl |  Obj  Depth IntInf | Incumbent    BestBd   Gap | It/Node Time

     0     0  333.71998    0   23  930.08769  333.71998  64.1%     -    0s
H    0     0                     628.4976311  333.71998  46.9%     -    0s
     0     0  335.30202    0   41  628.49763  335.30202  46.7%     -    0s
H    0     0                     616.9407072  335.30202  45.7%     -    0s
H    0     0                     567.3589954  335.30202  40.9%     -    0s
     0     0  343.65153    0   46  567.35900  343.65153  39.4%     -    0s
H    0     0                     503.0008011  343.65153  31.7%     -    0s
     0     0  350.16560    0   42  503.00080  350.16560  30.4%     -    0s
     0     0  357.53092    0   45  503.00080  357.53092  28.9%     -    0s
     0     0  363.20741    0   51  503.00080  363.20741  27.8%     -    0s
H    0     0                     466.5522185  363.20741  22.2%     -    0s
     0     0  374.87530    0   34  466.55222  374.87530  19.6%     -    0s
     0     0  377.61538    0   32  466.55222  377.61538  19.1%     -    0s
     0     0  379.62287    0   35  466.55222  379.62287  18.6%     -    0s
     0     0  381.62851    0   35  466.55222  381.62851  18.2%     -    0s
     0     0  381.62851    0   39  466.55222  381.62851  18.2%     -    0s
     0     0  387.41015    0   34  466.55222  387.41015  17.0%     -    0s
     0     0  387.41015    0   36  466.55222  387.41015  17.0%     -    0s
     0     0  389.48471    0   40  466.55222  389.48471  16.5%     -    0s
H    0     0                     438.9106134  389.48471  11.3%     -    0s
     0     0  438.91061    0   18  438.91061  438.91061  0.00%     -    0s

Explored 1 nodes (761 simplex iterations) in 0.53 seconds
Thread count was 2 (of 4 available processors)

Solution count 7: 438.911 466.552 503.001 ... 930.088

Optimal solution found (tolerance 1.00e-04)
Best objective 4.389106134379e+02, best bound 4.389106134379e+02, gap 0.0000%
Discarded solution information

Gurobi 9.0.2 (win64) logging started Thu Jan 20 11:49:07 2022

Changed value of parameter LogFile to logs\CRVRP_5-3-7-100_2_0.LOG
   Prev:   Default: 
Changed value of parameter Seed to 300976019
   Prev: 0  Min: 0  Max: 2000000000  Default: 0
Changed value of parameter Threads to 2
   Prev: 0  Min: 0  Max: 1024  Default: 0
Changed value of parameter TimeLimit to 60.0
   Prev: inf  Min: 0.0  Max: inf  Default: inf
Changed value of parameter Symmetry to 2
   Prev: -1  Min: -1  Max: 2  Default: -1
Changed value of parameter Cuts to 2
   Prev: -1  Min: -1  Max: 3  Default: -1
Changed value of parameter PreDepRow to 1
   Prev: -1  Min: -1  Max: 1  Default: -1
Changed value of parameter ScaleFlag to 1
   Prev: -1  Min: -1  Max: 3  Default: -1
Changed value of parameter NormAdjust to 0
   Prev: -1  Min: -1  Max: 3  Default: -1
Gurobi Optimizer version 9.0.2 build v9.0.2rc0 (win64)
Optimize a model with 769 rows, 626 columns and 3092 nonzeros
Model fingerprint: 0xc7897eb9
Variable types: 28 continuous, 598 integer (402 binary)
Coefficient statistics:
  Matrix range     [1e+00, 1e+06]
  Objective range  [1e+00, 1e+00]
  Bounds range     [1e+00, 1e+04]
  RHS range        [1e+00, 1e+06]
Presolve removed 469 rows and 394 columns
Presolve time: 0.02s
Presolved: 300 rows, 232 columns, 1655 nonzeros
Variable types: 13 continuous, 219 integer (184 binary)
Found heuristic solution: objective 997.3589954

Root relaxation: objective 3.337200e+02, 173 iterations, 0.01 seconds

    Nodes    |    Current Node    |     Objective Bounds      |     Work
 Expl Unexpl |  Obj  Depth IntInf | Incumbent    BestBd   Gap | It/Node Time

     0     0  333.71998    0   34  997.35900  333.71998  66.5%     -    0s
H    0     0                     628.4976311  333.71998  46.9%     -    0s
     0     0  335.21541    0   41  628.49763  335.21541  46.7%     -    0s
H    0     0                     590.6809904  335.21541  43.2%     -    0s
     0     0  336.72038    0   41  590.68099  336.72038  43.0%     -    0s
     0     0  336.74381    0   44  590.68099  336.74381  43.0%     -    0s
     0     0  346.11294    0   48  590.68099  346.11294  41.4%     -    0s
     0     0  348.70359    0   48  590.68099  348.70359  41.0%     -    0s
     0     0  349.06936    0   48  590.68099  349.06936  40.9%     -    0s
     0     0  360.32747    0   50  590.68099  360.32747  39.0%     -    0s
H    0     0                     525.5334167  360.32747  31.4%     -    0s
     0     0  361.64182    0   50  525.53342  361.64182  31.2%     -    0s
     0     0  361.64983    0   52  525.53342  361.64983  31.2%     -    0s
     0     0  364.70128    0   53  525.53342  364.70128  30.6%     -    0s
     0     0  364.79282    0   54  525.53342  364.79282  30.6%     -    0s
     0     0  364.83444    0   50  525.53342  364.83444  30.6%     -    0s
     0     0  364.85026    0   56  525.53342  364.85026  30.6%     -    0s
     0     0  364.85237    0   55  525.53342  364.85237  30.6%     -    0s
     0     0  365.43119    0   53  525.53342  365.43119  30.5%     -    0s
     0     0  365.60071    0   54  525.53342  365.60071  30.4%     -    0s
     0     0  365.65579    0   58  525.53342  365.65579  30.4%     -    0s
     0     0  365.95003    0   60  525.53342  365.95003  30.4%     -    0s
H    0     0                     474.0901877  365.95003  22.8%     -    0s
     0     0  369.38407    0   43  474.09019  369.38407  22.1%     -    0s
     0     0  369.47784    0   37  474.09019  369.47784  22.1%     -    0s
     0     0  369.98116    0   44  474.09019  369.98116  22.0%     -    0s
     0     0  369.98116    0   44  474.09019  369.98116  22.0%     -    0s
     0     0  370.33401    0   41  474.09019  370.33401  21.9%     -    0s
     0     0  370.47405    0   41  474.09019  370.47405  21.9%     -    0s
     0     0  371.15913    0   39  474.09019  371.15913  21.7%     -    0s
     0     0  372.05642    0   45  474.09019  372.05642  21.5%     -    0s
     0     0  372.06838    0   45  474.09019  372.06838  21.5%     -    0s
     0     0  373.94756    0   47  474.09019  373.94756  21.1%     -    0s
     0     0  373.98199    0   47  474.09019  373.98199  21.1%     -    0s
     0     0  373.98199    0   47  474.09019  373.98199  21.1%     -    0s
     0     0  374.01810    0   52  474.09019  374.01810  21.1%     -    0s
     0     0  374.01810    0   36  474.09019  374.01810  21.1%     -    0s
H    0     0                     440.0118911  374.01810  15.0%     -    0s
H    0     0                     438.9106134  383.77690  12.6%     -    0s
     0     0  438.91061    0   12  438.91061  438.91061  0.00%     -    0s

Explored 1 nodes (938 simplex iterations) in 0.80 seconds
Thread count was 2 (of 4 available processors)

Solution count 7: 438.911 440.012 474.09 ... 997.359

Optimal solution found (tolerance 1.00e-04)
Best objective 4.389106134379e+02, best bound 4.389106134379e+02, gap 0.0000%
Discarded solution information

Gurobi 9.0.2 (win64) logging started Thu Jan 20 12:03:41 2022

Changed value of parameter LogFile to logs\CRVRP_5-3-7-100_2_0.LOG
   Prev:   Default: 
Changed value of parameter Seed to 1172013734
   Prev: 0  Min: 0  Max: 2000000000  Default: 0
Changed value of parameter Threads to 2
   Prev: 0  Min: 0  Max: 1024  Default: 0
Changed value of parameter TimeLimit to 60.0
   Prev: inf  Min: 0.0  Max: inf  Default: inf
Changed value of parameter Symmetry to 2
   Prev: -1  Min: -1  Max: 2  Default: -1
Changed value of parameter Cuts to 2
   Prev: -1  Min: -1  Max: 3  Default: -1
Changed value of parameter PreDepRow to 1
   Prev: -1  Min: -1  Max: 1  Default: -1
Changed value of parameter ScaleFlag to 1
   Prev: -1  Min: -1  Max: 3  Default: -1
Changed value of parameter NormAdjust to 0
   Prev: -1  Min: -1  Max: 3  Default: -1
Gurobi Optimizer version 9.0.2 build v9.0.2rc0 (win64)
Optimize a model with 769 rows, 626 columns and 3092 nonzeros
Model fingerprint: 0xc7897eb9
Variable types: 28 continuous, 598 integer (402 binary)
Coefficient statistics:
  Matrix range     [1e+00, 1e+06]
  Objective range  [1e+00, 1e+00]
  Bounds range     [1e+00, 1e+04]
  RHS range        [1e+00, 1e+06]
Presolve removed 469 rows and 394 columns
Presolve time: 0.03s
Presolved: 300 rows, 232 columns, 1655 nonzeros
Variable types: 13 continuous, 219 integer (184 binary)
Found heuristic solution: objective 997.3589954

Root relaxation: objective 3.337200e+02, 139 iterations, 0.00 seconds

    Nodes    |    Current Node    |     Objective Bounds      |     Work
 Expl Unexpl |  Obj  Depth IntInf | Incumbent    BestBd   Gap | It/Node Time

     0     0  333.71998    0   24  997.35900  333.71998  66.5%     -    0s
H    0     0                     547.3589954  333.71998  39.0%     -    0s
     0     0  342.76877    0   49  547.35900  342.76877  37.4%     -    0s
H    0     0                     530.0876854  342.76877  35.3%     -    0s
     0     0  357.49409    0   43  530.08769  357.49409  32.6%     -    0s
H    0     0                     466.5522185  357.49409  23.4%     -    0s
     0     0  373.00566    0   21  466.55222  373.00566  20.1%     -    0s
     0     0  373.12989    0   32  466.55222  373.12989  20.0%     -    0s
     0     0  386.47553    0   32  466.55222  386.47553  17.2%     -    0s
     0     0  387.54401    0   31  466.55222  387.54401  16.9%     -    0s
     0     0  404.66519    0   39  466.55222  404.66519  13.3%     -    0s
     0     0  426.50376    0   36  466.55222  426.50376  8.58%     -    0s
     0     0  426.53755    0   44  466.55222  426.53755  8.58%     -    0s
     0     0  427.11410    0   38  466.55222  427.11410  8.45%     -    0s
     0     0  427.11410    0   38  466.55222  427.11410  8.45%     -    0s
     0     0  428.53037    0   42  466.55222  428.53037  8.15%     -    0s
     0     0  428.65957    0   42  466.55222  428.65957  8.12%     -    0s
     0     0  428.66767    0   43  466.55222  428.66767  8.12%     -    0s
     0     0  430.88792    0   33  466.55222  430.88792  7.64%     -    0s
     0     0  430.88792    0   33  466.55222  430.88792  7.64%     -    0s
     0     0  430.88792    0   37  466.55222  430.88792  7.64%     -    0s
     0     0  430.88792    0   37  466.55222  430.88792  7.64%     -    0s
     0     0  438.91061    0    4  466.55222  438.91061  5.92%     -    0s
H    0     0                     438.9106134  438.91061  0.00%     -    0s
     0     0  438.91061    0   11  438.91061  438.91061  0.00%     -    0s

Cutting planes:
  Cover: 1
  Implied bound: 2
  MIR: 3
  StrongCG: 1
  Flow cover: 10
  Zero half: 8
  RLT: 3

Explored 1 nodes (977 simplex iterations) in 0.67 seconds
Thread count was 2 (of 4 available processors)

Solution count 5: 438.911 466.552 530.088 ... 997.359

Optimal solution found (tolerance 1.00e-04)
Best objective 4.389106134379e+02, best bound 4.389106134379e+02, gap 0.0000%
Discarded solution information

Gurobi 9.0.2 (win64) logging started Thu Jan 20 12:32:00 2022

Changed value of parameter LogFile to logs\CRVRP_5-3-7-100_2_0.LOG
   Prev:   Default: 
Changed value of parameter Seed to 1856111370
   Prev: 0  Min: 0  Max: 2000000000  Default: 0
Changed value of parameter Threads to 2
   Prev: 0  Min: 0  Max: 1024  Default: 0
Changed value of parameter TimeLimit to 60.0
   Prev: inf  Min: 0.0  Max: inf  Default: inf
Changed value of parameter Symmetry to 2
   Prev: -1  Min: -1  Max: 2  Default: -1
Changed value of parameter Cuts to 2
   Prev: -1  Min: -1  Max: 3  Default: -1
Changed value of parameter PreDepRow to 1
   Prev: -1  Min: -1  Max: 1  Default: -1
Changed value of parameter ScaleFlag to 1
   Prev: -1  Min: -1  Max: 3  Default: -1
Changed value of parameter NormAdjust to 0
   Prev: -1  Min: -1  Max: 3  Default: -1
Gurobi Optimizer version 9.0.2 build v9.0.2rc0 (win64)
Optimize a model with 769 rows, 626 columns and 3092 nonzeros
Model fingerprint: 0xc7897eb9
Variable types: 28 continuous, 598 integer (402 binary)
Coefficient statistics:
  Matrix range     [1e+00, 1e+06]
  Objective range  [1e+00, 1e+00]
  Bounds range     [1e+00, 1e+04]
  RHS range        [1e+00, 1e+06]
Presolve removed 469 rows and 394 columns
Presolve time: 0.02s
Presolved: 300 rows, 232 columns, 1655 nonzeros
Variable types: 13 continuous, 219 integer (184 binary)
Found heuristic solution: objective 997.3589954

Root relaxation: objective 3.337200e+02, 150 iterations, 0.00 seconds

    Nodes    |    Current Node    |     Objective Bounds      |     Work
 Expl Unexpl |  Obj  Depth IntInf | Incumbent    BestBd   Gap | It/Node Time

     0     0  333.71998    0   30  997.35900  333.71998  66.5%     -    0s
H    0     0                     852.7477405  333.71998  60.9%     -    0s
H    0     0                     764.0901877  333.71998  56.3%     -    0s
     0     0  347.05170    0   46  764.09019  347.05170  54.6%     -    0s
H    0     0                     621.8134383  347.05170  44.2%     -    0s
H    0     0                     496.7885307  347.05170  30.1%     -    0s
     0     0  357.79702    0   42  496.78853  357.79702  28.0%     -    0s
H    0     0                     466.5522185  357.79702  23.3%     -    0s
     0     0  368.67054    0   31  466.55222  368.67054  21.0%     -    0s
     0     0  368.67054    0   31  466.55222  368.67054  21.0%     -    0s
     0     0  376.76199    0   29  466.55222  376.76199  19.2%     -    0s
*    0     0               0     438.9106134  438.91061  0.00%     -    0s

Explored 1 nodes (715 simplex iterations) in 0.14 seconds
Thread count was 2 (of 4 available processors)

Solution count 7: 438.911 466.552 496.789 ... 997.359

Optimal solution found (tolerance 1.00e-04)
Best objective 4.389106134379e+02, best bound 4.389106134379e+02, gap 0.0000%
Discarded solution information

Gurobi 9.0.2 (win64) logging started Thu Jan 20 12:36:15 2022

Changed value of parameter LogFile to logs\CRVRP_5-3-7-100_2_0.LOG
   Prev:   Default: 
Changed value of parameter Seed to 140580493
   Prev: 0  Min: 0  Max: 2000000000  Default: 0
Changed value of parameter Threads to 2
   Prev: 0  Min: 0  Max: 1024  Default: 0
Changed value of parameter TimeLimit to 60.0
   Prev: inf  Min: 0.0  Max: inf  Default: inf
Changed value of parameter Symmetry to 2
   Prev: -1  Min: -1  Max: 2  Default: -1
Changed value of parameter Cuts to 2
   Prev: -1  Min: -1  Max: 3  Default: -1
Changed value of parameter PreDepRow to 1
   Prev: -1  Min: -1  Max: 1  Default: -1
Changed value of parameter ScaleFlag to 1
   Prev: -1  Min: -1  Max: 3  Default: -1
Changed value of parameter NormAdjust to 0
   Prev: -1  Min: -1  Max: 3  Default: -1
Gurobi Optimizer version 9.0.2 build v9.0.2rc0 (win64)
Optimize a model with 769 rows, 626 columns and 3092 nonzeros
Model fingerprint: 0x34423550
Variable types: 28 continuous, 598 integer (402 binary)
Coefficient statistics:
  Matrix range     [1e+00, 1e+06]
  Objective range  [1e+00, 1e+00]
  Bounds range     [1e+00, 1e+04]
  RHS range        [1e+00, 1e+06]
Presolve removed 469 rows and 395 columns
Presolve time: 0.03s
Presolved: 300 rows, 231 columns, 1653 nonzeros
Variable types: 13 continuous, 218 integer (183 binary)
Found heuristic solution: objective 997.3589954

Root relaxation: objective 3.337200e+02, 147 iterations, 0.00 seconds

    Nodes    |    Current Node    |     Objective Bounds      |     Work
 Expl Unexpl |  Obj  Depth IntInf | Incumbent    BestBd   Gap | It/Node Time

     0     0  333.71998    0   37  997.35900  333.71998  66.5%     -    0s
H    0     0                     541.5522185  333.71998  38.4%     -    0s
H    0     0                     530.0876854  333.71998  37.0%     -    0s
     0     0  339.21008    0   50  530.08769  339.21008  36.0%     -    0s
H    0     0                     522.7351417  339.21008  35.1%     -    0s
     0     0  339.21008    0   48  522.73514  339.21008  35.1%     -    0s
     0     0  353.68127    0   54  522.73514  353.68127  32.3%     -    0s
     0     0  356.77478    0   46  522.73514  356.77478  31.7%     -    0s
     0     0  357.80935    0   57  522.73514  357.80935  31.6%     -    0s
     0     0  357.80935    0   57  522.73514  357.80935  31.6%     -    0s
     0     0  362.72259    0   46  522.73514  362.72259  30.6%     -    0s
H    0     0                     502.5759277  362.72259  27.8%     -    0s
     0     0  364.10752    0   48  502.57593  364.10752  27.6%     -    0s
     0     0  364.49592    0   51  502.57593  364.49592  27.5%     -    0s
     0     0  364.70937    0   51  502.57593  364.70937  27.4%     -    0s
     0     0  364.78637    0   50  502.57593  364.78637  27.4%     -    0s
     0     0  366.66214    0   47  502.57593  366.66214  27.0%     -    0s
H    0     0                     483.1802913  366.66214  24.1%     -    0s
H    0     0                     477.9424229  366.66214  23.3%     -    0s
H    0     0                     474.0901877  366.66214  22.7%     -    0s
     0     0  371.51748    0   37  474.09019  371.51748  21.6%     -    0s
     0     0  371.55156    0   46  474.09019  371.55156  21.6%     -    0s
     0     0  371.55156    0   46  474.09019  371.55156  21.6%     -    0s
     0     0  374.70269    0   39  474.09019  374.70269  21.0%     -    0s
H    0     0                     438.9106134  374.70269  14.6%     -    0s
     0     0  387.66167    0   28  438.91061  387.66167  11.7%     -    0s
     0     0  388.45653    0   34  438.91061  388.45653  11.5%     -    0s
     0     0  390.17267    0   35  438.91061  390.17267  11.1%     -    0s
     0     0     cutoff    0       438.91061  438.91061  0.00%     -    0s

Cutting planes:
  Learned: 1
  Cover: 3
  Implied bound: 3
  Projected implied bound: 2
  Clique: 1
  MIR: 9
  StrongCG: 5
  Flow cover: 15
  Zero half: 29
  RLT: 4
  Relax-and-lift: 3

Explored 1 nodes (694 simplex iterations) in 0.48 seconds
Thread count was 2 (of 4 available processors)

Solution count 9: 438.911 474.09 477.942 ... 997.359

Optimal solution found (tolerance 1.00e-04)
Best objective 4.389106134379e+02, best bound 4.389106134379e+02, gap 0.0000%
Discarded solution information
