
Gurobi 9.0.2 (win64) logging started Mon Oct 18 12:12:11 2021

Changed value of parameter LogFile to logs\CRVRP_5-2-5-100_1_1.LOG
   Prev: logs\CRVRP_5-2-5-100_1_0.LOG  Default: 
Changed value of parameter Seed to 1095950303
   Prev: 1381068187  Min: 0  Max: 2000000000  Default: 0
Parameter Threads unchanged
   Value: 8  Min: 0  Max: 1024  Default: 0
Parameter TimeLimit unchanged
   Value: 7200.0  Min: 0.0  Max: inf  Default: inf
Parameter Cuts unchanged
   Value: 0  Min: -1  Max: 3  Default: -1
Parameter ScaleFlag unchanged
   Value: 1  Min: -1  Max: 3  Default: -1
Parameter NormAdjust unchanged
   Value: 0  Min: -1  Max: 3  Default: -1
Gurobi Optimizer version 9.0.2 build v9.0.2rc0 (win64)
Optimize a model with 493 rows, 622 columns and 2356 nonzeros
Model fingerprint: 0x5e55916e
Variable types: 34 continuous, 588 integer (299 binary)
Coefficient statistics:
  Matrix range     [1e+00, 1e+05]
  Objective range  [1e+00, 1e+00]
  Bounds range     [1e+00, 1e+04]
  RHS range        [1e+00, 1e+05]
Presolve removed 57 rows and 156 columns
Presolve time: 0.01s
Presolved: 436 rows, 466 columns, 1970 nonzeros

Warning: Thread count (8) is larger than core count (4)
         Reduce the value of the Threads parameter to improve performance

Variable types: 16 continuous, 450 integer (250 binary)

Root relaxation: objective 0.000000e+00, 71 iterations, 0.00 seconds

    Nodes    |    Current Node    |     Objective Bounds      |     Work
 Expl Unexpl |  Obj  Depth IntInf | Incumbent    BestBd   Gap | It/Node Time

     0     0    0.00000    0    4          -    0.00000      -     -    0s
H    0     0                     133.4756569    0.00000   100%     -    0s
H    0     0                     120.5240464    0.00000   100%     -    0s
H    0     0                     110.0361463    0.00000   100%     -    0s
H    0     0                      25.1592465    0.00000   100%     -    0s
     0     0    0.00000    0    4   25.15925    0.00000   100%     -    0s
H    0     0                       0.0000000    0.00000  0.00%     -    0s
     0     0    0.00000    0   27    0.00000    0.00000  0.00%     -    0s

Explored 1 nodes (356 simplex iterations) in 0.07 seconds
Thread count was 8 (of 4 available processors)

Solution count 5: 0 25.1592 110.036 ... 133.476

Optimal solution found (tolerance 1.00e-04)
Best objective 0.000000000000e+00, best bound 0.000000000000e+00, gap 0.0000%
Discarded solution information

Gurobi 9.0.2 (win64) logging started Mon Oct 18 12:59:04 2021

Changed value of parameter LogFile to logs\CRVRP_5-2-5-100_1_1.LOG
   Prev: logs\CRVRP_5-2-5-100_1_0.LOG  Default: 
Changed value of parameter Seed to 601291942
   Prev: 78194851  Min: 0  Max: 2000000000  Default: 0
Parameter Threads unchanged
   Value: 8  Min: 0  Max: 1024  Default: 0
Parameter TimeLimit unchanged
   Value: 7200.0  Min: 0.0  Max: inf  Default: inf
Parameter Cuts unchanged
   Value: 0  Min: -1  Max: 3  Default: -1
Parameter ScaleFlag unchanged
   Value: 1  Min: -1  Max: 3  Default: -1
Parameter NormAdjust unchanged
   Value: 0  Min: -1  Max: 3  Default: -1
Gurobi Optimizer version 9.0.2 build v9.0.2rc0 (win64)
Optimize a model with 493 rows, 622 columns and 2356 nonzeros
Model fingerprint: 0x5e55916e
Variable types: 34 continuous, 588 integer (299 binary)
Coefficient statistics:
  Matrix range     [1e+00, 1e+05]
  Objective range  [1e+00, 1e+00]
  Bounds range     [1e+00, 1e+04]
  RHS range        [1e+00, 1e+05]
Found heuristic solution: objective 158.8213297
Presolve removed 57 rows and 156 columns
Presolve time: 0.01s
Presolved: 436 rows, 466 columns, 1970 nonzeros

Warning: Thread count (8) is larger than core count (4)
         Reduce the value of the Threads parameter to improve performance

Variable types: 16 continuous, 450 integer (250 binary)

Root relaxation: objective 0.000000e+00, 62 iterations, 0.00 seconds

    Nodes    |    Current Node    |     Objective Bounds      |     Work
 Expl Unexpl |  Obj  Depth IntInf | Incumbent    BestBd   Gap | It/Node Time

     0     0    0.00000    0    6  158.82133    0.00000   100%     -    0s
H    0     0                     106.2422796    0.00000   100%     -    0s
     0     0    0.00000    0    6  106.24228    0.00000   100%     -    0s
H    0     0                       0.0000000    0.00000  0.00%     -    0s
     0     0    0.00000    0   13    0.00000    0.00000  0.00%     -    0s

Explored 1 nodes (380 simplex iterations) in 0.04 seconds
Thread count was 8 (of 4 available processors)

Solution count 3: 0 106.242 158.821 

Optimal solution found (tolerance 1.00e-04)
Best objective 0.000000000000e+00, best bound 0.000000000000e+00, gap 0.0000%
Discarded solution information

Gurobi 9.0.2 (win64) logging started Fri Oct 22 10:57:37 2021

Changed value of parameter LogFile to logs\CRVRP_5-2-5-100_1_1.LOG
   Prev: logs\CRVRP_5-2-5-100_1_0.LOG  Default: 
Changed value of parameter Seed to 1218802037
   Prev: 366779533  Min: 0  Max: 2000000000  Default: 0
Parameter Threads unchanged
   Value: 2  Min: 0  Max: 1024  Default: 0
Parameter TimeLimit unchanged
   Value: 60.0  Min: 0.0  Max: inf  Default: inf
Parameter Symmetry unchanged
   Value: 2  Min: -1  Max: 2  Default: -1
Parameter Cuts unchanged
   Value: 2  Min: -1  Max: 3  Default: -1
Parameter PreDepRow unchanged
   Value: 1  Min: -1  Max: 1  Default: -1
Parameter ScaleFlag unchanged
   Value: 1  Min: -1  Max: 3  Default: -1
Parameter NormAdjust unchanged
   Value: 0  Min: -1  Max: 3  Default: -1
Gurobi Optimizer version 9.0.2 build v9.0.2rc0 (win64)
Optimize a model with 2235 rows, 1506 columns and 8946 nonzeros
Model fingerprint: 0xf4b4b01a
Variable types: 44 continuous, 1462 integer (978 binary)
Coefficient statistics:
  Matrix range     [1e+00, 1e+05]
  Objective range  [1e+00, 1e+00]
  Bounds range     [1e+00, 1e+04]
  RHS range        [1e+00, 1e+05]
Presolve removed 1778 rows and 1131 columns
Presolve time: 0.04s
Presolved: 457 rows, 375 columns, 1990 nonzeros
Variable types: 16 continuous, 359 integer (277 binary)

Root relaxation: objective 6.458694e+01, 106 iterations, 0.00 seconds

    Nodes    |    Current Node    |     Objective Bounds      |     Work
 Expl Unexpl |  Obj  Depth IntInf | Incumbent    BestBd   Gap | It/Node Time

     0     0   64.58694    0   20          -   64.58694      -     -    0s
     0     0   73.58384    0   57          -   73.58384      -     -    0s
     0     0   73.58384    0   45          -   73.58384      -     -    0s
     0     0   82.14275    0   70          -   82.14275      -     -    0s
     0     0   82.14275    0   72          -   82.14275      -     -    0s
     0     0   84.99944    0   74          -   84.99944      -     -    0s
     0     0   85.00685    0   77          -   85.00685      -     -    0s
     0     0   86.08214    0   65          -   86.08214      -     -    0s
     0     0   86.12524    0   68          -   86.12524      -     -    0s
     0     0   86.12524    0   64          -   86.12524      -     -    0s
     0     0   86.38551    0   60          -   86.38551      -     -    0s
     0     0   86.55301    0   66          -   86.55301      -     -    0s
     0     0   86.55301    0   68          -   86.55301      -     -    0s
     0     0   87.04562    0   75          -   87.04562      -     -    0s
     0     0   87.04562    0   78          -   87.04562      -     -    0s
     0     0   87.34760    0   78          -   87.34760      -     -    0s
     0     0   87.34760    0   76          -   87.34760      -     -    0s
     0     0   87.39401    0   81          -   87.39401      -     -    0s
     0     0   87.39401    0   77          -   87.39401      -     -    0s
H    0     0                     187.4676086   87.39401  53.4%     -    0s
H    0     0                     164.6243259   87.39401  46.9%     -    0s
     0     2   87.39401    0   71  164.62433   87.39401  46.9%     -    0s
   782   517  108.18586   36   97  164.62433   96.75284  41.2%  17.4    5s
   837   556  162.39230   50   90  164.62433  100.79589  38.8%  27.8   10s
H  975   566                     164.6243259  111.64547  32.2%  37.3   11s
  3710   331  157.53589   57   39  164.62433  157.46706  4.35%  28.1   15s

Cutting planes:
  Learned: 17
  Gomory: 9
  Cover: 46
  Implied bound: 28
  Projected implied bound: 3
  Clique: 4
  MIR: 32
  Flow cover: 87
  GUB cover: 6
  Inf proof: 4
  Zero half: 8
  Network: 1
  Relax-and-lift: 9

Explored 9051 nodes (233676 simplex iterations) in 19.63 seconds
Thread count was 2 (of 4 available processors)

Solution count 2: 164.624 187.468 

Optimal solution found (tolerance 1.00e-04)
Best objective 1.646243258549e+02, best bound 1.646243258549e+02, gap 0.0000%
Discarded solution information

Gurobi 9.0.2 (win64) logging started Fri Oct 22 14:05:51 2021

Changed value of parameter LogFile to logs\CRVRP_5-2-5-100_1_1.LOG
   Prev: logs\CRVRP_5-2-5-100_1_0.LOG  Default: 
Changed value of parameter Seed to 603094618
   Prev: 689438482  Min: 0  Max: 2000000000  Default: 0
Parameter Threads unchanged
   Value: 2  Min: 0  Max: 1024  Default: 0
Parameter TimeLimit unchanged
   Value: 600.0  Min: 0.0  Max: inf  Default: inf
Parameter Symmetry unchanged
   Value: 2  Min: -1  Max: 2  Default: -1
Parameter Cuts unchanged
   Value: 2  Min: -1  Max: 3  Default: -1
Parameter PreDepRow unchanged
   Value: 1  Min: -1  Max: 1  Default: -1
Parameter ScaleFlag unchanged
   Value: 1  Min: -1  Max: 3  Default: -1
Parameter NormAdjust unchanged
   Value: 0  Min: -1  Max: 3  Default: -1
Gurobi Optimizer version 9.0.2 build v9.0.2rc0 (win64)
Optimize a model with 2587 rows, 1506 columns and 9274 nonzeros
Model fingerprint: 0xab11c0ff
Variable types: 44 continuous, 1462 integer (978 binary)
Coefficient statistics:
  Matrix range     [1e+00, 1e+05]
  Objective range  [1e+00, 1e+00]
  Bounds range     [1e+00, 1e+04]
  RHS range        [1e+00, 1e+05]
Presolve removed 1608 rows and 1092 columns
Presolve time: 0.02s

Explored 0 nodes (0 simplex iterations) in 0.02 seconds
Thread count was 1 (of 4 available processors)

Solution count 0

Model is infeasible
Best objective -, best bound -, gap -

Computing Irreducible Inconsistent Subsystem (IIS)...

      Constraints           Bounds       Runtime
     Min       Max       Min      Max
------------------------------------------------
        0     2587         0     1345         0s
        0     2120         0     1095         5s
        9     1467         0     1010        10s
       89     1202         0      964        15s
       89      744         0      870        20s
      179      179        11      179        25s
      179      179        57       57        26s

IIS computed: 179 constraints, 57 bounds
IIS runtime: 25.84 seconds
Discarded solution information

Gurobi 9.0.2 (win64) logging started Fri Oct 22 14:19:32 2021

Changed value of parameter LogFile to logs\CRVRP_5-2-5-100_1_1.LOG
   Prev: logs\CRVRP_5-2-5-100_1_0.LOG  Default: 
Changed value of parameter Seed to 1316531598
   Prev: 944065568  Min: 0  Max: 2000000000  Default: 0
Parameter Threads unchanged
   Value: 2  Min: 0  Max: 1024  Default: 0
Parameter TimeLimit unchanged
   Value: 600.0  Min: 0.0  Max: inf  Default: inf
Parameter Symmetry unchanged
   Value: 2  Min: -1  Max: 2  Default: -1
Parameter Cuts unchanged
   Value: 2  Min: -1  Max: 3  Default: -1
Parameter PreDepRow unchanged
   Value: 1  Min: -1  Max: 1  Default: -1
Parameter ScaleFlag unchanged
   Value: 1  Min: -1  Max: 3  Default: -1
Parameter NormAdjust unchanged
   Value: 0  Min: -1  Max: 3  Default: -1
Gurobi Optimizer version 9.0.2 build v9.0.2rc0 (win64)
Optimize a model with 2559 rows, 1506 columns and 9246 nonzeros
Model fingerprint: 0xb4deaeaa
Variable types: 44 continuous, 1462 integer (978 binary)
Coefficient statistics:
  Matrix range     [1e+00, 1e+05]
  Objective range  [1e+00, 1e+00]
  Bounds range     [1e+00, 1e+04]
  RHS range        [1e+00, 1e+05]
Presolve removed 837 rows and 506 columns
Presolve time: 0.00s

Explored 0 nodes (0 simplex iterations) in 0.00 seconds
Thread count was 1 (of 4 available processors)

Solution count 0

Model is infeasible
Best objective -, best bound -, gap -

Computing Irreducible Inconsistent Subsystem (IIS)...

      Constraints           Bounds       Runtime
     Min       Max       Min      Max
------------------------------------------------
        0     2559         0     1345         0s
        2        2         2        2         0s

IIS computed: 2 constraints, 2 bounds
IIS runtime: 0.03 seconds
Discarded solution information

Gurobi 9.0.2 (win64) logging started Mon Oct 25 10:29:07 2021

Changed value of parameter LogFile to logs\CRVRP_5-2-5-100_1_1.LOG
   Prev: logs\CRVRP_5-2-5-100_1_0.LOG  Default: 
Changed value of parameter Seed to 1903542575
   Prev: 916893134  Min: 0  Max: 2000000000  Default: 0
Parameter Threads unchanged
   Value: 2  Min: 0  Max: 1024  Default: 0
Parameter TimeLimit unchanged
   Value: 600.0  Min: 0.0  Max: inf  Default: inf
Parameter Symmetry unchanged
   Value: 2  Min: -1  Max: 2  Default: -1
Parameter Cuts unchanged
   Value: 2  Min: -1  Max: 3  Default: -1
Parameter PreDepRow unchanged
   Value: 1  Min: -1  Max: 1  Default: -1
Parameter ScaleFlag unchanged
   Value: 1  Min: -1  Max: 3  Default: -1
Parameter NormAdjust unchanged
   Value: 0  Min: -1  Max: 3  Default: -1
Gurobi Optimizer version 9.0.2 build v9.0.2rc0 (win64)
Optimize a model with 2564 rows, 1506 columns and 9371 nonzeros
Model fingerprint: 0x4ecef719
Variable types: 44 continuous, 1462 integer (978 binary)
Coefficient statistics:
  Matrix range     [1e+00, 1e+05]
  Objective range  [1e+00, 1e+00]
  Bounds range     [1e+00, 1e+04]
  RHS range        [1e+00, 1e+05]
Presolve removed 1570 rows and 949 columns
Presolve time: 0.00s

Explored 0 nodes (0 simplex iterations) in 0.00 seconds
Thread count was 1 (of 4 available processors)

Solution count 0

Model is infeasible
Best objective -, best bound -, gap -

Computing Irreducible Inconsistent Subsystem (IIS)...

      Constraints           Bounds       Runtime
     Min       Max       Min      Max
------------------------------------------------
        0     2564         0     1360         0s
       89       89       108      108         1s

IIS computed: 89 constraints, 108 bounds
IIS runtime: 0.82 seconds
Warning: linear constraint 14 and linear constraint 17 have the same name "MaxNumberRobotsStart[2]"
Discarded solution information

Gurobi 9.0.2 (win64) logging started Mon Oct 25 10:29:27 2021

Changed value of parameter LogFile to logs\CRVRP_5-2-5-100_1_1.LOG
   Prev: logs\CRVRP_5-2-5-100_1_0.LOG  Default: 
Changed value of parameter Seed to 709013076
   Prev: 1216970295  Min: 0  Max: 2000000000  Default: 0
Parameter Threads unchanged
   Value: 2  Min: 0  Max: 1024  Default: 0
Parameter TimeLimit unchanged
   Value: 600.0  Min: 0.0  Max: inf  Default: inf
Parameter Symmetry unchanged
   Value: 2  Min: -1  Max: 2  Default: -1
Parameter Cuts unchanged
   Value: 2  Min: -1  Max: 3  Default: -1
Parameter PreDepRow unchanged
   Value: 1  Min: -1  Max: 1  Default: -1
Parameter ScaleFlag unchanged
   Value: 1  Min: -1  Max: 3  Default: -1
Parameter NormAdjust unchanged
   Value: 0  Min: -1  Max: 3  Default: -1
Gurobi Optimizer version 9.0.2 build v9.0.2rc0 (win64)
Optimize a model with 2564 rows, 1506 columns and 9371 nonzeros
Model fingerprint: 0x4b40b69a
Variable types: 44 continuous, 1462 integer (978 binary)
Coefficient statistics:
  Matrix range     [1e+00, 1e+05]
  Objective range  [1e+00, 1e+00]
  Bounds range     [1e+00, 1e+04]
  RHS range        [1e+00, 1e+05]
Presolve removed 1517 rows and 925 columns
Presolve time: 0.00s

Explored 0 nodes (0 simplex iterations) in 0.02 seconds
Thread count was 1 (of 4 available processors)

Solution count 0

Model is infeasible
Best objective -, best bound -, gap -

Computing Irreducible Inconsistent Subsystem (IIS)...

      Constraints           Bounds       Runtime
     Min       Max       Min      Max
------------------------------------------------
        0     2564         0     1345         0s
       55       55        32       32         0s

IIS computed: 55 constraints, 32 bounds
IIS runtime: 0.35 seconds
Discarded solution information

Gurobi 9.0.2 (win64) logging started Mon Oct 25 10:31:01 2021

Changed value of parameter LogFile to logs\CRVRP_5-2-5-100_1_1.LOG
   Prev: logs\CRVRP_5-2-5-100_1_0.LOG  Default: 
Changed value of parameter Seed to 1318067325
   Prev: 1479185775  Min: 0  Max: 2000000000  Default: 0
Parameter Threads unchanged
   Value: 2  Min: 0  Max: 1024  Default: 0
Parameter TimeLimit unchanged
   Value: 600.0  Min: 0.0  Max: inf  Default: inf
Parameter Symmetry unchanged
   Value: 2  Min: -1  Max: 2  Default: -1
Parameter Cuts unchanged
   Value: 2  Min: -1  Max: 3  Default: -1
Parameter PreDepRow unchanged
   Value: 1  Min: -1  Max: 1  Default: -1
Parameter ScaleFlag unchanged
   Value: 1  Min: -1  Max: 3  Default: -1
Parameter NormAdjust unchanged
   Value: 0  Min: -1  Max: 3  Default: -1
Gurobi Optimizer version 9.0.2 build v9.0.2rc0 (win64)
Optimize a model with 2564 rows, 1506 columns and 9381 nonzeros
Model fingerprint: 0x1ce4cd4e
Variable types: 44 continuous, 1462 integer (978 binary)
Coefficient statistics:
  Matrix range     [1e+00, 1e+05]
  Objective range  [1e+00, 1e+00]
  Bounds range     [1e+00, 1e+04]
  RHS range        [1e+00, 1e+05]
Presolve removed 2308 rows and 1312 columns
Presolve time: 0.02s
Presolved: 256 rows, 194 columns, 1116 nonzeros
Variable types: 13 continuous, 181 integer (138 binary)

Root relaxation: objective 6.298806e+03, 165 iterations, 0.00 seconds

    Nodes    |    Current Node    |     Objective Bounds      |     Work
 Expl Unexpl |  Obj  Depth IntInf | Incumbent    BestBd   Gap | It/Node Time

     0     0 6298.80562    0   13          - 6298.80562      -     -    0s
H    0     0                    7912.2705771 6298.80562  20.4%     -    0s
H    0     0                    7666.8284149 6298.80562  17.8%     -    0s
H    0     0                    6507.4998809 6298.80562  3.21%     -    0s
     0     0 6298.80562    0   28 6507.49988 6298.80562  3.21%     -    0s
H    0     0                    6501.1817206 6298.80562  3.11%     -    0s
     0     0 6298.80562    0    5 6501.18172 6298.80562  3.11%     -    0s
     0     0 6298.80562    0    5 6501.18172 6298.80562  3.11%     -    0s
     0     0 6298.80562    0    4 6501.18172 6298.80562  3.11%     -    0s
     0     0 6298.80562    0    4 6501.18172 6298.80562  3.11%     -    0s
     0     0 6298.80562    0    4 6501.18172 6298.80562  3.11%     -    0s
     0     2 6298.80562    0    4 6501.18172 6298.80562  3.11%     -    0s
*   86    28              14    6493.2741979 6298.80562  2.99%  12.0    0s
H  115    32                    6491.6998721 6298.80562  2.97%  10.6    0s

Cutting planes:
  Learned: 2
  Gomory: 4
  Implied bound: 17
  Projected implied bound: 2
  MIR: 15
  Flow cover: 39
  RLT: 33
  Relax-and-lift: 6

Explored 202 nodes (2673 simplex iterations) in 0.35 seconds
Thread count was 2 (of 4 available processors)

Solution count 6: 6491.7 6493.27 6501.18 ... 7912.27

Optimal solution found (tolerance 1.00e-04)
Best objective 6.491699872074e+03, best bound 6.491699872074e+03, gap 0.0000%
Discarded solution information

Gurobi 9.0.2 (win64) logging started Mon Oct 25 13:03:01 2021

Changed value of parameter LogFile to logs\CRVRP_5-2-5-100_1_1.LOG
   Prev: logs\CRVRP_5-2-5-100_1_0.LOG  Default: 
Changed value of parameter Seed to 780532979
   Prev: 95296189  Min: 0  Max: 2000000000  Default: 0
Parameter Threads unchanged
   Value: 2  Min: 0  Max: 1024  Default: 0
Parameter TimeLimit unchanged
   Value: 60.0  Min: 0.0  Max: inf  Default: inf
Parameter Symmetry unchanged
   Value: 2  Min: -1  Max: 2  Default: -1
Parameter Cuts unchanged
   Value: 2  Min: -1  Max: 3  Default: -1
Parameter PreDepRow unchanged
   Value: 1  Min: -1  Max: 1  Default: -1
Parameter ScaleFlag unchanged
   Value: 1  Min: -1  Max: 3  Default: -1
Parameter NormAdjust unchanged
   Value: 0  Min: -1  Max: 3  Default: -1
Gurobi Optimizer version 9.0.2 build v9.0.2rc0 (win64)
Optimize a model with 2584 rows, 1506 columns and 9811 nonzeros
Model fingerprint: 0xb6a26494
Variable types: 44 continuous, 1462 integer (978 binary)
Coefficient statistics:
  Matrix range     [1e+00, 1e+06]
  Objective range  [1e+00, 1e+00]
  Bounds range     [1e+00, 1e+04]
  RHS range        [1e+00, 1e+06]
Presolve removed 898 rows and 853 columns
Presolve time: 0.00s

Explored 0 nodes (0 simplex iterations) in 0.00 seconds
Thread count was 1 (of 4 available processors)

Solution count 0

Model is infeasible
Best objective -, best bound -, gap -

Computing Irreducible Inconsistent Subsystem (IIS)...

      Constraints           Bounds       Runtime
     Min       Max       Min      Max
------------------------------------------------
        0     2584         0     1360         0s
       18       18        12       12         0s

IIS computed: 18 constraints, 12 bounds
IIS runtime: 0.17 seconds
Discarded solution information

Gurobi 9.0.2 (win64) logging started Mon Oct 25 13:03:56 2021

Changed value of parameter LogFile to logs\CRVRP_5-2-5-100_1_1.LOG
   Prev: logs\CRVRP_5-2-5-100_1_0.LOG  Default: 
Changed value of parameter Seed to 1274209768
   Prev: 573012676  Min: 0  Max: 2000000000  Default: 0
Parameter Threads unchanged
   Value: 2  Min: 0  Max: 1024  Default: 0
Parameter TimeLimit unchanged
   Value: 60.0  Min: 0.0  Max: inf  Default: inf
Parameter Symmetry unchanged
   Value: 2  Min: -1  Max: 2  Default: -1
Parameter Cuts unchanged
   Value: 2  Min: -1  Max: 3  Default: -1
Parameter PreDepRow unchanged
   Value: 1  Min: -1  Max: 1  Default: -1
Parameter ScaleFlag unchanged
   Value: 1  Min: -1  Max: 3  Default: -1
Parameter NormAdjust unchanged
   Value: 0  Min: -1  Max: 3  Default: -1
Gurobi Optimizer version 9.0.2 build v9.0.2rc0 (win64)
Optimize a model with 2583 rows, 1506 columns and 9810 nonzeros
Model fingerprint: 0xfe95164b
Variable types: 44 continuous, 1462 integer (978 binary)
Coefficient statistics:
  Matrix range     [1e+00, 1e+06]
  Objective range  [1e+00, 1e+00]
  Bounds range     [1e+00, 1e+04]
  RHS range        [1e+00, 1e+06]
Presolve removed 975 rows and 818 columns
Presolve time: 0.00s

Explored 0 nodes (0 simplex iterations) in 0.00 seconds
Thread count was 1 (of 4 available processors)

Solution count 0

Model is infeasible
Best objective -, best bound -, gap -

Computing Irreducible Inconsistent Subsystem (IIS)...

      Constraints           Bounds       Runtime
     Min       Max       Min      Max
------------------------------------------------
        0     2583         0     1360         0s
       18       18        12       12         0s

IIS computed: 18 constraints, 12 bounds
IIS runtime: 0.18 seconds
Discarded solution information

Gurobi 9.0.2 (win64) logging started Fri Oct 29 14:21:21 2021

Changed value of parameter LogFile to logs\CRVRP_5-2-5-100_1_1.LOG
   Prev: logs\CRVRP_5-2-5-100_1_0.LOG  Default: 
Changed value of parameter Seed to 276905149
   Prev: 806839375  Min: 0  Max: 2000000000  Default: 0
Parameter Threads unchanged
   Value: 2  Min: 0  Max: 1024  Default: 0
Parameter TimeLimit unchanged
   Value: 60.0  Min: 0.0  Max: inf  Default: inf
Parameter Symmetry unchanged
   Value: 2  Min: -1  Max: 2  Default: -1
Parameter Cuts unchanged
   Value: 2  Min: -1  Max: 3  Default: -1
Parameter PreDepRow unchanged
   Value: 1  Min: -1  Max: 1  Default: -1
Parameter ScaleFlag unchanged
   Value: 1  Min: -1  Max: 3  Default: -1
Parameter NormAdjust unchanged
   Value: 0  Min: -1  Max: 3  Default: -1
Gurobi Optimizer version 9.0.2 build v9.0.2rc0 (win64)
Optimize a model with 942 rows, 626 columns and 3911 nonzeros
Model fingerprint: 0xc3776d5a
Variable types: 28 continuous, 598 integer (402 binary)
Coefficient statistics:
  Matrix range     [1e+00, 1e+06]
  Objective range  [1e+00, 1e+00]
  Bounds range     [1e+00, 1e+04]
  RHS range        [1e+00, 1e+06]
Presolve removed 772 rows and 501 columns
Presolve time: 0.01s
Presolved: 170 rows, 125 columns, 811 nonzeros
Variable types: 9 continuous, 116 integer (91 binary)

Root relaxation: objective 3.952784e+03, 91 iterations, 0.00 seconds

    Nodes    |    Current Node    |     Objective Bounds      |     Work
 Expl Unexpl |  Obj  Depth IntInf | Incumbent    BestBd   Gap | It/Node Time

     0     0 3952.78447    0   13          - 3952.78447      -     -    0s
H    0     0                    5247.6060548 3952.78447  24.7%     -    0s
     0     0 3952.78447    0   22 5247.60605 3952.78447  24.7%     -    0s
H    0     0                    3952.7844690 3952.78447  0.00%     -    0s
     0     0 3952.78447    0   22 3952.78447 3952.78447  0.00%     -    0s

Cutting planes:
  Gomory: 1
  Cover: 3
  Implied bound: 1
  MIR: 1
  Flow cover: 4

Explored 1 nodes (249 simplex iterations) in 0.04 seconds
Thread count was 2 (of 4 available processors)

Solution count 2: 3952.78 5247.61 

Optimal solution found (tolerance 1.00e-04)
Best objective 3.952784469027e+03, best bound 3.952784469027e+03, gap 0.0000%
Discarded solution information

Gurobi 9.0.2 (win64) logging started Fri Oct 29 14:29:18 2021

Changed value of parameter LogFile to logs\CRVRP_5-2-5-100_1_1.LOG
   Prev: logs\CRVRP_5-2-5-100_1_0.LOG  Default: 
Changed value of parameter Seed to 1084024512
   Prev: 678999280  Min: 0  Max: 2000000000  Default: 0
Parameter Threads unchanged
   Value: 2  Min: 0  Max: 1024  Default: 0
Parameter TimeLimit unchanged
   Value: 60.0  Min: 0.0  Max: inf  Default: inf
Parameter Symmetry unchanged
   Value: 2  Min: -1  Max: 2  Default: -1
Parameter Cuts unchanged
   Value: 2  Min: -1  Max: 3  Default: -1
Parameter PreDepRow unchanged
   Value: 1  Min: -1  Max: 1  Default: -1
Parameter ScaleFlag unchanged
   Value: 1  Min: -1  Max: 3  Default: -1
Parameter NormAdjust unchanged
   Value: 0  Min: -1  Max: 3  Default: -1
Gurobi Optimizer version 9.0.2 build v9.0.2rc0 (win64)
Optimize a model with 939 rows, 626 columns and 3908 nonzeros
Model fingerprint: 0xccf89a22
Variable types: 28 continuous, 598 integer (402 binary)
Coefficient statistics:
  Matrix range     [1e+00, 1e+06]
  Objective range  [1e+00, 1e+00]
  Bounds range     [1e+00, 1e+04]
  RHS range        [1e+00, 1e+06]
Presolve removed 167 rows and 193 columns
Presolve time: 0.00s

Explored 0 nodes (0 simplex iterations) in 0.00 seconds
Thread count was 1 (of 4 available processors)

Solution count 0

Model is infeasible
Best objective -, best bound -, gap -

IIS computed: 1 constraints, 0 bounds
IIS runtime: 0.00 seconds
Discarded solution information

Gurobi 9.0.2 (win64) logging started Fri Oct 29 14:33:51 2021

Changed value of parameter LogFile to logs\CRVRP_5-2-5-100_1_1.LOG
   Prev: logs\CRVRP_5-2-5-100_1_0.LOG  Default: 
Changed value of parameter Seed to 1894530623
   Prev: 839659430  Min: 0  Max: 2000000000  Default: 0
Parameter Threads unchanged
   Value: 2  Min: 0  Max: 1024  Default: 0
Parameter TimeLimit unchanged
   Value: 60.0  Min: 0.0  Max: inf  Default: inf
Parameter Symmetry unchanged
   Value: 2  Min: -1  Max: 2  Default: -1
Parameter Cuts unchanged
   Value: 2  Min: -1  Max: 3  Default: -1
Parameter PreDepRow unchanged
   Value: 1  Min: -1  Max: 1  Default: -1
Parameter ScaleFlag unchanged
   Value: 1  Min: -1  Max: 3  Default: -1
Parameter NormAdjust unchanged
   Value: 0  Min: -1  Max: 3  Default: -1
Gurobi Optimizer version 9.0.2 build v9.0.2rc0 (win64)
Optimize a model with 941 rows, 626 columns and 3910 nonzeros
Model fingerprint: 0xee418216
Variable types: 28 continuous, 598 integer (402 binary)
Coefficient statistics:
  Matrix range     [1e+00, 1e+06]
  Objective range  [1e+00, 1e+00]
  Bounds range     [1e+00, 1e+04]
  RHS range        [1e+00, 1e+06]
Presolve removed 244 rows and 220 columns
Presolve time: 0.00s

Explored 0 nodes (0 simplex iterations) in 0.00 seconds
Thread count was 1 (of 4 available processors)

Solution count 0

Model is infeasible
Best objective -, best bound -, gap -

Computing Irreducible Inconsistent Subsystem (IIS)...

      Constraints           Bounds       Runtime
     Min       Max       Min      Max
------------------------------------------------
        0      941         0      559         0s
        4        4         0        0         0s

IIS computed: 4 constraints, 0 bounds
IIS runtime: 0.02 seconds
Discarded solution information

Gurobi 9.0.2 (win64) logging started Fri Oct 29 14:34:05 2021

Changed value of parameter LogFile to logs\CRVRP_5-2-5-100_1_1.LOG
   Prev: logs\CRVRP_5-2-5-100_1_0.LOG  Default: 
Changed value of parameter Seed to 713821064
   Prev: 256254402  Min: 0  Max: 2000000000  Default: 0
Parameter Threads unchanged
   Value: 2  Min: 0  Max: 1024  Default: 0
Parameter TimeLimit unchanged
   Value: 60.0  Min: 0.0  Max: inf  Default: inf
Parameter Symmetry unchanged
   Value: 2  Min: -1  Max: 2  Default: -1
Parameter Cuts unchanged
   Value: 2  Min: -1  Max: 3  Default: -1
Parameter PreDepRow unchanged
   Value: 1  Min: -1  Max: 1  Default: -1
Parameter ScaleFlag unchanged
   Value: 1  Min: -1  Max: 3  Default: -1
Parameter NormAdjust unchanged
   Value: 0  Min: -1  Max: 3  Default: -1
Gurobi Optimizer version 9.0.2 build v9.0.2rc0 (win64)
Optimize a model with 941 rows, 626 columns and 3910 nonzeros
Model fingerprint: 0x695e4938
Variable types: 28 continuous, 598 integer (402 binary)
Coefficient statistics:
  Matrix range     [1e+00, 1e+06]
  Objective range  [1e+00, 1e+00]
  Bounds range     [1e+00, 1e+04]
  RHS range        [1e+00, 1e+06]
Presolve removed 730 rows and 477 columns
Presolve time: 0.02s
Presolved: 211 rows, 149 columns, 1060 nonzeros
Variable types: 10 continuous, 139 integer (115 binary)
Found heuristic solution: objective 8946.3208611

Root relaxation: objective 2.645968e+03, 106 iterations, 0.00 seconds

    Nodes    |    Current Node    |     Objective Bounds      |     Work
 Expl Unexpl |  Obj  Depth IntInf | Incumbent    BestBd   Gap | It/Node Time

     0     0 2645.96750    0   14 8946.32086 2645.96750  70.4%     -    0s
H    0     0                    8606.2422796 2645.96750  69.3%     -    0s
     0     0 3599.40977    0   54 8606.24228 3599.40977  58.2%     -    0s
H    0     0                    6370.0591200 3599.40977  43.5%     -    0s
     0     0 3599.61403    0   59 6370.05912 3599.61403  43.5%     -    0s
     0     0 3663.57276    0   53 6370.05912 3663.57276  42.5%     -    0s
H    0     0                    6288.6714113 3663.57276  41.7%     -    0s
     0     0 3667.13531    0   50 6288.67141 3667.13531  41.7%     -    0s
     0     0 3668.70858    0   50 6288.67141 3668.70858  41.7%     -    0s
     0     0 3761.81539    0   43 6288.67141 3761.81539  40.2%     -    0s
     0     0 3761.81539    0   43 6288.67141 3761.81539  40.2%     -    0s

Gurobi 9.0.2 (win64) logging started Tue Nov  2 14:44:50 2021

Changed value of parameter LogFile to logs\CRVRP_5-2-5-100_1_1.LOG
   Prev: logs\CRVRP_5-2-5-100_1_0.LOG  Default: 
Changed value of parameter Seed to 677359820
   Prev: 525092821  Min: 0  Max: 2000000000  Default: 0
Parameter Threads unchanged
   Value: 2  Min: 0  Max: 1024  Default: 0
Parameter TimeLimit unchanged
   Value: 1800.0  Min: 0.0  Max: inf  Default: inf
Parameter Symmetry unchanged
   Value: 2  Min: -1  Max: 2  Default: -1
Parameter Cuts unchanged
   Value: 2  Min: -1  Max: 3  Default: -1
Parameter PreDepRow unchanged
   Value: 1  Min: -1  Max: 1  Default: -1
Parameter ScaleFlag unchanged
   Value: 1  Min: -1  Max: 3  Default: -1
Parameter NormAdjust unchanged
   Value: 0  Min: -1  Max: 3  Default: -1
Gurobi Optimizer version 9.0.2 build v9.0.2rc0 (win64)
Optimize a model with 940 rows, 626 columns and 3854 nonzeros
Model fingerprint: 0xec2cddff
Variable types: 28 continuous, 598 integer (402 binary)
Coefficient statistics:
  Matrix range     [1e+00, 1e+06]
  Objective range  [1e+00, 1e+00]
  Bounds range     [1e+00, 1e+04]
  RHS range        [1e+00, 1e+06]
Presolve removed 678 rows and 449 columns
Presolve time: 0.02s
Presolved: 262 rows, 177 columns, 1248 nonzeros
Variable types: 11 continuous, 166 integer (144 binary)
Found heuristic solution: objective 8087.8330813
Found heuristic solution: objective 7836.0097427

Root relaxation: objective 4.652486e+03, 177 iterations, 0.01 seconds

    Nodes    |    Current Node    |     Objective Bounds      |     Work
 Expl Unexpl |  Obj  Depth IntInf | Incumbent    BestBd   Gap | It/Node Time

     0     0 4652.48642    0   27 7836.00974 4652.48642  40.6%     -    0s
H    0     0                    7765.8599083 4652.48642  40.1%     -    0s
     0     0 4681.84486    0   49 7765.85991 4681.84486  39.7%     -    0s
     0     0 4681.87965    0   51 7765.85991 4681.87965  39.7%     -    0s
     0     0 4681.87965    0   52 7765.85991 4681.87965  39.7%     -    0s
     0     0 4750.00518    0   52 7765.85991 4750.00518  38.8%     -    0s
     0     0 4773.60878    0   56 7765.85991 4773.60878  38.5%     -    0s
     0     0 4773.60878    0   56 7765.85991 4773.60878  38.5%     -    0s
     0     0 4791.74753    0   51 7765.85991 4791.74753  38.3%     -    0s
     0     0 4792.22137    0   55 7765.85991 4792.22137  38.3%     -    0s
     0     0 4792.28649    0   57 7765.85991 4792.28649  38.3%     -    0s
     0     0 4792.84369    0   51 7765.85991 4792.84369  38.3%     -    0s
     0     0 4792.84482    0   55 7765.85991 4792.84482  38.3%     -    0s
     0     0 4824.47395    0   57 7765.85991 4824.47395  37.9%     -    0s
     0     0 4826.32372    0   56 7765.85991 4826.32372  37.9%     -    0s
     0     0 4826.32372    0   58 7765.85991 4826.32372  37.9%     -    0s
     0     0 4827.99230    0   59 7765.85991 4827.99230  37.8%     -    1s
H    0     0                    7718.3456309 4827.99230  37.4%     -    1s
     0     0 4828.69663    0   60 7718.34563 4828.69663  37.4%     -    1s
     0     0 4828.69663    0   60 7718.34563 4828.69663  37.4%     -    1s
     0     0 4834.19488    0   51 7718.34563 4834.19488  37.4%     -    1s
H    0     0                    7711.3186616 4834.19488  37.3%     -    1s
     0     0 4834.29829    0   48 7711.31866 4834.29829  37.3%     -    1s
     0     0 4834.31039    0   51 7711.31866 4834.31039  37.3%     -    1s
     0     0 4837.96778    0   56 7711.31866 4837.96778  37.3%     -    1s
     0     0 4838.01588    0   54 7711.31866 4838.01588  37.3%     -    1s
     0     0 4838.26695    0   52 7711.31866 4838.26695  37.3%     -    1s
     0     0 4838.26695    0   53 7711.31866 4838.26695  37.3%     -    1s
     0     0 4838.97607    0   56 7711.31866 4838.97607  37.2%     -    1s
     0     0 4838.97607    0   56 7711.31866 4838.97607  37.2%     -    1s
H    0     0                    6492.1821996 4838.97607  25.5%     -    1s
     0     2 4848.90371    0   56 6492.18220 4848.90371  25.3%     -    1s
H  135    63                    6481.5481668 5054.63404  22.0%  41.6    2s
*  230    82              19    6395.8721764 5277.23053  17.5%  33.1    2s
*  359    63              16    6371.8744916 5458.53380  14.3%  28.7    2s
H  393    63                    6347.8768068 5740.83928  9.56%  27.0    2s

Cutting planes:
  Learned: 6
  Gomory: 5
  Cover: 9
  Implied bound: 44
  Projected implied bound: 4
  MIR: 64
  Flow cover: 114
  GUB cover: 1
  Inf proof: 1
  Zero half: 1
  RLT: 43
  Relax-and-lift: 30

Explored 628 nodes (16029 simplex iterations) in 2.84 seconds
Thread count was 2 (of 4 available processors)

Solution count 10: 6347.88 6371.87 6395.87 ... 8087.83

Optimal solution found (tolerance 1.00e-04)
Best objective 6.347876806834e+03, best bound 6.347876806834e+03, gap 0.0000%
Discarded solution information

Gurobi 9.0.2 (win64) logging started Tue Nov  2 14:50:39 2021

Changed value of parameter LogFile to logs\CRVRP_5-2-5-100_1_1.LOG
   Prev: logs\CRVRP_5-2-5-100_1_0.LOG  Default: 
Changed value of parameter Seed to 1157613066
   Prev: 1280953138  Min: 0  Max: 2000000000  Default: 0
Parameter Threads unchanged
   Value: 2  Min: 0  Max: 1024  Default: 0
Parameter TimeLimit unchanged
   Value: 1800.0  Min: 0.0  Max: inf  Default: inf
Parameter Symmetry unchanged
   Value: 2  Min: -1  Max: 2  Default: -1
Parameter Cuts unchanged
   Value: 2  Min: -1  Max: 3  Default: -1
Parameter PreDepRow unchanged
   Value: 1  Min: -1  Max: 1  Default: -1
Parameter ScaleFlag unchanged
   Value: 1  Min: -1  Max: 3  Default: -1
Parameter NormAdjust unchanged
   Value: 0  Min: -1  Max: 3  Default: -1
Gurobi Optimizer version 9.0.2 build v9.0.2rc0 (win64)
Optimize a model with 940 rows, 626 columns and 3854 nonzeros
Model fingerprint: 0x452b8d41
Variable types: 28 continuous, 598 integer (402 binary)
Coefficient statistics:
  Matrix range     [1e+00, 1e+06]
  Objective range  [1e+00, 1e+00]
  Bounds range     [1e+00, 1e+04]
  RHS range        [1e+00, 1e+06]
Presolve removed 678 rows and 449 columns
Presolve time: 0.02s
Presolved: 262 rows, 177 columns, 1248 nonzeros
Variable types: 11 continuous, 166 integer (144 binary)
Found heuristic solution: objective 932.8330813
Found heuristic solution: objective 861.0097427

Root relaxation: objective 5.154543e+02, 203 iterations, 0.01 seconds

    Nodes    |    Current Node    |     Objective Bounds      |     Work
 Expl Unexpl |  Obj  Depth IntInf | Incumbent    BestBd   Gap | It/Node Time

     0     0  515.45428    0   44  861.00974  515.45428  40.1%     -    0s
H    0     0                     851.3300709  515.45428  39.5%     -    0s
     0     0  521.04646    0   51  851.33007  521.04646  38.8%     -    0s
     0     0  522.30113    0   53  851.33007  522.30113  38.6%     -    0s
H    0     0                     806.2009150  522.30113  35.2%     -    0s
     0     0  523.30661    0   54  806.20091  523.30661  35.1%     -    0s
     0     0  523.45979    0   52  806.20091  523.45979  35.1%     -    0s
     0     0  523.45979    0   53  806.20091  523.45979  35.1%     -    0s
     0     0  526.63990    0   57  806.20091  526.63990  34.7%     -    0s
     0     0  527.12538    0   56  806.20091  527.12538  34.6%     -    0s
     0     0  527.12677    0   60  806.20091  527.12677  34.6%     -    0s
     0     0  532.06735    0   57  806.20091  532.06735  34.0%     -    0s
     0     0  532.07642    0   60  806.20091  532.07642  34.0%     -    0s
     0     0  534.28369    0   52  806.20091  534.28369  33.7%     -    0s
H    0     0                     804.0574601  534.28369  33.6%     -    0s
     0     0  534.89442    0   54  804.05746  534.89442  33.5%     -    0s
     0     0  534.90391    0   58  804.05746  534.90391  33.5%     -    0s
     0     0  537.72070    0   67  804.05746  537.72070  33.1%     -    0s
     0     0  537.85434    0   66  804.05746  537.85434  33.1%     -    0s
     0     0  537.85930    0   65  804.05746  537.85930  33.1%     -    0s
     0     0  538.51821    0   66  804.05746  538.51821  33.0%     -    0s
     0     0  538.51821    0   66  804.05746  538.51821  33.0%     -    0s
     0     0  538.65300    0   66  804.05746  538.65300  33.0%     -    0s
     0     0  538.67246    0   65  804.05746  538.67246  33.0%     -    0s
     0     0  538.74648    0   65  804.05746  538.74648  33.0%     -    0s
     0     0  538.74648    0   63  804.05746  538.74648  33.0%     -    0s
     0     2  539.65653    0   63  804.05746  539.65653  32.9%     -    0s
*   62    45              20     752.6496654  554.23939  26.4%  28.4    1s
*   64    45              21     732.3419154  554.23939  24.3%  27.6    1s
H   67    51                     730.8124615  554.23939  24.2%  26.8    1s
*  117    70              14     703.0804100  561.16473  20.2%  23.5    1s
*  347    97               6     695.7341998  575.52499  17.3%  21.4    1s

Cutting planes:
  Learned: 4
  Gomory: 7
  Cover: 13
  Implied bound: 28
  MIR: 49
  Flow cover: 79
  GUB cover: 1
  Inf proof: 2
  Zero half: 8
  RLT: 38
  Relax-and-lift: 12

Explored 629 nodes (12595 simplex iterations) in 1.72 seconds
Thread count was 2 (of 4 available processors)

Solution count 10: 695.734 703.08 730.812 ... 932.833

Optimal solution found (tolerance 1.00e-04)
Best objective 6.957341997522e+02, best bound 6.957341997522e+02, gap 0.0000%
Discarded solution information
