
Gurobi 9.0.2 (win64) logging started Wed Jan 12 13:40:59 2022

Changed value of parameter LogFile to logs\SDCRVRP_10-2-7-100_3_0.LOG
   Prev:   Default: 
Changed value of parameter Seed to 192459220
   Prev: 0  Min: 0  Max: 2000000000  Default: 0
Changed value of parameter Threads to 2
   Prev: 0  Min: 0  Max: 1024  Default: 0
Changed value of parameter TimeLimit to 1200.0
   Prev: inf  Min: 0.0  Max: inf  Default: inf
Changed value of parameter Symmetry to 2
   Prev: -1  Min: -1  Max: 2  Default: -1
Changed value of parameter Cuts to 2
   Prev: -1  Min: -1  Max: 3  Default: -1
Changed value of parameter PreDepRow to 1
   Prev: -1  Min: -1  Max: 1  Default: -1
Changed value of parameter ScaleFlag to 1
   Prev: -1  Min: -1  Max: 3  Default: -1
Changed value of parameter NormAdjust to 0
   Prev: -1  Min: -1  Max: 3  Default: -1
Gurobi Optimizer version 9.0.2 build v9.0.2rc0 (win64)
Optimize a model with 10461 rows, 6526 columns and 43445 nonzeros
Model fingerprint: 0x882fb01e
Variable types: 92 continuous, 6434 integer (4318 binary)
Coefficient statistics:
  Matrix range     [1e+00, 1e+06]
  Objective range  [1e+00, 1e+00]
  Bounds range     [1e+00, 1e+04]
  RHS range        [1e+00, 1e+06]
Presolve removed 9714 rows and 5835 columns
Presolve time: 0.20s
Presolved: 747 rows, 691 columns, 5028 nonzeros
Variable types: 51 continuous, 640 integer (640 binary)

Root relaxation: objective 1.143481e+03, 211 iterations, 0.00 seconds

    Nodes    |    Current Node    |     Objective Bounds      |     Work
 Expl Unexpl |  Obj  Depth IntInf | Incumbent    BestBd   Gap | It/Node Time

     0     0 1143.48051    0   24          - 1143.48051      -     -    0s
     0     0 1143.48051    0   24          - 1143.48051      -     -    0s
     0     0 1143.48051    0   20          - 1143.48051      -     -    0s
     0     0 1143.48051    0   28          - 1143.48051      -     -    0s
     0     0 1143.48051    0   22          - 1143.48051      -     -    0s
     0     0 1143.48051    0   20          - 1143.48051      -     -    0s
     0     0 1143.48051    0   24          - 1143.48051      -     -    0s
     0     0 1143.48051    0   20          - 1143.48051      -     -    0s
     0     0 1143.48051    0   19          - 1143.48051      -     -    0s
     0     2 1143.48051    0   19          - 1143.48051      -     -    1s
  4106  2500 1205.03469   92   10          - 1163.03495      -   8.9    5s
 11085  7344 1163.86584   21   35          - 1163.32173      -   9.5   10s
 18349 12260 infeasible   73               - 1163.34236      -   9.9   15s
 24480 16388 1168.76331   44   26          - 1163.40225      -  10.2   20s
*24610 15884              86    1250.0755652 1163.40225  6.93%  10.2   20s
*25099 12835              35    1200.2060067 1163.42575  3.06%  10.3   20s
 27560 14219 infeasible   59      1200.20601 1163.51033  3.06%  10.7   25s
 32074 17138 1166.53420   24   24 1200.20601 1163.61781  3.05%  11.3   30s
 37119 20459 1175.28144   32   15 1200.20601 1163.70984  3.04%  11.7   35s
 41480 23226 1179.65878   48   32 1200.20601 1163.80554  3.03%  12.1   40s
H43995 24300                    1198.6881879 1163.88096  2.90%  12.3   42s
 45261 25124 1182.11250   51   26 1198.68819 1163.94421  2.90%  12.4   45s
 49371 27203 1177.60706   66   29 1198.68819 1164.15928  2.88%  12.8   50s
H53593 26046                    1191.2288286 1164.41123  2.25%  13.0   55s
 57796 28259 1173.48297   67   27 1191.22883 1164.67037  2.23%  13.2   60s
 62339 30424 1186.01468   46   28 1191.22883 1164.95124  2.21%  13.3   65s
 66370 32285     cutoff   55      1191.22883 1165.23758  2.18%  13.5   70s
 70633 34260 1174.92703   26   25 1191.22883 1165.53742  2.16%  13.7   75s
 75592 37331 infeasible   38      1191.22883 1165.56581  2.15%  13.7   80s
 80001 39898 1174.61072   39   30 1191.22883 1165.61051  2.15%  13.8   85s
 84026 42051 1190.11682   40   17 1191.22883 1165.74940  2.14%  13.9   90s
 87675 43528 1189.37079   33    6 1191.22883 1166.08131  2.11%  14.1   95s
 91843 45710 1173.26304   51   31 1191.22883 1166.31318  2.09%  14.1  100s
 96242 47871 1176.41455   43   18 1191.22883 1166.49723  2.08%  14.1  105s
 100259 49852 1177.68021   43   23 1191.22883 1166.63570  2.06%  14.2  110s
 104039 51482 infeasible   32      1191.22883 1166.74981  2.05%  14.3  115s
 107734 53314 1188.52194   59   24 1191.22883 1166.97436  2.04%  14.3  120s
 111845 55459 1168.30156   37   28 1191.22883 1167.09474  2.03%  14.4  125s
 116263 57802 1189.53253   61   25 1191.22883 1167.16208  2.02%  14.4  130s
 119963 59515 1177.94580   40   26 1191.22883 1167.24985  2.01%  14.4  135s
 123796 61730 1179.31809   58   21 1191.22883 1167.35040  2.00%  14.5  140s
 127885 63832 1183.39675   35   15 1191.22883 1167.39547  2.00%  14.5  145s
 130860 65351 1186.20629   43   24 1191.22883 1167.43092  2.00%  14.6  150s
 134520 67489 1184.35141   63   30 1191.22883 1167.45703  2.00%  14.6  155s
 138734 70158 1172.28123   39    7 1191.22883 1167.45703  2.00%  14.6  160s
 143271 72807 1185.77831   40    6 1191.22883 1167.45703  2.00%  14.6  165s
 147476 75205 1174.22225   43   30 1191.22883 1167.45703  2.00%  14.6  170s
 151497 77442 1167.59995   34   23 1191.22883 1167.45703  2.00%  14.6  175s
 154729 79357 infeasible   44      1191.22883 1167.45703  2.00%  14.6  180s
 158553 81636 1168.39565   36   29 1191.22883 1167.45703  2.00%  14.6  185s
 162742 84138 1167.56107   37   31 1191.22883 1167.45703  2.00%  14.6  190s
 166802 86721 1183.16422   53   15 1191.22883 1167.47862  1.99%  14.6  195s
 170542 88923 1167.73462   32   10 1191.22883 1167.48311  1.99%  14.6  200s
 173780 90615 1167.70792   38   25 1191.22883 1167.49497  1.99%  14.6  205s
 176806 92105 1167.56333   39   20 1191.22883 1167.50714  1.99%  14.6  210s
 180175 93916 1179.71226   38   23 1191.22883 1167.51903  1.99%  14.6  215s
 182617 95321 1188.46454   34   24 1191.22883 1167.52749  1.99%  14.6  220s
 185827 97014 1190.77953   50   18 1191.22883 1167.53260  1.99%  14.6  225s
 189250 98888 1172.83030   70   29 1191.22883 1167.54172  1.99%  14.7  230s
 192533 100687 1175.02751   55   30 1191.22883 1167.55196  1.99%  14.7  235s
 194447 101764 infeasible   57      1191.22883 1167.55932  1.99%  14.7  240s
 196813 103030 1184.26350   47   20 1191.22883 1167.56810  1.99%  14.7  245s
 199708 104487 1174.78300   50   30 1191.22883 1167.58153  1.99%  14.7  250s
 203050 106302 1190.01182   47   20 1191.22883 1167.59352  1.98%  14.8  256s
 204659 107087 1186.08247   44   19 1191.22883 1167.59853  1.98%  14.8  260s
 206874 108249 1176.30991   58    8 1191.22883 1167.60651  1.98%  14.8  265s
 208163 109050 1180.65858   48   16 1191.22883 1167.61078  1.98%  14.8  270s
 209630 109690 infeasible   35      1191.22883 1167.61646  1.98%  14.8  276s
 210486 110212     cutoff   50      1191.22883 1167.62025  1.98%  14.8  280s
 211378 110709 infeasible   40      1191.22883 1167.62490  1.98%  14.8  285s
 212338 111326 1184.02710   41   26 1191.22883 1167.62712  1.98%  14.8  290s
 213644 111926 1170.84477   38   31 1191.22883 1167.63148  1.98%  14.8  295s
 214562 112370 1177.01800   43   30 1191.22883 1167.63475  1.98%  14.8  300s
 216126 113207 1180.62485   48   19 1191.22883 1167.63884  1.98%  14.9  305s
 217319 113922 1177.20583   40   27 1191.22883 1167.64171  1.98%  14.9  310s
 218586 114440 1171.67832   32   22 1191.22883 1167.64775  1.98%  14.9  316s
 219148 115058 1183.94604   49   21 1191.22883 1167.65048  1.98%  14.9  320s
 220793 115764 infeasible   57      1191.22883 1167.65478  1.98%  14.9  326s
 222106 116429 1177.23558   44   30 1191.22883 1167.66123  1.98%  14.9  330s
 223252 117054 1187.24877   57   28 1191.22883 1167.66565  1.98%  14.9  335s
 225053 117847 1170.00718   38   31 1191.22883 1167.67452  1.98%  14.9  340s
 227013 118889 1187.07309   53   34 1191.22883 1167.68329  1.98%  14.9  345s
 229257 119916 1191.04787   40   26 1191.22883 1167.69297  1.98%  14.9  350s
 231107 120758     cutoff   41      1191.22883 1167.70384  1.97%  15.0  355s
 233336 121868 1187.97683   36   22 1191.22883 1167.71411  1.97%  15.0  360s
 235259 122681 1183.33133   54   22 1191.22883 1167.72550  1.97%  15.0  365s
 237601 123679 1171.47225   36   33 1191.22883 1167.73398  1.97%  15.1  370s
 239605 124653 1184.38211   43   13 1191.22883 1167.73939  1.97%  15.1  375s
 241523 125552 1181.55411   59   27 1191.22883 1167.74651  1.97%  15.1  380s
 244141 126871 1169.07845   42   24 1191.22883 1167.75802  1.97%  15.1  385s
 246570 127990 1183.38310   39   21 1191.22883 1167.76623  1.97%  15.1  390s
 248399 128929 1188.12359   34   23 1191.22883 1167.77563  1.97%  15.1  395s
 250941 130163 1181.72409   52   18 1191.22883 1167.78600  1.97%  15.1  400s
 252811 131076 1184.47257   45   27 1191.22883 1167.79345  1.97%  15.2  405s
 255148 132171 1176.53687   50   15 1191.22883 1167.80369  1.97%  15.2  410s
 257207 133237 1175.17717   46   29 1191.22883 1167.81101  1.97%  15.2  415s
 259466 134287 1177.11338   47   14 1191.22883 1167.81985  1.97%  15.2  420s
 261373 135110 1168.53058   48   24 1191.22883 1167.82814  1.96%  15.2  425s
 263489 136028 infeasible   42      1191.22883 1167.83764  1.96%  15.2  430s
 265394 136976 1179.36041   62   12 1191.22883 1167.84549  1.96%  15.2  436s
 266592 137485 1181.76919   51   27 1191.22883 1167.85141  1.96%  15.3  440s
 268569 138309 1175.36540   46    7 1191.22883 1167.85708  1.96%  15.3  445s
 270519 139174 1175.70717   45   23 1191.22883 1167.86478  1.96%  15.3  450s
 272632 140007 1172.71085   36   30 1191.22883 1167.87620  1.96%  15.3  455s
 275014 141187     cutoff   37      1191.22883 1167.88578  1.96%  15.3  460s
 276995 142050 1176.53866   35   32 1191.22883 1167.89476  1.96%  15.3  465s
 279029 142927 infeasible   55      1191.22883 1167.90166  1.96%  15.4  470s
 281299 143884 1176.86739   33   21 1191.22883 1167.90936  1.96%  15.4  475s
 283122 144519 1174.65575   47   22 1191.22883 1167.91674  1.96%  15.4  480s
 284929 145338 1186.53774   45   27 1191.22883 1167.92427  1.96%  15.4  485s
 286592 145948 1186.51978   38   20 1191.22883 1167.93261  1.96%  15.4  490s
 288521 146674 1178.25270   36   24 1191.22883 1167.94135  1.95%  15.4  495s
 289687 147066 1175.08091   42   30 1191.22883 1167.94709  1.95%  15.5  500s
 290827 147538 1185.29049   50   19 1191.22883 1167.95206  1.95%  15.5  506s
 291843 147861 1180.76754   56   30 1191.22883 1167.95624  1.95%  15.5  510s
 293477 148518 1168.81716   64   30 1191.22883 1167.96240  1.95%  15.5  515s
 295148 149119 1183.43975   50   27 1191.22883 1167.96970  1.95%  15.5  520s
 297158 149872 1174.11504   34   22 1191.22883 1167.97877  1.95%  15.6  525s
 299246 150628 1184.10287   56   17 1191.22883 1167.98666  1.95%  15.6  530s
 300879 151119 infeasible   37      1191.22883 1167.99385  1.95%  15.6  535s
 302908 151928 1173.14368   36   23 1191.22883 1168.00127  1.95%  15.6  540s
 304606 152555 1181.55881   38   29 1191.22883 1168.00852  1.95%  15.7  545s
 306622 153241 infeasible   39      1191.22883 1168.01630  1.95%  15.7  550s
 308400 153957 1173.43213   44   25 1191.22883 1168.02386  1.95%  15.7  555s
 310259 154613 1178.29471   51   26 1191.22883 1168.03179  1.95%  15.7  560s
 312014 155175 infeasible   45      1191.22883 1168.03819  1.95%  15.7  565s
 314197 156079 infeasible   48      1191.22883 1168.04874  1.95%  15.8  570s
H315677 154362                    1189.5285245 1168.05369  1.81%  15.8  574s
 315876 154392 1180.72232   48   19 1189.52852 1168.05419  1.81%  15.8  575s
 317104 154877 infeasible   42      1189.52852 1168.05966  1.80%  15.8  580s
 318655 155341 1184.07477   42   25 1189.52852 1168.06780  1.80%  15.8  585s
 320468 156013     cutoff   61      1189.52852 1168.07765  1.80%  15.8  591s
 322254 156595 infeasible   42      1189.52852 1168.08727  1.80%  15.8  595s
 324419 157349 1177.22386   64   22 1189.52852 1168.09741  1.80%  15.9  600s
 326244 157823 infeasible   80      1189.52852 1168.10618  1.80%  15.9  605s
 328738 158562 infeasible   54      1189.52852 1168.11989  1.80%  15.9  610s
 330753 159101 infeasible   65      1189.52852 1168.13136  1.80%  15.9  615s
 332551 159693 infeasible   45      1189.52852 1168.14078  1.80%  15.9  620s
 334289 160248 1171.18546   46   23 1189.52852 1168.15135  1.80%  16.0  625s
 336460 160842 1172.51655   38   26 1189.52852 1168.16425  1.80%  16.0  630s
 338483 161433 infeasible   54      1189.52852 1168.17499  1.80%  16.0  635s
 340379 162182 1189.40779   59   20 1189.52852 1168.18073  1.79%  16.0  640s
 341885 162677 infeasible   65      1189.52852 1168.18814  1.79%  16.0  645s
 343611 163238 1187.97987   56   14 1189.52852 1168.19786  1.79%  16.1  650s
 345045 163804 infeasible   45      1189.52852 1168.20548  1.79%  16.1  655s
 346687 164389 infeasible   50      1189.52852 1168.21464  1.79%  16.1  660s
 348069 164776 infeasible   55      1189.52852 1168.22172  1.79%  16.1  665s
 349808 165312 1176.25452   47   29 1189.52852 1168.23203  1.79%  16.1  670s
 351430 165834 1182.53616   52   27 1189.52852 1168.24109  1.79%  16.1  675s
 352881 166316 infeasible   43      1189.52852 1168.24731  1.79%  16.1  680s
 354313 166741 1181.50137   36   24 1189.52852 1168.25508  1.79%  16.2  685s
 355719 167209 1180.60421   51   20 1189.52852 1168.26369  1.79%  16.2  690s
 357523 167715 infeasible   48      1189.52852 1168.27330  1.79%  16.2  695s
 359317 168185 1187.99352   46   24 1189.52852 1168.28349  1.79%  16.2  700s
 361074 168676     cutoff   48      1189.52852 1168.29236  1.79%  16.2  705s
 363108 169241 1173.04965   42   27 1189.52852 1168.30330  1.78%  16.2  710s
 364987 169726 1179.20469   32   24 1189.52852 1168.31626  1.78%  16.3  715s
 367077 170263 infeasible   44      1189.52852 1168.32871  1.78%  16.3  720s
 369343 170911 infeasible   51      1189.52852 1168.34193  1.78%  16.3  725s
 371494 171540 1177.29837   53   24 1189.52852 1168.35452  1.78%  16.3  730s
 373585 172243 1184.98971   57   21 1189.52852 1168.36339  1.78%  16.3  735s
 375263 172828 1184.63074   56   20 1189.52852 1168.37197  1.78%  16.3  740s
 377254 173370 1187.87953   58   13 1189.52852 1168.38126  1.78%  16.4  745s
 379465 173922 1179.55700   54   25 1189.52852 1168.39569  1.78%  16.4  750s
 381049 174302 infeasible   61      1189.52852 1168.40548  1.78%  16.4  755s
 382317 174670 1185.10491   52   25 1189.52852 1168.41327  1.78%  16.4  760s
 383180 174910 1177.05368   56   17 1189.52852 1168.41872  1.77%  16.4  765s
 384689 175347 infeasible   59      1189.52852 1168.42940  1.77%  16.4  770s
 385866 175697 1173.67651   42   18 1189.52852 1168.43777  1.77%  16.4  775s
 387029 175929     cutoff   39      1189.52852 1168.44404  1.77%  16.4  781s
 387727 176122 1175.00470   34   12 1189.52852 1168.44948  1.77%  16.4  785s
 388899 176465 1182.06297   51   30 1189.52852 1168.45655  1.77%  16.4  790s
 390104 176736 infeasible   41      1189.52852 1168.46608  1.77%  16.5  795s
 391304 177043 1179.82709   36   25 1189.52852 1168.47267  1.77%  16.5  801s
 392276 177362 infeasible   67      1189.52852 1168.47763  1.77%  16.5  805s
 393402 177654 1174.15886   43   17 1189.52852 1168.48537  1.77%  16.5  810s
 394261 177859 1173.26295   39   27 1189.52852 1168.49032  1.77%  16.5  815s
 395438 178263 1180.54263   49   30 1189.52852 1168.49599  1.77%  16.5  820s
 396579 178651 infeasible   55      1189.52852 1168.50204  1.77%  16.5  826s
 397551 178811 infeasible   47      1189.52852 1168.50859  1.77%  16.5  830s
 398758 179109 1176.89218   57   26 1189.52852 1168.51946  1.77%  16.5  835s
 399963 179358 1174.62789   45   28 1189.52852 1168.52872  1.77%  16.5  840s
 400957 179626 1184.40204   59   16 1189.52852 1168.53665  1.76%  16.5  845s
 402195 179942 1176.65240   52   29 1189.52852 1168.54671  1.76%  16.5  851s
 403161 180371 1172.44626   39   22 1189.52852 1168.54865  1.76%  16.5  855s
 404455 180904 1172.31040   43   15 1189.52852 1168.54865  1.76%  16.6  860s
 405614 181461 1169.00732   33   17 1189.52852 1168.54865  1.76%  16.6  866s
 406171 181764 1169.64027   38    8 1189.52852 1168.54865  1.76%  16.6  870s
 407202 182243 infeasible   43      1189.52852 1168.54865  1.76%  16.6  876s
 408094 182648 1180.02230   48   23 1189.52852 1168.54865  1.76%  16.6  880s
 409285 183237 1175.79623   51   29 1189.52852 1168.54865  1.76%  16.6  886s
 410126 183731 1176.28223   51   30 1189.52852 1168.54865  1.76%  16.6  890s
 411280 184383 1182.53942   40   17 1189.52852 1168.54865  1.76%  16.6  896s
 412141 184906 1179.88635   63   26 1189.52852 1168.54865  1.76%  16.6  901s
 413064 185394 1170.59240   38   26 1189.52852 1168.54865  1.76%  16.6  905s
 413691 185789 1183.57307   47   23 1189.52852 1168.54865  1.76%  16.6  910s
 414880 186244 1180.75841   61   25 1189.52852 1168.55181  1.76%  16.6  916s
 415843 186490 infeasible   52      1189.52852 1168.55686  1.76%  16.6  920s
 417055 186876 1173.41475   34   24 1189.52852 1168.56319  1.76%  16.6  925s
 417929 187150 1181.49681   59   26 1189.52852 1168.56945  1.76%  16.6  931s
 418872 187359 1174.33175   37   23 1189.52852 1168.57627  1.76%  16.6  935s
 420217 187781 1172.87364   41   31 1189.52852 1168.58367  1.76%  16.6  940s
 421124 188013 infeasible   38      1189.52852 1168.59083  1.76%  16.6  946s
 421990 188265 1174.12096   31   33 1189.52852 1168.59492  1.76%  16.6  951s
 423268 188610 1184.04312   42   20 1189.52852 1168.60529  1.76%  16.6  955s
 423966 188862 1176.78517   58   19 1189.52852 1168.61112  1.76%  16.6  960s
 425243 189201 infeasible   45      1189.52852 1168.61948  1.76%  16.7  965s
 426468 189625     cutoff   50      1189.52852 1168.62701  1.76%  16.7  970s
 428001 190075 1181.27919   57   32 1189.52852 1168.63828  1.76%  16.7  976s
 428914 190373 1177.77975   48   28 1189.52852 1168.64377  1.76%  16.7  980s
 430170 190746 infeasible   39      1189.52852 1168.65406  1.75%  16.7  985s
 431129 190955 1184.68016   39   24 1189.52852 1168.66276  1.75%  16.7  991s
 432010 191174 infeasible   57      1189.52852 1168.67013  1.75%  16.7  996s
 433004 191359 1188.42483   55   22 1189.52852 1168.67784  1.75%  16.7 1000s
 433769 191584 1178.08343   46    8 1189.52852 1168.68568  1.75%  16.7 1005s
 434516 191706 1176.75019   40   20 1189.52852 1168.69222  1.75%  16.7 1010s
 435401 191969 infeasible   47      1189.52852 1168.69750  1.75%  16.7 1016s
 436350 192222 infeasible   46      1189.52852 1168.70639  1.75%  16.7 1021s
 436932 192366 1184.46256   43   11 1189.52852 1168.71156  1.75%  16.7 1025s
 438114 192671 infeasible   54      1189.52852 1168.72320  1.75%  16.7 1030s
 439115 192861 1187.41091   50   10 1189.52852 1168.73230  1.75%  16.7 1035s
 440042 193098 1177.82996   69   15 1189.52852 1168.74112  1.75%  16.7 1040s
 441472 193465 1180.76006   28   28 1189.52852 1168.75695  1.75%  16.7 1045s
 443080 193818 1185.63766   41   23 1189.52852 1168.76861  1.75%  16.8 1050s
 444837 194369 infeasible   47      1189.52852 1168.78209  1.74%  16.8 1055s
 446569 194747 1181.51571   43   27 1189.52852 1168.80043  1.74%  16.8 1060s
 448950 195298 infeasible   46      1189.52852 1168.82705  1.74%  16.8 1065s
 450400 195626 1179.59574   45   23 1189.52852 1168.84486  1.74%  16.8 1071s
 451382 195838 1178.87060   43   18 1189.52852 1168.85506  1.74%  16.8 1075s
 452909 196132 1179.28006   43   23 1189.52852 1168.87668  1.74%  16.8 1080s
 454696 196670 infeasible   53      1189.52852 1168.89709  1.73%  16.8 1085s
 456095 197060 1189.06733   41   23 1189.52852 1168.91064  1.73%  16.8 1090s
 457488 197568 1187.14521   46   19 1189.52852 1168.91611  1.73%  16.8 1095s
 459835 198124 infeasible   69      1189.52852 1168.93574  1.73%  16.8 1100s
 462164 198802 1179.16275   75   33 1189.52852 1168.95523  1.73%  16.9 1105s
 464896 199605 1177.61184   37   29 1189.52852 1168.97817  1.73%  16.9 1110s
 466890 200107 infeasible   65      1189.52852 1169.00063  1.73%  16.9 1115s
 468648 200787 1181.39324   39   31 1189.52852 1169.00855  1.73%  16.9 1120s
 470737 201747 1177.46442   36   22 1189.52852 1169.00855  1.73%  16.9 1125s
 472701 202786 1173.59388   35   32 1189.52852 1169.00855  1.73%  16.9 1130s
 474713 203630 1172.73823   41   13 1189.52852 1169.00855  1.73%  16.9 1135s
 476474 204480 1180.47540   64   24 1189.52852 1169.00855  1.73%  16.9 1140s
 478533 205508 1173.88067   43   32 1189.52852 1169.00855  1.73%  16.9 1145s
 480948 206728 1178.08274   48   32 1189.52852 1169.00855  1.73%  17.0 1150s
 483285 207969     cutoff   63      1189.52852 1169.01191  1.72%  17.0 1156s
 484495 208552 1183.58802   53   28 1189.52852 1169.01392  1.72%  17.0 1160s
 486403 209106 1173.80109   47   31 1189.52852 1169.01991  1.72%  17.0 1165s
 488214 209728 1183.54101   48   26 1189.52852 1169.02751  1.72%  17.0 1170s
 490541 210627 1175.18547   54   34 1189.52852 1169.03704  1.72%  17.0 1175s
 493112 211549 1175.27330   44   25 1189.52852 1169.04955  1.72%  17.0 1180s
 496133 212544 1188.19725   52   17 1189.52852 1169.06750  1.72%  17.0 1185s
 498855 213361 infeasible   49      1189.52852 1169.08364  1.72%  17.0 1190s
 501520 214314 1173.33275   47   27 1189.52852 1169.09446  1.72%  17.0 1195s
 504493 215410 infeasible   52      1189.52852 1169.10744  1.72%  17.1 1200s

Cutting planes:
  Gomory: 22
  Cover: 138
  MIR: 51
  Flow cover: 105
  Inf proof: 92
  RLT: 2

Explored 504698 nodes (8608681 simplex iterations) in 1200.03 seconds
Thread count was 2 (of 4 available processors)

Solution count 5: 1189.53 1191.23 1198.69 ... 1250.08

Time limit reached
Best objective 1.189528524488e+03, best bound 1.169108818901e+03, gap 1.7166%
Discarded solution information

Gurobi 9.0.2 (win64) logging started Wed Jan 12 16:26:51 2022

Changed value of parameter LogFile to logs\SDCRVRP_10-2-7-100_3_0.LOG
   Prev:   Default: 
Changed value of parameter Seed to 1870579472
   Prev: 0  Min: 0  Max: 2000000000  Default: 0
Changed value of parameter Threads to 2
   Prev: 0  Min: 0  Max: 1024  Default: 0
Changed value of parameter TimeLimit to 1200.0
   Prev: inf  Min: 0.0  Max: inf  Default: inf
Changed value of parameter Symmetry to 2
   Prev: -1  Min: -1  Max: 2  Default: -1
Changed value of parameter Cuts to 2
   Prev: -1  Min: -1  Max: 3  Default: -1
Changed value of parameter PreDepRow to 1
   Prev: -1  Min: -1  Max: 1  Default: -1
Changed value of parameter ScaleFlag to 1
   Prev: -1  Min: -1  Max: 3  Default: -1
Changed value of parameter NormAdjust to 0
   Prev: -1  Min: -1  Max: 3  Default: -1
Gurobi Optimizer version 9.0.2 build v9.0.2rc0 (win64)
Optimize a model with 10467 rows, 6526 columns and 43451 nonzeros
Model fingerprint: 0x3b28d289
Variable types: 92 continuous, 6434 integer (4318 binary)
Coefficient statistics:
  Matrix range     [1e+00, 1e+06]
  Objective range  [1e+00, 1e+00]
  Bounds range     [1e+00, 1e+04]
  RHS range        [1e+00, 1e+06]
Presolve removed 4710 rows and 3140 columns
Presolve time: 0.01s

Explored 0 nodes (0 simplex iterations) in 0.02 seconds
Thread count was 1 (of 4 available processors)

Solution count 0

Model is infeasible
Best objective -, best bound -, gap -

Computing Irreducible Inconsistent Subsystem (IIS)...

      Constraints           Bounds       Runtime
     Min       Max       Min      Max
------------------------------------------------
        0    10379         0     6257         0s
        5        5        21       21         0s

IIS computed: 5 constraints, 21 bounds
IIS runtime: 0.41 seconds
Discarded solution information

Gurobi 9.0.2 (win64) logging started Wed Jan 12 18:47:16 2022

Changed value of parameter LogFile to logs\SDCRVRP_10-2-7-100_3_0.LOG
   Prev:   Default: 
Changed value of parameter Seed to 1510197398
   Prev: 0  Min: 0  Max: 2000000000  Default: 0
Changed value of parameter Threads to 2
   Prev: 0  Min: 0  Max: 1024  Default: 0
Changed value of parameter TimeLimit to 1200.0
   Prev: inf  Min: 0.0  Max: inf  Default: inf
Changed value of parameter Symmetry to 2
   Prev: -1  Min: -1  Max: 2  Default: -1
Changed value of parameter Cuts to 2
   Prev: -1  Min: -1  Max: 3  Default: -1
Changed value of parameter PreDepRow to 1
   Prev: -1  Min: -1  Max: 1  Default: -1
Changed value of parameter ScaleFlag to 1
   Prev: -1  Min: -1  Max: 3  Default: -1
Changed value of parameter NormAdjust to 0
   Prev: -1  Min: -1  Max: 3  Default: -1
Gurobi Optimizer version 9.0.2 build v9.0.2rc0 (win64)
Optimize a model with 10453 rows, 6526 columns and 43065 nonzeros
Model fingerprint: 0x60110d1a
Variable types: 92 continuous, 6434 integer (4318 binary)
Coefficient statistics:
  Matrix range     [1e+00, 1e+06]
  Objective range  [1e+00, 1e+00]
  Bounds range     [1e+00, 1e+04]
  RHS range        [1e+00, 1e+06]
Presolve removed 8696 rows and 5094 columns
Presolve time: 0.26s
Presolved: 1757 rows, 1432 columns, 12710 nonzeros
Variable types: 55 continuous, 1377 integer (1277 binary)

Root relaxation: objective 5.974842e+02, 781 iterations, 0.03 seconds

    Nodes    |    Current Node    |     Objective Bounds      |     Work
 Expl Unexpl |  Obj  Depth IntInf | Incumbent    BestBd   Gap | It/Node Time

     0     0  597.48420    0   47          -  597.48420      -     -    0s
     0     0  600.30927    0   73          -  600.30927      -     -    0s
     0     0  600.30927    0   72          -  600.30927      -     -    0s
     0     0  602.75241    0   84          -  602.75241      -     -    0s
     0     0  603.02332    0   86          -  603.02332      -     -    1s
     0     0  603.02332    0   86          -  603.02332      -     -    1s
     0     0  603.13434    0   72          -  603.13434      -     -    1s
     0     0  603.13434    0   72          -  603.13434      -     -    1s
     0     0  603.13487    0   84          -  603.13487      -     -    1s
     0     0  603.13487    0   65          -  603.13487      -     -    2s
     0     2  603.16466    0   65          -  603.16466      -     -    3s
   556   571  603.67164   11   74          -  603.16466      -   7.3    5s
   772   735  605.57410   54   55          -  603.22471      -   7.0   10s
   778   739  620.39013   64   75          -  603.22747      -   6.9   15s
   789   746  615.42579   87   76          -  603.63987      -   6.8   20s
   801   756  611.51685  248   56          -  603.63987      -  19.7   25s
   807   760  691.44323   98   65          -  603.63987      -  19.6   30s
   819   768  604.04691   53   80          -  603.64699      -  19.3   35s
   830   775  719.76153  193   71          -  604.88818      -  19.0   40s
   847   787  672.38471  255   35          -  604.88818      -  38.7   45s
   852   791  842.97406  287   61          -  604.88818      -  38.5   50s
   858   795  722.41012  238   96          -  604.88933      -  38.2   56s
   865   799  605.65745   99   78          -  605.16612      -  37.9   60s
   876   807  695.20576  129   85          -  605.18918      -  37.4   65s
   891   818  672.38471  255   86          -  605.18918      -  59.2   70s
   897   822  606.14794   12   47          -  606.14794      -  58.8   75s
   903   826  616.44266  145   60          -  606.14794      -  58.4   80s
   916   836  718.89141  209   52          -  606.14794      -  66.8   85s
   922   840  738.57991  263   46          -  606.14794      -  66.4   90s
   939   855  606.34445   53   83          -  606.34445      -  68.6   95s
  1563  1253  625.12453   81   71          -  606.41193      -  64.5  100s
H 2529  1799                    1711.6028757  606.41193  64.6%  53.6  104s
H 2614  1765                    1419.9743466  606.41193  57.3%  53.1  105s
H 2947  1874                    1336.0586227  606.44687  54.6%  51.5  107s
H 3066  1899                    1331.6349602  606.44687  54.5%  52.2  108s
  3201  2073 1049.81295  111   37 1331.63496  606.54711  54.5%  51.9  110s
H 3400  2130                    1298.4960090  606.58947  53.3%  50.5  113s
H 3459  2235                    1291.9039921  606.65017  53.0%  50.3  113s
H 3577  2298                    1291.9039919  606.72284  53.0%  49.6  114s
  3603  2360  609.96794   68   65 1291.90399  606.72284  53.0%  49.5  115s
H 4220  2843                    1270.9576221  606.73220  52.3%  47.6  119s
  4253  2862  992.57531  118   51 1270.95762  606.73220  52.3%  47.8  121s
H 4281  2966                    1270.9576220  606.73220  52.3%  47.9  122s
* 4509  3045             152    1243.6343997  606.73894  51.2%  47.5  123s
* 4510  3045             152    1240.2573678  606.73894  51.1%  47.5  123s
H 4528  3186                    1217.5521400  606.73894  50.2%  47.4  124s
  4715  3415  610.99393   82  102 1217.55214  606.74219  50.2%  46.6  125s
  5643  4130  650.88415   96   46 1217.55214  606.75198  50.2%  45.8  130s
* 5821  3998             147     984.2836130  606.75306  38.4%  46.5  132s
H 6171  4204                     984.2836129  606.75447  38.4%  46.6  134s
  6172  4540  802.93622   96   68  984.28361  606.75447  38.4%  46.6  135s
  7098  5175  628.01287   97   68  984.28361  606.75447  38.4%  45.1  140s
  8094  5890  932.82611  127   27  984.28361  606.75540  38.4%  43.8  145s
  9303  7240  980.26310  155   43  984.28361  606.76691  38.4%  42.7  150s
H 9653  7227                     969.6413638  606.77334  37.4%  41.9  150s
H 9853  7422                     969.6413637  606.77521  37.4%  41.9  151s
H10288  7645                     958.1435784  606.78160  36.7%  42.1  153s
 10318  7776  640.40715   86   57  958.14358  606.78160  36.7%  42.1  156s
H10394  7776                     958.1435783  606.78160  36.7%  42.0  156s
 11282  8880  622.43302   81   82  958.14358  606.80740  36.7%  41.6  160s
 12261  9491  647.12287  108   63  958.14358  606.82707  36.7%  41.0  165s
 13189 10208  786.00853  167   36  958.14358  606.83385  36.7%  40.9  170s
 14305 11322  637.83537  108   58  958.14358  606.85339  36.7%  40.1  175s
 15471 12309  634.91722   97   61  958.14358  606.86783  36.7%  39.3  180s
 16395 13048  621.84253   91   82  958.14358  606.96198  36.7%  39.0  185s
 17649 14014  636.97041  115   69  958.14358  607.17399  36.6%  38.5  190s
 18733 14987  611.56850   67   84  958.14358  607.22558  36.6%  38.1  195s
 19647 15631  743.07737  120   54  958.14358  607.28466  36.6%  37.7  200s
 20989 16867  610.61461   63   64  958.14358  607.31128  36.6%  37.2  205s
 21664 17268  658.91822  130   70  958.14358  607.35201  36.6%  37.3  210s
 23287 18459  616.68357   81   76  958.14358  607.36873  36.6%  37.1  217s
 23510 18675  629.42531  162   77  958.14358  607.36873  36.6%  37.1  221s
 24751 19959  665.04411  126   58  958.14358  607.39853  36.6%  36.9  225s
 25925 20940  748.43701  133   34  958.14358  607.40918  36.6%  36.6  230s
 27129 21850  691.72742  174   52  958.14358  607.41517  36.6%  36.4  235s
 27820 22372  938.57789  116   60  958.14358  607.43135  36.6%  36.6  240s
 28471 23113  616.78735   82   60  958.14358  607.44109  36.6%  36.6  245s
 29965 24003  618.11526   78   50  958.14358  607.46172  36.6%  36.3  251s
 31229 25250  774.37589  200   60  958.14358  607.49615  36.6%  35.9  255s
 32497 26258  835.06132  195   48  958.14358  607.51730  36.6%  35.5  260s
 33107 26758  608.54677   68   63  958.14358  607.53822  36.6%  35.7  265s
 34558 28018  695.08064  149   48  958.14358  607.70198  36.6%  36.0  270s
 35671 28971  619.62116   64   55  958.14358  607.74856  36.6%  35.9  275s
 36859 29911  729.84253  114   59  958.14358  607.80130  36.6%  35.5  280s
H36932 29844                     948.4927421  607.80130  35.9%  35.5  280s
 37691 30513  620.30582   76   72  948.49274  607.82304  35.9%  35.5  285s
H37715 30513                     948.4927420  607.82304  35.9%  35.5  285s
 38583 31233  642.64041   76   63  948.49274  607.85383  35.9%  35.7  292s
 39306 31959  653.26959  113   57  948.49274  607.86151  35.9%  35.7  295s
 40325 33058  609.88559   72   70  948.49274  607.90310  35.9%  35.4  300s
 41597 34023  622.77983   77   67  948.49274  607.92072  35.9%  35.3  305s
 42747 34967  621.79289   80   58  948.49274  607.95379  35.9%  35.2  310s
 43961 35834  862.61267  164   46  948.49274  607.98380  35.9%  35.1  316s
 44907 36884  779.35817  208   58  948.49274  608.02005  35.9%  35.3  320s
 45619 37259  625.42486   83   72  948.49274  608.02486  35.9%  35.3  325s
 46703 38269  670.17630  125   71  948.49274  608.03741  35.9%  35.2  330s
 47333 38881  641.41380  110   57  948.49274  608.03741  35.9%  35.3  335s
 48647 39939  874.09961   76   70  948.49274  608.04223  35.9%  35.2  340s
 49611 40604 infeasible  185       948.49274  608.04993  35.9%  35.3  346s
 50275 41214  719.97459  218   63  948.49274  608.04993  35.9%  35.2  350s
 51088 42072  674.16148  138   65  948.49274  608.06888  35.9%  35.2  355s
 52298 43204  664.08756  114   40  948.49274  608.07785  35.9%  35.0  360s
 53557 44297  626.62549  111   78  948.49274  608.07861  35.9%  34.8  365s
 54637 45235  752.20678  131   69  948.49274  608.08954  35.9%  34.7  370s
 55819 46155 infeasible   98       948.49274  608.12022  35.9%  34.8  375s
 56800 47180  646.98917  140   71  948.49274  608.12934  35.9%  34.8  380s
 57774 47767  863.94936  109   49  948.49274  608.17040  35.9%  34.8  386s
 58524 48589  638.23936  128   79  948.49274  608.18043  35.9%  34.9  390s
 59774 49455  627.38209   67   50  948.49274  608.20495  35.9%  34.9  395s
 60615 50227  808.94913  180   61  948.49274  608.21422  35.9%  34.9  400s
 61546 50994  708.77147  182   38  948.49274  608.25749  35.9%  34.9  405s
 62653 51959 infeasible  190       948.49274  608.27496  35.9%  34.8  410s
 63528 52625  898.66914   82   75  948.49274  608.30236  35.9%  34.9  415s
 64251 53360  683.65174  140   59  948.49274  608.34186  35.9%  35.1  420s
 65161 54059  628.07026   86   65  948.49274  608.35531  35.9%  35.1  425s
H66070 54725                     948.4915793  608.38681  35.9%  35.1  428s
 66254 54808  928.11863  137   57  948.49158  608.39026  35.9%  35.1  430s
 67507 55853 infeasible  255       948.49158  608.44001  35.9%  35.0  435s
 68408 56879     cutoff  200       948.49158  608.46013  35.8%  35.1  440s
 69501 57524  943.71792   91   37  948.49158  608.48340  35.8%  35.2  446s
 70416 58329  869.98309  192   73  948.49158  608.51774  35.8%  35.2  451s
 71374 59289  730.36328  209   54  948.49158  608.53734  35.8%  35.2  455s
 72314 60002  677.11414  132   54  948.49158  608.56019  35.8%  35.2  462s
 73207 60788  693.00899  135   44  948.49158  608.57758  35.8%  35.2  465s
 74259 61549 infeasible  190       948.49158  608.57758  35.8%  35.0  470s
 75106 62376  651.17317  111   59  948.49158  608.59126  35.8%  35.1  475s
 75807 63050  682.33773   99   47  948.49158  608.60743  35.8%  35.1  480s
 76844 63720  639.15286  105   88  948.49158  608.63551  35.8%  35.2  486s
 77648 64460  886.95403   91   46  948.49158  608.65491  35.8%  35.2  490s
 78540 65256  611.62309   69   80  948.49158  608.68494  35.8%  35.3  495s
 79526 66199  800.57015   94   42  948.49158  608.70285  35.8%  35.2  500s
 80563 66975  758.74679  187   35  948.49158  608.72420  35.8%  35.2  505s
 81232 67537  630.77744   80   70  948.49158  608.75041  35.8%  35.3  510s
 82147 68252  612.20673   77   66  948.49158  608.75567  35.8%  35.2  515s
 83560 69372  775.73406  200   57  948.49158  608.78404  35.8%  35.2  520s
 84380 70115  656.69492  131   55  948.49158  608.78973  35.8%  35.2  525s
 85281 70836  612.05275   71   87  948.49158  608.79242  35.8%  35.3  530s
H85347 70151                     915.3783844  608.79242  33.5%  35.3  530s
H86044 70724                     915.3783843  608.80901  33.5%  35.3  534s
 86382 71237  667.24027  134   54  915.37838  608.82952  33.5%  35.3  535s
 87116 71722  648.37588  152   86  915.37838  608.85544  33.5%  35.3  540s
 88305 72712  771.01485  185   66  915.37838  608.89455  33.5%  35.3  545s
 89633 73890  761.06555  107   56  915.37838  608.91995  33.5%  35.2  550s
 91007 74949  839.18329  156   56  915.37838  608.93268  33.5%  35.1  555s
 91776 75768  649.02547  103   42  915.37838  608.95650  33.5%  35.1  560s
H92619 76190                     914.8473208  608.96714  33.4%  35.1  563s
 92892 76537  780.87351  218   56  914.84732  608.97073  33.4%  35.1  565s
H93388 76805                     914.8473207  608.98268  33.4%  35.1  568s
 93543 77241  646.11780  127   61  914.84732  608.98629  33.4%  35.1  570s
 94899 78209  645.83632   84   67  914.84732  609.01642  33.4%  35.1  575s
 95573 78876  624.58504   87   77  914.84732  609.02369  33.4%  35.1  580s
 97231 80145  742.35780  130   64  914.84732  609.05318  33.4%  35.1  585s
 98111 80965  702.18107  140   62  914.84732  609.06857  33.4%  35.2  590s
 98980 81641  653.78394  131   68  914.84732  609.07749  33.4%  35.2  595s
 100363 82767  621.32499   77   47  914.84732  609.09122  33.4%  35.2  601s
 100787 83046  635.22097   78   72  914.84732  609.09433  33.4%  35.2  605s
 102162 84330  633.60245  116   73  914.84732  609.11099  33.4%  35.2  610s
 103017 85068  840.89173   88   66  914.84732  609.11099  33.4%  35.2  615s
 104193 85929  623.47707   93   66  914.84732  609.13755  33.4%  35.2  620s
 105421 87107  625.51518  120   69  914.84732  609.14914  33.4%  35.1  625s
H105921 87229                     912.9871913  609.16565  33.3%  35.1  627s
 105922 87234  628.33462   84   72  912.98719  609.16565  33.3%  35.1  630s
 106478 87861  628.43228   86   67  912.98719  609.17121  33.3%  35.2  636s
H106571 87861                     912.9871912  609.17121  33.3%  35.1  636s
 107418 88839  661.63569  148   73  912.98719  609.18151  33.3%  35.1  640s
 108596 89684  642.27188  126   58  912.98719  609.18682  33.3%  35.0  645s
 109314 90219  626.87589   78   66  912.98719  609.20662  33.3%  35.2  650s
 109503 90427  743.58501   80   72  912.98719  609.20689  33.3%  35.2  655s
 111176 91914  636.77881  126   57  912.98719  609.22969  33.3%  35.2  660s
 112896 93403  643.39150  106   59  912.98719  609.25663  33.3%  35.1  665s
 114077 94553  615.31435   61   61  912.98719  609.28635  33.3%  35.2  670s
 115957 96013  840.52510  140   68  912.98719  609.31857  33.3%  35.2  675s
 117450 97258  671.98589  112   58  912.98719  609.32601  33.3%  35.2  680s
 118956 98545  682.34345  182   68  912.98719  609.34753  33.3%  35.2  685s
 120627 100039  655.04376  167   66  912.98719  609.37580  33.3%  35.2  690s
 122447 101596  638.14347  102   76  912.98719  609.39107  33.3%  35.1  695s
 124121 103036  799.17723   96   44  912.98719  609.41967  33.2%  35.1  700s
 125451 104274  637.56557  115   67  912.98719  609.45496  33.2%  35.1  705s
 127327 105868  775.74111  168   42  912.98719  609.46824  33.2%  35.0  710s
 129097 107227  684.96178  107   58  912.98719  609.48851  33.2%  35.0  715s
 130725 108582  715.97948  170   83  912.98719  609.50006  33.2%  34.9  720s
 132207 109783  693.48759   90   83  912.98719  609.51684  33.2%  35.0  725s
 133678 111159  643.27686  130   87  912.98719  609.54067  33.2%  35.0  730s
 134754 112153  825.76856  174   43  912.98719  609.55864  33.2%  34.9  735s
 135792 112876  667.57189  109   65  912.98719  609.56915  33.2%  35.0  740s
 136604 113607  690.39051  169   48  912.98719  609.58189  33.2%  35.0  745s
 137248 114352  734.32169  176   66  912.98719  609.59099  33.2%  35.1  750s
 138641 115410  833.42185  115   28  912.98719  609.59577  33.2%  35.1  755s
 140179 116699  667.48515  180   65  912.98719  609.60545  33.2%  35.1  760s
 141470 117875  773.42791  220   62  912.98719  609.63215  33.2%  35.1  765s
 143091 119269  719.11990  190   74  912.98719  609.64571  33.2%  35.1  770s
 144776 120837  734.66608  211   54  912.98719  609.65077  33.2%  35.0  775s
 146333 122033  787.19808   87   45  912.98719  609.66312  33.2%  35.0  780s
 148058 123682 infeasible  105       912.98719  609.67704  33.2%  35.0  785s
 149542 124845  813.46086  156   45  912.98719  609.72058  33.2%  35.1  790s
 151073 126220  706.01932   99   79  912.98719  609.74133  33.2%  35.0  795s
 153139 128048  755.06528  267   52  912.98719  609.75769  33.2%  34.9  800s
 154623 129250  813.31688  174   59  912.98719  609.77410  33.2%  35.0  805s
 156119 130531  625.85879   84   86  912.98719  609.78440  33.2%  35.0  810s
 157619 131777  632.10390  101   63  912.98719  609.79464  33.2%  35.0  815s
 159134 132942  768.28656   78   74  912.98719  609.79719  33.2%  35.1  820s
 160713 134340  609.99478   72   88  912.98719  609.80455  33.2%  35.1  825s
 162510 135951  833.36470  149   55  912.98719  609.81777  33.2%  35.0  830s
 164031 137356  621.67185   69   68  912.98719  609.83716  33.2%  35.1  835s
 165596 138634  704.81903  191   61  912.98719  609.84734  33.2%  35.1  840s
 167379 140088  696.64237  122   58  912.98719  609.86073  33.2%  35.0  845s
 168729 141218  620.67209   67   66  912.98719  609.87658  33.2%  35.1  850s
 170639 142950  730.13306  177   47  912.98719  609.89133  33.2%  35.0  855s
 172441 144300  632.20476   91   64  912.98719  609.90232  33.2%  35.0  860s
 173770 145508  672.41069  159   66  912.98719  609.91366  33.2%  35.1  865s
 175569 147067  702.72357  197   64  912.98719  609.94322  33.2%  35.0  870s
 177248 148379 infeasible   97       912.98719  609.94823  33.2%  35.0  875s
 178773 149809  831.82564  230   65  912.98719  609.96396  33.2%  35.1  880s
 180237 150987  784.76800  127   31  912.98719  609.96794  33.2%  35.1  885s
 181891 152491  614.44591   76   75  912.98719  609.98145  33.2%  35.1  890s
 183364 153706  632.32165  101   82  912.98719  609.99449  33.2%  35.0  895s
 185275 155424  621.74408   89   89  912.98719  610.00736  33.2%  35.0  900s
 186863 156689  754.53872  178   49  912.98719  610.02534  33.2%  35.0  905s
 188270 157885  897.93860  161   58  912.98719  610.04122  33.2%  34.9  910s
 189963 159235  728.13461  139   66  912.98719  610.05203  33.2%  34.9  915s
 191343 160458  685.96087  101   66  912.98719  610.05799  33.2%  35.0  920s
 192659 161663  635.48539  129   75  912.98719  610.06791  33.2%  35.0  925s
 194270 162961  624.67210   76   66  912.98719  610.08471  33.2%  35.0  930s
 195761 164356  669.93002  163   72  912.98719  610.09989  33.2%  35.0  935s
 197542 165778  698.32443  147   69  912.98719  610.11159  33.2%  34.9  940s
 199093 167225  660.06329  114   62  912.98719  610.11976  33.2%  35.0  945s
 200857 168752  896.45384  114   59  912.98719  610.13573  33.2%  34.9  950s
 202804 170476  705.03874   93   71  912.98719  610.15631  33.2%  34.9  955s
 204487 171882  633.02729  105   69  912.98719  610.17124  33.2%  34.8  960s
 206396 173586  661.09798  102   76  912.98719  610.18537  33.2%  34.7  965s
 207801 174658  617.98044   72   77  912.98719  610.19342  33.2%  34.8  970s
 209543 176215  700.30124  145   53  912.98719  610.20624  33.2%  34.7  975s
 210913 177173  744.89999  135   39  912.98719  610.21710  33.2%  34.8  980s
 212657 178767 infeasible  139       912.98719  610.23348  33.2%  34.8  985s
 214453 180326  770.56180  171   59  912.98719  610.24513  33.2%  34.8  990s
 216034 181536  612.98600   70   90  912.98719  610.25624  33.2%  34.7  995s
 217618 183051  711.50422   87   55  912.98719  610.26639  33.2%  34.8 1000s
 218797 184008  862.06925  173   56  912.98719  610.28554  33.2%  34.8 1005s
 220471 185587  620.18454   96   86  912.98719  610.29462  33.2%  34.8 1010s
 221975 186854  861.17377  208   34  912.98719  610.30532  33.2%  34.8 1015s
 223747 188157  628.38002   90   60  912.98719  610.30990  33.2%  34.8 1020s
 224749 189051  668.07111   76   65  912.98719  610.31305  33.2%  34.9 1025s
 226022 190193  613.34329   75   53  912.98719  610.31641  33.2%  35.0 1030s
 227453 191497  618.08722   76   56  912.98719  610.32879  33.2%  35.0 1035s
 229108 192759  839.00477  100   56  912.98719  610.33824  33.1%  35.0 1040s
 231237 194396  615.23186   74   86  912.98719  610.34999  33.1%  35.0 1045s
 232726 195726  621.80113   67   79  912.98719  610.35870  33.1%  35.0 1050s
 234237 196924  758.13164  110   43  912.98719  610.37488  33.1%  35.0 1055s
 235779 198275  632.39776  106   79  912.98719  610.38476  33.1%  34.9 1060s
 237655 199883  663.80698   88   74  912.98719  610.39719  33.1%  34.9 1065s
 239274 201257  873.11761  210   58  912.98719  610.41277  33.1%  34.9 1070s
 240767 202617  614.74493   66   92  912.98719  610.42399  33.1%  34.9 1075s
 242690 204388  679.23059  172   65  912.98719  610.43246  33.1%  34.8 1080s
 244526 205715  652.57166   89   69  912.98719  610.44037  33.1%  34.8 1085s
 245706 206906  689.67233  181   60  912.98719  610.44955  33.1%  34.8 1090s
 247580 208542  729.18713  101   66  912.98719  610.45896  33.1%  34.8 1095s
 249174 209958  704.50448  196   70  912.98719  610.47337  33.1%  34.8 1100s
 250571 211080  833.19314   93   64  912.98719  610.47830  33.1%  34.8 1105s
 252135 212538  685.99153  230   80  912.98719  610.48266  33.1%  34.8 1110s
 254002 213912  774.45161   90   47  912.98719  610.49127  33.1%  34.8 1115s
 255411 215049  753.72868  136   41  912.98719  610.49285  33.1%  34.8 1120s
 256056 215696  642.74445  128   74  912.98719  610.49584  33.1%  34.8 1125s
 257730 217158  651.14494  123   63  912.98719  610.50874  33.1%  34.8 1130s
 259235 218606  640.18077  132   63  912.98719  610.51544  33.1%  34.8 1135s
 261366 220120  620.00889   73   63  912.98719  610.51709  33.1%  34.7 1140s
 262450 221181  621.81953   78   69  912.98719  610.51709  33.1%  34.8 1145s
 264006 222564  738.91132  215   45  912.98719  610.52048  33.1%  34.7 1150s
 265467 223681  635.03842  101   53  912.98719  610.52916  33.1%  34.7 1155s
 266653 224772     cutoff  256       912.98719  610.53952  33.1%  34.7 1160s
 267645 225631  660.61619  167   67  912.98719  610.54466  33.1%  34.8 1165s
 268909 226623  805.86786  101   45  912.98719  610.55056  33.1%  34.8 1170s
 270070 227471  776.24500  245   78  912.98719  610.55172  33.1%  34.8 1175s
 271375 228798  854.73184  139   62  912.98719  610.56062  33.1%  34.8 1180s
 272861 230073  691.43115  180   60  912.98719  610.56715  33.1%  34.8 1185s
 274243 231181  619.23537   88   62  912.98719  610.56963  33.1%  34.8 1190s
 275358 232184  635.24237  125   81  912.98719  610.57034  33.1%  34.7 1195s
 276922 233346  784.14764  221   48  912.98719  610.57459  33.1%  34.7 1200s

Cutting planes:
  Learned: 3
  Gomory: 24
  Cover: 13
  Implied bound: 77
  Projected implied bound: 8
  MIR: 53
  StrongCG: 1
  Flow cover: 53
  Inf proof: 76
  Zero half: 7
  RLT: 44
  Relax-and-lift: 7

Explored 277012 nodes (9626823 simplex iterations) in 1200.03 seconds
Thread count was 2 (of 4 available processors)

Solution count 10: 912.987 914.847 915.378 ... 1243.63

Time limit reached
Best objective 9.129871912323e+02, best bound 6.105745905436e+02, gap 33.1234%
Discarded solution information
