
Gurobi 9.0.2 (win64) logging started Wed Jan 12 13:37:31 2022

Changed value of parameter LogFile to logs\SDCRVRP_10-2-7-100_2_0.LOG
   Prev:   Default: 
Changed value of parameter Seed to 1939135321
   Prev: 0  Min: 0  Max: 2000000000  Default: 0
Changed value of parameter Threads to 2
   Prev: 0  Min: 0  Max: 1024  Default: 0
Changed value of parameter TimeLimit to 1200.0
   Prev: inf  Min: 0.0  Max: inf  Default: inf
Changed value of parameter Symmetry to 2
   Prev: -1  Min: -1  Max: 2  Default: -1
Changed value of parameter Cuts to 2
   Prev: -1  Min: -1  Max: 3  Default: -1
Changed value of parameter PreDepRow to 1
   Prev: -1  Min: -1  Max: 1  Default: -1
Changed value of parameter ScaleFlag to 1
   Prev: -1  Min: -1  Max: 3  Default: -1
Changed value of parameter NormAdjust to 0
   Prev: -1  Min: -1  Max: 3  Default: -1
Gurobi Optimizer version 9.0.2 build v9.0.2rc0 (win64)
Optimize a model with 10461 rows, 6526 columns and 43445 nonzeros
Model fingerprint: 0x4c19a7ff
Variable types: 92 continuous, 6434 integer (4318 binary)
Coefficient statistics:
  Matrix range     [5e-01, 1e+06]
  Objective range  [1e+00, 1e+00]
  Bounds range     [1e+00, 1e+04]
  RHS range        [1e+00, 1e+06]
Presolve removed 9714 rows and 5835 columns
Presolve time: 0.17s
Presolved: 747 rows, 691 columns, 5038 nonzeros
Variable types: 51 continuous, 640 integer (640 binary)

Root relaxation: objective 1.037538e+03, 186 iterations, 0.00 seconds

    Nodes    |    Current Node    |     Objective Bounds      |     Work
 Expl Unexpl |  Obj  Depth IntInf | Incumbent    BestBd   Gap | It/Node Time

     0     0 1037.53837    0   20          - 1037.53837      -     -    0s
     0     0 1037.53837    0   50          - 1037.53837      -     -    0s
     0     0 1037.53837    0   24          - 1037.53837      -     -    0s
     0     0 1037.53837    0   24          - 1037.53837      -     -    0s
     0     0 1037.53837    0   24          - 1037.53837      -     -    0s
     0     0 1037.53837    0   20          - 1037.53837      -     -    0s
     0     2 1037.53837    0   20          - 1037.53837      -     -    0s
  1464   626 1055.86260   26   37          - 1044.58231      -  19.1    5s
  1562   682 1066.75009   70   27          - 1049.32773      -   4.7   10s
  5430  2564 1119.97247  123   19          - 1057.01203      -   8.5   15s
  9055  4890 1089.88583   79   19          - 1058.78343      -   9.7   20s
 12649  7171 1113.86841  123   20          - 1059.84182      -  10.2   25s
 16004  9113 infeasible  131               - 1061.40900      -  10.7   30s
 19116 10925 infeasible  120               - 1062.34641      -  11.0   35s
 22161 12747 1073.04020   70   29          - 1063.20114      -  11.2   40s
 25352 14520 1113.02537  104   27          - 1064.08197      -  11.3   45s
 28647 16343 1071.50288   68   34          - 1064.71350      -  11.4   50s
 31571 17862 1130.40689  106   16          - 1065.37920      -  11.5   55s
 34815 19674 1115.90194   99   19          - 1065.59456      -  11.7   60s
 37587 21232 1095.59499   86   25          - 1066.50376      -  11.8   65s
 40606 22848 1098.37711   94   27          - 1066.94160      -  12.0   70s
 43481 24444 1097.60251   84   34          - 1067.16763      -  12.2   75s
 46324 25941 1115.97448  106   21          - 1067.43620      -  12.3   80s
 49343 27547 1135.26066  117    8          - 1067.67077      -  12.3   85s
 51936 28866 1127.02192  105   11          - 1068.01554      -  12.4   90s
 54896 30576 1074.55147   70   27          - 1068.28482      -  12.4   95s
 57618 32004 1093.76135   88   13          - 1068.76979      -  12.5  100s
 60686 33675 infeasible  133               - 1069.22462      -  12.5  105s
 63863 35386 1102.19751   78   26          - 1069.75446      -  12.6  110s
 66960 37090 1117.01697  105   22          - 1070.17690      -  12.7  115s
 70342 38855 infeasible   85               - 1070.61769      -  12.8  120s
 73919 40689 1096.88458   74   24          - 1071.22331      -  12.8  125s
 76950 42306 infeasible  129               - 1071.65203      -  12.8  130s
 79974 43966 1096.39132   93   29          - 1071.89680      -  12.8  135s
 83168 45665 1104.46903  109   19          - 1071.99976      -  12.9  140s
 86454 47338 infeasible  128               - 1072.14663      -  12.8  145s
 89464 48926 1091.22598   87   21          - 1072.56572      -  12.8  150s
 92391 50428 1136.12953  100   13          - 1072.93527      -  12.8  155s
 95293 51984 infeasible  105               - 1073.32546      -  12.8  160s
 98267 53574 infeasible  101               - 1073.81811      -  12.8  165s
 101254 55054 1114.61119  104   10          - 1074.07624      -  12.8  170s
 104159 56602 1087.90153   67   26          - 1074.52494      -  12.8  175s
 106913 58098 1100.71986   98   18          - 1074.79359      -  12.9  180s
 109964 59673 1110.68073   95   24          - 1074.90123      -  12.9  185s
 112675 61167 1117.18768  101   22          - 1075.16195      -  12.9  190s
*113099  3117              96    1082.4088074 1075.16195  0.67%  12.9  190s
 115695  2373 infeasible   78      1082.40881 1077.51905  0.45%  12.9  195s
 117621  1881 1079.74062   75   17 1082.40881 1078.65300  0.35%  12.9  200s
 119772   588     cutoff   83      1082.40881 1080.94194  0.14%  12.9  205s

Cutting planes:
  Gomory: 15
  Cover: 41
  MIR: 7
  Flow cover: 37
  Inf proof: 23
  Zero half: 6

Explored 120604 nodes (1572852 simplex iterations) in 206.29 seconds
Thread count was 2 (of 4 available processors)

Solution count 1: 1082.41 

Optimal solution found (tolerance 1.00e-04)
Best objective 1.082408807404e+03, best bound 1.082408807404e+03, gap 0.0000%
Discarded solution information

Gurobi 9.0.2 (win64) logging started Wed Jan 12 16:26:49 2022

Changed value of parameter LogFile to logs\SDCRVRP_10-2-7-100_2_0.LOG
   Prev:   Default: 
Changed value of parameter Seed to 1963773041
   Prev: 0  Min: 0  Max: 2000000000  Default: 0
Changed value of parameter Threads to 2
   Prev: 0  Min: 0  Max: 1024  Default: 0
Changed value of parameter TimeLimit to 1200.0
   Prev: inf  Min: 0.0  Max: inf  Default: inf
Changed value of parameter Symmetry to 2
   Prev: -1  Min: -1  Max: 2  Default: -1
Changed value of parameter Cuts to 2
   Prev: -1  Min: -1  Max: 3  Default: -1
Changed value of parameter PreDepRow to 1
   Prev: -1  Min: -1  Max: 1  Default: -1
Changed value of parameter ScaleFlag to 1
   Prev: -1  Min: -1  Max: 3  Default: -1
Changed value of parameter NormAdjust to 0
   Prev: -1  Min: -1  Max: 3  Default: -1
Gurobi Optimizer version 9.0.2 build v9.0.2rc0 (win64)
Optimize a model with 10467 rows, 6526 columns and 43451 nonzeros
Model fingerprint: 0xdb462709
Variable types: 92 continuous, 6434 integer (4318 binary)
Coefficient statistics:
  Matrix range     [5e-01, 1e+06]
  Objective range  [1e+00, 1e+00]
  Bounds range     [1e+00, 1e+04]
  RHS range        [1e+00, 1e+06]
Presolve removed 4710 rows and 3140 columns
Presolve time: 0.01s

Explored 0 nodes (0 simplex iterations) in 0.02 seconds
Thread count was 1 (of 4 available processors)

Solution count 0

Model is infeasible
Best objective -, best bound -, gap -

Computing Irreducible Inconsistent Subsystem (IIS)...

      Constraints           Bounds       Runtime
     Min       Max       Min      Max
------------------------------------------------
        0    10379         0     6257         0s
        5        5        20       20         1s

IIS computed: 5 constraints, 20 bounds
IIS runtime: 0.59 seconds
Discarded solution information

Gurobi 9.0.2 (win64) logging started Wed Jan 12 16:29:23 2022

Changed value of parameter LogFile to logs\SDCRVRP_10-2-7-100_2_0.LOG
   Prev:   Default: 
Changed value of parameter Seed to 1472054073
   Prev: 0  Min: 0  Max: 2000000000  Default: 0
Changed value of parameter Threads to 2
   Prev: 0  Min: 0  Max: 1024  Default: 0
Changed value of parameter TimeLimit to 1200.0
   Prev: inf  Min: 0.0  Max: inf  Default: inf
Changed value of parameter Symmetry to 2
   Prev: -1  Min: -1  Max: 2  Default: -1
Changed value of parameter Cuts to 2
   Prev: -1  Min: -1  Max: 3  Default: -1
Changed value of parameter PreDepRow to 1
   Prev: -1  Min: -1  Max: 1  Default: -1
Changed value of parameter ScaleFlag to 1
   Prev: -1  Min: -1  Max: 3  Default: -1
Changed value of parameter NormAdjust to 0
   Prev: -1  Min: -1  Max: 3  Default: -1
Gurobi Optimizer version 9.0.2 build v9.0.2rc0 (win64)
Optimize a model with 10459 rows, 6526 columns and 43051 nonzeros
Model fingerprint: 0x703abfa8
Variable types: 92 continuous, 6434 integer (4318 binary)
Coefficient statistics:
  Matrix range     [5e-01, 1e+06]
  Objective range  [1e+00, 1e+00]
  Bounds range     [1e+00, 1e+04]
  RHS range        [1e+00, 1e+06]
Presolve removed 4664 rows and 3094 columns
Presolve time: 0.01s

Explored 0 nodes (0 simplex iterations) in 0.01 seconds
Thread count was 1 (of 4 available processors)

Solution count 0

Model is infeasible
Best objective -, best bound -, gap -

Computing Irreducible Inconsistent Subsystem (IIS)...

      Constraints           Bounds       Runtime
     Min       Max       Min      Max
------------------------------------------------
        0    10371         0     6257         0s
        7        7        43       43         1s

IIS computed: 7 constraints, 43 bounds
IIS runtime: 0.83 seconds
Discarded solution information

Gurobi 9.0.2 (win64) logging started Wed Jan 12 16:35:22 2022

Changed value of parameter LogFile to logs\SDCRVRP_10-2-7-100_2_0.LOG
   Prev:   Default: 
Changed value of parameter Seed to 444137645
   Prev: 0  Min: 0  Max: 2000000000  Default: 0
Changed value of parameter Threads to 2
   Prev: 0  Min: 0  Max: 1024  Default: 0
Changed value of parameter TimeLimit to 1200.0
   Prev: inf  Min: 0.0  Max: inf  Default: inf
Changed value of parameter Symmetry to 2
   Prev: -1  Min: -1  Max: 2  Default: -1
Changed value of parameter Cuts to 2
   Prev: -1  Min: -1  Max: 3  Default: -1
Changed value of parameter PreDepRow to 1
   Prev: -1  Min: -1  Max: 1  Default: -1
Changed value of parameter ScaleFlag to 1
   Prev: -1  Min: -1  Max: 3  Default: -1
Changed value of parameter NormAdjust to 0
   Prev: -1  Min: -1  Max: 3  Default: -1
Gurobi Optimizer version 9.0.2 build v9.0.2rc0 (win64)
Optimize a model with 10459 rows, 6526 columns and 43051 nonzeros
Model fingerprint: 0xaaf73328
Variable types: 92 continuous, 6434 integer (4318 binary)
Coefficient statistics:
  Matrix range     [5e-01, 1e+06]
  Objective range  [1e+00, 1e+00]
  Bounds range     [1e+00, 1e+04]
  RHS range        [1e+00, 1e+06]
Presolve removed 4340 rows and 2932 columns
Presolve time: 0.01s

Explored 0 nodes (0 simplex iterations) in 0.02 seconds
Thread count was 1 (of 4 available processors)

Solution count 0

Model is infeasible
Best objective -, best bound -, gap -

Computing Irreducible Inconsistent Subsystem (IIS)...

      Constraints           Bounds       Runtime
     Min       Max       Min      Max
------------------------------------------------
        0    10371         0     6093         0s

Gurobi 9.0.2 (win64) logging started Wed Jan 12 18:27:14 2022

Changed value of parameter LogFile to logs\SDCRVRP_10-2-7-100_2_0.LOG
   Prev:   Default: 
Changed value of parameter Seed to 1404811758
   Prev: 0  Min: 0  Max: 2000000000  Default: 0
Changed value of parameter Threads to 2
   Prev: 0  Min: 0  Max: 1024  Default: 0
Changed value of parameter TimeLimit to 1200.0
   Prev: inf  Min: 0.0  Max: inf  Default: inf
Changed value of parameter Symmetry to 2
   Prev: -1  Min: -1  Max: 2  Default: -1
Changed value of parameter Cuts to 2
   Prev: -1  Min: -1  Max: 3  Default: -1
Changed value of parameter PreDepRow to 1
   Prev: -1  Min: -1  Max: 1  Default: -1
Changed value of parameter ScaleFlag to 1
   Prev: -1  Min: -1  Max: 3  Default: -1
Changed value of parameter NormAdjust to 0
   Prev: -1  Min: -1  Max: 3  Default: -1
Gurobi Optimizer version 9.0.2 build v9.0.2rc0 (win64)
Optimize a model with 10453 rows, 6526 columns and 43065 nonzeros
Model fingerprint: 0x75eecf72
Variable types: 92 continuous, 6434 integer (4318 binary)
Coefficient statistics:
  Matrix range     [5e-01, 1e+06]
  Objective range  [1e+00, 1e+00]
  Bounds range     [1e+00, 1e+04]
  RHS range        [1e+00, 1e+06]
Presolve removed 8696 rows and 5094 columns
Presolve time: 0.25s
Presolved: 1757 rows, 1432 columns, 12708 nonzeros
Variable types: 55 continuous, 1377 integer (1277 binary)

Root relaxation: objective 5.388681e+02, 784 iterations, 0.03 seconds

    Nodes    |    Current Node    |     Objective Bounds      |     Work
 Expl Unexpl |  Obj  Depth IntInf | Incumbent    BestBd   Gap | It/Node Time

     0     0  538.86806    0   83          -  538.86806      -     -    0s
     0     0  538.86806    0   88          -  538.86806      -     -    0s
     0     0  538.86806    0   85          -  538.86806      -     -    0s
     0     0  538.86806    0   93          -  538.86806      -     -    0s
     0     0  538.86806    0   89          -  538.86806      -     -    1s
     0     0  538.86806    0   85          -  538.86806      -     -    1s
     0     0  538.86806    0   85          -  538.86806      -     -    1s
     0     0  538.86806    0   85          -  538.86806      -     -    1s
     0     2  538.87568    0   85          -  538.87568      -     -    2s
   712   743  572.42349   43   73          -  538.89140      -   6.4    5s
   775   749  550.36961  203   79          -  538.89140      -   6.2   10s
  1147  1009  592.33090  109   71          -  538.94237      -  22.2   15s
  2299  1672 infeasible  149               -  538.94237      -  31.9   20s
  3326  2350  589.12029   61   68          -  538.94527      -  37.4   25s
  4573  3436  573.38578   56   64          -  538.99528      -  39.3   30s
  5525  4246  585.59145   72   70          -  539.74719      -  41.3   35s
  6800  5390  542.22434   26   91          -  541.67059      -  41.8   40s
  8098  6391  591.34861   70   45          -  541.94358      -  40.9   45s
  9635  7753  585.60772  100   66          -  542.17946      -  40.1   50s
 11102  8966 1258.89684  139    8          -  542.18424      -  39.4   55s
 12444 10076  594.17285  113   59          -  542.18509      -  38.6   60s
 13961 11279  571.96712   57   56          -  542.18933      -  38.5   65s
 15449 12527  542.70880   31   81          -  542.23892      -  38.3   70s
 17158 13817  625.67322  116   49          -  542.37142      -  38.0   75s
 18642 15044  601.49648   99   51          -  542.50474      -  37.8   80s
H19989 16031                    1256.3062372  542.58246  56.8%  37.9   84s
 20142 16209  626.62148  120   42 1256.30624  542.64503  56.8%  37.9   85s
H20235 16209                    1256.3062371  542.64503  56.8%  37.9   85s
H20485 16354                    1231.6741633  542.66955  55.9%  37.8   86s
H21073 16633                    1004.3315693  542.71479  46.0%  37.8   89s
 21256 16755  625.62893  120   45 1004.33157  542.94466  45.9%  37.8   90s
*21686 16823              55     932.5221942  543.02610  41.8%  37.8   92s
H21928 16988                     932.5221941  543.08210  41.8%  37.7   93s
 22047 17202  559.94385   31   70  932.52219  543.11778  41.8%  37.7   95s
 22585 17547  552.12818   30   88  932.52219  543.31773  41.7%  37.6  100s
 22857 17722  610.84706   64   56  932.52219  543.32459  41.7%  37.6  105s
 23227 18105  614.68382   97   53  932.52219  543.32666  41.7%  37.8  110s
 23357 18196  549.89687   30   70  932.52219  543.34335  41.7%  37.8  115s
 23677 18479     cutoff   65       932.52219  543.36258  41.7%  38.0  120s
 24857 19610  651.37346   75   65  932.52219  543.45900  41.7%  37.9  125s
 26182 20601  636.11752  110   51  932.52219  543.57658  41.7%  37.8  131s
 26866 21212  603.19099   64   45  932.52219  543.58279  41.7%  37.9  135s
H28002 21911                     923.5582601  543.66625  41.1%  38.0  139s
 28003 22006  614.46518  101   57  923.55826  543.67530  41.1%  38.0  140s
 29534 23428  664.77905   96   48  923.55826  543.80585  41.1%  37.9  145s
H29777 23327                     901.3100292  543.81123  39.7%  37.8  145s
 30598 24156  568.39078   54   81  901.31003  543.83340  39.7%  37.7  150s
H30777 24133                     897.6177844  543.83340  39.4%  37.7  150s
 31703 24990  560.91715   28   68  897.61778  543.87599  39.4%  38.1  155s
H31793 24990                     897.6177843  543.88412  39.4%  38.1  155s
H32285 25196                     875.5981375  543.91306  37.9%  38.1  158s
 32486 25628  552.42783   29   82  875.59814  543.93104  37.9%  38.1  160s
 33967 26750  583.73802   45   46  875.59814  543.99830  37.9%  38.3  165s
H34902 27350                     875.5981374  544.04782  37.9%  38.4  168s
 35110 27865  568.91933   55   77  875.59814  544.05959  37.9%  38.4  170s
 36642 28929  572.45907   45   42  875.59814  544.15863  37.9%  38.1  175s
 37551 29836  617.06963   73   50  875.59814  544.19037  37.8%  38.1  180s
 39116 30925  571.57297   43   63  875.59814  544.26648  37.8%  38.1  185s
 40358 31926  593.33718   62   55  875.59814  544.30852  37.8%  38.0  190s
 41299 32760  639.10696   52   52  875.59814  544.36278  37.8%  38.3  195s
H41582 32842                     875.4354539  544.38365  37.8%  38.5  197s
 42081 33464  570.49185   33   58  875.43545  544.40657  37.8%  38.6  200s
 43673 34621  600.67255   51   61  875.43545  544.47476  37.8%  38.5  205s
H43708 34559                     869.0592056  544.47476  37.3%  38.5  205s
 44956 35860  586.48049   82   60  869.05921  544.49715  37.3%  38.4  210s
H45254 35802                     855.9896062  544.49715  36.4%  38.4  211s
 46130 36660  605.68568   48   40  855.98961  544.51838  36.4%  38.3  215s
 47317 37601  793.69807   58   40  855.98961  544.56267  36.4%  38.4  220s
H48396 38331                     855.9896062  544.59272  36.4%  38.2  224s
 48398 38502  701.55682  138   48  855.98961  544.59272  36.4%  38.2  225s
 49982 39925  669.45172  109   54  855.98961  544.64323  36.4%  38.1  230s
 51972 41492  625.65048  109   52  855.98961  544.68872  36.4%  37.7  235s
 53102 42391  567.95710   34   71  855.98961  544.77712  36.4%  37.8  240s
 53683 42937  683.19394   74   44  855.98961  544.79464  36.4%  37.8  245s
 55103 44207  608.23000  108   39  855.98961  544.88658  36.3%  37.8  250s
 56485 45338  606.56460   44   51  855.98961  544.92702  36.3%  37.8  255s
 57411 46017 infeasible   54       855.98961  544.94764  36.3%  38.1  260s
 58832 47224  630.17423   45   63  855.98961  544.99752  36.3%  38.0  266s
 60146 48253  719.40594   37   47  855.98961  545.05234  36.3%  38.0  272s
 60634 48872  636.59607  128   37  855.98961  545.06445  36.3%  38.0  275s
 61494 49454  717.28394  125   53  855.98961  545.08647  36.3%  38.2  280s
 62910 50812  769.42386  114   45  855.98961  545.12355  36.3%  38.2  285s
 63849 51489  611.62606  107   52  855.98961  545.16348  36.3%  38.1  290s
 65338 52722  559.13186   38   57  855.98961  545.22970  36.3%  38.0  295s
H65895 52937                     848.1834676  545.24978  35.7%  38.1  298s
 66114 53199  738.50326   46   50  848.18347  545.25675  35.7%  38.2  300s
 67650 54552  618.39041   70   41  848.18347  545.29520  35.7%  38.1  305s
H69027 55537                     848.1834675  545.34511  35.7%  38.0  309s
 69113 55796  562.65654   44   79  848.18347  545.34551  35.7%  38.0  310s
 70529 56894  621.45012  124   53  848.18347  545.37848  35.7%  37.8  315s
 71950 58150  601.82948   88   52  848.18347  545.42496  35.7%  37.7  320s
 73223 59356  549.57083   25   81  848.18347  545.44479  35.7%  37.7  325s
H73561 59391                     844.1128107  545.44479  35.4%  37.7  326s
H74780 60313                     844.1128106  545.46053  35.4%  37.5  330s
 76119 61653  824.56326  114   28  844.11281  545.47240  35.4%  37.4  335s
 77158 62408  558.38688   29   83  844.11281  545.49167  35.4%  37.4  340s
 78957 64121  641.01693  107   45  844.11281  545.52123  35.4%  37.3  345s
 80401 65155  569.56446   35   70  844.11281  545.54513  35.4%  37.1  350s
 81335 66075  581.33636   75   70  844.11281  545.56260  35.4%  37.3  355s
*81922 65812              58     825.4187124  545.58039  33.9%  37.3  357s
 82868 66792  594.38258   73   50  825.41871  545.59451  33.9%  37.3  360s
 83886 67618  570.73263   51   64  825.41871  545.60231  33.9%  37.3  365s
 85643 69069  710.97278   98   55  825.41871  545.61067  33.9%  37.1  370s
H86337 69203                     813.5447402  545.63196  32.9%  37.2  374s
 86753 69552  760.74839   36   63  813.54474  545.64154  32.9%  37.2  375s
 88384 70939 infeasible  114       813.54474  545.69645  32.9%  37.2  380s
 89733 72183 infeasible  111       813.54474  545.72727  32.9%  37.1  385s
 91174 73353  600.66003   86   51  813.54474  545.74258  32.9%  37.1  390s
H91622 73497                     813.5447401  545.74407  32.9%  37.0  392s
 92033 73943  608.95930   73   57  813.54474  545.75373  32.9%  37.1  395s
 92960 74673  637.58453  133   42  813.54474  545.75880  32.9%  37.0  400s
 94732 76343  734.29344  100   35  813.54474  545.76994  32.9%  37.0  405s
 96371 77566  590.60714   40   62  813.54474  545.79267  32.9%  36.8  410s
H96590 76568                     788.3692977  545.79376  30.8%  36.9  411s
 97749 77691  576.01597   71   60  788.36930  545.80611  30.8%  36.8  415s
H98362 78045                     788.3692976  545.80919  30.8%  36.8  418s
 98585 78426  590.72039   79   58  788.36930  545.81357  30.8%  36.8  420s
 100525 80087  615.40024  101   48  788.36930  545.83975  30.8%  36.6  425s
 102072 81398  575.26894   44   65  788.36930  545.85091  30.8%  36.6  430s
 103382 82355  555.11356   33   87  788.36930  545.86339  30.8%  36.6  435s
 104486 83305  627.84724  113   49  788.36930  545.86841  30.8%  36.7  440s
 105628 84225 infeasible   88       788.36930  545.87653  30.8%  36.7  445s
 107164 85558  645.67144   42   74  788.36930  545.90074  30.8%  36.7  450s
 108131 86404  752.10939   52   68  788.36930  545.91397  30.8%  36.7  455s
 109759 87663  578.93948   46   65  788.36930  545.93811  30.8%  36.6  460s
 110871 88645  598.31689   71   63  788.36930  545.94768  30.7%  36.6  465s
H110918 88378                     783.9979646  545.94768  30.4%  36.6  465s
H111014 88379                     783.9979645  545.94768  30.4%  36.6  468s
 111343 88840  561.14937   34   76  783.99796  545.96227  30.4%  36.7  470s
 112946 90157  703.66720   57   24  783.99796  545.97320  30.4%  36.6  475s
 114019 91051  604.73516   48   56  783.99796  545.98693  30.4%  36.6  480s
 115236 91981  623.90936  121   50  783.99796  545.98693  30.4%  36.6  485s
 116558 93030  579.28794   37   34  783.99796  546.00752  30.4%  36.6  490s
 117401 93750  591.50243   70   77  783.99796  546.01773  30.4%  36.6  495s
 119063 95215  660.88197   71   54  783.99796  546.03053  30.4%  36.6  500s
 120934 96638  563.31850   44   81  783.99796  546.04705  30.4%  36.6  505s
 121908 97480 infeasible  122       783.99796  546.05261  30.4%  36.6  510s
 122715 98144  593.88930   57   53  783.99796  546.06675  30.3%  36.6  515s
 124429 99542  547.36092   29   81  783.99796  546.07613  30.3%  36.5  520s
 125745 100501  728.48318   61   61  783.99796  546.08594  30.3%  36.5  525s
 127628 102229  579.35117   64   72  783.99796  546.11189  30.3%  36.4  530s
 129006 103432  547.03756   25   62  783.99796  546.12482  30.3%  36.4  535s
 129983 104283  638.45609  131   64  783.99796  546.13061  30.3%  36.4  540s
 131789 105730  705.55667  144   51  783.99796  546.13523  30.3%  36.3  545s
 132898 106537  549.55239   33   81  783.99796  546.14389  30.3%  36.2  551s
 134121 107593  553.48954   37   64  783.99796  546.15049  30.3%  36.3  555s
 135777 109024  549.69752   31   76  783.99796  546.16728  30.3%  36.2  560s
H137385 107073                     748.7166380  546.17826  27.1%  36.2  564s
 137483 107281  609.19137  121   67  748.71664  546.17826  27.1%  36.2  565s
 138232 107783  740.13146   99   57  748.71664  546.18927  27.0%  36.2  570s
 139914 109310  641.66655  174   65  748.71664  546.20180  27.0%  36.2  575s
 141406 110387  674.83576   88   61  748.71664  546.22037  27.0%  36.2  580s
 142601 111425  575.38599   44   72  748.71664  546.24532  27.0%  36.2  585s
 144369 112958  563.89074   48   68  748.71664  546.27760  27.0%  36.1  590s
 145534 113893  582.77317   67   59  748.71664  546.28421  27.0%  36.1  595s
 147145 115184  687.87943   56   63  748.71664  546.30634  27.0%  36.0  600s
 148198 116140  614.58759  115   63  748.71664  546.31917  27.0%  36.1  605s
 149148 116989  592.79559   74   59  748.71664  546.33003  27.0%  36.1  610s
 150636 118309  581.35207   57   61  748.71664  546.36440  27.0%  36.1  615s
 151793 119296  577.76480   75   62  748.71664  546.37876  27.0%  36.0  620s
 153071 120372  575.72300   48   68  748.71664  546.41331  27.0%  36.0  625s
H154215 119158                     734.6676703  546.42755  25.6%  35.9  628s
 154815 119752  573.85839   56   59  734.66767  546.43383  25.6%  35.9  630s
 156125 120819  680.83298   85   46  734.66767  546.46002  25.6%  35.8  635s
H157003 121332                     734.6676702  546.46518  25.6%  35.8  639s
 157198 121814  698.36756  181   44  734.66767  546.46655  25.6%  35.8  640s
 158648 122888 infeasible  151       734.66767  546.49096  25.6%  35.8  645s
H159383 122570                     731.0329253  546.50470  25.2%  35.8  647s
 160026 123173  593.61171   78   63  731.03293  546.50867  25.2%  35.8  650s
 161447 124307  568.09872   40   74  731.03293  546.53244  25.2%  35.8  656s
 162621 125168  712.91592  130   40  731.03293  546.55382  25.2%  35.8  661s
 163645 126209     cutoff  199       731.03293  546.56933  25.2%  35.8  665s
 165244 127591  606.29170   53   49  731.03293  546.58396  25.2%  35.8  670s
 166686 128616  635.67990   92   54  731.03293  546.60601  25.2%  35.8  675s
 168054 130005  673.39177   34   67  731.03293  546.62672  25.2%  35.8  680s
 169911 131494  580.32799   40   76  731.03293  546.64365  25.2%  35.7  685s
 171545 132898  639.01649  109   55  731.03293  546.67211  25.2%  35.7  690s
 172404 133495  711.04859   65   49  731.03293  546.67993  25.2%  35.7  695s
 173950 134767  556.07332   32   74  731.03293  546.69803  25.2%  35.7  700s
 175719 136276  550.38364   29   82  731.03293  546.70885  25.2%  35.6  705s
 176430 136786  600.05583   83   47  731.03293  546.71651  25.2%  35.6  710s
 177839 138007  549.23233   31   92  731.03293  546.74251  25.2%  35.6  715s
 179361 139127  694.00825  110   65  731.03293  546.75564  25.2%  35.5  721s
 180385 140079  630.30211   62   54  731.03293  546.77209  25.2%  35.5  725s
 182169 141682  566.60723   57   60  731.03293  546.79266  25.2%  35.5  730s
 182834 142117  559.79475   30   79  731.03293  546.80160  25.2%  35.5  735s
 184245 143277  555.36843   35   43  731.03293  546.82715  25.2%  35.5  740s
 185913 144670  669.32882  190   66  731.03293  546.84343  25.2%  35.6  745s
 187419 145920  579.17682   64   50  731.03293  546.87046  25.2%  35.6  751s
 188640 146767  568.74909   43   71  731.03293  546.89919  25.2%  35.6  759s
 188893 146970  578.67141   47   65  731.03293  546.90463  25.2%  35.6  760s
 190750 148608  632.36552  134   50  731.03293  546.91604  25.2%  35.6  765s
 192153 149754  553.69344   29   62  731.03293  546.96023  25.2%  35.5  770s
 193678 150902  620.40668   36   64  731.03293  546.98144  25.2%  35.6  775s
 194447 151443  614.80662   90   54  731.03293  546.99441  25.2%  35.6  780s
 195910 152817  592.26030   63   63  731.03293  547.00789  25.2%  35.6  785s
 197815 154561  656.86873  128   66  731.03293  547.03642  25.2%  35.6  790s
 199245 155507  551.77961   30   69  731.03293  547.05218  25.2%  35.5  796s
 200301 156578  617.43736   85   60  731.03293  547.06653  25.2%  35.5  800s
 202009 157871  569.24633   35   69  731.03293  547.08025  25.2%  35.5  807s
 202742 158788  565.41627   56   64  731.03293  547.09142  25.2%  35.5  810s
 204191 160016  573.63941   53   75  731.03293  547.11442  25.2%  35.5  815s
 205684 161091  592.53566   53   47  731.03293  547.13161  25.2%  35.5  821s
 206661 162110  567.50062   47   70  731.03293  547.13820  25.2%  35.5  825s
 207518 162872  627.28546   94   50  731.03293  547.14140  25.2%  35.5  830s
 209231 164332  600.38295   67   62  731.03293  547.15488  25.2%  35.4  835s
 210451 165283  565.91700   37   74  731.03293  547.15631  25.2%  35.5  840s
 211562 166356  692.69887  143   54  731.03293  547.16571  25.2%  35.5  845s
H211872 166372                     731.0329252  547.17280  25.2%  35.5  847s
 212512 167290  582.45541   43   68  731.03293  547.18220  25.1%  35.5  850s
 214342 168770  604.02343   77   55  731.03293  547.19469  25.1%  35.4  855s
 215858 169953  597.49739   92   65  731.03293  547.19829  25.1%  35.4  861s
 216850 170816 infeasible  156       731.03293  547.21120  25.1%  35.4  865s
 218353 171953  630.24008   72   49  731.03293  547.22061  25.1%  35.4  870s
 219877 173161  647.27343  124   57  731.03293  547.23613  25.1%  35.4  875s
 221242 174334  614.06246   70   54  731.03293  547.24866  25.1%  35.4  880s
 222029 175055  614.77206   59   50  731.03293  547.26458  25.1%  35.4  885s
 223873 176444  642.26431  158   56  731.03293  547.28025  25.1%  35.4  893s
 224227 176939  619.24814   86   64  731.03293  547.28751  25.1%  35.4  895s
 225722 178179  569.70782   61   71  731.03293  547.30472  25.1%  35.4  900s
 227261 179488  559.05448   34   87  731.03293  547.31949  25.1%  35.4  905s
 228862 180796  649.91957   63   68  731.03293  547.33901  25.1%  35.4  910s
 230248 181830  577.47692   54   67  731.03293  547.35721  25.1%  35.4  915s
 231409 182887  716.91149  139   43  731.03293  547.37851  25.1%  35.4  920s
 232201 183622  666.86222   62   34  731.03293  547.38194  25.1%  35.4  925s
 233890 185030  644.34619   35   39  731.03293  547.39871  25.1%  35.4  930s
 234873 185766  588.48586   83   61  731.03293  547.41301  25.1%  35.4  935s
 236491 187097  569.97540   47   63  731.03293  547.43038  25.1%  35.3  940s
 237494 187801  652.61961   40   71  731.03293  547.43635  25.1%  35.4  945s
 238839 189027  581.00327   35   78  731.03293  547.44515  25.1%  35.4  950s
 239942 190099  575.49665   44   75  731.03293  547.46171  25.1%  35.3  955s
 240447 190293  577.98451   43   44  731.03293  547.46244  25.1%  35.3  960s
 241979 191730  609.22675   95   68  731.03293  547.47820  25.1%  35.3  965s
 242891 192580  575.96327   60   69  731.03293  547.49198  25.1%  35.3  970s
 244230 193400  591.83150   53   57  731.03293  547.50529  25.1%  35.3  975s
 245240 194442  661.23739  109   57  731.03293  547.51462  25.1%  35.4  980s
 246473 195375  713.89823   71   25  731.03293  547.52659  25.1%  35.4  986s
 247700 196534  568.89611   51   45  731.03293  547.54216  25.1%  35.4  990s
 249233 197731 infeasible  150       731.03293  547.55952  25.1%  35.4  995s
 249951 198425  603.74711   88   65  731.03293  547.56722  25.1%  35.4 1000s
 251713 199718  623.87879  123   55  731.03293  547.57365  25.1%  35.3 1005s
 252886 200498 infeasible   52       731.03293  547.57976  25.1%  35.4 1013s
 253081 200847     cutoff  107       731.03293  547.58128  25.1%  35.4 1015s
 254746 202153  574.21363   39   63  731.03293  547.59231  25.1%  35.4 1020s
 256718 203869  618.14368   71   47  731.03293  547.61884  25.1%  35.3 1025s
 258249 205204  609.03587   87   59  731.03293  547.63339  25.1%  35.3 1030s
 260027 206637  563.44039   41   46  731.03293  547.64767  25.1%  35.3 1035s
 260472 206988  625.01463  132   52  731.03293  547.64921  25.1%  35.3 1040s
 262182 208489  611.27976  111   75  731.03293  547.66967  25.1%  35.3 1045s
 263026 209136  615.88119   77   42  731.03293  547.67539  25.1%  35.4 1050s
 264540 210383  571.87454   43   64  731.03293  547.69146  25.1%  35.4 1055s
 265074 210868  564.87955   39   65  731.03293  547.69865  25.1%  35.4 1060s
 266760 212296  657.16667   85   54  731.03293  547.71571  25.1%  35.4 1065s
 267197 212561  575.39321   52   78  731.03293  547.71591  25.1%  35.4 1070s
 268741 213895  586.21608   46   60  731.03293  547.73498  25.1%  35.4 1075s
 270208 215103  580.12828   50   62  731.03293  547.74074  25.1%  35.4 1082s
 271248 216059  557.21713   35   67  731.03293  547.74838  25.1%  35.4 1085s
 272506 217198  585.52835   53   73  731.03293  547.75478  25.1%  35.4 1090s
 273562 217965     cutoff  139       731.03293  547.76010  25.1%  35.4 1095s
 274961 219264     cutoff  160       731.03293  547.76840  25.1%  35.4 1100s
 276076 220112  583.35521   72   57  731.03293  547.77582  25.1%  35.4 1105s
 277432 221280  565.90953   41   55  731.03293  547.78684  25.1%  35.4 1110s
 278025 221743  684.71775   75   56  731.03293  547.79698  25.1%  35.4 1115s
 279615 223182  683.19365  142   53  731.03293  547.80265  25.1%  35.4 1120s
 280966 224221  700.01308  103   53  731.03293  547.81489  25.1%  35.4 1125s
 281918 225003  597.99177   59   56  731.03293  547.82225  25.1%  35.4 1130s
 283698 226483  659.37183   44   52  731.03293  547.83357  25.1%  35.4 1135s
 284861 227318  615.58780  105   61  731.03293  547.83689  25.1%  35.4 1140s
 286055 228530  555.39709   34   64  731.03293  547.84764  25.1%  35.4 1145s
 287231 229545  625.03929   53   42  731.03293  547.85207  25.1%  35.4 1150s
 288604 230649  632.10940   77   66  731.03293  547.86580  25.1%  35.4 1155s
 289448 231151  593.76257   64   66  731.03293  547.86821  25.1%  35.4 1160s
 290604 232303  673.93493   85   37  731.03293  547.87968  25.1%  35.4 1165s
 292171 233508  570.55375   40   68  731.03293  547.89791  25.1%  35.4 1170s
 293254 234320  578.00185   60   78  731.03293  547.91748  25.0%  35.4 1175s
 294653 235688  600.83474   61   57  731.03293  547.93521  25.0%  35.4 1180s
 295548 236214  631.23181  113   50  731.03293  547.94239  25.0%  35.4 1185s
 296949 237677  724.98610  117   41  731.03293  547.95113  25.0%  35.4 1190s
 298632 238871  589.84480   82   57  731.03293  547.95804  25.0%  35.4 1195s
 299780 239950  609.03842   81   62  731.03293  547.97158  25.0%  35.4 1200s

Cutting planes:
  Learned: 31
  Gomory: 45
  Cover: 10
  Implied bound: 249
  Projected implied bound: 35
  MIR: 80
  Flow cover: 109
  Inf proof: 117
  RLT: 50
  Relax-and-lift: 9

Explored 299993 nodes (10628721 simplex iterations) in 1200.02 seconds
Thread count was 2 (of 4 available processors)

Solution count 10: 731.033 734.668 748.717 ... 855.99

Time limit reached
Best objective 7.310329252488e+02, best bound 5.479728954903e+02, gap 25.0413%
Discarded solution information
