
Gurobi 9.0.2 (win64) logging started Fri Jan 21 13:52:22 2022

Changed value of parameter LogFile to logs\SDCRVRP_MV_5-2-7-100_1_0.LOG
   Prev:   Default: 
Changed value of parameter Seed to 1288010706
   Prev: 0  Min: 0  Max: 2000000000  Default: 0
Changed value of parameter Threads to 2
   Prev: 0  Min: 0  Max: 1024  Default: 0
Changed value of parameter TimeLimit to 7200.0
   Prev: inf  Min: 0.0  Max: inf  Default: inf
Changed value of parameter Symmetry to 2
   Prev: -1  Min: -1  Max: 2  Default: -1
Changed value of parameter Cuts to 2
   Prev: -1  Min: -1  Max: 3  Default: -1
Changed value of parameter PreDepRow to 1
   Prev: -1  Min: -1  Max: 1  Default: -1
Changed value of parameter ScaleFlag to 1
   Prev: -1  Min: -1  Max: 3  Default: -1
Changed value of parameter NormAdjust to 0
   Prev: -1  Min: -1  Max: 3  Default: -1
Gurobi Optimizer version 9.0.2 build v9.0.2rc0 (win64)
Optimize a model with 3337 rows, 2134 columns and 13235 nonzeros
Model fingerprint: 0xc5c076d3
Model has 1 quadratic constraint
Variable types: 66 continuous, 2068 integer (1392 binary)
Coefficient statistics:
  Matrix range     [1e+00, 1e+06]
  QMatrix range    [1e-01, 3e-01]
  QLMatrix range   [1e+00, 1e+01]
  Objective range  [1e+00, 1e+00]
  Bounds range     [1e+00, 1e+04]
  RHS range        [1e+00, 1e+06]
Presolve removed 1281 rows and 797 columns
Presolve time: 0.10s
Presolved: 2097 rows, 1377 columns, 10467 nonzeros
Variable types: 105 continuous, 1272 integer (1092 binary)

Root relaxation: objective 1.146739e+02, 790 iterations, 0.09 seconds

    Nodes    |    Current Node    |     Objective Bounds      |     Work
 Expl Unexpl |  Obj  Depth IntInf | Incumbent    BestBd   Gap | It/Node Time

     0     0  114.67387    0   62          -  114.67387      -     -    0s
     0     0  114.67387    0  125          -  114.67387      -     -    0s
     0     0  114.67387    0  116          -  114.67387      -     -    0s
     0     0  114.67387    0   55          -  114.67387      -     -    1s
     0     0  114.67387    0   82          -  114.67387      -     -    1s
     0     0  114.67387    0   79          -  114.67387      -     -    2s
     0     0  114.67387    0  104          -  114.67387      -     -    2s
     0     0  211.49190    0   91          -  211.49190      -     -    3s
     0     0  248.79761    0   81          -  248.79761      -     -    3s
     0     0  248.79761    0   78          -  248.79761      -     -    3s
     0     0  267.60079    0  103          -  267.60079      -     -    4s
     0     0  267.60079    0  100          -  267.60079      -     -    4s
     0     0  282.58175    0   77          -  282.58175      -     -    5s
     0     0  282.58175    0   96          -  282.58175      -     -    5s
     0     0  282.58175    0   89          -  282.58175      -     -    5s
     0     0  282.58175    0   90          -  282.58175      -     -    5s
     0     0  282.58175    0   69          -  282.58175      -     -    6s
     0     0  282.58175    0   73          -  282.58175      -     -    6s
     0     0  282.58175    0   59          -  282.58175      -     -    7s
     0     0  282.58175    0   73          -  282.58175      -     -    7s
     0     0  282.58175    0   68          -  282.58175      -     -    8s
     0     0  282.58175    0   68          -  282.58175      -     -    8s
     0     2  282.58175    0   57          -  282.58175      -     -    9s
    73    80  319.86065   28   79          -  282.58175      -  44.3   10s
   743   615  309.40639   28   68          -  282.58175      -  60.5   15s
   753   622  315.81697   48  100          -  282.99858      -  59.7   20s
   760   626  554.13247  122   96          -  285.43674      -  59.1   25s
   772   634  319.86065   42  104          -  286.01767      -  58.2   30s
   786   644  434.86065   96  113          -  286.13739      -  57.2   35s
   800   653  583.69807   87  135          -  286.16919      -  56.2   40s
   815   664  319.86065   53  131          -  286.16971      -  99.4   45s
   825   671  376.75005   93  124          -  286.16971      -  98.1   50s
   961   776  308.90304   61   76          -  286.62774      -  60.2   55s
  1454  1042  317.88933   79   73          -  286.62774      -  71.5   60s
  2248  1495  350.69864  135   58          -  287.23190      -  66.5   65s
  3219  2075  306.39425   64   70          -  288.42889      -  62.0   70s
  3970  2615  601.43546  172   16          -  288.69189      -  59.2   75s
  4916  3435  339.45989  118   70          -  288.76193      -  58.1   80s
  5821  4171  314.60263   55   76          -  288.78101      -  56.8   85s
  6563  4719  353.58110  130   50          -  288.86814      -  57.3   91s
  6921  5076  352.05934   92   52          -  288.91636      -  57.1   95s
  7433  5476  309.56585   66   70          -  288.98054      -  56.6  100s
  8090  5938  357.99103  114   42          -  289.05892      -  55.9  105s
  8490  6210  332.48144  118   46          -  289.10982      -  56.0  110s
  9028  6641  291.02239   39  118          -  289.10982      -  56.3  115s
  9585  7058  365.87819  102   68          -  289.29890      -  56.3  121s
  9987  7397 infeasible  156               -  289.34842      -  56.4  125s
 10409  7782  414.80909  172   40          -  289.34842      -  56.1  130s
 10975  8170 infeasible  114               -  289.40887      -  56.5  136s
 11407  8475  352.06490  126   51          -  289.47437      -  56.4  141s
 11735  8771  330.48584  105   42          -  289.47437      -  56.8  145s
 12099  9068  309.02563   74   85          -  289.53551      -  56.7  151s
 12475  9311  329.01105  114   71          -  289.55280      -  56.8  155s
 13077  9862  339.24985   94   55          -  289.57405      -  57.6  161s
 13862 10535  393.82944   89   63          -  289.58526      -  58.0  165s
 14468 11014  418.49454  106   59          -  289.60560      -  57.9  170s
 15123 11531  323.67027  107   72          -  289.67680      -  57.9  176s
 15522 11871  322.91201  102   75          -  289.67681      -  57.7  180s
 16151 12331  334.61752  131   60          -  289.68509      -  57.3  187s
 16551 12629 infeasible  117               -  289.69857      -  57.3  192s
 16910 12956  345.92712   82   67          -  289.75095      -  57.3  196s
 17291 13217  297.17120   45  111          -  289.78871      -  57.2  201s
 17664 13566  303.45357   53   84          -  289.80514      -  57.3  205s
 18262 14002  575.06161  153   37          -  289.82296      -  57.1  210s
 18934 14582  366.58064  110   37          -  289.85353      -  56.7  217s
 19330 14936  373.68384  117   42          -  289.86774      -  56.7  221s
 19756 15320  297.55504   53  112          -  289.88531      -  56.7  225s
 20411 15811  497.29359  117   75          -  289.89396      -  56.5  232s
 20815 16097  681.63577  126   23          -  289.89490      -  56.3  236s
 21116 16312 infeasible  111               -  289.90818      -  56.6  241s
 21544 16708  647.52388  189   18          -  289.93078      -  56.5  246s
 21924 17017  299.95154   56   84          -  289.93220      -  56.6  251s
 22283 17295  441.50714   88   67          -  289.95530      -  56.7  256s
 22714 17619  300.81544   62   84          -  289.95890      -  56.6  260s
 23313 18187  302.84837   80   50          -  289.97263      -  56.7  266s
 23658 18474  448.41608   77   54          -  289.97780      -  56.8  270s
 24227 18917  311.88757   94   47          -  289.99221      -  56.9  275s
 24778 19358  401.39265   62   58          -  290.02958      -  57.0  281s
 25179 19652  290.22718   37  106          -  290.03856      -  57.0  286s
 25464 19930  448.63611  126   32          -  290.04026      -  57.3  291s
 25818 20233  306.72365   88   65          -  290.04026      -  57.4  296s
 26133 20448  306.07216   72   66          -  290.06716      -  57.6  300s
H26391 20584                    1138.8574236  290.06716  74.5%  57.7  304s
 26528 20696  729.08032  140   16 1138.85742  290.06895  74.5%  57.6  307s
H26660 20621                     897.9281570  290.06895  67.7%  57.5  307s
 26701 20767  292.21559   43  107  897.92816  290.09688  67.7%  57.5  310s
H27064 20582                     721.8367965  290.14118  59.8%  57.5  314s
 27159 20686  295.03062   39  127  721.83680  290.15155  59.8%  57.6  318s
H27294 20643                     687.4864426  290.15155  57.8%  57.6  320s
 27562 20812  380.16797   74   73  687.48644  290.18834  57.8%  57.7  326s
 27810 21107 infeasible  104       687.48644  290.19293  57.8%  57.7  331s
 28173 21326  517.52669   74   57  687.48644  290.19713  57.8%  57.7  335s
H28313 20499                     598.5801520  290.19726  51.5%  57.8  337s
 28383 20561 infeasible   68       598.58015  290.20116  51.5%  58.0  340s
H28384 20424                     585.3456373  290.20116  50.4%  58.0  340s
 28554 20600  544.86065   66   45  585.34564  290.21656  50.4%  58.2  345s
 28798 20767  562.47590  130   37  585.34564  290.22182  50.4%  58.4  350s
H28799 20733                     583.0457710  290.22182  50.2%  58.4  350s
 29025 20981  292.20402   44  113  583.04577  290.22583  50.2%  58.5  356s
H29132 20981                     583.0457602  290.22583  50.2%  58.5  356s
 29304 21091  351.34912   61   58  583.04576  290.22583  50.2%  58.5  362s
 29349 21130  418.61774   65   61  583.04576  290.22583  50.2%  58.6  365s
 29546 21368  311.71040   65  104  583.04576  290.22718  50.2%  58.7  371s
H29711 20937                     548.2822905  290.22718  47.1%  58.7  374s
 29841 20983  298.32217   53  102  548.28229  290.22796  47.1%  58.8  377s
 29952 21120  408.91578   79   53  548.28229  290.22796  47.1%  59.3  382s
 30048 21215  290.99509   32  116  548.28229  290.22796  47.1%  59.5  385s
 30280 21401  306.39488   70  107  548.28229  290.23077  47.1%  59.5  391s
 30618 21727  307.47075   55  117  548.28229  290.23585  47.1%  59.5  396s
 30886 21891  527.41980   59   50  548.28229  290.23854  47.1%  59.7  402s
 31208 22217  364.81015   49   87  548.28229  290.25044  47.1%  59.7  406s
H31423 22262                     548.2822904  290.25831  47.1%  59.6  408s
 31468 22331  340.64853   54  101  548.28229  290.26338  47.1%  59.9  411s
 31747 22501  299.05573   39  130  548.28229  290.26446  47.1%  60.2  418s
 31761 22585  299.05988   40  125  548.28229  290.26446  47.1%  60.2  421s
 31956 22786  539.82688   59   32  548.28229  290.26783  47.1%  60.3  426s
 32311 23118  295.00921   43  122  548.28229  290.27969  47.1%  60.3  432s
 32512 23201  334.35288  114   69  548.28229  290.28372  47.1%  60.2  435s
 32751 23443  319.86065   44   87  548.28229  290.29863  47.1%  60.5  441s
 33120 23663  291.63628   35  113  548.28229  290.31677  47.0%  60.5  448s
 33220 23840  301.38380   54   89  548.28229  290.32769  47.0%  60.5  451s
 33534 24030  430.73177   51   73  548.28229  290.33979  47.0%  60.6  457s
 33662 24105  361.20149   55   74  548.28229  290.34691  47.0%  60.6  460s
 33918 24341  528.50010   48   47  548.28229  290.34725  47.0%  60.9  466s
 34081 24409  514.00336   74   82  548.28229  290.35793  47.0%  60.8  470s
 34326 24651  371.30950  106   75  548.28229  290.35793  47.0%  61.0  475s
H34505 24377                     537.3901868  290.35981  46.0%  61.2  478s
 34506 24504  307.28102   60  103  537.39019  290.35981  46.0%  61.2  481s
H34683 24213                     527.4129791  290.35981  44.9%  61.2  484s
 34752 24383  319.86065   57   78  527.41298  290.35981  44.9%  61.2  487s
 34962 24598  365.48413   80   70  527.41298  290.38562  44.9%  61.2  490s
 35390 24806  300.15777   52  102  527.41298  290.39578  44.9%  61.3  495s
 35584 24962  499.35581   70   66  527.41298  290.39578  44.9%  61.9  501s
 35837 25167  292.67144   38   86  527.41298  290.39578  44.9%  62.3  507s
*35943 25061              74     524.6919396  290.39578  44.7%  62.3  507s
*35969 25039              82     524.1298813  290.39578  44.6%  62.3  507s
H36030 24196                     497.6428799  290.39578  41.6%  62.3  511s
 36318 24486  329.81498   76   75  497.64288  290.43133  41.6%  62.4  517s
 36736 24842  356.58734   42   82  497.64288  290.44832  41.6%  62.6  528s
 36905 24973  293.87338   40  106  497.64288  290.44865  41.6%  62.5  531s
 37246 25290  335.31895   88   86  497.64288  290.45850  41.6%  62.8  536s
 37675 25532  307.47277   83   74  497.64288  290.46300  41.6%  62.9  541s
 37951 25772  399.09154   62   79  497.64288  290.47355  41.6%  63.3  546s
 38422 26172  313.14932   66   63  497.64288  290.49134  41.6%  63.3  551s
 38936 26580  338.50010   49   78  497.64288  290.50539  41.6%  63.3  556s
 39358 26952  305.34974   73   86  497.64288  290.51421  41.6%  63.5  561s
 39858 27293  302.66860   48  120  497.64288  290.52176  41.6%  63.5  566s
 40341 27604  320.78175  114   89  497.64288  290.52849  41.6%  63.4  572s
H40406 26685                     476.1070011  290.52849  39.0%  63.4  572s
 40585 26904  291.19592   37  103  476.10700  290.53974  39.0%  63.6  578s
 40725 27007  306.89687   69   74  476.10700  290.53974  39.0%  63.7  581s
 41054 27284  319.86065   62   92  476.10700  290.56604  39.0%  64.0  586s
H41236 27367                     476.1070011  290.56752  39.0%  64.1  589s
 41272 27538  440.42166   98   63  476.10700  290.57244  39.0%  64.2  591s
 41642 27806  321.50801   43   84  476.10700  290.58327  39.0%  64.4  597s
 41837 27854  293.07302   36  123  476.10700  290.58704  39.0%  64.5  600s
 41903 28017  361.67117   50   82  476.10700  290.58717  39.0%  64.6  605s
 42316 28543  343.81148  100   71  476.10700  290.60652  39.0%  64.6  610s
 42918 28968  399.09154   44   99  476.10700  290.61428  39.0%  64.5  616s
 43338 29213  411.56189   49   81  476.10700  290.62199  39.0%  64.7  621s
 43677 29526  458.28229  102   56  476.10700  290.62552  39.0%  64.7  627s
 44211 29889  339.04393   89   69  476.10700  290.63233  39.0%  64.6  632s
 44594 30214  297.34410   46  121  476.10700  290.65246  39.0%  64.7  637s
 44783 30442 infeasible  111       476.10700  290.65388  39.0%  64.8  640s
 45198 30685  363.50810   67   74  476.10700  290.66051  39.0%  64.8  646s
 45389 30717  469.96691   55   65  476.10700  290.66148  39.0%  64.9  650s
 45640 30991  403.15798   65   76  476.10700  290.66199  39.0%  65.1  657s
 45839 31100  304.30019   51   89  476.10700  290.66484  38.9%  65.1  660s
H46005 31020                     473.7899403  290.66484  38.7%  65.4  664s
 46065 31122  455.54284   88   36  473.78994  290.67246  38.6%  65.4  667s
 46212 31327  433.13428   71   64  473.78994  290.68076  38.6%  65.5  670s
 46823 31721  323.07674   58   55  473.78994  290.69210  38.6%  65.7  677s
 46967 31784  404.56148   60   65  473.78994  290.69932  38.6%  65.8  680s
 47153 32032  414.67937   66   73  473.78994  290.73909  38.6%  66.1  685s
 47735 32464  408.73958   60   78  473.78994  290.75556  38.6%  66.2  692s
 47916 32584  452.46403   99   66  473.78994  290.75556  38.6%  66.3  695s
 48132 32758  378.59682   60   71  473.78994  290.76486  38.6%  66.4  702s
 48328 32966 infeasible   89       473.78994  290.77307  38.6%  66.5  706s
 48800 33278  318.19323   92   78  473.78994  290.77351  38.6%  66.6  712s
 48962 33500  362.81775   55   88  473.78994  290.77351  38.6%  66.6  715s
 49407 33739  361.67117   61   86  473.78994  290.77870  38.6%  66.7  720s
 49647 33914  310.63551   57  107  473.78994  290.78446  38.6%  66.9  727s
 49807 34072  469.94896   63   40  473.78994  290.78535  38.6%  67.0  730s
 50325 34488 infeasible   85       473.78994  290.80429  38.6%  67.0  737s
 50533 34513  293.62966   43  126  473.78994  290.80936  38.6%  67.1  741s
H50572 34513                     473.7899403  290.80936  38.6%  67.1  741s
 50765 34746  295.61397   44  118  473.78994  290.82810  38.6%  67.2  747s
 50922 34885  350.10221   71   58  473.78994  290.83775  38.6%  67.3  751s
 51310 35242  338.91507  113   76  473.78994  290.84121  38.6%  67.5  758s
 51554 35392  298.44051   78   84  473.78994  290.84655  38.6%  67.5  762s
H51671 34437                     457.0312191  290.84655  36.4%  67.5  762s
 51726 34578  367.61889   62   75  457.03122  290.84745  36.4%  67.5  766s
 52094 34877  392.92403   95   60  457.03122  290.85486  36.4%  67.7  773s
 52276 35010  351.20159   81   90  457.03122  290.85598  36.4%  67.7  777s
 52477 35174  437.48805   55   68  457.03122  290.85770  36.4%  67.8  781s
 52938 35367  299.89843   38  112  457.03122  290.86573  36.4%  67.9  789s
 52940 35517  299.36207   38  104  457.03122  290.86573  36.4%  67.9  792s
 53119 35662  399.19999   64   73  457.03122  290.86730  36.4%  68.0  796s
 53641 36119  399.12751   46   95  457.03122  290.87798  36.4%  68.0  802s
 53876 36390  313.99347   80   84  457.03122  290.88120  36.4%  68.0  805s
 54440 36746 infeasible   81       457.03122  290.88826  36.4%  67.9  811s
 54898 37133  440.17555   77   54  457.03122  290.90620  36.3%  67.9  818s
 55160 37374  295.65865   41  119  457.03122  290.91118  36.3%  67.9  821s
 55601 37646  323.38236   52   82  457.03122  290.91326  36.3%  67.9  827s
 55789 37844  311.42803   70  105  457.03122  290.91397  36.3%  68.0  831s
 56218 38200  326.96407  104   85  457.03122  290.91676  36.3%  67.9  838s
 56455 38334  309.05968   60  103  457.03122  290.92221  36.3%  67.9  841s
 56635 38490  308.42730   47  104  457.03122  290.93083  36.3%  68.0  845s
 57021 38757  294.49451   46  111  457.03122  290.93227  36.3%  68.1  852s
 57174 38954  386.82482  104   67  457.03122  290.93349  36.3%  68.1  855s
 57577 39109  444.06135   77   57  457.03122  290.93946  36.3%  68.3  863s
 57633 39315  444.06135   80   57  457.03122  290.94330  36.3%  68.3  867s
 57875 39495  315.64425   83   72  457.03122  290.94522  36.3%  68.3  870s
 58314 39834  309.83668   52  114  457.03122  290.94928  36.3%  68.4  877s
 58555 39975  422.63963   97   70  457.03122  290.95165  36.3%  68.5  880s
 58953 40385  342.74089  107   91  457.03122  290.95437  36.3%  68.6  886s
 59246 40532  418.49193  133   67  457.03122  290.95645  36.3%  68.6  890s
 59715 40868  300.99667   50  111  457.03122  290.96035  36.3%  68.7  896s
 59840 40927 infeasible   59       457.03122  290.96035  36.3%  68.8  900s
 60148 41246  310.15436   62  109  457.03122  290.96470  36.3%  69.0  907s
 60353 41626  363.35883   62   87  457.03122  290.96566  36.3%  69.0  910s
 60968 41818  311.66593   62   94  457.03122  290.96971  36.3%  69.0  917s
 61102 42017  320.57433   57  108  457.03122  290.96971  36.3%  69.1  920s
 61674 42392  361.67117   95   73  457.03122  290.97012  36.3%  69.0  927s
 61787 42605  309.56498   60  104  457.03122  290.97055  36.3%  69.1  930s
 62238 42921  301.72525   53   92  457.03122  290.97362  36.3%  69.1  937s
 62442 43104  344.94303  148   85  457.03122  290.97697  36.3%  69.2  944s
H62602 43104                     457.0312190  290.97697  36.3%  69.1  944s
 62671 43223  307.28102   44   98  457.03122  290.97816  36.3%  69.2  948s
 62816 43478  369.90455   72   82  457.03122  290.97877  36.3%  69.3  952s
 63109 43706  385.84260  108   83  457.03122  290.97951  36.3%  69.2  955s
 63589 44040  371.12486  144   48  457.03122  290.98237  36.3%  69.2  961s
 64012 44319  323.07674   44   99  457.03122  290.98840  36.3%  69.4  967s
 64235 44514  422.19853   93   59  457.03122  290.99509  36.3%  69.4  970s
 64606 44809  399.12751   58   87  457.03122  290.99783  36.3%  69.5  976s
 64833 44889  324.44089   53   78  457.03122  290.99848  36.3%  69.5  980s
 65118 45184  395.86065   50   85  457.03122  291.00601  36.3%  69.7  985s
 65539 45592  370.02739   76   60  457.03122  291.01836  36.3%  69.8  991s
 65819 45802  347.44683   65   95  457.03122  291.02017  36.3%  69.8  995s
H65938 45428                     455.4340719  291.02017  36.1%  69.8  995s
 66328 45761  334.35288   66   83  455.43407  291.02440  36.1%  69.7 1003s
 66486 45990  297.78640   46  119  455.43407  291.03077  36.1%  69.8 1006s
 66758 46044  307.19349   78   90  455.43407  291.03129  36.1%  69.8 1011s
H66817 46044                     455.4340718  291.03129  36.1%  69.8 1011s
 67025 46417  310.75756   78   74  455.43407  291.03430  36.1%  69.9 1017s
 67332 46590 infeasible   74       455.43407  291.03561  36.1%  69.8 1020s
 67824 46815  296.29586   45  112  455.43407  291.03561  36.1%  69.9 1027s
 67834 46942  296.29689   46  112  455.43407  291.03561  36.1%  69.9 1030s
 68313 47390  302.04937   58  112  455.43407  291.03561  36.1%  69.9 1035s
 68816 47744  325.52417   65   96  455.43407  291.03561  36.1%  70.0 1041s
 69267 48158  452.62591   76   69  455.43407  291.03702  36.1%  70.0 1046s
 69796 48585  361.67117   81  104  455.43407  291.05347  36.1%  70.0 1051s
 70233 48803 infeasible   92       455.43407  291.06416  36.1%  70.0 1057s
 70359 48958  385.75141  100   70  455.43407  291.06987  36.1%  70.0 1061s
 70845 49425  306.87572   55   98  455.43407  291.07420  36.1%  70.1 1067s
 71086 49677  351.34738  125   62  455.43407  291.07474  36.1%  70.1 1073s
 71405 49829  450.92561  103   55  455.43407  291.08064  36.1%  70.0 1076s
 71842 50122  366.26348   75   63  455.43407  291.08530  36.1%  70.1 1084s
 72004 50295  295.27881   43   91  455.43407  291.08812  36.1%  70.2 1087s
 72250 50452  404.67387   79   54  455.43407  291.09001  36.1%  70.2 1090s
 72526 50618  433.62007   62   63  455.43407  291.09146  36.1%  70.4 1098s
 72722 50794  301.06332   70  108  455.43407  291.09645  36.1%  70.5 1101s
 72940 50952  342.42519   59   70  455.43407  291.09961  36.1%  70.5 1106s
 73354 51384  332.90337   67   72  455.43407  291.10094  36.1%  70.5 1112s
 73667 51613  296.31349   44  117  455.43407  291.10170  36.1%  70.5 1116s
 74160 51968  395.90742   70   71  455.43407  291.10213  36.1%  70.6 1123s
 74360 52120  318.34055   54  103  455.43407  291.10860  36.1%  70.6 1127s
 74556 52349  308.13647   47  105  455.43407  291.11007  36.1%  70.7 1132s
 74813 52582  333.69725  105   88  455.43407  291.11007  36.1%  70.7 1135s
 75296 52947  304.92183   58   88  455.43407  291.11007  36.1%  70.8 1143s
 75518 53072  321.07137   64   81  455.43407  291.11328  36.1%  70.8 1146s
 75690 53245  362.93253   55   90  455.43407  291.11927  36.1%  70.9 1150s
 76261 53760  294.47198   41  116  455.43407  291.12430  36.1%  70.7 1157s
 76537 53982  292.17708   38  128  455.43407  291.12430  36.1%  70.7 1162s
H76691 52066                     444.1079628  291.12430  34.4%  70.7 1162s
 76803 52184 infeasible   57       444.10796  291.12430  34.4%  70.7 1166s
 76947 52358     cutoff  153       444.10796  291.12430  34.4%  70.7 1170s
 77478 52800  296.17714   55   94  444.10796  291.12430  34.4%  70.7 1177s
 77735 53009  404.67387   72   82  444.10796  291.12430  34.4%  70.8 1180s
 78250 53344  404.67387  108   73  444.10796  291.12430  34.4%  70.9 1188s
 78399 53540  428.70071   94   54  444.10796  291.12430  34.4%  70.9 1193s
 78628 53813  333.53186  118   81  444.10796  291.12430  34.4%  70.9 1197s
 78981 53949  355.23812   72   84  444.10796  291.12430  34.4%  70.9 1202s
 79157 54102  404.67387   58   48  444.10796  291.12430  34.4%  71.0 1210s
H79231 54102                     444.1079628  291.12430  34.4%  71.0 1210s
 79513 54374  398.52983   80   60  444.10796  291.12430  34.4%  71.1 1219s
 79736 54500  385.92938  109   63  444.10796  291.12430  34.4%  71.2 1223s
 79892 54543  401.15354   84   74  444.10796  291.12430  34.4%  71.2 1228s
 79944 54736  384.28781   80   88  444.10796  291.12430  34.4%  71.3 1232s
 80197 54976  404.67387   53   65  444.10796  291.12430  34.4%  71.3 1236s
 80505 55225  361.67117   69   63  444.10796  291.12430  34.4%  71.3 1241s
 80808 55514  292.50059   42  124  444.10796  291.12722  34.4%  71.2 1245s
 81157 55696  293.14784   40  128  444.10796  291.13136  34.4%  71.2 1250s
 81376 55975  309.43000   88   73  444.10796  291.13548  34.4%  71.2 1255s
 81858 56259  387.65856   59   80  444.10796  291.13711  34.4%  71.2 1264s
 82078 56400  434.83730   60   65  444.10796  291.13763  34.4%  71.3 1270s
 82455 56704  395.42859  103   61  444.10796  291.14004  34.4%  71.4 1278s
 82671 56869  357.14255   54  103  444.10796  291.14047  34.4%  71.5 1284s
 82896 57041  372.74121   53   99  444.10796  291.14363  34.4%  71.5 1288s
 83112 57327  338.45817   45   83  444.10796  291.14775  34.4%  71.6 1293s
 83429 57371  313.89929   91  109  444.10796  291.14834  34.4%  71.5 1299s
 83498 57600  298.80233   46  109  444.10796  291.14874  34.4%  71.5 1305s
 84153 58102  337.47050   99   71  444.10796  291.15019  34.4%  71.5 1315s
 84589 58474  390.83146   87   79  444.10796  291.15598  34.4%  71.6 1324s
 84808 58715  294.93882   47  111  444.10796  291.15805  34.4%  71.6 1329s
 85093 58890  330.80854   84   89  444.10796  291.16067  34.4%  71.6 1333s
 85304 58980  421.95139  100   53  444.10796  291.16087  34.4%  71.6 1337s
 85433 59169 infeasible   89       444.10796  291.16087  34.4%  71.7 1341s
 85660 59382  293.93314   40  130  444.10796  291.16501  34.4%  71.7 1346s
 85899 59574  379.06900  104   91  444.10796  291.16931  34.4%  71.7 1352s
 86119 59823  310.63100   93   96  444.10796  291.16931  34.4%  71.7 1359s
 86436 59984 infeasible  109       444.10796  291.16931  34.4%  71.7 1365s
 86636 60153  295.09993   46  113  444.10796  291.16969  34.4%  71.7 1370s
 86835 60310  301.54241   46  125  444.10796  291.17311  34.4%  71.7 1376s
 87030 60499  293.76803   54  142  444.10796  291.17594  34.4%  71.7 1381s
 87267 60653  299.55296   46   95  444.10796  291.17690  34.4%  71.8 1386s
 87471 60823  297.81752   38  117  444.10796  291.18492  34.4%  71.9 1391s
 87674 60901  376.44897   84   84  444.10796  291.18784  34.4%  71.9 1397s
H87771 60547                     442.3359805  291.18879  34.2%  72.0 1397s
 87806 60769  303.05254   52  114  442.33598  291.18879  34.2%  72.0 1404s
 88064 61020 infeasible  148       442.33598  291.18969  34.2%  72.0 1410s
H88388 61162                     442.3359804  291.18969  34.2%  72.0 1416s
 88573 61190  292.62224   43  119  442.33598  291.19002  34.2%  72.0 1423s
 88601 61382  369.22313   70   69  442.33598  291.19002  34.2%  72.0 1427s
 88823 61692  407.59896  118   53  442.33598  291.19002  34.2%  72.1 1431s
 89216 61904  421.93193   52   77  442.33598  291.19344  34.2%  72.1 1435s
 89836 62396 infeasible  130       442.33598  291.19650  34.2%  72.2 1443s
 90075 62667  305.70709   95   76  442.33598  291.19650  34.2%  72.2 1447s
 90411 62814  378.30535   65   49  442.33598  291.19794  34.2%  72.2 1452s
 90584 62971  412.39565   71   78  442.33598  291.19909  34.2%  72.3 1456s
 90787 63160 infeasible  110       442.33598  291.19960  34.2%  72.3 1461s
 91001 63448  365.46899   72  115  442.33598  291.19960  34.2%  72.4 1466s
 91365 63559  401.06072   74   66  442.33598  291.20054  34.2%  72.3 1472s
 91504 63702  340.29917   89   88  442.33598  291.20302  34.2%  72.4 1476s
 91699 63838  306.07876   58   71  442.33598  291.20302  34.2%  72.5 1480s
 91869 64167  298.58950   71  106  442.33598  291.20302  34.2%  72.5 1485s
 92550 64519  361.13142  105   72  442.33598  291.20465  34.2%  72.5 1495s
 92681 64680  350.90967   60   85  442.33598  291.20603  34.2%  72.5 1500s
 92881 64873  335.95060   50   84  442.33598  291.21021  34.2%  72.7 1505s
 93111 65079  300.02186   58  106  442.33598  291.21271  34.2%  72.7 1511s
 93354 65278  421.01957   75   70  442.33598  291.21680  34.2%  72.8 1515s
 93587 65464  350.99979  114   55  442.33598  291.22012  34.2%  72.8 1520s
 94077 65879  347.44683   97   83  442.33598  291.22117  34.2%  72.9 1528s
 94341 66060  326.85970  145   97  442.33598  291.22298  34.2%  73.0 1532s
 94551 66290  334.05769  115   75  442.33598  291.22447  34.2%  73.0 1536s
 94856 66508  294.88057   35  126  442.33598  291.22906  34.2%  73.0 1541s
 95101 66718 infeasible   84       442.33598  291.23010  34.2%  72.9 1545s
 95601 67248  349.88359   87   80  442.33598  291.23518  34.2%  72.9 1552s
 96001 67358     cutoff  194       442.33598  291.23557  34.2%  72.8 1555s
 96142 67420     cutoff   63       442.33598  291.23711  34.2%  72.9 1560s
 96447 67822  305.44136   81   96  442.33598  291.23851  34.2%  72.9 1566s
 96715 68052  310.60246   65   97  442.33598  291.23857  34.2%  73.0 1570s
 97261 68461  391.90067  161   69  442.33598  291.24311  34.2%  72.8 1578s
 97468 68802  303.75256   67   84  442.33598  291.24380  34.2%  72.9 1581s
 97865 68977  314.62896   82   90  442.33598  291.24431  34.2%  72.8 1585s
 98157 69190 infeasible   65       442.33598  291.24710  34.2%  72.8 1592s
 98369 69489  309.14942   58  105  442.33598  291.24824  34.2%  72.9 1596s
 99001 69779  299.69985   53   82  442.33598  291.24824  34.2%  72.8 1603s
 99095 69905  316.55226   69   65  442.33598  291.24824  34.2%  72.8 1606s
 99270 70035 infeasible   85       442.33598  291.24848  34.2%  72.9 1610s
 99618 70342     cutoff   75       442.33598  291.25677  34.2%  73.0 1617s
 99867 70640  307.99436   60   96  442.33598  291.26022  34.2%  73.0 1620s
 100512 71032  346.87391  164   72  442.33598  291.26073  34.2%  73.0 1628s
 100750 71143  426.31597   45   98  442.33598  291.26523  34.2%  73.1 1631s
 100915 71151  441.97130   52   64  442.33598  291.26846  34.2%  73.1 1638s
 100925 71160  441.97130   59   77  442.33598  291.26846  34.2%  73.1 1645s
H100949 71160                     442.3358480  291.26914  34.2%  73.1 1645s
 100956 71297  295.23815   40  116  442.33585  291.26917  34.2%  73.1 1650s
 101129 71427  385.62661   57   91  442.33585  291.27198  34.2%  73.1 1655s
 101469 71686  306.82463   48  101  442.33585  291.27562  34.2%  73.2 1666s
 101634 71900  314.91555   51  101  442.33585  291.27595  34.2%  73.3 1671s
 101887 72088  349.88387   99   78  442.33585  291.27612  34.2%  73.3 1675s
 102435 72531  305.14320   56   92  442.33585  291.28100  34.1%  73.3 1684s
 102677 72740  358.46553   63   68  442.33585  291.28233  34.1%  73.4 1688s
 102964 72909  315.47655   70   98  442.33585  291.28282  34.1%  73.4 1692s
 103153 73120  295.58480   47  138  442.33585  291.28282  34.1%  73.4 1696s
 103741 73540  428.86788   80   75  442.33585  291.28282  34.1%  73.4 1703s
 103934 73820  316.64348   71   81  442.33585  291.28446  34.1%  73.4 1710s
 104507 74222  339.09504   61   87  442.33585  291.28698  34.1%  73.4 1717s
 104768 74429  305.10167   60   91  442.33585  291.28887  34.1%  73.4 1721s
 105234 74831  361.67117   64   86  442.33585  291.29546  34.1%  73.5 1728s
 105519 74833  308.68135   72   92  442.33585  291.29779  34.1%  73.5 1732s
 105521 75062  308.68385   73   94  442.33585  291.29779  34.1%  73.5 1736s
 106230 75577  377.55984  152   53  442.33585  291.30172  34.1%  73.5 1743s
 106447 75902  293.06412   47  134  442.33585  291.30479  34.1%  73.6 1747s
 106812 76079  329.01920  117   73  442.33585  291.30600  34.1%  73.5 1751s
 107156 76365  322.29880   91   75  442.33585  291.30731  34.1%  73.8 1757s
 107358 76540  331.32171   57   74  442.33585  291.30850  34.1%  73.8 1761s
 107570 76720  414.88148  109   59  442.33585  291.30881  34.1%  73.9 1765s
 108044 77103  354.10714   95   84  442.33585  291.31243  34.1%  73.9 1773s
 108267 77254     cutoff   75       442.33585  291.31690  34.1%  73.9 1777s
 108474 77468  294.15410   41  128  442.33585  291.31858  34.1%  74.0 1782s
 108735 77550  339.05567   41  100  442.33585  291.31983  34.1%  74.0 1786s
 108825 77637  339.06423   54  104  442.33585  291.32188  34.1%  74.1 1790s
 109087 77912  311.01695   81   90  442.33585  291.32253  34.1%  74.3 1798s
 109276 78060  300.54671   55  120  442.33585  291.32253  34.1%  74.4 1803s
 109431 78336  317.01424  126   93  442.33585  291.32484  34.1%  74.4 1808s
 109785 78591  324.64317   62   88  442.33585  291.33130  34.1%  74.4 1813s
 110078 78855  383.46126   69   68  442.33585  291.33266  34.1%  74.4 1817s
 110394 79029  376.84923   95   60  442.33585  291.33345  34.1%  74.5 1822s
 110608 79238  420.30552  110   77  442.33585  291.33475  34.1%  74.5 1826s
 110851 79442  406.35250  160   69  442.33585  291.33515  34.1%  74.5 1830s
 111342 79913  354.20295  155   75  442.33585  291.33604  34.1%  74.4 1838s
 111643 80078  422.19071   93   66  442.33585  291.33915  34.1%  74.4 1842s
 111861 80180  295.45004   48  124  442.33585  291.33983  34.1%  74.4 1846s
 111980 80375  339.49425   97   87  442.33585  291.34266  34.1%  74.4 1850s
 112371 80631  334.66856   55   90  442.33585  291.34269  34.1%  74.5 1858s
 112495 80689  359.25005   70   66  442.33585  291.34269  34.1%  74.6 1862s
 112573 80866  380.33566   78   58  442.33585  291.34462  34.1%  74.6 1866s
 112806 81026  371.29602  105   68  442.33585  291.34541  34.1%  74.7 1871s
 113018 81424  293.14784   39  137  442.33585  291.34736  34.1%  74.7 1875s
 113443 81700  332.55952  113   65  442.33585  291.34846  34.1%  74.6 1880s
 113862 81881  292.20829   43  124  442.33585  291.35315  34.1%  74.6 1888s
 114019 81991  404.67387   94   53  442.33585  291.35418  34.1%  74.7 1893s
 114182 82236  292.31682   38  131  442.33585  291.35931  34.1%  74.7 1897s
 114454 82338 infeasible  137       442.33585  291.36230  34.1%  74.7 1903s
 114627 82526  302.62299   38  116  442.33585  291.36338  34.1%  74.7 1907s
 114856 82916  359.56397   83   71  442.33585  291.36550  34.1%  74.7 1912s
 115321 83182  329.14783  122   99  442.33585  291.36857  34.1%  74.7 1916s
 115636 83461  322.66603   58   85  442.33585  291.37025  34.1%  74.7 1920s
 116223 84019  364.43731   74   84  442.33585  291.37025  34.1%  74.8 1929s
 116630 84120  317.07631   54   91  442.33585  291.37025  34.1%  74.8 1933s
 116735 84268  379.85423  109   80  442.33585  291.37025  34.1%  74.8 1937s
 116958 84417  300.02902   53  113  442.33585  291.37350  34.1%  74.9 1941s
 117162 84516  298.75663   45  118  442.33585  291.37458  34.1%  75.0 1946s
 117290 84650 infeasible   95       442.33585  291.37720  34.1%  75.1 1950s
 117721 85034  293.18374   42  134  442.33585  291.38022  34.1%  75.2 1957s
 117949 85157  404.67387   93   64  442.33585  291.38168  34.1%  75.2 1961s
 118132 85320  393.40283   57   87  442.33585  291.38424  34.1%  75.2 1965s
 118573 85670  404.67387   98   75  442.33585  291.38593  34.1%  75.2 1973s
 118768 85791  315.46401   87   97  442.33585  291.38748  34.1%  75.3 1977s
 118903 85955  363.78611   73   72  442.33585  291.38764  34.1%  75.3 1981s
 119155 86142  332.26139   52  102  442.33585  291.39021  34.1%  75.4 1988s
 119386 86386  299.90923   43   92  442.33585  291.39062  34.1%  75.4 1992s
 119678 86446  298.01762   41  111  442.33585  291.39105  34.1%  75.3 1999s
 119742 86601 infeasible   83       442.33585  291.39336  34.1%  75.3 2003s
 119949 86737  429.76518  104   58  442.33585  291.39470  34.1%  75.4 2006s
 120157 86896  367.50850   44   86  442.33585  291.39952  34.1%  75.4 2011s
 120390 87165  294.83075   44  105  442.33585  291.40105  34.1%  75.5 2015s
 120706 87522  399.59233   80   73  442.33585  291.40435  34.1%  75.5 2020s
 121148 87757  376.84923   87   58  442.33585  291.40623  34.1%  75.5 2025s
 121778 88230  295.10389   47  116  442.33585  291.40865  34.1%  75.6 2031s
 122459 88697  326.04961  131   90  442.33585  291.41057  34.1%  75.6 2039s
 122583 88777  325.02785   61  103  442.33585  291.41197  34.1%  75.8 2044s
 122677 88896  315.67211   37  111  442.33585  291.41395  34.1%  75.8 2048s
 122816 88952  303.16948   79  114  442.33585  291.41395  34.1%  75.9 2053s
 122892 89145  309.34138   91   85  442.33585  291.41421  34.1%  76.0 2058s
 123139 89293  405.18280   73   69  442.33585  291.41480  34.1%  75.9 2063s
 123346 89496  426.21977   46   82  442.33585  291.41841  34.1%  76.0 2067s
 123585 89702  402.20984   92   89  442.33585  291.42019  34.1%  76.0 2071s
 123823 89946  404.67387   99   56  442.33585  291.42074  34.1%  76.0 2078s
 124127 90111  319.86065   45  118  442.33585  291.42248  34.1%  76.0 2082s
 124333 90225  332.77455   62   65  442.33585  291.42293  34.1%  76.1 2087s
 124473 90412     cutoff   89       442.33585  291.42415  34.1%  76.2 2092s
 124714 90630  307.99549   47   98  442.33585  291.42786  34.1%  76.2 2097s
 124957 90816  305.60273   81   99  442.33585  291.42956  34.1%  76.2 2101s
 125163 90957  377.92663  148   56  442.33585  291.43041  34.1%  76.2 2105s
 125375 91062  416.61909   68   29  442.33585  291.43257  34.1%  76.2 2110s
 125530 91271  295.25269   35  108  442.33585  291.43505  34.1%  76.2 2115s
 125773 91499  422.62793   86   59  442.33585  291.43662  34.1%  76.2 2120s
 126059 91579  355.97000  107   75  442.33585  291.44078  34.1%  76.2 2126s
 126163 91675  293.83071   47  127  442.33585  291.44078  34.1%  76.3 2130s
 126434 91957  359.82438  110   51  442.33585  291.44078  34.1%  76.4 2138s
 126622 92108  305.47703   40  101  442.33585  291.44312  34.1%  76.5 2142s
 126809 92275  307.63845   54   73  442.33585  291.44395  34.1%  76.5 2145s
 127179 92655  309.56498   51   80  442.33585  291.44720  34.1%  76.6 2153s
 127474 92804  377.78270  143   78  442.33585  291.44902  34.1%  76.5 2157s
 127698 92968  296.25750   53  124  442.33585  291.45288  34.1%  76.5 2162s
 127886 93124  312.23493   70   82  442.33585  291.45561  34.1%  76.5 2166s
 128070 93272  316.05195   63   85  442.33585  291.45662  34.1%  76.6 2170s
 128451 93649  302.32736   57   98  442.33585  291.45875  34.1%  76.7 2179s
 128714 93752  341.29459  125   71  442.33585  291.46234  34.1%  76.6 2182s
 128879 93858  307.28102   44   78  442.33585  291.46234  34.1%  76.7 2186s
 129013 94096  367.61889  103   77  442.33585  291.46530  34.1%  76.7 2190s
 129314 94176  307.28102   41  103  442.33585  291.47372  34.1%  76.7 2195s
 129625 94635  404.67387  140   54  442.33585  291.48013  34.1%  76.8 2203s
 129961 94752  400.80369   50   92  442.33585  291.48390  34.1%  76.8 2210s
 130242 95049  318.86867  114   90  442.33585  291.48537  34.1%  76.9 2218s
 130458 95294  375.42566  101   62  442.33585  291.48875  34.1%  76.9 2222s
 130761 95606  329.73060   58   83  442.33585  291.49086  34.1%  76.9 2227s
 131120 95875  306.66934   81   80  442.33585  291.49382  34.1%  76.9 2230s
 131417 96036  315.31528   77   90  442.33585  291.49398  34.1%  76.9 2235s
 131883 96435  376.50853   48   75  442.33585  291.50129  34.1%  77.0 2244s
 132099 96679  336.28999  145   58  442.33585  291.50176  34.1%  77.0 2248s
 132410 96778  435.28460   54   42  442.33585  291.50354  34.1%  77.0 2253s
 132557 96942  306.69664   55   99  442.33585  291.50438  34.1%  77.0 2257s
 132770 97046  365.46899   58  112  442.33585  291.50469  34.1%  77.0 2262s
 132971 97244  303.21988   40  103  442.33585  291.50512  34.1%  77.1 2267s
 133197 97352  410.07003  115   65  442.33585  291.50542  34.1%  77.2 2272s
 133353 97643  322.26905   45   90  442.33585  291.50831  34.1%  77.2 2276s
 133706 97850  294.56672   42  111  442.33585  291.50970  34.1%  77.1 2281s
 133934 98074  320.03742   58   92  442.33585  291.51011  34.1%  77.1 2285s
 134576 98503  304.85551   37   94  442.33585  291.51448  34.1%  77.1 2294s
 134774 98791  293.35582   44  108  442.33585  291.51482  34.1%  77.1 2298s
 135072 98920  375.63107  157   78  442.33585  291.51482  34.1%  77.0 2307s
 135250 99058  322.05664   39  112  442.33585  291.51482  34.1%  77.0 2311s
 135710 99662  364.43731   73   99  442.33585  291.51856  34.1%  77.1 2317s
 136088 99838  299.14915   45  116  442.33585  291.52114  34.1%  77.1 2321s
 136693 100325  421.00921   63   63  442.33585  291.53041  34.1%  77.0 2327s
 136881 100539  360.60925   66   94  442.33585  291.53188  34.1%  77.0 2331s
 137364 100926  429.63228   92   55  442.33585  291.53368  34.1%  77.1 2338s
 137665 101198  312.53749   66   87  442.33585  291.53493  34.1%  77.1 2344s
 137989 101367  294.11826   44  111  442.33585  291.53569  34.1%  77.1 2347s
 138189 101559  308.08723   43  108  442.33585  291.53713  34.1%  77.2 2350s
 138612 101874  305.75979   52  108  442.33585  291.54006  34.1%  77.3 2356s
 138826 102104  425.23952  100   76  442.33585  291.54628  34.1%  77.3 2360s
 139086 102209  294.22164   40  127  442.33585  291.54788  34.1%  77.3 2366s
 139223 102459  319.86065   42   85  442.33585  291.55069  34.1%  77.3 2371s
 139517 102678  383.58329   94   64  442.33585  291.55293  34.1%  77.3 2375s
 139798 102937  293.65650   40  140  442.33585  291.55950  34.1%  77.2 2380s
 140083 103180  324.02632  108   62  442.33585  291.56028  34.1%  77.2 2388s
 140385 103450  374.25329  130   74  442.33585  291.56189  34.1%  77.1 2392s
 140694 103622  420.53209  144   61  442.33585  291.56466  34.1%  77.1 2396s
 140979 103847  299.75946   44   99  442.33585  291.57000  34.1%  77.1 2400s
 141488 104190  372.73143   98   83  442.33585  291.57202  34.1%  77.1 2408s
 141676 104400  307.28102   71   80  442.33585  291.57517  34.1%  77.1 2412s
 141943 104540  435.94158   68   66  442.33585  291.57640  34.1%  77.1 2417s
 142108 104781  385.21069  142   64  442.33585  291.57681  34.1%  77.2 2421s
 142383 104930  354.60481  147   58  442.33585  291.57731  34.1%  77.2 2428s
 142598 105085  321.50874   77   86  442.33585  291.57861  34.1%  77.1 2433s
 142797 105263  377.38977   86   96  442.33585  291.58033  34.1%  77.2 2439s
 143021 105436  351.58860   47  101  442.33585  291.58045  34.1%  77.2 2444s
 143228 105648  302.38369   51  101  442.33585  291.58081  34.1%  77.3 2448s
 143484 105778  327.22104   83   74  442.33585  291.58443  34.1%  77.2 2454s
 143637 105956  300.02097   59  100  442.33585  291.58500  34.1%  77.3 2460s
 143863 106150  298.04944   63  115  442.33585  291.58500  34.1%  77.3 2466s
 144093 106366  302.91974   54  107  442.33585  291.58880  34.1%  77.2 2471s
 144350 106544  381.87494   56   81  442.33585  291.59025  34.1%  77.3 2476s
 144558 106711  371.62070  120   64  442.33585  291.59423  34.1%  77.3 2480s
 144801 106831  300.11054   48  127  442.33585  291.59529  34.1%  77.3 2485s
 145193 107209  404.67387   52   58  442.33585  291.59739  34.1%  77.3 2494s
 145391 107400 infeasible   71       442.33585  291.59835  34.1%  77.4 2499s
 145618 107696  353.16816   46   99  442.33585  291.60163  34.1%  77.4 2503s
 146000 107887  441.37834  119   47  442.33585  291.60503  34.1%  77.4 2508s
 146231 108069  304.53947   75  115  442.33585  291.60591  34.1%  77.5 2514s
 146451 108223  303.08397   51  104  442.33585  291.60645  34.1%  77.5 2520s
 146658 108389  300.29178   62  108  442.33585  291.60645  34.1%  77.5 2527s
 146855 108570  291.94065   41  109  442.33585  291.60998  34.1%  77.5 2532s
 147042 108713  325.48342   81   93  442.33585  291.61171  34.1%  77.6 2539s
 147259 109033  323.74154   70   60  442.33585  291.61171  34.1%  77.6 2543s
 147613 109396  409.40375  143   72  442.33585  291.61595  34.1%  77.5 2547s
 148030 109632  336.88910   96  102  442.33585  291.61903  34.1%  77.5 2552s
 148306 109972  353.55828  114   99  442.33585  291.61903  34.1%  77.5 2556s
 148706 110198  299.38947   43  101  442.33585  291.61903  34.1%  77.4 2560s
 148967 110405  318.66413   75   67  442.33585  291.61941  34.1%  77.4 2565s
 149333 110644  352.56798   98   73  442.33585  291.62099  34.1%  77.5 2571s
 149728 111085  357.77807   95   74  442.33585  291.62399  34.1%  77.6 2577s
 150322 111484  315.02995   83   91  442.33585  291.62500  34.1%  77.7 2581s
 150770 111882  298.69298   50  113  442.33585  291.62734  34.1%  77.7 2587s
 151538 112527  300.73809   72  136  442.33585  291.62819  34.1%  77.7 2591s
 152156 113062  368.48352   69   71  442.33585  291.62819  34.1%  77.7 2595s
 152729 113541  390.93635  138   53  442.33585  291.63211  34.1%  77.7 2600s
 153598 114023  342.53285  147   79  442.33585  291.63505  34.1%  77.6 2605s
 153958 114507  300.12180   44  119  442.33585  291.63740  34.1%  77.6 2610s
 154545 114905  359.11574  144   58  442.33585  291.64048  34.1%  77.7 2615s
 154937 115085  297.34145   46  113  442.33585  291.64154  34.1%  77.9 2621s
 155174 115401  326.93111   90   84  442.33585  291.64245  34.1%  78.1 2625s
 155732 115755  365.80713  130   97  442.33585  291.64247  34.1%  78.1 2632s
 155843 115933     cutoff  133       442.33585  291.64403  34.1%  78.1 2635s
 156474 116519  307.01995   52  110  442.33585  291.65348  34.1%  78.1 2642s
 157143 117026  409.88977  105   62  442.33585  291.65572  34.1%  78.1 2647s
 157857 117639  378.30046  148   62  442.33585  291.66178  34.1%  78.1 2651s
 158578 118281 infeasible  150       442.33585  291.66445  34.1%  78.1 2655s
 158986 118499  312.09879   75   86  442.33585  291.66445  34.1%  78.1 2660s
