
Gurobi 9.0.2 (win64) logging started Wed Jan 12 14:01:00 2022

Changed value of parameter LogFile to logs\SDCRVRP_10-2-7-100_4_0.LOG
   Prev:   Default: 
Changed value of parameter Seed to 621538169
   Prev: 0  Min: 0  Max: 2000000000  Default: 0
Changed value of parameter Threads to 2
   Prev: 0  Min: 0  Max: 1024  Default: 0
Changed value of parameter TimeLimit to 1200.0
   Prev: inf  Min: 0.0  Max: inf  Default: inf
Changed value of parameter Symmetry to 2
   Prev: -1  Min: -1  Max: 2  Default: -1
Changed value of parameter Cuts to 2
   Prev: -1  Min: -1  Max: 3  Default: -1
Changed value of parameter PreDepRow to 1
   Prev: -1  Min: -1  Max: 1  Default: -1
Changed value of parameter ScaleFlag to 1
   Prev: -1  Min: -1  Max: 3  Default: -1
Changed value of parameter NormAdjust to 0
   Prev: -1  Min: -1  Max: 3  Default: -1
Gurobi Optimizer version 9.0.2 build v9.0.2rc0 (win64)
Optimize a model with 10461 rows, 6526 columns and 43445 nonzeros
Model fingerprint: 0x4656c19c
Variable types: 92 continuous, 6434 integer (4318 binary)
Coefficient statistics:
  Matrix range     [1e-01, 1e+06]
  Objective range  [1e+00, 1e+00]
  Bounds range     [1e+00, 1e+04]
  RHS range        [1e+00, 1e+06]
Presolve removed 9714 rows and 5835 columns
Presolve time: 0.15s
Presolved: 747 rows, 691 columns, 5032 nonzeros
Variable types: 51 continuous, 640 integer (640 binary)

Root relaxation: objective 1.085318e+03, 246 iterations, 0.00 seconds

    Nodes    |    Current Node    |     Objective Bounds      |     Work
 Expl Unexpl |  Obj  Depth IntInf | Incumbent    BestBd   Gap | It/Node Time

     0     0 1085.31797    0   16          - 1085.31797      -     -    0s
     0     0 1085.31797    0   28          - 1085.31797      -     -    0s
     0     0 1085.31797    0   22          - 1085.31797      -     -    0s
     0     0 1085.31797    0   22          - 1085.31797      -     -    0s
     0     0 1085.31797    0   23          - 1085.31797      -     -    0s
     0     0 1085.31797    0   27          - 1085.31797      -     -    0s
     0     0 1085.31797    0   23          - 1085.31797      -     -    0s
     0     0 1085.31797    0   19          - 1085.31797      -     -    0s
     0     0 1085.31797    0   16          - 1085.31797      -     -    0s
     0     0 1085.31797    0   31          - 1085.31797      -     -    0s
     0     0 1085.31797    0   16          - 1085.31797      -     -    1s
     0     0 1085.31797    0   20          - 1085.31797      -     -    1s
     0     0 1085.31797    0   20          - 1085.31797      -     -    1s
     0     0 1085.31797    0   20          - 1085.31797      -     -    1s
     0     2 1085.31797    0   16          - 1085.31797      -     -    1s
  1028   645 1184.85599   89   13          - 1092.15089      -  11.3    5s
  4705  2659 1200.96144   95   15          - 1092.53347      -  10.4   10s
  7956  4673 1170.52856  101   16          - 1098.03608      -  10.8   15s
 11204  6487 1191.41597   91   17          - 1098.78733      -  11.0   20s
 14574  8285 1139.78817   62   13          - 1098.84620      -  11.1   25s
H17045  8879                    1195.5084100 1098.95086  8.08%  11.3   28s
 17530  9215 1157.66528   60    9 1195.50841 1099.04169  8.07%  11.4   30s
 18887 10058 1159.15423   68   17 1195.50841 1100.02016  7.99%  11.8   35s
H19280 10267                    1193.1215767 1100.14831  7.79%  12.0   38s
 19779 10585 1133.00607   45   26 1193.12158 1100.31169  7.78%  12.1   40s
 22096 12090 1118.69792   39   29 1193.12158 1100.71676  7.74%  12.5   45s
 25310 14204 1138.53109   47   26 1193.12158 1103.57541  7.51%  12.8   50s
 28511 16058 infeasible   64      1193.12158 1105.96626  7.30%  13.0   55s
 31836 18029 1164.57396   56   14 1193.12158 1106.82380  7.23%  13.2   60s
 33614 19259 1146.54301   60    7 1193.12158 1107.13623  7.21%  13.3   65s
 35764 20585 1186.11421   87   17 1193.12158 1107.25599  7.20%  13.6   70s
*36410 20777              59    1191.4805080 1107.32589  7.06%  13.7   71s
 38210 21828 1135.10601   62   22 1191.48051 1107.64737  7.04%  13.8   75s
H38608 20165                    1181.2242649 1107.74621  6.22%  13.8   75s
H40374 20715                    1179.2008499 1108.07437  6.03%  14.0   79s
 40707 20947 1178.39276   62   24 1179.20085 1108.16069  6.02%  14.0   80s
 42990 22166 1131.17774   49    8 1179.20085 1108.60945  5.99%  14.2   85s
 45485 23572 infeasible   59      1179.20085 1109.42594  5.92%  14.3   90s
 48080 25105 1148.13105   72   14 1179.20085 1110.73838  5.81%  14.4   95s
 50915 26695 1153.79454   66   24 1179.20085 1111.82561  5.71%  14.5  100s
 53426 28166 1174.56414   68   14 1179.20085 1112.19716  5.68%  14.7  105s
 55952 29319 1167.08150   80   19 1179.20085 1113.04001  5.61%  14.9  110s
H58311 25312                    1167.9962957 1114.20822  4.61%  15.0  114s
 58513 25450 1136.04918   62   15 1167.99630 1114.32939  4.59%  15.0  115s
 61029 26819 1135.45230   49   21 1167.99630 1114.78922  4.56%  15.0  120s
 63365 28015 infeasible   52      1167.99630 1115.12586  4.53%  15.1  125s
 65901 29399 infeasible   67      1167.99630 1115.28986  4.51%  15.2  130s
 68378 30791 1157.58178   73   15 1167.99630 1115.61061  4.49%  15.2  135s
 70786 32054 1155.98465   64    6 1167.99630 1115.87499  4.46%  15.2  140s
 72501 32795 infeasible   59      1167.99630 1116.01847  4.45%  15.3  145s
 75060 34087 infeasible   76      1167.99630 1116.43057  4.41%  15.4  150s
 78131 35635 1165.51622   86   16 1167.99630 1117.32099  4.34%  15.4  155s
H79714 31960                    1162.4424542 1117.59404  3.86%  15.4  157s
 80388 32354 1149.10792   52   20 1162.44245 1117.70357  3.85%  15.5  160s
 83451 33576 infeasible   65      1162.44245 1118.52904  3.78%  15.5  165s
 86007 34799 1153.70445   56   19 1162.44245 1118.95572  3.74%  15.5  170s
 87692 35507 1162.11259   66   10 1162.44245 1119.38045  3.70%  15.5  175s
 89352 36236 infeasible   68      1162.44245 1119.73337  3.67%  15.5  180s
 91047 37064 1139.14709   56   16 1162.44245 1120.15853  3.64%  15.5  185s
 92932 37845 1148.71919   52   20 1162.44245 1120.44370  3.61%  15.6  190s
 95000 38773 1161.01210   49   18 1162.44245 1120.73507  3.59%  15.6  195s
 97159 39804 1141.00476   53   26 1162.44245 1121.22116  3.55%  15.6  200s
 99109 40648 infeasible   49      1162.44245 1121.76430  3.50%  15.6  205s
 101572 41784 infeasible   71      1162.44245 1122.17455  3.46%  15.7  210s
 104057 42974 1141.34967   44   33 1162.44245 1122.30873  3.45%  15.7  215s
 106510 44022 1152.92744   49   27 1162.44245 1122.74667  3.41%  15.7  220s
 108230 44930 1159.75997   84   20 1162.44245 1122.93993  3.40%  15.7  225s
 110699 46110 infeasible   49      1162.44245 1123.12050  3.38%  15.7  230s
 113359 47423 infeasible   55      1162.44245 1123.35023  3.36%  15.8  235s
 116000 48555 1156.41560   55   23 1162.44245 1123.53640  3.35%  15.8  240s
 118398 49590 1141.35612   50    4 1162.44245 1123.77968  3.33%  15.8  245s
 121102 50741 1145.67216   68   19 1162.44245 1124.08097  3.30%  15.8  250s
 123633 51927 1147.58949   49   21 1162.44245 1124.30877  3.28%  15.8  255s
 126400 53248 1144.79372   67   19 1162.44245 1124.47691  3.27%  15.8  260s
 128802 54335 1149.37369   58    6 1162.44245 1124.73587  3.24%  15.8  265s
 131373 55515 1144.13014   60   19 1162.44245 1124.99432  3.22%  15.8  270s
 134003 56638 1150.96934   67   12 1162.44245 1125.29816  3.20%  15.8  275s
 136671 57890 1131.31449   53   26 1162.44245 1125.48649  3.18%  15.8  280s
 139012 58984 infeasible   79      1162.44245 1125.75902  3.16%  15.8  285s
 141912 60236 1145.05665   55   12 1162.44245 1125.93285  3.14%  15.8  290s
 144443 61477 1158.39111   57   21 1162.44245 1126.09593  3.13%  15.8  295s
 146963 62677 1134.30517   50   11 1162.44245 1126.29016  3.11%  15.8  300s
 148971 63536 infeasible   58      1162.44245 1126.47542  3.09%  15.8  305s
 150957 64349 1158.73611   57   18 1162.44245 1126.69472  3.08%  15.8  310s
 153532 65342 1153.01483   55   19 1162.44245 1126.85416  3.06%  15.8  315s
 155976 66410 infeasible   69      1162.44245 1127.04661  3.04%  15.8  320s
 158181 67303 1145.60058   62   14 1162.44245 1127.25097  3.03%  15.9  325s
 160618 68264 1132.61438   65   20 1162.44245 1127.45779  3.01%  15.9  330s
 162924 69193 1159.55948   60   22 1162.44245 1127.77854  2.98%  15.9  335s
 165319 70196 1145.69172   61    8 1162.44245 1128.00934  2.96%  15.9  340s
 167977 71162 1146.65107   53   28 1162.44245 1128.23928  2.94%  15.9  345s
 170237 72131 1157.05467   58   14 1162.44245 1128.51172  2.92%  15.9  350s
 172707 73040 1155.80799   61    7 1162.44245 1128.72056  2.90%  15.9  355s
 175123 73999 1151.52992   72   20 1162.44245 1129.04301  2.87%  16.0  360s
 177540 75268 1154.86584   60   12 1162.44245 1129.29814  2.85%  16.0  365s
 179775 76111 1150.90355   78   19 1162.44245 1129.54689  2.83%  16.0  370s
 182194 77049 1161.54728   65   20 1162.44245 1129.69294  2.82%  16.0  375s
 184495 78021 1153.14019   61   10 1162.44245 1129.83854  2.80%  16.0  380s
 186834 78962 1154.38627   59   23 1162.44245 1130.03968  2.79%  16.0  385s
*187021 78769              66    1162.2739052 1130.04702  2.77%  16.0  385s
H187210 77510                    1161.2732430 1130.04767  2.69%  16.0  386s
 188054 77899 1142.66382   67   21 1161.27324 1130.13946  2.68%  16.0  390s
 190151 78775 1136.08287   55   17 1161.27324 1130.23997  2.67%  16.0  395s
 192081 79463 1139.71535   55   28 1161.27324 1130.35484  2.66%  16.0  400s
 194708 80558 1155.73586   58   20 1161.27324 1130.57560  2.64%  16.0  405s
 197185 81609 1141.37729   57   14 1161.27324 1130.76873  2.63%  16.0  410s
 199841 82846 1156.29358   56   20 1161.27324 1130.99238  2.61%  16.0  415s
 201944 83770 infeasible   78      1161.27324 1131.12682  2.60%  16.0  420s
 204384 85054 infeasible   69      1161.27324 1131.17774  2.59%  16.0  425s
 206699 86239 1131.27672   65   24 1161.27324 1131.17774  2.59%  16.0  430s
 209331 87592 1131.79408   53   26 1161.27324 1131.17774  2.59%  16.0  435s
 211680 88725 1131.17774   47   12 1161.27324 1131.17774  2.59%  16.0  440s
 214086 89933 1138.35362   59   10 1161.27324 1131.20504  2.59%  16.0  445s
 216769 91146 1131.71687   53   20 1161.27324 1131.22797  2.59%  16.0  450s
 219479 92498 infeasible   58      1161.27324 1131.28239  2.58%  16.0  455s
 221772 93582 1136.13586   61   19 1161.27324 1131.31794  2.58%  16.0  460s
 224071 94526 infeasible   63      1161.27324 1131.33545  2.58%  16.0  465s
 225975 95226 infeasible   54      1161.27324 1131.34661  2.58%  16.0  470s
 228171 96089 1140.26514   52   15 1161.27324 1131.36781  2.58%  16.0  475s
 230560 97201 1149.17914   54   14 1161.27324 1131.38683  2.57%  16.0  480s
 233286 98318 infeasible   82      1161.27324 1131.41221  2.57%  16.0  485s
 235666 99242 1134.53033   70   26 1161.27324 1131.43632  2.57%  16.0  490s
 238317 100326 1148.62344   64   10 1161.27324 1131.46002  2.57%  16.0  495s
 240478 100996 infeasible   70      1161.27324 1131.49556  2.56%  16.0  500s
 243113 102306 1144.81578   64   23 1161.27324 1131.50696  2.56%  16.0  505s
 245445 103433 1160.42568   60   12 1161.27324 1131.50696  2.56%  16.0  510s
 247782 104585 1131.84268   48    7 1161.27324 1131.50696  2.56%  16.0  515s
 250094 105652 1146.26795   57   20 1161.27324 1131.50795  2.56%  16.0  520s
 252497 106979 infeasible   57      1161.27324 1131.51545  2.56%  16.0  525s
 255337 108075 1154.48072   64   23 1161.27324 1131.53521  2.56%  15.9  530s
 257647 109156 infeasible   58      1161.27324 1131.54878  2.56%  15.9  535s
 259664 110053 1139.64639   71   12 1161.27324 1131.56089  2.56%  15.9  540s
 262140 111166 1131.60226   50   21 1161.27324 1131.58290  2.56%  16.0  545s
 264506 112274 1133.33182   75   20 1161.27324 1131.59979  2.56%  16.0  550s
 267157 113358 1158.45042   73    6 1161.27324 1131.62149  2.55%  16.0  555s
 269610 114253 infeasible   63      1161.27324 1131.62669  2.55%  16.0  560s
 271351 114960 1136.04173   58   14 1161.27324 1131.62669  2.55%  16.0  565s
 273244 115737 1131.87752   61   19 1161.27324 1131.62669  2.55%  16.0  570s
 275412 116686 1131.62669   51    7 1161.27324 1131.62669  2.55%  16.0  575s
 277193 117303 infeasible   64      1161.27324 1131.62669  2.55%  16.0  580s
 279581 118402 1155.93453   53    6 1161.27324 1131.62669  2.55%  16.1  585s
 281944 119438 1132.06982   64    8 1161.27324 1131.62669  2.55%  16.1  590s
 284018 120438 1134.23442   60    9 1161.27324 1131.62669  2.55%  16.1  595s
 286105 121605 1132.16930   55   14 1161.27324 1131.62669  2.55%  16.1  600s
 288907 122969 infeasible   66      1161.27324 1131.62669  2.55%  16.1  605s
 291076 124068 1141.03266   48   15 1161.27324 1131.62669  2.55%  16.1  610s
 293613 125389 infeasible   67      1161.27324 1131.62669  2.55%  16.1  615s
 295848 126555 1134.59056   61   25 1161.27324 1131.62669  2.55%  16.1  620s
 298150 127489 1139.74783   56   25 1161.27324 1131.63671  2.55%  16.1  625s
 300216 128362 1141.02105   57   16 1161.27324 1131.64130  2.55%  16.1  630s
 301843 128991 1150.98241   67   19 1161.27324 1131.65032  2.55%  16.1  635s
 303977 129807 1150.78416   66   13 1161.27324 1131.65561  2.55%  16.1  640s
 305827 130528 infeasible   63      1161.27324 1131.66332  2.55%  16.1  645s
 308121 131488 infeasible   77      1161.27324 1131.66924  2.55%  16.1  650s
 310584 132501 infeasible   62      1161.27324 1131.67575  2.55%  16.1  655s
 312693 133298 infeasible   62      1161.27324 1131.67941  2.55%  16.1  660s
 314827 134134 1143.96641   64   17 1161.27324 1131.68484  2.55%  16.1  665s
 316999 135018 1139.85366   64   19 1161.27324 1131.69431  2.55%  16.1  670s
 319605 136007 1143.04157   58   22 1161.27324 1131.70364  2.55%  16.2  675s
 322106 137133 1134.79995   59   21 1161.27324 1131.71344  2.55%  16.2  680s
 324167 137995 1131.98845   67   24 1161.27324 1131.72035  2.54%  16.2  685s
 326846 139003 infeasible   68      1161.27324 1131.73099  2.54%  16.2  690s
 329123 139784 1140.94922   61   21 1161.27324 1131.74145  2.54%  16.2  695s
 331101 140630 infeasible   63      1161.27324 1131.74911  2.54%  16.2  700s
 333175 141418 1157.42709   61   19 1161.27324 1131.75748  2.54%  16.2  705s
 335463 142184 1158.82330   58   18 1161.27324 1131.76591  2.54%  16.2  710s
 337487 142961 1142.33097   55   14 1161.27324 1131.77425  2.54%  16.2  715s
 339886 143981 1132.45007   58   24 1161.27324 1131.78599  2.54%  16.2  720s
 342135 144904 infeasible   61      1161.27324 1131.79230  2.54%  16.2  725s
 344506 145781 infeasible   71      1161.27324 1131.80313  2.54%  16.2  730s
 346763 146756 1160.83733   80   14 1161.27324 1131.81315  2.54%  16.2  735s
 349290 147785 1136.92743   65   23 1161.27324 1131.82624  2.54%  16.2  740s
 351253 148638 1144.01917   71   22 1161.27324 1131.83555  2.53%  16.2  745s
 353079 149242 infeasible   57      1161.27324 1131.84268  2.53%  16.2  750s
 354912 150002 1134.55761   60   16 1161.27324 1131.84268  2.53%  16.3  755s
 356781 150832 1150.54893   57   18 1161.27324 1131.84268  2.53%  16.3  760s
 358314 151564 1157.53713   68   14 1161.27324 1131.84268  2.53%  16.3  765s
 359749 152148 1160.25891   73   18 1161.27324 1131.84268  2.53%  16.3  770s
 361399 152857 infeasible   58      1161.27324 1131.84268  2.53%  16.3  775s
 363222 153740 infeasible   57      1161.27324 1131.84268  2.53%  16.3  780s
 365625 154788     cutoff   72      1161.27324 1131.84268  2.53%  16.3  785s
 367196 155530 1151.17860   67   23 1161.27324 1131.84268  2.53%  16.3  790s
 369429 156643 1132.52631   65   17 1161.27324 1131.84268  2.53%  16.3  795s
 371404 157644 infeasible   60      1161.27324 1131.84268  2.53%  16.4  800s
 373611 158679 1158.48608   63    8 1161.27324 1131.84268  2.53%  16.4  805s
 375118 159404 infeasible   68      1161.27324 1131.84268  2.53%  16.4  810s
 377262 160438 1132.17840   46    8 1161.27324 1131.84268  2.53%  16.4  815s
 379408 161640 1131.95166   56   17 1161.27324 1131.84268  2.53%  16.4  820s
 381665 162436 1140.70020   63   14 1161.27324 1131.84443  2.53%  16.4  825s
 383420 163222 1157.82890   82   11 1161.27324 1131.84767  2.53%  16.4  830s
 384830 163720 1143.64588   64   10 1161.27324 1131.85159  2.53%  16.4  835s
 386885 164527 1151.51453   52   12 1161.27324 1131.85555  2.53%  16.4  840s
 388528 165332 1134.99723   57    8 1161.27324 1131.85832  2.53%  16.4  845s
 390625 166126 1141.39818   66   16 1161.27324 1131.86411  2.53%  16.4  850s
 392290 166740 1152.88003   58   13 1161.27324 1131.86897  2.53%  16.4  855s
 394012 167340 1138.41485   74   21 1161.27324 1131.87432  2.53%  16.4  860s
 395502 167898 1134.69417   66   18 1161.27324 1131.87930  2.53%  16.4  865s
 397866 168783 1150.94278   67   19 1161.27324 1131.88637  2.53%  16.5  870s
 399921 169608 1151.57060   55   16 1161.27324 1131.89070  2.53%  16.5  875s
 401939 170300 1135.08836   58   16 1161.27324 1131.89548  2.53%  16.5  880s
 403686 171076 infeasible   76      1161.27324 1131.89941  2.53%  16.5  885s
 405777 171850 1134.37888   58   11 1161.27324 1131.90529  2.53%  16.5  890s
 407591 172551 1131.92935   52   20 1161.27324 1131.90957  2.53%  16.5  895s
 409178 173201 1148.39068   69   21 1161.27324 1131.91239  2.53%  16.5  900s
 411033 173856 1133.05773   68   21 1161.27324 1131.91784  2.53%  16.5  905s
 412764 174624 1142.86735   63   26 1161.27324 1131.92198  2.53%  16.5  910s
 414974 175469 1136.38794   69   13 1161.27324 1131.92795  2.53%  16.5  915s
 417191 176272 1160.01414   63   14 1161.27324 1131.93289  2.53%  16.5  920s
 419004 176966 1133.49416   71   24 1161.27324 1131.93973  2.53%  16.5  925s
 421419 177889 1149.56606   64   17 1161.27324 1131.94915  2.53%  16.5  930s
 423574 178746 1155.97512   82   14 1161.27324 1131.95494  2.52%  16.6  935s
 425584 179537 infeasible   61      1161.27324 1131.96205  2.52%  16.6  940s
 427922 180387 infeasible   60      1161.27324 1131.96761  2.52%  16.6  945s
 429625 181021 1141.28812   72   28 1161.27324 1131.96983  2.52%  16.6  950s
 431598 181731 1143.15146   59    9 1161.27324 1131.97625  2.52%  16.6  956s
 433107 182358 1134.77254   64   20 1161.27324 1131.98055  2.52%  16.6  960s
 434312 182781 1137.28232   69    6 1161.27324 1131.98331  2.52%  16.6  965s
 435763 183279 infeasible   68      1161.27324 1131.98640  2.52%  16.6  970s
 436923 183662 1145.23119   67   27 1161.27324 1131.99016  2.52%  16.6  975s
 438617 184312 infeasible   77      1161.27324 1131.99471  2.52%  16.6  980s
 440784 185177 1157.16499   88   13 1161.27324 1132.00074  2.52%  16.6  985s
 442433 185843 infeasible   58      1161.27324 1132.00542  2.52%  16.7  990s
 444715 186720 1156.29371   55   22 1161.27324 1132.01080  2.52%  16.7  995s
 446152 187207 1135.96936   71   27 1161.27324 1132.01529  2.52%  16.7 1000s
 448204 188027 1157.59479   76   10 1161.27324 1132.02030  2.52%  16.7 1005s
 450030 188676 1161.09975   73   20 1161.27324 1132.02493  2.52%  16.7 1010s
 452042 189277 1132.25615   56   15 1161.27324 1132.03077  2.52%  16.7 1015s
 453518 189799 infeasible   67      1161.27324 1132.03565  2.52%  16.7 1020s
 455182 190352 1143.44260   68    8 1161.27324 1132.04095  2.52%  16.7 1026s
 456682 190831 1158.86780   76   25 1161.27324 1132.04562  2.52%  16.7 1030s
 458120 191259 1145.18640   68   17 1161.27324 1132.05190  2.52%  16.7 1035s
 459278 191690 1154.57665   90   21 1161.27324 1132.05417  2.52%  16.7 1040s
 460795 192129 1140.11413   63   22 1161.27324 1132.05847  2.52%  16.7 1045s
 461902 192522 1145.86548   57   23 1161.27324 1132.06254  2.52%  16.8 1050s
 463049 192884 1136.40976   61   22 1161.27324 1132.06586  2.52%  16.8 1056s
 464182 193285 1142.28323   54   15 1161.27324 1132.06909  2.51%  16.8 1060s
 465710 193831 infeasible   71      1161.27324 1132.07321  2.51%  16.8 1065s
 467157 194454 1156.74847   57   13 1161.27324 1132.07564  2.51%  16.8 1070s
 468336 195056 1135.46836   65   13 1161.27324 1132.07564  2.51%  16.8 1075s
 470034 195826 infeasible   75      1161.27324 1132.07622  2.51%  16.8 1080s
 471530 196400 1150.56385   68   22 1161.27324 1132.08175  2.51%  16.8 1085s
 473245 196938 1140.19636   54    6 1161.27324 1132.08598  2.51%  16.8 1090s
 475377 197839 1149.35908   73   20 1161.27324 1132.08954  2.51%  16.8 1095s
H475986 198054                    1161.2732072 1132.09144  2.51%  16.8 1097s
 476975 198426 1137.85521   56   25 1161.27321 1132.09392  2.51%  16.8 1100s
 478453 198977 1136.21993   65   22 1161.27321 1132.09840  2.51%  16.8 1105s
 480338 199750 1135.13402   56    9 1161.27321 1132.10219  2.51%  16.8 1110s
 482098 200396 1153.27680   57   14 1161.27321 1132.10662  2.51%  16.8 1115s
 483596 200846 1147.21095   70   20 1161.27321 1132.11089  2.51%  16.8 1120s
 485504 201674 1156.67784   58   14 1161.27321 1132.11566  2.51%  16.8 1125s
 487351 202394 1132.60443   60   16 1161.27321 1132.11983  2.51%  16.9 1130s
 488937 202800 1142.82858   63   25 1161.27321 1132.12503  2.51%  16.9 1135s
 490280 203277 1150.12075   60   21 1161.27321 1132.12860  2.51%  16.9 1140s
 492178 204101 1156.82943   78   11 1161.27321 1132.13422  2.51%  16.9 1146s
 493457 204552 infeasible   72      1161.27321 1132.13698  2.51%  16.9 1150s
 494961 205012     cutoff   76      1161.27321 1132.14043  2.51%  16.9 1155s
 496479 205606 1134.34254   70   28 1161.27321 1132.14472  2.51%  16.9 1160s
 497903 206050 infeasible   59      1161.27321 1132.14845  2.51%  16.9 1165s
 499051 206459 1161.01025   64    8 1161.27321 1132.15108  2.51%  16.9 1170s
 500520 206948 1145.29103   63   15 1161.27321 1132.15580  2.51%  16.9 1175s
 502084 207535 1144.06510   55    7 1161.27321 1132.15967  2.51%  16.9 1180s
 503654 208070 infeasible   63      1161.27321 1132.16405  2.51%  16.9 1185s
 505483 208775 1138.12927   60   20 1161.27321 1132.17040  2.51%  16.9 1190s
 507116 209394 infeasible   68      1161.27321 1132.17419  2.51%  16.9 1195s
 508885 209951 1153.83810   62   24 1161.27321 1132.17840  2.51%  16.9 1200s

Cutting planes:
  Gomory: 13
  Cover: 138
  MIR: 17
  Flow cover: 63
  Inf proof: 77

Explored 509086 nodes (8624483 simplex iterations) in 1200.04 seconds
Thread count was 2 (of 4 available processors)

Solution count 9: 1161.27 1162.27 1162.44 ... 1195.51

Time limit reached
Best objective 1.161273207210e+03, best bound 1.132178399215e+03, gap 2.5054%
Discarded solution information

Gurobi 9.0.2 (win64) logging started Wed Jan 12 16:26:53 2022

Changed value of parameter LogFile to logs\SDCRVRP_10-2-7-100_4_0.LOG
   Prev:   Default: 
Changed value of parameter Seed to 413154555
   Prev: 0  Min: 0  Max: 2000000000  Default: 0
Changed value of parameter Threads to 2
   Prev: 0  Min: 0  Max: 1024  Default: 0
Changed value of parameter TimeLimit to 1200.0
   Prev: inf  Min: 0.0  Max: inf  Default: inf
Changed value of parameter Symmetry to 2
   Prev: -1  Min: -1  Max: 2  Default: -1
Changed value of parameter Cuts to 2
   Prev: -1  Min: -1  Max: 3  Default: -1
Changed value of parameter PreDepRow to 1
   Prev: -1  Min: -1  Max: 1  Default: -1
Changed value of parameter ScaleFlag to 1
   Prev: -1  Min: -1  Max: 3  Default: -1
Changed value of parameter NormAdjust to 0
   Prev: -1  Min: -1  Max: 3  Default: -1
Gurobi Optimizer version 9.0.2 build v9.0.2rc0 (win64)
Optimize a model with 10467 rows, 6526 columns and 43451 nonzeros
Model fingerprint: 0x6bdadd33
Variable types: 92 continuous, 6434 integer (4318 binary)
Coefficient statistics:
  Matrix range     [1e-01, 1e+06]
  Objective range  [1e+00, 1e+00]
  Bounds range     [1e+00, 1e+04]
  RHS range        [1e+00, 1e+06]
Presolve removed 4710 rows and 3140 columns
Presolve time: 0.01s

Explored 0 nodes (0 simplex iterations) in 0.01 seconds
Thread count was 1 (of 4 available processors)

Solution count 0

Model is infeasible
Best objective -, best bound -, gap -

Computing Irreducible Inconsistent Subsystem (IIS)...

      Constraints           Bounds       Runtime
     Min       Max       Min      Max
------------------------------------------------
        0    10379         0     6257         0s

Gurobi 9.0.2 (win64) logging started Wed Jan 12 19:07:17 2022

Changed value of parameter LogFile to logs\SDCRVRP_10-2-7-100_4_0.LOG
   Prev:   Default: 
Changed value of parameter Seed to 1788519275
   Prev: 0  Min: 0  Max: 2000000000  Default: 0
Changed value of parameter Threads to 2
   Prev: 0  Min: 0  Max: 1024  Default: 0
Changed value of parameter TimeLimit to 1200.0
   Prev: inf  Min: 0.0  Max: inf  Default: inf
Changed value of parameter Symmetry to 2
   Prev: -1  Min: -1  Max: 2  Default: -1
Changed value of parameter Cuts to 2
   Prev: -1  Min: -1  Max: 3  Default: -1
Changed value of parameter PreDepRow to 1
   Prev: -1  Min: -1  Max: 1  Default: -1
Changed value of parameter ScaleFlag to 1
   Prev: -1  Min: -1  Max: 3  Default: -1
Changed value of parameter NormAdjust to 0
   Prev: -1  Min: -1  Max: 3  Default: -1
Gurobi Optimizer version 9.0.2 build v9.0.2rc0 (win64)
Optimize a model with 10453 rows, 6526 columns and 43065 nonzeros
Model fingerprint: 0x4cb3a6f7
Variable types: 92 continuous, 6434 integer (4318 binary)
Coefficient statistics:
  Matrix range     [1e-01, 1e+06]
  Objective range  [1e+00, 1e+00]
  Bounds range     [1e+00, 1e+04]
  RHS range        [1e+00, 1e+06]
Presolve removed 8696 rows and 5094 columns
Presolve time: 0.29s
Presolved: 1757 rows, 1432 columns, 12698 nonzeros
Variable types: 55 continuous, 1377 integer (1277 binary)

Root relaxation: objective 5.556933e+02, 717 iterations, 0.03 seconds

    Nodes    |    Current Node    |     Objective Bounds      |     Work
 Expl Unexpl |  Obj  Depth IntInf | Incumbent    BestBd   Gap | It/Node Time

     0     0  555.69326    0   59          -  555.69326      -     -    0s
     0     0  557.40149    0   74          -  557.40149      -     -    0s
     0     0  559.65688    0   95          -  559.65688      -     -    0s
     0     0  562.35825    0   95          -  562.35825      -     -    1s
     0     0  562.35825    0   89          -  562.35825      -     -    1s
     0     0  564.23997    0  104          -  564.23997      -     -    1s
     0     0  564.23997    0  110          -  564.23997      -     -    1s
     0     0  564.98331    0   90          -  564.98331      -     -    2s
     0     0  564.98680    0  128          -  564.98680      -     -    2s
     0     0  565.52502    0  116          -  565.52502      -     -    2s
     0     0  565.77548    0   96          -  565.77548      -     -    2s
     0     0  565.77548    0   95          -  565.77548      -     -    2s
     0     0  566.22241    0   89          -  566.22241      -     -    3s
     0     0  566.22241    0   90          -  566.22241      -     -    3s
     0     0  566.22241    0  108          -  566.22241      -     -    3s
     0     0  566.22241    0   47          -  566.22241      -     -    3s
     0     2  566.34503    0   47          -  566.34503      -     -    4s
    65    78  566.46065   32   85          -  566.34503      -  18.2    5s
   729   684  619.40875  143   64          -  566.34503      -  13.4   10s
   735   688  567.87268   49  103          -  566.34503      -  13.3   15s
   747   696  581.87118  120  115          -  568.19702      -  13.1   20s
   759   705  588.69951   51   47          -  568.19702      -  30.2   25s
   768   711  568.49429   12   85          -  568.49429      -  29.9   30s
   773   715  568.58292   48   87          -  568.49429      -  29.7   35s
   799   736  569.14101   26  102          -  569.14101      -  27.8   40s
  1555  1203  613.18603   78   47          -  569.70858      -  40.0   45s
  2641  1808 infeasible  153               -  570.13480      -  40.2   50s
* 3616  2468             147    1538.7596023  570.51989  62.9%  41.9   54s
  3661  2605 infeasible  114      1538.75960  570.67475  62.9%  41.8   55s
H 4118  2878                    1538.7596021  570.86669  62.9%  40.1   57s
H 4194  2921                    1342.4605346  570.88148  57.5%  40.3   58s
H 4355  3088                    1342.4605345  570.88148  57.5%  40.4   60s
H 4462  3170                    1314.2808275  570.91590  56.6%  40.8   61s
  4875  3531 infeasible   82      1314.28083  571.10536  56.5%  41.6   65s
H 4901  3530                    1306.7114177  571.10536  56.3%  41.5   65s
  5451  4027  591.63856   37   67 1306.71142  571.22165  56.3%  40.6   71s
H 5477  4025                    1260.3726133  571.22165  54.7%  40.6   71s
  5795  4147  730.94523   57   45 1260.37261  571.27526  54.7%  40.5   75s
  6320  4727  619.58734   72   47 1260.37261  571.39780  54.7%  40.6   80s
H 6829  5071                    1234.2676884  571.45762  53.7%  40.1   84s
  6997  5200  704.51341   53   56 1234.26769  571.52636  53.7%  40.2   86s
  7614  5821  622.56954   64   65 1234.26769  571.95302  53.7%  40.5   90s
  8709  6915  717.44545  112   59 1234.26769  572.68130  53.6%  39.3   96s
H 9184  6915                    1234.2676882  572.90336  53.6%  38.6   96s
H 9814  7420                    1233.2583554  573.20129  53.5%  38.7   99s
  9871  7721  597.24608   57   68 1233.25836  573.23537  53.5%  38.6  100s
H10895  8274                    1177.4058819  573.48998  51.3%  37.6  104s
 10911  8391  573.48998   25   90 1177.40588  573.48998  51.3%  37.7  105s
H10987  8367                    1138.6033344  573.48998  49.6%  37.7  105s
H11103  8497                    1138.6033343  573.51792  49.6%  37.8  107s
 11491  8838  595.24006   61   89 1138.60333  573.57497  49.6%  37.6  110s
 12778  9956  661.53926  102   35 1138.60333  573.75410  49.6%  37.1  116s
 13499 10485  620.85780   67   54 1138.60333  573.83785  49.6%  36.9  120s
 14646 11571  578.93353   50   75 1138.60333  574.03677  49.6%  36.8  125s
 15389 12158  866.99570   66   39 1138.60333  574.09750  49.6%  36.7  130s
 17263 13583  575.45161   32   95 1138.60333  574.21321  49.6%  36.1  135s
 18913 15020  598.45569   54   76 1138.60333  574.27489  49.6%  35.9  140s
 20530 16330  605.62862   49   67 1138.60333  574.34345  49.6%  36.1  145s
 22248 17729 1052.24705   68   49 1138.60333  574.37945  49.6%  36.0  150s
 23582 18943  584.43364   38   74 1138.60333  574.45777  49.5%  36.2  155s
 24799 19829  575.55366   28   83 1138.60333  574.53712  49.5%  35.8  160s
 26609 21268  594.67544   58   67 1138.60333  574.53857  49.5%  35.6  165s
 28165 22676  889.01888  108   41 1138.60333  574.58600  49.5%  35.5  170s
 29786 23930  684.92115   86   55 1138.60333  574.64577  49.5%  35.5  175s
 31606 25489  576.13827   38   94 1138.60333  574.67653  49.5%  35.2  180s
 33296 26838  601.85647   71   76 1138.60333  574.71233  49.5%  35.4  185s
 35127 28216  986.68325  113   64 1138.60333  574.76643  49.5%  35.2  190s
 36309 29287  647.24056  113   66 1138.60333  574.79148  49.5%  35.5  195s
 37981 30766  591.44979   56   76 1138.60333  574.82455  49.5%  35.4  200s
*38460 30951             190    1137.4473617  574.82794  49.5%  35.3  201s
 39567 32028  587.54293   45   65 1137.44736  574.84331  49.5%  35.2  205s
 41125 33316  621.61950   46   57 1137.44736  574.84727  49.5%  35.3  210s
 42671 34619  678.13349   45   59 1137.44736  574.86213  49.5%  35.3  215s
 44318 35831 1089.23479  112   44 1137.44736  574.87446  49.5%  35.2  220s
H44544 35801                    1117.0159450  574.87589  48.5%  35.1  220s
 45383 36451 1033.91730  109   49 1117.01594  574.89627  48.5%  35.2  225s
 46468 37436  575.08326   41   89 1117.01594  574.92126  48.5%  35.2  230s
 47610 38384  617.14865   69   66 1117.01594  574.92686  48.5%  35.5  235s
 48486 39019  600.74764   54   73 1117.01594  574.93659  48.5%  35.6  240s
 49021 39645  907.26749   85   53 1117.01594  574.94101  48.5%  35.8  245s
H49572 39943                    1117.0159449  574.94541  48.5%  35.8  248s
 49795 40284  618.77890   61   67 1117.01594  574.94669  48.5%  35.8  250s
 50852 41073  585.81909   41   77 1117.01594  574.98433  48.5%  36.3  255s
 51425 41487  856.29796   71   43 1117.01594  574.99596  48.5%  36.5  260s
 52726 42667  788.88576   79   57 1117.01594  575.00810  48.5%  36.4  265s
 53724 43453  677.53758  162   56 1117.01594  575.02324  48.5%  36.4  270s
 55350 44700  850.62469   83   54 1117.01594  575.05251  48.5%  36.2  275s
 56523 45842  603.72503   97   73 1117.01594  575.07046  48.5%  36.1  280s
H56899 45963                    1116.8094729  575.07174  48.5%  36.1  281s
 57184 46302  673.95408  108   51 1116.80947  575.07384  48.5%  36.1  285s
 58323 47220  717.55024   98   56 1116.80947  575.08802  48.5%  36.2  290s
 59329 48128  780.42682   56   32 1116.80947  575.10335  48.5%  36.2  295s
H59799 48395                    1116.8094728  575.11926  48.5%  36.1  298s
 60345 48927  636.91007   60   60 1116.80947  575.13021  48.5%  36.1  300s
 61776 50168  580.73996   28   70 1116.80947  575.15653  48.5%  36.1  307s
 62409 50697  863.89324  120   43 1116.80947  575.16382  48.5%  36.1  310s
 63090 51331  713.45061  162   69 1116.80947  575.18299  48.5%  36.3  315s
 64086 52100  603.53581   60   63 1116.80947  575.20095  48.5%  36.3  320s
 65126 53025  792.01980   62   64 1116.80947  575.21272  48.5%  36.4  326s
 66077 53871  887.26619   82   51 1116.80947  575.25470  48.5%  36.4  330s
 67169 54685  597.21236   61   82 1116.80947  575.26706  48.5%  36.4  335s
 68563 55792  652.56841   57   45 1116.80947  575.28824  48.5%  36.3  341s
 69512 56639  582.30812   33   81 1116.80947  575.31115  48.5%  36.5  345s
 70865 57815  775.77018  160   56 1116.80947  575.33658  48.5%  36.5  350s
 72033 58745  946.14114   80   52 1116.80947  575.36775  48.5%  36.5  355s
 72586 59088  665.09805   43   71 1116.80947  575.38398  48.5%  36.5  360s
 74144 60619  783.08352  161   66 1116.80947  575.40784  48.5%  36.4  365s
 75393 61551 infeasible   93      1116.80947  575.42558  48.5%  36.3  370s
 75908 62189  819.38052   76   57 1116.80947  575.42798  48.5%  36.5  375s
 77395 63079  854.22949   58   52 1116.80947  575.44555  48.5%  36.6  381s
 78141 63862  584.65335   24   91 1116.80947  575.45654  48.5%  36.6  385s
 79438 64787  841.52264   81   61 1116.80947  575.49025  48.5%  36.7  392s
 80393 65830  678.59271  115   63 1116.80947  575.49926  48.5%  36.6  395s
 81492 66577  595.54973   46   56 1116.80947  575.51439  48.5%  36.5  400s
 82002 67157  666.03607   38   65 1116.80947  575.52576  48.5%  36.9  405s
 83203 68104  611.76011   74   57 1116.80947  575.52612  48.5%  36.8  410s
 84630 69412 infeasible  131      1116.80947  575.54897  48.5%  36.8  415s
 85681 70264  611.57433   63   47 1116.80947  575.56975  48.5%  36.8  420s
H85945 70265                    1113.5563699  575.57088  48.3%  36.8  422s
 86195 70580  723.81680   69   63 1113.55637  575.57332  48.3%  37.0  425s
 87390 71654 infeasible   43      1113.55637  575.60705  48.3%  37.2  430s
H87672 71763                    1113.5563698  575.61356  48.3%  37.3  432s
 88336 72476 infeasible  206      1113.55637  575.62971  48.3%  37.2  435s
H90440 73992                    1080.8540929  575.65780  46.7%  37.0  441s
 91386 74821  669.23654   89   59 1080.85409  575.66649  46.7%  37.0  445s
 92238 75531  670.06869   99   60 1080.85409  575.67347  46.7%  37.0  450s
 93543 76678  623.15014  102   70 1080.85409  575.70027  46.7%  37.1  455s
H94130 77000                    1080.8540928  575.70514  46.7%  37.3  458s
 94375 77390  746.57909   65   59 1080.85409  575.71393  46.7%  37.3  460s
 95686 78509  768.52365  152   64 1080.85409  575.74962  46.7%  37.3  465s
 96823 79362  689.10952   50   64 1080.85409  575.76363  46.7%  37.2  470s
 97998 80549  694.92101   78   49 1080.85409  575.78286  46.7%  37.2  475s
 99265 81531  711.76555  200   39 1080.85409  575.79716  46.7%  37.2  480s
 100662 82658  794.07484  133   56 1080.85409  575.83044  46.7%  37.2  485s
 101568 83499  873.66238   53   54 1080.85409  575.86259  46.7%  37.2  490s
 102753 84435  622.84944   42   63 1080.85409  575.89343  46.7%  37.3  497s
 103788 85407  662.91143   73   71 1080.85409  575.91801  46.7%  37.3  500s
 105080 86369 infeasible  143      1080.85409  575.93616  46.7%  37.2  505s
 106415 87667  628.35656  140   73 1080.85409  575.96868  46.7%  37.1  510s
 108200 88863  750.33788  151   46 1080.85409  575.99794  46.7%  37.0  516s
 109240 89841  620.34314   65   55 1080.85409  576.01435  46.7%  37.0  520s
 110420 90889  622.33303   46   68 1080.85409  576.04800  46.7%  37.0  525s
 111766 91934  673.60525  165   50 1080.85409  576.06423  46.7%  36.9  530s
 112623 92865  595.39157   65   82 1080.85409  576.08690  46.7%  37.0  535s
 114267 94121  594.89228   49   66 1080.85409  576.10855  46.7%  36.9  540s
 115789 95400  935.87440  170   51 1080.85409  576.13283  46.7%  36.9  545s
 117114 96544  587.63851   32   89 1080.85409  576.14956  46.7%  36.8  550s
 118439 97606  596.50171   79   80 1080.85409  576.16379  46.7%  36.9  555s
 119699 98654 1051.68776  217   46 1080.85409  576.17747  46.7%  36.8  560s
 121257 100032  631.00031   75   60 1080.85409  576.19844  46.7%  36.8  565s
 122422 101020  596.07245   62   73 1080.85409  576.20649  46.7%  36.8  570s
 123712 101978  765.85370  148   68 1080.85409  576.23069  46.7%  36.7  575s
 124849 103113  734.28035   98   61 1080.85409  576.24090  46.7%  36.8  580s
 126290 104073  784.78174   76   66 1080.85409  576.26769  46.7%  36.7  586s
 126754 104606  694.20117  104   60 1080.85409  576.28172  46.7%  36.8  590s
 127800 105724  598.40540   50   66 1080.85409  576.30073  46.7%  36.9  595s
 128822 106371  595.32181   60   64 1080.85409  576.31071  46.7%  36.9  600s
 130463 107621  742.58352   98   74 1080.85409  576.34790  46.7%  36.8  605s
 131570 108560  618.62822   39   60 1080.85409  576.36493  46.7%  36.9  610s
*132065 108816             108    1071.4735271  576.37319  46.2%  36.9  611s
 132833 109527  698.97337  193   48 1071.47353  576.39640  46.2%  36.9  615s
 134021 110498 1014.09595   53   52 1071.47353  576.43322  46.2%  36.9  620s
 135229 111550  648.18192   91   57 1071.47353  576.46044  46.2%  36.9  625s
 136654 112662  644.89939  104   62 1071.47353  576.51237  46.2%  36.9  631s
 138026 113740  601.90899   47   80 1071.47353  576.52888  46.2%  36.8  635s
 139061 114712  597.39992   90   90 1071.47353  576.54642  46.2%  36.9  640s
 139867 115244  744.55176  160   52 1071.47353  576.56471  46.2%  36.8  645s
 141022 116409 infeasible  144      1071.47353  576.58088  46.2%  36.9  650s
 142803 117734  736.12318   70   42 1071.47353  576.59435  46.2%  36.8  657s
 143425 118410  653.40119   80   70 1071.47353  576.61462  46.2%  36.9  660s
 145359 120046 infeasible  148      1071.47353  576.64923  46.2%  36.8  665s
 146782 121071  597.67667   46   65 1071.47353  576.68764  46.2%  36.7  670s
 147857 121883  969.97507  152   33 1071.47353  576.69482  46.2%  36.7  675s
 148894 122937  601.81725   62   73 1071.47353  576.70627  46.2%  36.7  680s
 150595 124318  623.88555   53   66 1071.47353  576.76217  46.2%  36.6  685s
 151670 125380  745.92651   98   68 1071.47353  576.77797  46.2%  36.6  690s
 153375 126664  647.13754   70   51 1071.47353  576.79865  46.2%  36.6  695s
 154482 127593  837.26440   87   46 1071.47353  576.82051  46.2%  36.6  700s
 156030 128778  807.80662  110   56 1071.47353  576.84393  46.2%  36.6  706s
H156069 128605                    1059.1616454  576.84393  45.5%  36.6  706s
 157375 129835  598.16530   46   92 1059.16165  576.85737  45.5%  36.5  711s
 158436 130621  731.84302   44   60 1059.16165  576.88075  45.5%  36.5  715s
H159675 131574                    1048.3133151  576.91469  45.0%  36.5  720s
 161035 132754  584.07957   36   52 1048.31332  576.95482  45.0%  36.4  725s
 162173 133685  618.12026   67   55 1048.31332  576.96358  45.0%  36.5  730s
 163569 134843  869.37386   52   55 1048.31332  576.97732  45.0%  36.5  735s
H164279 134023                     986.6643433  576.98385  41.5%  36.6  738s
 164891 134573  835.12776  110   30  986.66434  577.00093  41.5%  36.6  740s
 166150 135715  617.98854   93   77  986.66434  577.02742  41.5%  36.5  745s
 166702 136176  686.37296   81   75  986.66434  577.03880  41.5%  36.6  750s
 168483 137601  812.38963   46   60  986.66434  577.06192  41.5%  36.5  755s
 169795 138553  744.96042   96   52  986.66434  577.09729  41.5%  36.6  760s
 171079 139686  627.85991   74   82  986.66434  577.11669  41.5%  36.6  765s
 172208 140743  605.66477   78   60  986.66434  577.14906  41.5%  36.6  770s
 173766 141937  598.11747   53   80  986.66434  577.19881  41.5%  36.5  775s
 174367 142398  594.65064   48   72  986.66434  577.20984  41.5%  36.5  780s
 176104 143715  587.21246   41   85  986.66434  577.27312  41.5%  36.5  785s
 177428 144798  897.97196  181   37  986.66434  577.29666  41.5%  36.6  790s
 178755 146063  904.66090  146   44  986.66434  577.33845  41.5%  36.7  795s
 180044 147024  763.98773  121   76  986.66434  577.37728  41.5%  36.7  800s
 180962 147794  939.72464  137   45  986.66434  577.42401  41.5%  36.7  805s
 182280 148631  795.43063   48   28  986.66434  577.44690  41.5%  36.8  811s
 183571 149875 infeasible  146       986.66434  577.47388  41.5%  36.8  815s
H184173 149810                     973.9560155  577.47388  40.7%  36.9  819s
 184563 150235  651.15929  138   64  973.95602  577.50294  40.7%  36.9  820s
 186137 151607  684.87549  145   55  973.95602  577.55574  40.7%  36.8  825s
 187373 152638 infeasible  112       973.95602  577.57953  40.7%  36.8  830s
 188468 153486  698.49030  101   46  973.95602  577.60176  40.7%  36.8  835s
 189735 154473  597.58766   48   86  973.95602  577.63572  40.7%  36.9  840s
H189736 154422                     972.6155675  577.63572  40.6%  36.9  840s
 190937 155330 infeasible   72       972.61557  577.66957  40.6%  36.9  846s
H190938 155330                     972.6155674  577.66957  40.6%  36.9  846s
 192165 156383  653.48701   51   44  972.61557  577.70495  40.6%  36.9  850s
 193384 157460  767.94318  100   66  972.61557  577.73660  40.6%  36.9  856s
 194533 158348  662.82948  147   62  972.61557  577.77118  40.6%  36.9  860s
 195962 159501  639.54475   48   61  972.61557  577.84623  40.6%  36.9  865s
 196789 160210  872.66854  112   46  972.61557  577.88935  40.6%  37.0  870s
 198120 161532  602.14695   57   72  972.61557  577.92437  40.6%  37.0  875s
 199274 162332  711.60882  205   36  972.61557  577.94619  40.6%  37.1  880s
 200588 163441  623.42888   79   68  972.61557  577.97543  40.6%  37.0  885s
 201771 164476  644.62039   91   79  972.61557  578.01915  40.6%  37.1  890s
 203300 165767  839.95098   63   53  972.61557  578.06698  40.6%  37.0  895s
 204353 166453  650.41742   48   46  972.61557  578.08443  40.6%  37.1  901s
 204823 167007  810.98990  122   34  972.61557  578.10240  40.6%  37.2  905s
 206461 168420  608.14138   59   74  972.61557  578.16160  40.6%  37.1  910s
 208324 169771  921.31665   63   37  972.61557  578.19411  40.6%  37.1  916s
 209019 170465  710.01601  107   52  972.61557  578.21172  40.6%  37.1  920s
 210118 171401  599.32829   81   90  972.61557  578.23449  40.5%  37.1  925s
 211630 172738  604.30910   51   77  972.61557  578.27659  40.5%  37.2  930s
 212559 173383  638.05972   75   54  972.61557  578.29460  40.5%  37.1  935s
 214138 174733  611.18085   49   62  972.61557  578.32302  40.5%  37.1  940s
 215163 175717  592.15761   54   78  972.61557  578.33138  40.5%  37.1  945s
 216175 176697  639.39683  133   70  972.61557  578.36164  40.5%  37.1  950s
 217651 177766  599.80572   40   70  972.61557  578.38431  40.5%  37.1  955s
 218751 178808  630.26965  129   70  972.61557  578.39966  40.5%  37.1  960s
 220192 179817  590.52145   39   78  972.61557  578.42670  40.5%  37.1  966s
 221250 180874  661.33973   88   68  972.61557  578.44735  40.5%  37.1  970s
 221969 181374  727.62268   51   54  972.61557  578.45640  40.5%  37.1  975s
 222874 182000  613.84541   68   75  972.61557  578.47300  40.5%  37.2  982s
 223539 182701  864.29878   53   58  972.61557  578.49869  40.5%  37.2  985s
 224599 183697  721.47120  161   41  972.61557  578.51735  40.5%  37.3  990s
 226165 185001  613.20844   70   58  972.61557  578.54828  40.5%  37.3  995s
 227363 186061  608.64970   59   69  972.61557  578.57616  40.5%  37.2 1000s
 228517 186798  586.49077   49   65  972.61557  578.59452  40.5%  37.2 1005s
 229396 187476  601.06921   56   69  972.61557  578.62282  40.5%  37.3 1010s
 230343 188216  603.78599   58   75  972.61557  578.62774  40.5%  37.3 1017s
 230937 188902  914.08937   87   46  972.61557  578.65778  40.5%  37.3 1020s
 232808 190390  804.07017  167   44  972.61557  578.68383  40.5%  37.3 1025s
 233941 191390  648.19784  112   70  972.61557  578.71716  40.5%  37.3 1030s
 234622 191882  618.59989   80   57  972.61557  578.72200  40.5%  37.4 1035s
 235570 192891 infeasible   77       972.61557  578.74847  40.5%  37.4 1040s
 236841 193805  691.26793   80   50  972.61557  578.80947  40.5%  37.4 1045s
 238566 195180  701.40116  146   54  972.61557  578.82908  40.5%  37.4 1050s
 239443 195907  881.93982   88   41  972.61557  578.84854  40.5%  37.4 1055s
 240662 196905 infeasible  103       972.61557  578.90376  40.5%  37.4 1060s
 241954 198064  617.29726   53   64  972.61557  578.91899  40.5%  37.4 1065s
 243215 199202  625.72930   73   78  972.61557  578.94672  40.5%  37.4 1070s
 244125 199858  735.42236  158   56  972.61557  578.97607  40.5%  37.4 1075s
 245245 200892  678.47169   80   47  972.61557  579.00960  40.5%  37.4 1080s
 246082 201544 infeasible  121       972.61557  579.02708  40.5%  37.4 1085s
 247874 202979  658.88375   92   60  972.61557  579.03190  40.5%  37.4 1091s
H247897 202292                     962.4230001  579.03190  39.8%  37.4 1091s
 248894 203284  888.17124  198   48  962.42300  579.04260  39.8%  37.4 1095s
 250333 204407  600.99655   64   82  962.42300  579.05192  39.8%  37.3 1100s
 251394 205440  667.15437  177   57  962.42300  579.06901  39.8%  37.3 1105s
 253097 206752  610.64367   69   73  962.42300  579.13067  39.8%  37.3 1112s
 254124 207719     cutoff  168       962.42300  579.19030  39.8%  37.3 1115s
 255457 208858  680.39886   73   70  962.42300  579.24434  39.8%  37.3 1121s
H255671 208858                     962.4230000  579.24461  39.8%  37.3 1121s
 256885 210013  749.50291   66   47  962.42300  579.28806  39.8%  37.3 1125s
 257693 210783  950.26312  176   51  962.42300  579.29781  39.8%  37.3 1130s
 259624 212289  595.67956   50   52  962.42300  579.32729  39.8%  37.3 1135s
 260206 212823  818.90081   56   44  962.42300  579.33944  39.8%  37.4 1140s
 261362 213790  798.54168  102   47  962.42300  579.37797  39.8%  37.4 1145s
 262359 214779  679.13478   74   59  962.42300  579.39746  39.8%  37.4 1150s
 263731 215815  599.58401   39   64  962.42300  579.43043  39.8%  37.4 1155s
 264838 216623  890.29734   50   66  962.42300  579.44424  39.8%  37.4 1160s
 266212 218031  744.99654   92   51  962.42300  579.45410  39.8%  37.3 1165s
 267547 219047  606.97217   60   59  962.42300  579.48597  39.8%  37.4 1170s
 268747 220000  604.34209   49   72  962.42300  579.49743  39.8%  37.4 1175s
 270239 221194 infeasible   86       962.42300  579.52681  39.8%  37.4 1181s
 271508 222413  601.19384   40   74  962.42300  579.57268  39.8%  37.3 1185s
 272849 223426  780.26548   77   54  962.42300  579.59126  39.8%  37.4 1190s
 274237 224529  695.80195  130   72  962.42300  579.61652  39.8%  37.4 1195s
 275357 225566  600.23790   37   78  962.42300  579.62863  39.8%  37.3 1200s

Cutting planes:
  Learned: 11
  Gomory: 21
  Cover: 6
  Implied bound: 89
  Projected implied bound: 8
  Clique: 1
  MIR: 24
  Flow cover: 37
  Inf proof: 62
  Zero half: 10
  RLT: 27
  Relax-and-lift: 8

Explored 275620 nodes (10300812 simplex iterations) in 1200.00 seconds
Thread count was 2 (of 4 available processors)

Solution count 10: 962.423 962.423 972.616 ... 1080.85

Time limit reached
Best objective 9.624229999700e+02, best bound 5.796295403704e+02, gap 39.7739%
Discarded solution information
