
Gurobi 9.0.2 (win64) logging started Wed Jan 12 13:17:30 2022

Changed value of parameter LogFile to logs\SDCRVRP_10-2-7-100_1_0.LOG
   Prev:   Default: 
Changed value of parameter Seed to 915852485
   Prev: 0  Min: 0  Max: 2000000000  Default: 0
Changed value of parameter Threads to 2
   Prev: 0  Min: 0  Max: 1024  Default: 0
Changed value of parameter TimeLimit to 1200.0
   Prev: inf  Min: 0.0  Max: inf  Default: inf
Changed value of parameter Symmetry to 2
   Prev: -1  Min: -1  Max: 2  Default: -1
Changed value of parameter Cuts to 2
   Prev: -1  Min: -1  Max: 3  Default: -1
Changed value of parameter PreDepRow to 1
   Prev: -1  Min: -1  Max: 1  Default: -1
Changed value of parameter ScaleFlag to 1
   Prev: -1  Min: -1  Max: 3  Default: -1
Changed value of parameter NormAdjust to 0
   Prev: -1  Min: -1  Max: 3  Default: -1
Gurobi Optimizer version 9.0.2 build v9.0.2rc0 (win64)
Optimize a model with 10461 rows, 6526 columns and 43445 nonzeros
Model fingerprint: 0x8d16b538
Variable types: 92 continuous, 6434 integer (4318 binary)
Coefficient statistics:
  Matrix range     [7e-01, 1e+06]
  Objective range  [1e+00, 1e+00]
  Bounds range     [1e+00, 1e+04]
  RHS range        [1e+00, 1e+06]
Presolve removed 9714 rows and 5835 columns
Presolve time: 0.17s
Presolved: 747 rows, 691 columns, 5044 nonzeros
Variable types: 51 continuous, 640 integer (640 binary)

Root relaxation: objective 1.100619e+03, 163 iterations, 0.00 seconds

    Nodes    |    Current Node    |     Objective Bounds      |     Work
 Expl Unexpl |  Obj  Depth IntInf | Incumbent    BestBd   Gap | It/Node Time

     0     0 1100.61871    0   20          - 1100.61871      -     -    0s
     0     0 1100.61871    0   20          - 1100.61871      -     -    0s
     0     0 1100.61871    0   20          - 1100.61871      -     -    0s
     0     0 1100.61871    0   28          - 1100.61871      -     -    0s
     0     0 1100.61871    0   28          - 1100.61871      -     -    0s
     0     0 1100.61871    0   28          - 1100.61871      -     -    0s
     0     0 1100.61871    0   20          - 1100.61871      -     -    0s
     0     0 1100.61871    0   20          - 1100.61871      -     -    0s
     0     2 1100.61871    0   20          - 1100.61871      -     -    0s
  5022  3041 1147.51706   37   28          - 1124.98741      -   9.7    5s
 11769  7419 infeasible   83               - 1125.28821      -  10.1   10s
 17029 10838 1206.20829   62    8          - 1125.77707      -  10.4   15s
 22887 14442 infeasible   91               - 1126.30752      -  10.8   20s
 27925 17624 infeasible   93               - 1126.88144      -  11.0   25s
 32741 20340 infeasible   77               - 1127.74747      -  11.2   30s
 37513 23251 1306.63724  107    4          - 1128.87540      -  11.3   35s
 43321 26787 1171.33613   48   26          - 1129.48309      -  11.4   40s
*45155 27685              86    1325.5757845 1129.51116  14.8%  11.3   41s
*46804 28660              36    1308.7329638 1129.65420  13.7%  11.4   44s
*46807 27750              37    1264.3445218 1129.65420  10.7%  11.4   44s
 46842 27835 1168.21293   27   16 1264.34452 1129.65886  10.7%  11.4   45s
*46872 27446              56    1255.9279099 1129.65886  10.1%  11.4   45s
*48353 28395              42    1252.7862152 1129.86788  9.81%  11.5   48s
 50133 29713 1162.30105   26   20 1252.78622 1129.98029  9.80%  11.5   50s
 55751 33409 1224.02727   37   28 1252.78622 1131.14184  9.71%  11.6   55s
 60285 36512 infeasible   73      1252.78622 1132.37437  9.61%  11.7   60s
 64349 39162 1237.77231   79   21 1252.78622 1133.97394  9.48%  11.8   65s
*67872 37569              38    1226.6675195 1135.01549  7.47%  11.9   68s
 68896 38182 1194.31055   46   21 1226.66752 1135.43726  7.44%  12.0   70s
 74540 42063 1218.28233   47   25 1226.66752 1136.56614  7.35%  12.0   75s
 80014 45436 1175.38524   48   20 1226.66752 1138.36635  7.20%  12.1   80s
 84629 48103 1198.93892   38   21 1226.66752 1140.07380  7.06%  12.3   85s
 89783 51451 1181.83734   35   19 1226.66752 1141.17700  6.97%  12.4   90s
*91343 52437              73    1226.6273784 1141.22286  6.96%  12.4   91s
H91408 48095                    1214.9372909 1141.22421  6.07%  12.4   91s
 94271 49967 1189.79426   49   17 1214.93729 1141.40282  6.05%  12.4   95s
 99644 53248 1174.15159   43   22 1214.93729 1141.87970  6.01%  12.4  100s
*100772 52778              40    1212.6394358 1142.08090  5.82%  12.5  101s
 104094 54528 1195.97790   54   20 1212.63944 1142.71516  5.77%  12.6  105s
 108376 56750 1192.10196   66   14 1212.63944 1144.09255  5.65%  12.7  110s
 112914 59387 1168.86382   35   27 1212.63944 1145.63871  5.53%  12.8  115s
 117394 62157 1203.39353   56   30 1212.63944 1146.23805  5.48%  12.8  120s
*120248 61657              38    1209.5522726 1146.79114  5.19%  12.8  122s
 121590 62383 1195.26579   33    8 1209.55227 1147.10776  5.16%  12.9  125s
 125821 64530 1180.24201   38   20 1209.55227 1148.01883  5.09%  12.9  130s
 129975 66662 1204.40974   46   21 1209.55227 1148.64452  5.04%  13.0  135s
 133669 68373 1180.79235   62   36 1209.55227 1149.27018  4.98%  13.1  140s
 137351 70350 1184.98218   60   29 1209.55227 1149.92495  4.93%  13.2  145s
 141646 72478 1196.02683   52   20 1209.55227 1150.67354  4.87%  13.2  150s
 146837 75425 1169.31325   25   19 1209.55227 1151.43438  4.80%  13.2  155s
 151460 77831 1198.88525   43   23 1209.55227 1151.84580  4.77%  13.2  160s
 155772 80070 1182.39980   52   20 1209.55227 1152.45270  4.72%  13.2  165s
 160446 82726 1177.79501   28   23 1209.55227 1152.86201  4.69%  13.3  170s
 164971 85019 infeasible   40      1209.55227 1153.03004  4.67%  13.3  175s
 169373 87366 1171.67162   32   17 1209.55227 1153.40038  4.64%  13.3  180s
 173896 89936 1198.04720   35   26 1209.55227 1153.65276  4.62%  13.3  185s
 177639 91834 1165.67723   29   24 1209.55227 1153.99557  4.59%  13.4  190s
*178596 85905              44    1203.4317965 1154.02208  4.11%  13.4  191s
 181097 86947 1175.47581   30    8 1203.43180 1154.17789  4.09%  13.4  195s
 185418 88873 1195.71803   47   29 1203.43180 1154.62007  4.06%  13.4  200s
 189574 90686 1197.48824   48   18 1203.43180 1155.13443  4.01%  13.5  205s
 193433 92273 1188.40855   39   30 1203.43180 1155.56548  3.98%  13.5  210s
 197581 94186 1171.44681   35   18 1203.43180 1155.96187  3.94%  13.6  215s
 202204 96301 1191.05151   46   28 1203.43180 1156.21618  3.92%  13.6  220s
 206958 98631 1196.89284   58   21 1203.43180 1156.63269  3.89%  13.6  225s
 211160 100603 1200.85878   46    7 1203.43180 1157.10141  3.85%  13.6  230s
 215146 102677 1191.68691   37   15 1203.43180 1157.32038  3.83%  13.6  235s
*215930 102421              39    1203.0633322 1157.32038  3.80%  13.6  235s
H216488 90599                    1196.4590264 1157.32038  3.27%  13.6  237s
 218613 91908 1165.80450   42   32 1196.45903 1157.32038  3.27%  13.6  240s
*219876 83793              31    1192.6384440 1157.32038  2.96%  13.6  241s
 222681 85358 1171.94140   32   22 1192.63844 1157.32038  2.96%  13.6  245s
 227703 88207 1157.44577   40   24 1192.63844 1157.32038  2.96%  13.6  250s
 232267 90660 1189.97904   54   18 1192.63844 1157.32038  2.96%  13.6  255s
 236378 92799 1162.69887   30   24 1192.63844 1157.34055  2.96%  13.7  260s
 240753 94979 1186.27896   41   28 1192.63844 1157.43803  2.95%  13.7  265s
 244871 96944 1187.19207   48   22 1192.63844 1157.50177  2.95%  13.7  270s
 248969 98763 1175.36297   42    7 1192.63844 1157.56139  2.94%  13.7  275s
*252587 98298              42    1191.8363067 1157.62395  2.87%  13.7  279s
 252799 98390 1181.24715   46   16 1191.83631 1157.62918  2.87%  13.7  280s
H253042 94298                    1190.3316276 1157.63338  2.75%  13.7  281s
 256008 95549 1175.27516   39   14 1190.33163 1157.69816  2.74%  13.7  285s
 259365 96998 1169.39095   56   23 1190.33163 1157.75077  2.74%  13.8  290s
 262574 98408 1165.16863   32   32 1190.33163 1157.75774  2.74%  13.8  295s
 265887 99845 infeasible   60      1190.33163 1157.79297  2.73%  13.8  300s
 268783 101027 1183.70539   43   13 1190.33163 1157.81681  2.73%  13.8  305s
 271447 102124 1174.67001   29   13 1190.33163 1157.84413  2.73%  13.9  310s
 274859 103474 1185.02709   48   10 1190.33163 1157.89592  2.72%  13.9  315s
 278169 104702 infeasible   64      1190.33163 1157.94237  2.72%  13.9  320s
 281686 105942 1188.84774   55   16 1190.33163 1158.01311  2.72%  13.9  325s
 284397 106810 infeasible   55      1190.33163 1158.09014  2.71%  14.0  330s
 287363 107884 1165.09980   33   17 1190.33163 1158.14727  2.70%  14.0  335s
 290358 108832 infeasible   35      1190.33163 1158.20691  2.70%  14.0  340s
 293466 109944 1184.60357   37   18 1190.33163 1158.24717  2.70%  14.0  345s
 296292 111260 1181.11099   36   17 1190.33163 1158.25946  2.69%  14.1  350s
 299708 112517 1172.23807   50   23 1190.33163 1158.29431  2.69%  14.1  355s
 302862 113356     cutoff   52      1190.33163 1158.37184  2.68%  14.1  360s
 306345 114566 1163.40747   36   30 1190.33163 1158.42457  2.68%  14.1  365s
 309849 115934 1174.47003   54   30 1190.33163 1158.47620  2.68%  14.2  370s
 313357 116914 infeasible   48      1190.33163 1158.54024  2.67%  14.2  375s
 316943 118198 infeasible   40      1190.33163 1158.62791  2.66%  14.2  380s
 320063 119037 1168.19058   43   20 1190.33163 1158.71184  2.66%  14.3  385s
 323506 120176 infeasible   43      1190.33163 1158.77167  2.65%  14.3  390s
 326209 121020 1182.85056   49   28 1190.33163 1158.84182  2.65%  14.3  395s
 328890 121844 1164.81602   42   32 1190.33163 1158.92963  2.64%  14.3  400s
 331382 122388 1165.23877   42   21 1190.33163 1159.00354  2.63%  14.3  405s
 334405 123241 1176.98181   44   26 1190.33163 1159.08749  2.62%  14.4  410s
 337730 124461 1178.25239   44   30 1190.33163 1159.19772  2.62%  14.4  415s
 341277 125669 infeasible   39      1190.33163 1159.24559  2.61%  14.4  420s
 344592 126664 infeasible   36      1190.33163 1159.35174  2.60%  14.5  425s
 347730 127663 1173.05663   46   38 1190.33163 1159.42803  2.60%  14.5  430s
 351088 128738 1180.22053   32   18 1190.33163 1159.51942  2.59%  14.5  435s
 354586 129914 1185.55593   45   26 1190.33163 1159.61657  2.58%  14.5  440s
 358108 130999 1178.53648   54   20 1190.33163 1159.69498  2.57%  14.6  445s
 361101 131754 infeasible   41      1190.33163 1159.81531  2.56%  14.6  450s
 364157 132864 infeasible   42      1190.33163 1159.90342  2.56%  14.6  455s
 367402 133763 1166.90808   52   30 1190.33163 1159.99503  2.55%  14.6  460s
 370128 134817 1172.78804   39   20 1190.33163 1160.04799  2.54%  14.7  465s
 373256 136170 1160.13721   35   35 1190.33163 1160.07618  2.54%  14.7  470s
 376796 137818 1167.56188   32   12 1190.33163 1160.08244  2.54%  14.7  475s
 379873 139016 infeasible   79      1190.33163 1160.11839  2.54%  14.7  480s
 383302 140267 1173.50857   42   24 1190.33163 1160.19002  2.53%  14.7  485s
 386135 141037 infeasible   39      1190.33163 1160.28692  2.52%  14.7  490s
 388931 142170 1171.67235   52   31 1190.33163 1160.33583  2.52%  14.7  495s
 392191 143391 1168.90023   32   25 1190.33163 1160.37740  2.52%  14.8  500s
 395622 144710 1183.11043   25   30 1190.33163 1160.41982  2.51%  14.8  505s
 398742 145648 infeasible   45      1190.33163 1160.49329  2.51%  14.8  510s
 402114 146837 infeasible   58      1190.33163 1160.59541  2.50%  14.8  515s
 405046 147556 1165.04433   43   20 1190.33163 1160.70613  2.49%  14.8  520s
 407893 148327 infeasible   70      1190.33163 1160.80146  2.48%  14.9  525s
 411227 149405 1190.02006   44   12 1190.33163 1160.91396  2.47%  14.9  530s
 414480 150344 1173.16274   59   26 1190.33163 1161.02329  2.46%  14.9  535s
 417762 151224 1164.13436   36   21 1190.33163 1161.14136  2.45%  14.9  540s
 421033 152105 1187.54724   49   17 1190.33163 1161.26623  2.44%  14.9  545s
 423763 152737 1175.50189   40   33 1190.33163 1161.41598  2.43%  15.0  550s
 427189 153937 1166.67823   40   27 1190.33163 1161.54144  2.42%  15.0  555s
 430760 155446 1166.16577   55   32 1190.33163 1161.57435  2.42%  15.0  560s
 434585 157092 1165.28518   35   34 1190.33163 1161.65032  2.41%  15.0  565s
 437860 158191 1179.70724   35   21 1190.33163 1161.72879  2.40%  15.0  570s
 441295 159512 1169.77958   38   21 1190.33163 1161.80584  2.40%  15.0  575s
 444499 160785 1185.35893   51    7 1190.33163 1161.88815  2.39%  15.0  580s
 447909 162023 1179.49650   40    9 1190.33163 1161.91079  2.39%  15.0  585s
 451026 163363 1164.18393   31   15 1190.33163 1161.91079  2.39%  15.0  590s
 454146 164929 infeasible   36      1190.33163 1161.91079  2.39%  15.1  595s
 457564 166703 1183.05614   37   17 1190.33163 1161.91079  2.39%  15.1  600s
 460528 167849 1164.41365   39   26 1190.33163 1161.94570  2.38%  15.1  605s
 463828 169174 1169.06189   46   41 1190.33163 1161.97385  2.38%  15.1  610s
 466790 170347 1173.79227   41   17 1190.33163 1161.99641  2.38%  15.1  615s
 470187 171876 1185.27912   54   22 1190.33163 1162.02870  2.38%  15.1  620s
 473204 172994 1174.86516   43   16 1190.33163 1162.07067  2.37%  15.1  625s
 476345 174187 1164.43234   32   13 1190.33163 1162.11058  2.37%  15.1  630s
 479057 175119 infeasible   35      1190.33163 1162.14566  2.37%  15.2  635s
 482580 176487 1187.36350   33   24 1190.33163 1162.19863  2.36%  15.2  640s
 485549 177642 1164.60794   38    9 1190.33163 1162.22382  2.36%  15.2  645s
 488946 178785 infeasible   58      1190.33163 1162.26603  2.36%  15.2  650s
 491631 179842 1173.49548   45   31 1190.33163 1162.29464  2.36%  15.2  655s
 494893 180913 1165.19462   40   28 1190.33163 1162.33880  2.35%  15.2  660s
 497754 181814 1173.24065   47   23 1190.33163 1162.38033  2.35%  15.2  665s
 501267 183140 1176.28801   52   23 1190.33163 1162.41434  2.35%  15.2  670s
 504115 184193 1167.82457   38   26 1190.33163 1162.45114  2.34%  15.3  675s
 507678 185587 infeasible   60      1190.33163 1162.48646  2.34%  15.3  680s
 510971 187007 infeasible   50      1190.33163 1162.48646  2.34%  15.3  685s
 514096 188388 1169.30045   33   14 1190.33163 1162.48646  2.34%  15.3  690s
 517448 189772 infeasible   37      1190.33163 1162.48646  2.34%  15.3  695s
 520497 190735 1188.01939   53   24 1190.33163 1162.51769  2.34%  15.3  700s
 523643 191965 1176.22799   35   28 1190.33163 1162.54925  2.33%  15.3  705s
 526332 192969 1172.67108   47   25 1190.33163 1162.58037  2.33%  15.3  710s
 529250 193905 1188.33494   61   10 1190.33163 1162.62700  2.33%  15.4  715s
 532433 194948 1162.91428   38   38 1190.33163 1162.66999  2.32%  15.4  720s
 535217 195905 1185.48463   46   10 1190.33163 1162.69932  2.32%  15.4  725s
 538297 197128 infeasible   32      1190.33163 1162.72959  2.32%  15.4  730s
 541637 198181 1181.33558   37   16 1190.33163 1162.78170  2.31%  15.4  735s
 544453 199081 1178.83803   39   13 1190.33163 1162.81160  2.31%  15.4  740s
 547303 200068 infeasible   58      1190.33163 1162.84364  2.31%  15.4  745s
 549866 200919 1185.16629   50   18 1190.33163 1162.85430  2.31%  15.4  750s
 551491 201399 1174.69318   36   30 1190.33163 1162.87708  2.31%  15.4  755s
 553935 202108 infeasible   47      1190.33163 1162.91233  2.30%  15.5  760s
 556820 203099 1170.97914   49   23 1190.33163 1162.95527  2.30%  15.5  765s
 560313 204176 1185.30198   53   23 1190.33163 1162.99266  2.30%  15.5  770s
 563309 205204 1170.97188   42   27 1190.33163 1163.02695  2.29%  15.5  775s
 566163 206091 1180.85901   43   19 1190.33163 1163.06604  2.29%  15.5  780s
 568851 207020 infeasible   55      1190.33163 1163.10903  2.29%  15.5  785s
 571454 207936 infeasible   48      1190.33163 1163.11604  2.29%  15.5  790s
 574441 209096     cutoff   45      1190.33163 1163.11604  2.29%  15.5  795s
 577285 210133 1171.90669   39   20 1190.33163 1163.11604  2.29%  15.5  800s
 580063 211218 1172.36415   46   20 1190.33163 1163.11604  2.29%  15.6  805s
 582893 212328 1188.08997   51   31 1190.33163 1163.12390  2.29%  15.6  810s
 585529 213220 infeasible   46      1190.33163 1163.13427  2.28%  15.6  815s
 588198 214145 1175.20646   61   27 1190.33163 1163.15471  2.28%  15.6  820s
 591275 215252 infeasible   69      1190.33163 1163.18198  2.28%  15.6  825s
 593979 216101 1174.64762   34   16 1190.33163 1163.20166  2.28%  15.6  830s
 596985 217170 1186.81876   35   10 1190.33163 1163.21771  2.28%  15.6  835s
 600401 218402 1180.88797   49   15 1190.33163 1163.23509  2.28%  15.7  840s
 602823 219265 1175.34505   48   29 1190.33163 1163.24712  2.28%  15.7  845s
 605631 220189 1186.97088   40   17 1190.33163 1163.26759  2.27%  15.7  850s
 608840 221317 1163.37477   43   33 1190.33163 1163.28392  2.27%  15.7  855s
 611706 222319 1180.29507   42   26 1190.33163 1163.31105  2.27%  15.7  860s
 614781 223197 1169.87111   34   10 1190.33163 1163.34386  2.27%  15.7  865s
 617472 224170 1170.55044   45   25 1190.33163 1163.37289  2.26%  15.7  870s
 620105 224972 infeasible   51      1190.33163 1163.39839  2.26%  15.7  875s
 622533 225840 1168.86015   47   32 1190.33163 1163.42555  2.26%  15.7  880s
 625894 227019 1171.51901   43   30 1190.33163 1163.43734  2.26%  15.8  885s
 628516 227927 1176.74336   41   13 1190.33163 1163.46325  2.26%  15.8  890s
 631327 228935 1183.72101   49   13 1190.33163 1163.48731  2.26%  15.8  895s
 634241 229751 1170.68691   50   29 1190.33163 1163.52487  2.25%  15.8  900s
 637229 230806 1171.37259   69   28 1190.33163 1163.55828  2.25%  15.8  905s
 640243 231854 1167.60309   35   16 1190.33163 1163.58558  2.25%  15.8  910s
 642931 232704 infeasible   55      1190.33163 1163.61793  2.24%  15.8  915s
 646362 233842     cutoff   58      1190.33163 1163.65576  2.24%  15.8  920s
 648824 234638 1175.99223   46   15 1190.33163 1163.68317  2.24%  15.8  925s
 651556 235558 infeasible   37      1190.33163 1163.69117  2.24%  15.9  930s
 654595 236615 1166.22890   34   24 1190.33163 1163.71329  2.24%  15.9  935s
 657729 237726 1187.24631   38   23 1190.33163 1163.74187  2.23%  15.9  940s
 660289 238719 1185.76894   61    6 1190.33163 1163.76990  2.23%  15.9  945s
 662778 239633 1180.88031   56   21 1190.33163 1163.78896  2.23%  15.9  950s
 665088 240331 1185.88399   46   25 1190.33163 1163.78896  2.23%  15.9  955s
 667420 241097     cutoff   42      1190.33163 1163.81203  2.23%  15.9  960s
 669462 241688 1174.98323   65   18 1190.33163 1163.83317  2.23%  15.9  965s
 670949 242161 infeasible   42      1190.33163 1163.85202  2.22%  15.9  970s
 672685 242710 infeasible   57      1190.33163 1163.86388  2.22%  15.9  975s
 674634 243407 infeasible   34      1190.33163 1163.86838  2.22%  15.9  980s
 676994 244270 1177.58697   45   27 1190.33163 1163.86838  2.22%  15.9  985s
 679656 245172 infeasible   56      1190.33163 1163.87100  2.22%  16.0  990s
 681665 245907 1174.32765   41   27 1190.33163 1163.87739  2.22%  16.0  995s
 684435 246835 infeasible   42      1190.33163 1163.89448  2.22%  16.0 1000s
 687418 247868 1174.29552   62   23 1190.33163 1163.91618  2.22%  16.0 1005s
 690425 248835 1183.18808   36   16 1190.33163 1163.93949  2.22%  16.0 1010s
 693109 249688 1181.81682   50   23 1190.33163 1163.95967  2.22%  16.0 1015s
 695485 250531 1174.84751   53   20 1190.33163 1163.96645  2.21%  16.0 1020s
 698217 251568 infeasible   47      1190.33163 1163.97655  2.21%  16.0 1025s
 700198 252279 1183.46721   53   19 1190.33163 1163.98961  2.21%  16.0 1030s
 702891 253258 infeasible   44      1190.33163 1164.00155  2.21%  16.0 1035s
 705437 254173 infeasible   49      1190.33163 1164.01541  2.21%  16.0 1040s
 708077 255057 1164.95542   30   32 1190.33163 1164.03072  2.21%  16.0 1045s
 710642 256019 1182.17016   45   22 1190.33163 1164.04876  2.21%  16.0 1050s
 713202 257048 1184.55105   53   20 1190.33163 1164.05576  2.21%  16.1 1055s
 715991 258067 1171.81938   52   23 1190.33163 1164.06997  2.21%  16.1 1060s
 718554 258909 1178.93753   43   26 1190.33163 1164.08438  2.21%  16.1 1065s
 721167 259681 1173.76586   38   30 1190.33163 1164.10257  2.20%  16.1 1070s
 723824 260591 infeasible   49      1190.33163 1164.11961  2.20%  16.1 1075s
 726133 261425 1169.55585   36   19 1190.33163 1164.13284  2.20%  16.1 1080s
 728330 262178 1176.37574   33   35 1190.33163 1164.13436  2.20%  16.1 1085s
 730624 263000 1186.70801   44   12 1190.33163 1164.13436  2.20%  16.1 1090s
 733587 264246 1169.15913   41   15 1190.33163 1164.13436  2.20%  16.1 1095s
 736485 265401 1170.52430   44   23 1190.33163 1164.13436  2.20%  16.1 1100s
 738963 266389 1183.62168   51   18 1190.33163 1164.13436  2.20%  16.1 1105s
 741460 267509 1182.88902   46   23 1190.33163 1164.13436  2.20%  16.1 1110s
 744223 268775 1179.09718   57   27 1190.33163 1164.13436  2.20%  16.1 1115s
 746603 269717 infeasible   45      1190.33163 1164.13466  2.20%  16.1 1120s
 748892 270580 infeasible   48      1190.33163 1164.14053  2.20%  16.1 1125s
 750958 271333 infeasible   37      1190.33163 1164.14798  2.20%  16.1 1130s
 753474 272319 1169.16167   27   21 1190.33163 1164.15215  2.20%  16.1 1135s
 756025 273194 infeasible   38      1190.33163 1164.16071  2.20%  16.2 1140s
 758796 274146 1182.60964   54   21 1190.33163 1164.16684  2.20%  16.2 1145s
 761211 274903 1179.34532   43   18 1190.33163 1164.17612  2.20%  16.2 1150s
 763719 275914 infeasible   70      1190.33163 1164.18326  2.20%  16.2 1155s
 766516 276947 1175.08262   43   28 1190.33163 1164.19523  2.20%  16.2 1160s
 768795 277675 1181.56420   45   26 1190.33163 1164.20526  2.19%  16.2 1165s
 771644 278605 1188.99490   44   18 1190.33163 1164.21875  2.19%  16.2 1170s
 774272 279401 1179.90533   42   31 1190.33163 1164.23399  2.19%  16.2 1175s
 777026 280433 1184.28418   40   20 1190.33163 1164.24529  2.19%  16.2 1180s
 779655 281397 1174.58719   38   29 1190.33163 1164.25289  2.19%  16.2 1185s
 782363 282422     cutoff   47      1190.33163 1164.26334  2.19%  16.2 1190s
 784967 283365 1166.17694   49   23 1190.33163 1164.27598  2.19%  16.2 1195s
 787957 284270 infeasible   44      1190.33163 1164.29135  2.19%  16.2 1200s

Cutting planes:
  Gomory: 18
  Cover: 305
  MIR: 35
  StrongCG: 3
  Flow cover: 127
  Inf proof: 111
  RLT: 2
  Relax-and-lift: 1

Explored 787981 nodes (12785146 simplex iterations) in 1200.01 seconds
Thread count was 2 (of 4 available processors)

Solution count 10: 1190.33 1191.84 1192.64 ... 1226.63

Time limit reached
Best objective 1.190331627568e+03, best bound 1.164291353677e+03, gap 2.1876%
Discarded solution information

Gurobi 9.0.2 (win64) logging started Wed Jan 12 16:26:47 2022

Changed value of parameter LogFile to logs\SDCRVRP_10-2-7-100_1_0.LOG
   Prev:   Default: 
Changed value of parameter Seed to 43285392
   Prev: 0  Min: 0  Max: 2000000000  Default: 0
Changed value of parameter Threads to 2
   Prev: 0  Min: 0  Max: 1024  Default: 0
Changed value of parameter TimeLimit to 1200.0
   Prev: inf  Min: 0.0  Max: inf  Default: inf
Changed value of parameter Symmetry to 2
   Prev: -1  Min: -1  Max: 2  Default: -1
Changed value of parameter Cuts to 2
   Prev: -1  Min: -1  Max: 3  Default: -1
Changed value of parameter PreDepRow to 1
   Prev: -1  Min: -1  Max: 1  Default: -1
Changed value of parameter ScaleFlag to 1
   Prev: -1  Min: -1  Max: 3  Default: -1
Changed value of parameter NormAdjust to 0
   Prev: -1  Min: -1  Max: 3  Default: -1
Gurobi Optimizer version 9.0.2 build v9.0.2rc0 (win64)
Optimize a model with 10467 rows, 6526 columns and 43451 nonzeros
Model fingerprint: 0xdfae9950
Variable types: 92 continuous, 6434 integer (4318 binary)
Coefficient statistics:
  Matrix range     [7e-01, 1e+06]
  Objective range  [1e+00, 1e+00]
  Bounds range     [1e+00, 1e+04]
  RHS range        [1e+00, 1e+06]
Presolve removed 4710 rows and 3140 columns
Presolve time: 0.01s

Explored 0 nodes (0 simplex iterations) in 0.02 seconds
Thread count was 1 (of 4 available processors)

Solution count 0

Model is infeasible
Best objective -, best bound -, gap -

Computing Irreducible Inconsistent Subsystem (IIS)...

      Constraints           Bounds       Runtime
     Min       Max       Min      Max
------------------------------------------------
        0    10379         0     6257         0s
        5        5        20       20         1s

IIS computed: 5 constraints, 20 bounds
IIS runtime: 0.61 seconds
Discarded solution information

Gurobi 9.0.2 (win64) logging started Wed Jan 12 16:29:21 2022

Changed value of parameter LogFile to logs\SDCRVRP_10-2-7-100_1_0.LOG
   Prev:   Default: 
Changed value of parameter Seed to 1238882386
   Prev: 0  Min: 0  Max: 2000000000  Default: 0
Changed value of parameter Threads to 2
   Prev: 0  Min: 0  Max: 1024  Default: 0
Changed value of parameter TimeLimit to 1200.0
   Prev: inf  Min: 0.0  Max: inf  Default: inf
Changed value of parameter Symmetry to 2
   Prev: -1  Min: -1  Max: 2  Default: -1
Changed value of parameter Cuts to 2
   Prev: -1  Min: -1  Max: 3  Default: -1
Changed value of parameter PreDepRow to 1
   Prev: -1  Min: -1  Max: 1  Default: -1
Changed value of parameter ScaleFlag to 1
   Prev: -1  Min: -1  Max: 3  Default: -1
Changed value of parameter NormAdjust to 0
   Prev: -1  Min: -1  Max: 3  Default: -1
Gurobi Optimizer version 9.0.2 build v9.0.2rc0 (win64)
Optimize a model with 10459 rows, 6526 columns and 43051 nonzeros
Model fingerprint: 0xf7de9a75
Variable types: 92 continuous, 6434 integer (4318 binary)
Coefficient statistics:
  Matrix range     [7e-01, 1e+06]
  Objective range  [1e+00, 1e+00]
  Bounds range     [1e+00, 1e+04]
  RHS range        [1e+00, 1e+06]
Presolve removed 4664 rows and 3094 columns
Presolve time: 0.01s

Explored 0 nodes (0 simplex iterations) in 0.02 seconds
Thread count was 1 (of 4 available processors)

Solution count 0

Model is infeasible
Best objective -, best bound -, gap -

Computing Irreducible Inconsistent Subsystem (IIS)...

      Constraints           Bounds       Runtime
     Min       Max       Min      Max
------------------------------------------------
        0    10371         0     6257         0s
        7        7        43       43         1s

IIS computed: 7 constraints, 43 bounds
IIS runtime: 0.86 seconds
Discarded solution information

Gurobi 9.0.2 (win64) logging started Wed Jan 12 16:35:20 2022

Changed value of parameter LogFile to logs\SDCRVRP_10-2-7-100_1_0.LOG
   Prev:   Default: 
Changed value of parameter Seed to 238932300
   Prev: 0  Min: 0  Max: 2000000000  Default: 0
Changed value of parameter Threads to 2
   Prev: 0  Min: 0  Max: 1024  Default: 0
Changed value of parameter TimeLimit to 1200.0
   Prev: inf  Min: 0.0  Max: inf  Default: inf
Changed value of parameter Symmetry to 2
   Prev: -1  Min: -1  Max: 2  Default: -1
Changed value of parameter Cuts to 2
   Prev: -1  Min: -1  Max: 3  Default: -1
Changed value of parameter PreDepRow to 1
   Prev: -1  Min: -1  Max: 1  Default: -1
Changed value of parameter ScaleFlag to 1
   Prev: -1  Min: -1  Max: 3  Default: -1
Changed value of parameter NormAdjust to 0
   Prev: -1  Min: -1  Max: 3  Default: -1
Gurobi Optimizer version 9.0.2 build v9.0.2rc0 (win64)
Optimize a model with 10459 rows, 6526 columns and 43051 nonzeros
Model fingerprint: 0x7748305f
Variable types: 92 continuous, 6434 integer (4318 binary)
Coefficient statistics:
  Matrix range     [7e-01, 1e+06]
  Objective range  [1e+00, 1e+00]
  Bounds range     [1e+00, 1e+04]
  RHS range        [1e+00, 1e+06]
Presolve removed 4340 rows and 2932 columns
Presolve time: 0.00s

Explored 0 nodes (0 simplex iterations) in 0.01 seconds
Thread count was 1 (of 4 available processors)

Solution count 0

Model is infeasible
Best objective -, best bound -, gap -

Computing Irreducible Inconsistent Subsystem (IIS)...

      Constraints           Bounds       Runtime
     Min       Max       Min      Max
------------------------------------------------
        0    10371         0     6093         0s
        7        7        43       43         1s

IIS computed: 7 constraints, 43 bounds
IIS runtime: 0.72 seconds
Discarded solution information

Gurobi 9.0.2 (win64) logging started Wed Jan 12 17:01:22 2022

Changed value of parameter LogFile to logs\SDCRVRP_10-2-7-100_1_0.LOG
   Prev:   Default: 
Changed value of parameter Seed to 199057041
   Prev: 0  Min: 0  Max: 2000000000  Default: 0
Changed value of parameter Threads to 2
   Prev: 0  Min: 0  Max: 1024  Default: 0
Changed value of parameter TimeLimit to 1200.0
   Prev: inf  Min: 0.0  Max: inf  Default: inf
Changed value of parameter Symmetry to 2
   Prev: -1  Min: -1  Max: 2  Default: -1
Changed value of parameter Cuts to 2
   Prev: -1  Min: -1  Max: 3  Default: -1
Changed value of parameter PreDepRow to 1
   Prev: -1  Min: -1  Max: 1  Default: -1
Changed value of parameter ScaleFlag to 1
   Prev: -1  Min: -1  Max: 3  Default: -1
Changed value of parameter NormAdjust to 0
   Prev: -1  Min: -1  Max: 3  Default: -1
Gurobi Optimizer version 9.0.2 build v9.0.2rc0 (win64)
Optimize a model with 10459 rows, 6526 columns and 43051 nonzeros
Model fingerprint: 0xfee7971f
Variable types: 92 continuous, 6434 integer (4318 binary)
Coefficient statistics:
  Matrix range     [7e-01, 1e+06]
  Objective range  [1e+00, 1e+00]
  Bounds range     [1e+00, 1e+04]
  RHS range        [1e+00, 1e+06]
Presolve removed 4985 rows and 3300 columns
Presolve time: 0.01s

Explored 0 nodes (0 simplex iterations) in 0.02 seconds
Thread count was 1 (of 4 available processors)

Solution count 0

Model is infeasible
Best objective -, best bound -, gap -

Computing Irreducible Inconsistent Subsystem (IIS)...

      Constraints           Bounds       Runtime
     Min       Max       Min      Max
------------------------------------------------
        0    10371         0     6093         0s
        0    10371         0     6093         5s
        0    10371         0     6093        11s

Gurobi 9.0.2 (win64) logging started Wed Jan 12 18:07:13 2022

Changed value of parameter LogFile to logs\SDCRVRP_10-2-7-100_1_0.LOG
   Prev:   Default: 
Changed value of parameter Seed to 686336000
   Prev: 0  Min: 0  Max: 2000000000  Default: 0
Changed value of parameter Threads to 2
   Prev: 0  Min: 0  Max: 1024  Default: 0
Changed value of parameter TimeLimit to 1200.0
   Prev: inf  Min: 0.0  Max: inf  Default: inf
Changed value of parameter Symmetry to 2
   Prev: -1  Min: -1  Max: 2  Default: -1
Changed value of parameter Cuts to 2
   Prev: -1  Min: -1  Max: 3  Default: -1
Changed value of parameter PreDepRow to 1
   Prev: -1  Min: -1  Max: 1  Default: -1
Changed value of parameter ScaleFlag to 1
   Prev: -1  Min: -1  Max: 3  Default: -1
Changed value of parameter NormAdjust to 0
   Prev: -1  Min: -1  Max: 3  Default: -1
Gurobi Optimizer version 9.0.2 build v9.0.2rc0 (win64)
Optimize a model with 10453 rows, 6526 columns and 43065 nonzeros
Model fingerprint: 0xeeeedc0f
Variable types: 92 continuous, 6434 integer (4318 binary)
Coefficient statistics:
  Matrix range     [7e-01, 1e+06]
  Objective range  [1e+00, 1e+00]
  Bounds range     [1e+00, 1e+04]
  RHS range        [1e+00, 1e+06]
Presolve removed 8696 rows and 5094 columns
Presolve time: 0.39s
Presolved: 1757 rows, 1432 columns, 12722 nonzeros
Variable types: 55 continuous, 1377 integer (1277 binary)

Root relaxation: objective 5.711783e+02, 791 iterations, 0.03 seconds

    Nodes    |    Current Node    |     Objective Bounds      |     Work
 Expl Unexpl |  Obj  Depth IntInf | Incumbent    BestBd   Gap | It/Node Time

     0     0  571.17832    0   76          -  571.17832      -     -    0s
     0     0  571.17832    0   87          -  571.17832      -     -    0s
     0     0  571.17832    0   87          -  571.17832      -     -    0s
     0     0  571.17832    0   84          -  571.17832      -     -    1s
     0     0  571.17832    0   74          -  571.17832      -     -    1s
     0     2  571.25123    0   72          -  571.25123      -     -    2s
   746   693  652.96480  188   95          -  571.25123      -   8.4    5s
   833   752  576.35645   37   86          -  571.28868      -   8.9   10s
  1386  1116 infeasible  173               -  571.28868      -  35.1   15s
  2501  1762  625.34529   47   64          -  571.28868      -  38.6   20s
* 3011  2081             134    1889.4984161  571.28868  69.8%  39.2   23s
H 3014  2081                    1786.3904767  571.28868  68.0%  39.2   23s
* 3016  2081             138    1649.9763396  571.28868  65.4%  39.2   23s
* 3017  2080             137    1546.4257278  571.28868  63.1%  39.2   23s
  3323  2303  662.65563   63   60 1546.42573  571.28868  63.1%  39.2   25s
H 3331  2303                    1502.9854604  571.28868  62.0%  39.1   25s
H 3408  2349                    1502.9854602  571.28868  62.0%  39.3   25s
* 3601  2451              91    1467.5588113  571.28868  61.1%  39.1   26s
H 3616  2502                    1467.5588112  571.28868  61.1%  39.0   27s
H 3838  2674                    1410.0484898  571.28868  59.5%  39.0   29s
  3907  2724  629.15028   46   69 1410.04849  571.28868  59.5%  39.1   30s
H 3968  2779                    1398.1570222  571.28868  59.1%  39.6   31s
  4087  2900  673.37011   82   48 1398.15702  571.28868  59.1%  41.3   35s
H 4152  2960                    1398.1570221  571.29194  59.1%  42.1   36s
H 4498  3286                    1211.0900088  571.29584  52.8%  42.0   38s
  4647  3328  709.00237   67   71 1211.09001  571.31407  52.8%  41.5   40s
H 4853  3524                    1193.5884454  571.46952  52.1%  42.0   45s
  5463  4132  736.22846   85   34 1193.58845  576.15692  51.7%  41.8   50s
  6039  4516  732.74234   70   65 1193.58845  576.17710  51.7%  42.4   55s
  6856  5252  677.06962   89   54 1193.58845  576.25127  51.7%  42.2   61s
  7352  5871 1013.73481  125   56 1193.58845  576.40945  51.7%  41.9   66s
  8813  6846  792.18100   85   52 1193.58845  577.06795  51.7%  40.6   71s
  9440  7408  622.06399   56   68 1193.58845  577.12808  51.6%  40.6   75s
 10324  8017  617.43461   51   70 1193.58845  577.29143  51.6%  41.1   81s
 10839  8471  650.30696   65   65 1193.58845  577.36371  51.6%  41.0   85s
*11130  8663             145    1171.6510949  577.36371  50.7%  40.7   86s
 12122  9539  635.62061   41   62 1171.65109  577.58594  50.7%  40.3   90s
 13238 10458  665.41764   44   52 1171.65109  578.33246  50.6%  40.8   95s
 14542 11537  690.34315   40   53 1171.65109  579.18076  50.6%  40.8  100s
 15837 12696 1033.61649   60   61 1171.65109  579.53269  50.5%  40.9  105s
 16975 13552  619.37783   50   64 1171.65109  580.01544  50.5%  40.9  110s
 18281 14704  702.16985   55   63 1171.65109  580.50928  50.5%  40.6  115s
 19913 15895  820.01048  136   44 1171.65109  580.76340  50.4%  39.8  120s
 20924 16826  983.73413   66   34 1171.65109  581.00948  50.4%  40.1  125s
 22361 17963  629.83527   51   65 1171.65109  581.68034  50.4%  39.9  130s
*22607 18069             110    1103.9437749  581.78690  47.3%  39.9  131s
 23670 18843  617.15792   49   80 1103.94377  582.33922  47.2%  40.0  135s
 24956 19976  605.36065   32   58 1103.94377  582.88316  47.2%  39.8  140s
 26244 20948 1047.96209   76   39 1103.94377  583.20493  47.2%  39.7  145s
 27397 21990  624.02627   50   76 1103.94377  583.55260  47.1%  39.7  150s
 28849 23146  681.09803   80   69 1103.94377  583.82163  47.1%  39.5  156s
 30111 24160 infeasible  150      1103.94377  584.05281  47.1%  39.1  160s
H30292 24083                    1027.2114498  584.13958  43.1%  39.1  161s
 31117 24713  727.25226  148   53 1027.21145  584.16619  43.1%  39.0  165s
 32434 25754  626.29790   64   78 1027.21145  584.31679  43.1%  38.7  170s
H33723 26478                     983.6974690  584.42618  40.6%  38.7  174s
 33726 26649  640.22251   71   71  983.69747  584.48931  40.6%  38.7  175s
 35043 27697  620.83288   55   58  983.69747  584.65806  40.6%  38.3  180s
H35554 27997                     983.6974689  584.73013  40.6%  38.5  183s
 35673 28162  620.91744   33   70  983.69747  584.84112  40.5%  38.6  185s
 36700 29080  681.57243   68   60  983.69747  584.92803  40.5%  38.7  190s
H36973 29185                     979.2937851  585.02974  40.3%  38.8  192s
 37780 30117 infeasible   61       979.29379  585.09057  40.3%  38.6  195s
 38868 30867  753.34633  119   53  979.29379  585.21859  40.2%  38.3  200s
 39955 31862  590.76483   36   76  979.29379  585.32257  40.2%  38.5  205s
 41718 33211  615.31399   41   64  979.29379  585.50052  40.2%  38.2  210s
 42508 33898  669.49482  105   38  979.29379  585.54688  40.2%  38.4  215s
 43519 34693  709.01009   98   52  979.29379  585.64650  40.2%  38.6  220s
H43588 34693                     979.2937850  585.64650  40.2%  38.5  220s
 44360 35358  609.99671   31   69  979.29378  585.66721  40.2%  38.6  226s
 45358 36392  621.06615   50   59  979.29378  585.71187  40.2%  38.5  230s
 46483 37290  844.14368   68   43  979.29378  585.75922  40.2%  38.6  235s
 47369 37911  588.96041   28   87  979.29378  585.76747  40.2%  38.4  240s
 48704 39016  614.60988   40   77  979.29378  585.86484  40.2%  38.3  245s
 49808 39875  657.36755  101   62  979.29378  585.97398  40.2%  38.2  250s
 51282 41128  624.69865   73   72  979.29378  586.05887  40.2%  38.1  255s
 52211 41884  657.82544   54   53  979.29378  586.10242  40.2%  38.1  260s
 53481 43068  632.88969   78   63  979.29378  586.17942  40.1%  38.0  265s
 54878 44267  664.56492  102   68  979.29378  586.30854  40.1%  37.9  270s
 56123 45209  620.33834   28   83  979.29378  586.38525  40.1%  37.8  275s
 56261 45212  726.17192   96   45  979.29378  586.38525  40.1%  37.8  280s
 57422 46319  641.91058   60   53  979.29378  586.48608  40.1%  37.8  285s
 58190 47005  597.23546   29   71  979.29378  586.54435  40.1%  37.8  290s
 59556 47990  882.73116  148   32  979.29378  586.70597  40.1%  37.7  295s
 60693 48904 infeasible   34       979.29378  586.82769  40.1%  37.6  301s
 61580 49743 infeasible  186       979.29378  586.85906  40.1%  37.6  305s
 62314 50330  647.33317   75   65  979.29378  586.97430  40.1%  37.7  310s
 63385 51184  687.72251   82   41  979.29378  587.04351  40.1%  37.7  315s
 64417 52249  652.41568   59   74  979.29378  587.13851  40.0%  37.8  320s
 65693 53275 infeasible  186       979.29378  587.30315  40.0%  37.7  325s
 66700 54026  613.01852   45   59  979.29378  587.34304  40.0%  37.7  330s
 67687 54947  655.20864   85   60  979.29378  587.37643  40.0%  37.7  335s
 68403 55661  781.33385  151   56  979.29378  587.40005  40.0%  37.6  340s
 69838 56702  642.08575   42   72  979.29378  587.46784  40.0%  37.5  345s
 70868 57563  860.00647  101   35  979.29378  587.53242  40.0%  37.6  350s
 71961 58430  618.95805   58   75  979.29378  587.59728  40.0%  37.5  355s
 73125 59494  774.18930  103   52  979.29378  587.66336  40.0%  37.6  360s
 74072 60275  719.92066   75   55  979.29378  587.73185  40.0%  37.6  365s
 74549 60608  807.11522   59   38  979.29378  587.77931  40.0%  37.7  370s
 75951 61711  621.57497   48   72  979.29378  587.85276  40.0%  37.6  375s
 77257 62970  608.76406   30   63  979.29378  587.91890  40.0%  37.6  380s
 78685 64160 infeasible  166       979.29378  587.95760  40.0%  37.6  385s
 79448 65015  763.32327  105   74  979.29378  588.03098  40.0%  37.5  390s
 81093 66164  684.71980   58   55  979.29378  588.08725  39.9%  37.4  395s
 81852 67029  647.68774   87   65  979.29378  588.13640  39.9%  37.4  400s
 83977 68698  756.86474  152   43  979.29378  588.17567  39.9%  37.1  405s
H84608 68949                     970.9681536  588.17567  39.4%  37.2  408s
 84888 69438  814.12199  169   43  970.96815  588.17567  39.4%  37.1  410s
 85961 70249  894.56019  190   42  970.96815  588.19630  39.4%  37.0  415s
 87531 71660  721.92346  116   44  970.96815  588.23564  39.4%  36.9  420s
 88333 72500  659.77322   93   74  970.96815  588.28583  39.4%  36.9  425s
 89805 73604  674.61956   74   64  970.96815  588.34089  39.4%  36.8  430s
 90758 74302  795.15293   62   58  970.96815  588.42542  39.4%  36.8  435s
 91677 75159  647.61708   69   81  970.96815  588.48824  39.4%  36.8  441s
H91814 75159                     970.9681535  588.48824  39.4%  36.7  441s
 92672 76085  662.29653  102   59  970.96815  588.54234  39.4%  36.7  445s
 93828 77142  603.53311   45   68  970.96815  588.58566  39.4%  36.8  450s
 95450 78445  619.70779   33   58  970.96815  588.65997  39.4%  36.8  455s
H96584 79233                     964.9421710  588.68982  39.0%  36.8  460s
 97808 80327  683.27746  107   52  964.94217  588.73954  39.0%  36.8  465s
 99149 81533  605.58104   36   71  964.94217  588.75436  39.0%  36.8  470s
 99949 82230  708.54012  148   50  964.94217  588.76883  39.0%  36.7  475s
 101405 83459  738.29812   87   48  964.94217  588.79571  39.0%  36.8  480s
 102032 84112  838.73515  168   41  964.94217  588.82267  39.0%  36.8  485s
 103465 85164  616.83145   33   74  964.94217  588.88211  39.0%  36.7  490s
 104858 86470  863.31147  114   51  964.94217  588.94207  39.0%  36.7  495s
 105844 87424  638.44362   76   69  964.94217  588.96222  39.0%  36.6  500s
 107380 88566  636.36160   67   54  964.94217  589.02808  39.0%  36.6  506s
 108249 89280  728.49410  125   60  964.94217  589.05278  39.0%  36.6  510s
 109331 90186     cutoff  129       964.94217  589.08681  39.0%  36.5  515s
 109931 90618  639.87362   61   69  964.94217  589.10591  38.9%  36.7  520s
 111273 91734  671.87708  105   78  964.94217  589.13707  38.9%  36.6  526s
 112114 92517  909.97669   97   21  964.94217  589.16678  38.9%  36.8  530s
 113184 93305  950.74104  180   36  964.94217  589.21767  38.9%  36.8  536s
 114107 94299  683.81690   94   66  964.94217  589.24546  38.9%  36.7  540s
 115509 95508  729.18711   84   73  964.94217  589.26477  38.9%  36.8  545s
 117098 96732  758.70607  181   52  964.94217  589.30369  38.9%  36.7  550s
 118377 97755  693.50763  153   70  964.94217  589.32870  38.9%  36.7  557s
 119312 98615  595.77365   29   72  964.94217  589.34876  38.9%  36.6  560s
 120979 100093  639.28170   74   62  964.94217  589.35463  38.9%  36.6  565s
 121955 100924  675.51331   39   49  964.94217  589.37129  38.9%  36.6  570s
 122737 101534  633.90274   59   66  964.94217  589.38201  38.9%  36.5  575s
 124371 103078  918.53975  105   27  964.94217  589.44052  38.9%  36.5  580s
 125921 104304  690.54157   40   71  964.94217  589.48170  38.9%  36.4  585s
 126885 105127  638.97307   72   68  964.94217  589.50613  38.9%  36.3  590s
 128205 106198  709.75770  100   57  964.94217  589.53508  38.9%  36.3  596s
 128893 106853  695.72799  126   43  964.94217  589.55222  38.9%  36.4  600s
 130123 107933  645.86048   69   72  964.94217  589.57121  38.9%  36.4  605s
 131313 108863  855.58310   52   51  964.94217  589.58416  38.9%  36.4  610s
 132385 109704  690.52536   83   73  964.94217  589.60382  38.9%  36.5  616s
 133366 110707  605.97967   46   76  964.94217  589.64522  38.9%  36.5  620s
 134562 111541  646.89768   61   72  964.94217  589.67162  38.9%  36.6  626s
 135586 112417  866.83528  125   63  964.94217  589.68972  38.9%  36.6  630s
 136560 113272  702.90745  115   51  964.94217  589.71661  38.9%  36.6  635s
 137445 113978  680.56241  104   70  964.94217  589.72747  38.9%  36.6  640s
 138760 115161  599.54825   36   79  964.94217  589.75422  38.9%  36.5  645s
 140142 116459  911.09403  182   37  964.94217  589.77484  38.9%  36.5  650s
 141347 117473  632.76550   59   74  964.94217  589.80205  38.9%  36.5  655s
 142565 118445  590.88499   39   86  964.94217  589.82241  38.9%  36.5  660s
 143069 118643  893.18537  158   49  964.94217  589.82483  38.9%  36.4  665s
 144398 119985  681.98260   97   59  964.94217  589.84104  38.9%  36.4  670s
 145737 120901  596.44164   29   75  964.94217  589.85653  38.9%  36.4  676s
 146686 121909  756.00907   69   61  964.94217  589.87555  38.9%  36.4  680s
 147299 122375  701.17822  119   62  964.94217  589.88429  38.9%  36.4  685s
 148902 123893  675.53553  108   73  964.94217  589.90833  38.9%  36.4  690s
 150437 125134  910.07348   48   46  964.94217  589.92625  38.9%  36.3  695s
 151929 126237  616.86088   38   65  964.94217  589.96408  38.9%  36.3  700s
 153010 127394  901.68438  125   51  964.94217  590.02912  38.9%  36.3  705s
 154307 128474  668.61985  136   59  964.94217  590.04871  38.9%  36.2  710s
 154802 128870  725.49386  120   59  964.94217  590.07614  38.8%  36.2  715s
 156197 130121  681.77992  102   61  964.94217  590.12628  38.8%  36.3  720s
 157727 131205  690.05292   73   34  964.94217  590.17311  38.8%  36.3  726s
 158645 132214  817.92749  172   47  964.94217  590.19583  38.8%  36.3  730s
 159914 133159  757.87833   85   61  964.94217  590.21342  38.8%  36.2  735s
 161013 134172  782.99834  172   58  964.94217  590.23987  38.8%  36.2  740s
 162619 135437  657.79653   59   50  964.94217  590.27048  38.8%  36.2  745s
 163844 136477  651.22065   57   63  964.94217  590.28564  38.8%  36.3  750s
 165158 137612  827.93525  143   49  964.94217  590.32574  38.8%  36.3  755s
 166324 138650  836.44107  110   50  964.94217  590.33404  38.8%  36.2  761s
 167471 139698     cutoff  218       964.94217  590.35535  38.8%  36.2  765s
 168760 140874  680.79538  110   59  964.94217  590.36924  38.8%  36.2  770s
 169621 141549  850.20026   67   48  964.94217  590.38479  38.8%  36.2  775s
 171328 143122  680.38920   92   74  964.94217  590.41552  38.8%  36.1  780s
 172889 144270  603.96100   32   74  964.94217  590.42294  38.8%  36.1  786s
 173912 145377  724.71626  155   55  964.94217  590.42650  38.8%  36.1  790s
 175268 146488  686.09880   50   64  964.94217  590.45669  38.8%  36.1  795s
 176400 147452  692.34422   40   85  964.94217  590.46520  38.8%  36.1  800s
 177639 148434  746.85969   89   54  964.94217  590.47781  38.8%  36.1  805s
 178553 149331  778.29036  145   51  964.94217  590.49514  38.8%  36.1  810s
 179606 150152  732.99973  103   65  964.94217  590.50628  38.8%  36.1  815s
 181263 151734  680.33750   91   47  964.94217  590.51326  38.8%  36.0  820s
 182256 152436  926.35705  178   48  964.94217  590.51790  38.8%  36.0  825s
 183450 153521  745.44820  127   33  964.94217  590.53788  38.8%  36.1  831s
H184354 154001                     959.5840353  590.54983  38.5%  36.0  833s
 184640 154319  922.47647   71   41  959.58404  590.55611  38.5%  36.0  835s
H185435 154867                     959.5840352  590.56858  38.5%  36.0  838s
 186085 155565  695.56589  151   54  959.58404  590.57875  38.5%  36.0  840s
H186601 152814                     909.4497823  590.58100  35.1%  36.0  843s
 186834 153171  656.85172   32   77  909.44978  590.58774  35.1%  36.0  845s
 188846 154759  704.61115  149   52  909.44978  590.60656  35.1%  35.9  850s
 190286 156018  646.89432   87   70  909.44978  590.63075  35.1%  35.9  855s
 191516 157004  764.06156   60   72  909.44978  590.64171  35.1%  35.9  860s
 193138 158317  600.28328   34   70  909.44978  590.66165  35.1%  35.9  865s
 194336 159421  608.44884   51   79  909.44978  590.67091  35.1%  35.9  870s
 196023 160881  643.50531   78   73  909.44978  590.69861  35.0%  35.9  875s
 197500 162092  594.56319   33   77  909.44978  590.72045  35.0%  35.9  880s
 199061 163455  613.00914   46   54  909.44978  590.74536  35.0%  35.9  885s
 199499 164050  608.74578   52   82  909.44978  590.75419  35.0%  35.9  890s
 201239 165382  662.68642   72   72  909.44978  590.77755  35.0%  35.9  895s
 202767 166775  613.45923   71   96  909.44978  590.81008  35.0%  35.9  900s
 204043 167788  725.83680  111   49  909.44978  590.82036  35.0%  35.9  905s
 205406 169062 infeasible  152       909.44978  590.83167  35.0%  36.0  910s
 207091 170529  792.24188   93   77  909.44978  590.85546  35.0%  35.9  915s
 208724 171801  624.97297   41   59  909.44978  590.87632  35.0%  35.9  920s
 209917 173004  629.98958   55   79  909.44978  590.88964  35.0%  35.9  925s
 211725 174509  649.83294   71   60  909.44978  590.91554  35.0%  35.9  930s
 213225 175709  704.92254  169   60  909.44978  590.93646  35.0%  35.9  935s
 214467 176766 infeasible   35       909.44978  590.96559  35.0%  35.9  940s
 215991 178003  710.57579   71   39  909.44978  590.98805  35.0%  36.0  945s
 217448 179329  658.94915   60   58  909.44978  591.00692  35.0%  36.0  950s
 218860 180528  680.53455  125   55  909.44978  591.01743  35.0%  36.0  955s
 220770 182201  903.22033  159   38  909.44978  591.04935  35.0%  36.0  960s
 221913 183163  676.26864  122   65  909.44978  591.07264  35.0%  36.0  965s
 223657 184677  779.28985   95   59  909.44978  591.07802  35.0%  36.0  970s
 225441 186309  673.77303   87   64  909.44978  591.09975  35.0%  35.9  975s
 227228 187738  605.87012   31   73  909.44978  591.12231  35.0%  35.9  980s
 228550 188861  591.58809   32   71  909.44978  591.13919  35.0%  36.0  985s
 230272 190251  899.50406  165   23  909.44978  591.16383  35.0%  35.9  990s
 231841 191577  763.53912  196   58  909.44978  591.17588  35.0%  35.9  995s
 233390 192743  850.33985  165   66  909.44978  591.19892  35.0%  35.9 1000s
 235230 194352  607.78754   51   71  909.44978  591.22260  35.0%  35.9 1005s
 237049 196007  875.15362  184   46  909.44978  591.24344  35.0%  35.9 1010s
 238864 197524  820.80956  117   36  909.44978  591.27274  35.0%  35.9 1015s
 240545 198939  815.07816  168   47  909.44978  591.28469  35.0%  35.8 1020s
 242311 200521  772.08375  208   55  909.44978  591.30248  35.0%  35.8 1025s
 243863 201878  763.17037  198   59  909.44978  591.31759  35.0%  35.8 1030s
 245242 202929  710.09898   43   66  909.44978  591.32926  35.0%  35.8 1035s
 246957 204583  739.53982  167   58  909.44978  591.34503  35.0%  35.7 1040s
 248541 205878  699.48939  111   70  909.44978  591.36271  35.0%  35.7 1045s
 250169 207207  689.19329  132   50  909.44978  591.37855  35.0%  35.7 1050s
 251566 208408  891.53773  117   53  909.44978  591.39765  35.0%  35.8 1055s
 253055 209779  594.32300   32   69  909.44978  591.40843  35.0%  35.8 1060s
 254921 211258  816.47678   86   62  909.44978  591.42378  35.0%  35.7 1065s
 256447 212513  713.34325   67   52  909.44978  591.43607  35.0%  35.8 1070s
 257910 213843  619.94546   44   72  909.44978  591.45253  35.0%  35.8 1075s
 259460 215070  733.56553   62   65  909.44978  591.47217  35.0%  35.8 1080s
 260629 216232  594.63629   32   76  909.44978  591.48192  35.0%  35.8 1085s
 262008 217345  807.27669  147   61  909.44978  591.49997  35.0%  35.9 1090s
 263345 218415  733.72796  178   55  909.44978  591.50809  35.0%  35.9 1095s
 265000 219942  795.43452  166   56  909.44978  591.53148  35.0%  35.9 1100s
 266406 221012  600.37008   32   60  909.44978  591.54060  35.0%  35.9 1105s
 268018 222530  596.38482   39   78  909.44978  591.54807  35.0%  35.9 1110s
 269687 223919  626.01848   43   68  909.44978  591.55705  35.0%  35.9 1115s
 271563 225462  633.35861   54   84  909.44978  591.57374  35.0%  35.9 1120s
 272792 226582  716.25509   95   62  909.44978  591.59170  35.0%  35.8 1125s
 274124 227654  619.93481   45   84  909.44978  591.60936  34.9%  35.9 1130s
 275404 228789  810.43175  276   49  909.44978  591.61803  34.9%  35.9 1135s
 277242 230270  821.30957   59   47  909.44978  591.63616  34.9%  35.9 1140s
 278891 231697 infeasible  134       909.44978  591.65889  34.9%  35.9 1145s
 280057 232643  895.04077  108   64  909.44978  591.66861  34.9%  35.9 1150s
 281383 233910  815.41642  178   38  909.44978  591.67542  34.9%  36.0 1155s
 283288 235443  658.15439  108   68  909.44978  591.68567  34.9%  35.9 1160s
 284546 236394  664.15716   72   53  909.44978  591.70456  34.9%  36.0 1165s
 285892 237715  629.53973   54   87  909.44978  591.71720  34.9%  36.0 1170s
 287146 238735  725.04148   59   70  909.44978  591.72172  34.9%  36.0 1175s
 288906 240216  609.70175   47   87  909.44978  591.73278  34.9%  36.0 1180s
 289976 241097  668.39100   75   76  909.44978  591.73816  34.9%  36.1 1185s
 291705 242604 infeasible  183       909.44978  591.75566  34.9%  36.1 1190s
 293460 244071 infeasible  118       909.44978  591.77415  34.9%  36.0 1195s
 294942 245155  593.51941   41   88  909.44978  591.81414  34.9%  36.1 1200s

Cutting planes:
  Learned: 22
  Gomory: 26
  Cover: 18
  Implied bound: 250
  Projected implied bound: 20
  MIR: 33
  Flow cover: 51
  Inf proof: 136
  Zero half: 11
  RLT: 17
  Relax-and-lift: 2

Explored 295008 nodes (10647188 simplex iterations) in 1200.04 seconds
Thread count was 2 (of 4 available processors)

Solution count 10: 909.45 959.584 959.584 ... 1103.94

Time limit reached
Best objective 9.094497822867e+02, best bound 5.918141358854e+02, gap 34.9261%
Discarded solution information
